2024-05-23 10:04:46.238266: W tensorflow/stream_executor/platform/default/dso_loader.cc:64] Could not load dynamic library 'cudart64_110.dll'; dlerror: cudart64_110.dll not found
2024-05-23 10:04:46.239929: I tensorflow/stream_executor/cuda/cudart_stub.cc:29] Ignore above cudart dlerror if you do not have a GPU set up on your machine.
2024-05-23 10:04:50.441764: W tensorflow/stream_executor/platform/default/dso_loader.cc:64] Could not load dynamic library 'nvcuda.dll'; dlerror: nvcuda.dll not found
2024-05-23 10:04:50.443640: W tensorflow/stream_executor/cuda/cuda_driver.cc:269] failed call to cuInit: UNKNOWN ERROR (303)
2024-05-23 10:04:50.452490: I tensorflow/stream_executor/cuda/cuda_diagnostics.cc:169] retrieving CUDA diagnostic information for host: MFB
2024-05-23 10:04:50.453076: I tensorflow/stream_executor/cuda/cuda_diagnostics.cc:176] hostname: MFB
2024-05-23 10:04:50.453813: I tensorflow/core/platform/cpu_feature_guard.cc:151] This TensorFlow binary is optimized with oneAPI Deep Neural Network Library (oneDNN) to use the following CPU instructions in performance-critical operations:  AVX AVX2
To enable them in other operations, rebuild TensorFlow with the appropriate compiler flags.
---------------------------
KNN performance:
[[ 0.33310924  0.665       0.78928571  0.55349915  0.6597669          nan
          nan         nan  0.89258201         nan]
 [ 0.44        0.71666667  0.88392857  0.47071068  0.69978022  0.20497738
   0.635       0.71071429  0.46730648  0.59039044]
 [ 0.61333333  0.80952381  0.90892857  0.69855309  0.7974359   0.04333333
   0.51666667  0.84107143  0.07071068  0.48913919]
 [ 0.26764706  0.615       0.78928571  0.34608827  0.59464535         nan
          nan         nan  0.2                nan]
 [ 0.83922078  0.94166667  0.93392857  0.93493452  0.91539627  0.4333612
   0.72        0.73928571  0.69334687  0.70397547]
 [ 0.47098039  0.74166667  0.84464286  0.59725817  0.72680653  0.33333333
   0.65833333  0.84464286  0.40597108  0.64542125]
 [        nan         nan         nan  0.4                nan         nan
          nan         nan  0.3                nan]
 [ 0.58838875  0.79833333  0.88214286  0.69286185  0.78630925  0.56763244
   0.79666667  0.81428571  0.74725492  0.77762626]
 [-0.07095238  0.46190476  0.76607143  0.          0.43228938  0.27561259
   0.64166667  0.69285714  0.54431375  0.62220779]
 [ 0.          0.5         0.86785714  0.          0.46461538  0.07644258
   0.54        0.71428571  0.25624098  0.51288045]
 [        nan         nan         nan  0.6                nan  0.36563334
   0.68333333  0.76428571  0.54265725  0.67117327]
 [ 0.11596639  0.5702381   0.83214286  0.19128709  0.53585748  0.55215686
   0.78333333  0.89642857  0.62654749  0.76061938]
 [ 0.0854902   0.56785714  0.79285714  0.1838691   0.50530803         nan
          nan         nan  0.5                nan]
 [-0.03114846  0.47619048  0.76071429  0.07071068  0.46284715         nan
          nan         nan  0.3                nan]
 [ 0.30571429  0.66071429  0.88214286  0.36329269  0.63362637  0.12862745
   0.56666667  0.7625      0.22654749  0.52055445]
 [ 0.42904762  0.70952381  0.85892857  0.47071068  0.69258242  0.12232637
   0.57666667  0.68214286  0.3773749   0.52972361]
 [        nan         nan         nan         nan         nan         nan
          nan         nan         nan         nan]
 [ 0.31084249  0.6797619   0.82857143  0.44780811  0.64084249         nan
          nan         nan  0.5                nan]
 [ 0.37428571  0.68333333  0.84642857  0.42844571  0.65672994         nan
          nan         nan  0.5                nan]
 [ 0.39764706  0.68        0.78928571  0.55933382  0.67893107  0.21325641
   0.61333333  0.63035714  0.5056017   0.57979076]
 [ 0.06        0.525       0.83035714  0.07071068  0.48600733  0.25647059
   0.63166667  0.77321429  0.39364917  0.60431235]
 [ 0.15215686  0.565       0.76428571  0.27537759  0.55322011  0.55274988
   0.79        0.81428571  0.73420886  0.7691589 ]
 [ 0.04714286  0.52166667  0.66071429  0.26537467  0.49573427  0.29090145
   0.67619048  0.84107143  0.42529709  0.62510656]
 [ 0.57647059  0.8         0.86964286  0.72741467  0.77665668  0.56217129
   0.80833333  0.82678571  0.74961851  0.76719114]
 [        nan         nan         nan  0.6                nan         nan
          nan         nan  0.2                nan]
 [ 0.60518717  0.85119048  0.86964286  0.74716842  0.78232268         nan
          nan         nan  0.6                nan]]
KNN mean:
[0.314115   0.66091991 0.82962662 0.42781639 0.63535051 0.31118666
 0.66486607 0.77176339 0.47036917 0.63557946]
---------------------------
---------------------------
DT performance:
[[ 0.4630303   0.78166667  0.85357143  0.70977191  0.75900155         nan
          nan         nan  0.79258201         nan]
 [ 0.51529412  0.74166667  0.86607143  0.62399554  0.7157709   0.3565668
   0.71166667  0.79107143  0.69593803  0.69201965]
 [ 0.76882353  0.9         0.93214286  0.84364743  0.86867133  0.10909091
   0.47738095  0.74642857  0.30830134  0.47298368]
 [ 0.35266106  0.655       0.72857143  0.54942615  0.64613054         nan
          nan         nan  0.3                nan]
 [ 0.90285714  0.95833333  0.9625      0.98257419  0.95039627  0.45343891
   0.73166667  0.75357143  0.70184105  0.71470779]
 [-0.02776398  0.49833333  0.64107143  0.27450505  0.4702775   0.06468721
   0.53333333  0.64285714  0.40990549  0.49537296]
 [ 0.03142857         nan         nan  0.09258201         nan         nan
          nan         nan  0.68516402         nan]
 [ 0.64172208  0.82166667  0.86785714  0.68087879  0.79614136  0.56950453
   0.77333333  0.77857143  0.73073009  0.75454129]
 [ 0.10166415  0.61190476  0.73928571  0.43493452  0.56021312  0.18980027
   0.59666667  0.64821429  0.5388853   0.59751082]
 [ 0.26717518  0.64880952  0.83214286  0.37580252  0.60860473  0.08377289
   0.57833333  0.63571429  0.32193307  0.52474942]
 [        nan         nan         nan  0.58451543         nan  0.04454999
   0.505       0.63392857  0.24316161  0.46501665]
 [ 0.17829347  0.59761905  0.80535714  0.26708961  0.53405927  0.5336487
   0.67857143  0.81785714  0.68051656  0.65257909]
 [ 0.28029412  0.71190476  0.81607143  0.56603637  0.67118881         nan
          nan         nan  0.27709744         nan]
 [ 0.33098039  0.67857143  0.79285714  0.50485894  0.64644855  0.11846154
          nan         nan  0.28451543         nan]
 [ 0.2902521   0.61309524  0.80357143  0.44035224  0.59963037  0.29136321
   0.68333333  0.74107143  0.44286102  0.61598846]
 [ 0.49313725  0.75119048  0.83035714  0.63099301  0.70620213  0.20882353
   0.695       0.7625      0.53626076  0.69509324]
 [        nan         nan         nan         nan         nan         nan
          nan         nan         nan         nan]
 [ 0.4280303   0.72380952  0.79285714  0.69250295  0.68537463         nan
          nan         nan  0.3                nan]
 [ 0.35142857  0.7         0.79285714  0.50078579  0.66343989         nan
          nan         nan  0.38451543         nan]
 [-0.04220436  0.47333333  0.55357143  0.28899839  0.45742424  0.1582684
   0.54916667  0.58392857  0.57162502  0.53384921]
 [ 0.33177489  0.61071429  0.74107143  0.46009536  0.6155822   0.5852795
   0.79666667  0.84107143  0.69981218  0.76784771]
 [ 0.14789916  0.555       0.72321429  0.28979305  0.53617716  0.41624589
   0.74833333  0.76428571  0.62934492  0.72795094]
 [ 0.18247838  0.58666667  0.63214286  0.52993885  0.57048285  0.14950089
   0.64642857  0.78928571  0.35588133  0.6083966 ]
 [ 0.38308633  0.74166667  0.7875      0.63612758  0.71291375  0.4148495
   0.735       0.81428571  0.59659177  0.71317766]
 [        nan         nan         nan  0.3                nan         nan
          nan         nan  0.1                nan]
 [ 0.49619048  0.71666667  0.81785714  0.60851097  0.71564103         nan
          nan         nan  0.3                nan]]
DT mean:
[0.34211014 0.68534632 0.78693182 0.51474867 0.65862601 0.27928545
 0.65249256 0.73404018 0.47549855 0.62698657]
---------------------------
---------------------------
RF performance:
[[0.59882353 0.79       0.84107143 0.76796885 0.7773582         nan
         nan        nan 0.79258201        nan]
 [0.52240896 0.75       0.87142857 0.24619938 0.7178688  0.50838875
  0.73666667 0.8        0.67923577 0.73276224]
 [0.79142857 0.84166667 0.93214286 0.72399554 0.83006993 0.3054902
  0.63571429 0.82857143 0.34841883 0.60741425]
 [0.24336134 0.62166667 0.75       0.71082981 0.61338162        nan
         nan        nan 0.2               nan]
 [0.9047619  0.93333333 0.95       0.95583682 0.93160839 0.47609061
  0.705      0.73928571 0.76594069 0.70126263]
 [0.1005176  0.59       0.75178571 0.23164966 0.58623543 0.20222222
  0.6        0.74821429 0.34883224 0.58071262]
 [       nan        nan        nan 0.3               nan        nan
         nan        nan 0.3               nan]
 [0.58882353 0.82333333 0.86785714 0.67228543 0.79627539 0.5757697
  0.79333333 0.83214286 0.67498613 0.77940115]
 [0.04313725 0.53809524 0.75714286 0.2        0.52532967 0.37396209
  0.68166667 0.7375     0.5864     0.68599567]
 [0.34382353 0.51428571 0.81785714 0.27559289 0.47318681 0.19024348
  0.625      0.73928571 0.45086629 0.6140676 ]
 [       nan        nan        nan 0.7               nan 0.0610084
  0.57666667 0.7        0.42068698 0.53970418]
 [0.46453782 0.76190476 0.86964286 0.4838691  0.71120213 0.53064935
  0.74166667 0.85535714 0.43270845 0.68898934]
 [0.18921784 0.66309524 0.80357143 0.44289905 0.64071262        nan
         nan        nan 0.2               nan]
 [0.0902521  0.62738095 0.8        0.19128709 0.60724276        nan
         nan        nan 0.3               nan]
 [0.46453782 0.62738095 0.82857143 0.59258201 0.6078355  0.43137764
  0.675      0.80178571 0.50328486 0.63862804]
 [0.61764706 0.775      0.86964286 0.58284271 0.72771895 0.39215686
  0.53833333 0.70892857 0.44831434 0.50747253]
 [       nan        nan        nan        nan        nan        nan
         nan        nan        nan        nan]
 [0.39168498 0.85238095 0.90892857 0.56329269 0.80626041        nan
         nan        nan 0.59258201        nan]
 [0.34       0.69166667 0.78392857 0.48762074 0.65845488        nan
         nan        nan 0.5               nan]
 [0.07306399 0.47333333 0.57857143 0.43451441 0.44943723 0.06226453
  0.50916667 0.55178571 0.36206308 0.48963203]
 [0.17428571 0.68333333 0.84107143 0.4197328  0.67785548 0.66644258
  0.84166667 0.90714286 0.72399554 0.84437063]
 [0.34103641 0.59833333 0.7625     0.32630123 0.58208958 0.48071429
  0.755      0.7875     0.69040234 0.73891719]
 [0.04498787 0.51666667 0.63035714 0.26703993 0.49353313 0.07714286
  0.52619048 0.78928571 0.20597108 0.48105228]
 [0.58691877 0.83333333 0.88035714 0.74183013 0.810338   0.72597116
  0.87166667 0.90535714 0.91343826 0.87058275]
 [       nan        nan        nan 0.5               nan        nan
         nan        nan 0.2               nan]
 [0.45215686 0.65238095 0.81607143 0.39725817 0.64311355        nan
         nan        nan 0.7               nan]]
RF mean:
[0.38033698 0.68902597 0.81420455 0.48861714 0.66668675 0.37874342
 0.67579613 0.77700893 0.49362836 0.65631032]
---------------------------
---------------------------
SVM performance:
[[0.         0.5        0.77857143 0.         0.43727106        nan
         nan        nan 0.4               nan]
 [0.         0.5        0.80535714 0.         0.44556777 0.
  0.5        0.76428571 0.         0.43278388]
 [0.         0.5        0.80535714 0.         0.44556777 0.
  0.5        0.84285714 0.         0.45699634]
 [0.         0.5        0.73571429 0.         0.42380952        nan
         nan        nan 0.2               nan]
 [0.         0.5        0.79285714 0.         0.44175824 0.
  0.5        0.67321429 0.         0.4018315 ]
 [0.         0.5        0.76428571 0.         0.43278388 0.
  0.5        0.79285714 0.         0.44175824]
 [       nan        nan        nan 0.4               nan        nan
         nan        nan 0.3               nan]
 [0.         0.5        0.77857143 0.         0.43727106 0.
  0.5        0.69821429 0.         0.41062271]
 [0.         0.5        0.83035714 0.         0.45318681 0.
  0.5        0.67321429 0.         0.4018315 ]
 [0.         0.5        0.86785714 0.         0.46461538 0.
  0.5        0.75       0.         0.4282967 ]
 [       nan        nan        nan 0.6               nan 0.
  0.5        0.71071429 0.         0.41501832]
 [0.         0.5        0.85535714 0.         0.46080586 0.
  0.5        0.81785714 0.         0.44937729]
 [0.         0.5        0.81785714 0.         0.44937729        nan
         nan        nan 0.3               nan]
 [0.         0.5        0.83035714 0.         0.45318681        nan
         nan        nan 0.4               nan]
 [0.         0.5        0.84285714 0.         0.45699634 0.
  0.5        0.77857143 0.         0.43727106]
 [0.         0.5        0.80535714 0.         0.44556777 0.
  0.5        0.75       0.         0.4282967 ]
 [       nan        nan        nan        nan        nan        nan
         nan        nan        nan        nan]
 [0.         0.5        0.83035714 0.         0.45318681        nan
         nan        nan 0.5               nan]
 [0.         0.5        0.79285714 0.         0.44175824        nan
         nan        nan 0.5               nan]
 [0.         0.5        0.73571429 0.         0.42380952 0.
  0.5        0.59107143 0.         0.37109557]
 [0.         0.5        0.81785714 0.         0.44937729 0.
  0.5        0.75       0.         0.4282967 ]
 [0.         0.5        0.76428571 0.         0.43278388 0.
  0.5        0.69821429 0.         0.41062271]
 [0.         0.5        0.72321429 0.         0.41941392 0.
  0.5        0.84285714 0.         0.45699634]
 [0.         0.5        0.79285714 0.         0.44175824 0.
  0.5        0.76428571 0.         0.43278388]
 [       nan        nan        nan 0.6               nan        nan
         nan        nan 0.2               nan]
 [0.         0.5        0.80535714 0.         0.44556777        nan
         nan        nan 0.6               nan]]
SVM mean:
[0.         0.5        0.79878247 0.064      0.44342824 0.
 0.5        0.74363839 0.136      0.42524247]
---------------------------
---------------------------
GBM performance:
[[ 0.39215686  0.68333333  0.84107143  0.50939021  0.6768648          nan
          nan         nan  0.78516402         nan]
 [ 0.31529412  0.625       0.81607143  0.47412981  0.59551782  0.34333333
   0.67666667  0.8         0.46921663  0.65834249]
 [ 0.72        0.84166667  0.93392857  0.74142136  0.8367366   0.10215686
   0.55833333  0.84107143  0.16199777  0.52177323]
 [ 0.21764706  0.59166667  0.77678571  0.28284271  0.56691642         nan
          nan         nan  0.2                nan]
 [ 0.90285714  0.95833333  0.9625      0.95328486  0.95039627  0.37512436
   0.665       0.72321429  0.65763436  0.67090909]
 [ 0.01882353  0.50833333  0.75357143  0.07071068  0.46111389  0.02215686
   0.525       0.76607143  0.09128709  0.46550949]
 [        nan         nan         nan  0.3                nan         nan
          nan         nan  0.3                nan]
 [ 0.58333333  0.79        0.86964286  0.70157475  0.77489011  0.42557362
   0.70833333  0.77857143  0.6067636   0.7002664 ]
 [-0.02352941  0.48333333  0.80178571  0.          0.4433966   0.35756303
   0.65        0.69821429  0.61297248  0.65160173]
 [ 0.1902521   0.6202381   0.85714286  0.2838691   0.56728605 -0.00333333
   0.49        0.7125      0.06324555  0.43771062]
 [        nan         nan         nan  0.69258201         nan -0.02
   0.49166667  0.69821429  0.          0.41062271]
 [ 0.12515622  0.61190476  0.83035714  0.18257419  0.5422644   0.42
   0.69166667  0.87142857  0.44142136  0.6629637 ]
 [ 0.12571429  0.54285714  0.83035714  0.14142136  0.51882784         nan
          nan         nan  0.3                nan]
 [-0.01666667  0.49166667  0.81607143  0.          0.44869963         nan
          nan         nan  0.4                nan]
 [ 0.33358543  0.64404762  0.85535714  0.33270845  0.62514319  0.11
   0.54166667  0.75178571  0.17071068  0.50924908]
 [ 0.43431373  0.73333333  0.83035714  0.58854526  0.68947719  0.35196078
   0.66333333  0.8         0.51194216  0.6614702 ]
 [        nan         nan         nan         nan         nan         nan
          nan         nan         nan         nan]
 [ 0.37882353  0.70952381  0.86964286  0.3838691   0.66245088         nan
          nan         nan  0.4                nan]
 [ 0.46        0.725       0.88392857  0.46199777  0.7003663          nan
          nan         nan  0.5                nan]
 [-0.08705882  0.455       0.66964286  0.          0.39928405  0.18676925
   0.5875      0.63035714  0.49676041  0.57090909]
 [ 0.17428571  0.63333333  0.84642857  0.32844571  0.60720613  0.59142857
   0.76666667  0.86607143  0.60341913  0.74940726]
 [ 0.10862745  0.54833333  0.76428571  0.20597108  0.52064602  0.09397975
   0.54333333  0.69285714  0.19783916  0.51056277]
 [ 0.05846154  0.5         0.71071429  0.12235046  0.43882784  0.
   0.5         0.84285714  0.          0.45699634]
 [ 0.48215686  0.76666667  0.88392857  0.64484048  0.78195971  0.29529412
   0.63166667  0.80357143  0.45355339  0.62394272]
 [        nan         nan         nan  0.3                nan         nan
          nan         nan  0.2                nan]
 [ 0.32333333  0.65833333  0.84285714  0.37071068  0.63763736         nan
          nan         nan  0.6                nan]]
GBM mean:
[0.2826167  0.64190476 0.82938312 0.3629296  0.61117769 0.22825045
 0.60567708 0.76729911 0.36895711 0.57888981]
---------------------------
---------------------------
BDDAE performance:
[[0. 0. 0. 0. 0. 0. 0. 0. 0. 0.]
 [0. 0. 0. 0. 0. 0. 0. 0. 0. 0.]
 [0. 0. 0. 0. 0. 0. 0. 0. 0. 0.]
 [0. 0. 0. 0. 0. 0. 0. 0. 0. 0.]
 [0. 0. 0. 0. 0. 0. 0. 0. 0. 0.]
 [0. 0. 0. 0. 0. 0. 0. 0. 0. 0.]
 [0. 0. 0. 0. 0. 0. 0. 0. 0. 0.]
 [0. 0. 0. 0. 0. 0. 0. 0. 0. 0.]
 [0. 0. 0. 0. 0. 0. 0. 0. 0. 0.]
 [0. 0. 0. 0. 0. 0. 0. 0. 0. 0.]
 [0. 0. 0. 0. 0. 0. 0. 0. 0. 0.]
 [0. 0. 0. 0. 0. 0. 0. 0. 0. 0.]
 [0. 0. 0. 0. 0. 0. 0. 0. 0. 0.]
 [0. 0. 0. 0. 0. 0. 0. 0. 0. 0.]
 [0. 0. 0. 0. 0. 0. 0. 0. 0. 0.]
 [0. 0. 0. 0. 0. 0. 0. 0. 0. 0.]
 [0. 0. 0. 0. 0. 0. 0. 0. 0. 0.]
 [0. 0. 0. 0. 0. 0. 0. 0. 0. 0.]
 [0. 0. 0. 0. 0. 0. 0. 0. 0. 0.]
 [0. 0. 0. 0. 0. 0. 0. 0. 0. 0.]
 [0. 0. 0. 0. 0. 0. 0. 0. 0. 0.]
 [0. 0. 0. 0. 0. 0. 0. 0. 0. 0.]
 [0. 0. 0. 0. 0. 0. 0. 0. 0. 0.]
 [0. 0. 0. 0. 0. 0. 0. 0. 0. 0.]
 [0. 0. 0. 0. 0. 0. 0. 0. 0. 0.]
 [0. 0. 0. 0. 0. 0. 0. 0. 0. 0.]]
BDDAE mean:
[0. 0. 0. 0. 0. 0. 0. 0. 0. 0.]
---------------------------
---------------------------
DUMMY performance:
[[0.         0.5        0.77857143 0.         0.43727106        nan
         nan        nan 0.4               nan]
 [0.         0.5        0.80535714 0.         0.44556777 0.
  0.5        0.76428571 0.         0.43278388]
 [0.         0.5        0.80535714 0.         0.44556777 0.
  0.5        0.84285714 0.         0.45699634]
 [0.         0.5        0.73571429 0.         0.42380952        nan
         nan        nan 0.2               nan]
 [0.         0.5        0.79285714 0.         0.44175824 0.
  0.5        0.67321429 0.         0.4018315 ]
 [0.         0.5        0.76428571 0.         0.43278388 0.
  0.5        0.79285714 0.         0.44175824]
 [       nan        nan        nan 0.4               nan        nan
         nan        nan 0.3               nan]
 [0.         0.5        0.77857143 0.         0.43727106 0.
  0.5        0.69821429 0.         0.41062271]
 [0.         0.5        0.83035714 0.         0.45318681 0.
  0.5        0.67321429 0.         0.4018315 ]
 [0.         0.5        0.86785714 0.         0.46461538 0.
  0.5        0.75       0.         0.4282967 ]
 [       nan        nan        nan 0.6               nan 0.
  0.5        0.71071429 0.         0.41501832]
 [0.         0.5        0.85535714 0.         0.46080586 0.
  0.5        0.81785714 0.         0.44937729]
 [0.         0.5        0.81785714 0.         0.44937729        nan
         nan        nan 0.3               nan]
 [0.         0.5        0.83035714 0.         0.45318681        nan
         nan        nan 0.4               nan]
 [0.         0.5        0.84285714 0.         0.45699634 0.
  0.5        0.77857143 0.         0.43727106]
 [0.         0.5        0.80535714 0.         0.44556777 0.
  0.5        0.75       0.         0.4282967 ]
 [       nan        nan        nan        nan        nan        nan
         nan        nan        nan        nan]
 [0.         0.5        0.83035714 0.         0.45318681        nan
         nan        nan 0.5               nan]
 [0.         0.5        0.79285714 0.         0.44175824        nan
         nan        nan 0.5               nan]
 [0.         0.5        0.73571429 0.         0.42380952 0.
  0.5        0.59107143 0.         0.37109557]
 [0.         0.5        0.81785714 0.         0.44937729 0.
  0.5        0.75       0.         0.4282967 ]
 [0.         0.5        0.76428571 0.         0.43278388 0.
  0.5        0.69821429 0.         0.41062271]
 [0.         0.5        0.72321429 0.         0.41941392 0.
  0.5        0.84285714 0.         0.45699634]
 [0.         0.5        0.79285714 0.         0.44175824 0.
  0.5        0.76428571 0.         0.43278388]
 [       nan        nan        nan 0.6               nan        nan
         nan        nan 0.2               nan]
 [0.         0.5        0.80535714 0.         0.44556777        nan
         nan        nan 0.6               nan]]
DUMMY mean:
[0.         0.5        0.79878247 0.064      0.44342824 0.
 0.5        0.74363839 0.136      0.42524247]
---------------------------
Current folder: C:\Users\mbamo\Dropbox\c_sldl_1_3_10
-------------------------------------
----- RESULTS from .csv files ------
-------------------------------------
---------------------------
ALG Means: 
-rows: alg : KNN = 0; DT = 1; RF = 2; SVM = 3; GBM = 4; BDDAE = 5; DUMMY = 5
columns:
'val_cohen','val_uar', 'val_acc', 'val_gm',  'val_f1',  'aro_cohen','aro_uar', 'aro_acc', 'aro_gm',  'aro_f1'
-------------------------------------------------------------
  v_c   v_u   v_a   v_g   v_f1  a_c   a_u   a_a   a_g   a_f1
[[0.331 0.667 0.838 0.421 0.645 0.308 0.664 0.772 0.482 0.633]
 [0.342 0.674 0.781 0.517 0.647 0.306 0.662 0.741 0.548 0.638]
 [0.404 0.684 0.814 0.477 0.661 0.4   0.682 0.782 0.542 0.664]
 [0.    0.5   0.799 0.    0.443 0.    0.5   0.746 0.    0.426]
 [0.289 0.648 0.826 0.375 0.616 0.245 0.613 0.772 0.369 0.59 ]
 [0.    0.    0.    0.    0.    0.    0.    0.    0.    0.   ]
 [0.    0.5   0.799 0.    0.443 0.    0.5   0.746 0.    0.426]]
-------------------------------------------------------------
Standard Deviation of each metric:
[[0.26  0.135 0.067 0.276 0.14  0.179 0.093 0.073 0.198 0.098]
 [0.269 0.137 0.109 0.208 0.138 0.176 0.092 0.074 0.143 0.093]
 [0.265 0.139 0.1   0.22  0.14  0.193 0.107 0.084 0.188 0.116]
 [0.    0.    0.04  0.    0.012 0.    0.    0.067 0.    0.023]
 [0.278 0.14  0.075 0.285 0.157 0.178 0.081 0.068 0.221 0.096]
 [0.    0.    0.    0.    0.    0.    0.    0.    0.    0.   ]
 [0.    0.    0.04  0.    0.012 0.    0.    0.067 0.    0.023]]
-------------------------------------------------------------
std_dev/mean [percentage]:
[[79. 20.  8. 66. 22. 58. 14.  9. 41. 15.]
 [79. 20. 14. 40. 21. 58. 14. 10. 26. 15.]
 [66. 20. 12. 46. 21. 48. 16. 11. 35. 17.]
 [ 0.  0.  5.  0.  3.  0.  0.  9.  0.  5.]
 [96. 22.  9. 76. 26. 73. 13.  9. 60. 16.]
 [ 0.  0.  0.  0.  0.  0.  0.  0.  0.  0.]
 [ 0.  0.  5.  0.  3.  0.  0.  9.  0.  5.]]
