2024-08-10 07:42:12.241110: I tensorflow/core/util/port.cc:113] oneDNN custom operations are on. You may see slightly different numerical results due to floating-point round-off errors from different computation orders. To turn them off, set the environment variable `TF_ENABLE_ONEDNN_OPTS=0`.
2024-08-10 07:42:13.012630: I tensorflow/core/util/port.cc:113] oneDNN custom operations are on. You may see slightly different numerical results due to floating-point round-off errors from different computation orders. To turn them off, set the environment variable `TF_ENABLE_ONEDNN_OPTS=0`.
2024-08-10 07:42:14.617376: I tensorflow/core/platform/cpu_feature_guard.cc:210] This TensorFlow binary is optimized to use available CPU instructions in performance-critical operations.
To enable the following instructions: AVX2 FMA, in other operations, rebuild TensorFlow with the appropriate compiler flags.
    
    
-------------------------------
participant:  1
-------------------------------
    
    
participant:  1
corriendo en PC gamer:
Window size (sec):  3.0
step (sec):  1.5
overlap:  True
perc. of overlap:  50.0
overlap duration (sec):  1.5
Nearest multiple of 16 to 3000 is: 3008
Nearest multiple of 16 to 1500 is: 1504
['gsr_chunks', 'ppg_chunks', 'val_chunks', 'aro_chunks', 'time_chunks', 'tag_chunks', 'video']
----- Extracting features...
Class Imbalance test (arousal)....
Multiclass distribution
Class=1, n=802 (96.394%)
Class=0, n=30 (3.606%)
Class Imbalance test (valence)....
Multiclass distribution
Class=1, n=690 (82.933%)
Class=0, n=142 (17.067%)
------------- Evaluating model --------------
------------- Evaluating model --------------
------------- Evaluating model --------------
------------- Evaluating model --------------
------------- Evaluating model --------------
arousal and valece = ok
------------- Evaluating model --------------
-------------------------------------
-------------------------------------
participant:  1
-------------------------------------
----- RESULTS ------
-------------------------------------
Window size (sec):  3.008
step (sec):  1.504
overlap:  True
perc. of overlap:  50.0
overlap duration (sec):  1.504
Number of windows / instances:  832
-rows: alg : KNN = 0; DT = 1; RF = 2; SVM = 3; GBM = 4; BDDAE = 5; DUMMY = 5
columns:
'val_cohen','val_uar', 'val_acc', 'val_gm',  'val_f1',  'aro_cohen','aro_uar', 'aro_acc', 'aro_gm',  'aro_f1'
-------------------------------------------------------------
  v_c   v_u   v_a   v_g   v_f1  a_c   a_u   a_a   a_g   a_f1
[[0.682 0.813 0.922 0.785 0.839 0.395 0.693 0.964 0.548 0.697]
 [0.661 0.832 0.912 0.82  0.839 0.654 0.796 0.977 0.713 0.796]
 [0.715 0.843 0.93  0.83  0.864 0.691 0.798 0.981 0.723 0.826]
 [0.404 0.65  0.881 0.531 0.689 0.    0.5   0.964 0.    0.491]
 [0.454 0.68  0.891 0.531 0.71  0.565 0.715 0.977 0.652 0.767]
 [0.    0.    0.    0.    0.    0.    0.    0.    0.    0.   ]
 [0.    0.5   0.829 0.    0.453 0.    0.5   0.964 0.    0.491]]
first participant performance loaded
    
    
-------------------------------
LAST participant's saved data: 
1
-------------------------------
    
    
    
    
-------------------------------
participant:  2
-------------------------------
    
    
participant:  2
corriendo en PC gamer:
Window size (sec):  3.0
step (sec):  1.5
overlap:  True
perc. of overlap:  50.0
overlap duration (sec):  1.5
Nearest multiple of 16 to 3000 is: 3008
Nearest multiple of 16 to 1500 is: 1504
['gsr_chunks', 'ppg_chunks', 'val_chunks', 'aro_chunks', 'time_chunks', 'tag_chunks', 'video']
----- Extracting features...
Class Imbalance test (arousal)....
Multiclass distribution
Class=1, n=799 (96.034%)
Class=0, n=33 (3.966%)
Class Imbalance test (valence)....
Multiclass distribution
Class=1, n=692 (83.173%)
Class=0, n=140 (16.827%)
------------- Evaluating model --------------
------------- Evaluating model --------------
------------- Evaluating model --------------
------------- Evaluating model --------------
------------- Evaluating model --------------
arousal and valece = ok
------------- Evaluating model --------------
-------------------------------------
-------------------------------------
participant:  2
-------------------------------------
----- RESULTS ------
-------------------------------------
Window size (sec):  3.008
step (sec):  1.504
overlap:  True
perc. of overlap:  50.0
overlap duration (sec):  1.504
Number of windows / instances:  832
-rows: alg : KNN = 0; DT = 1; RF = 2; SVM = 3; GBM = 4; BDDAE = 5; DUMMY = 5
columns:
'val_cohen','val_uar', 'val_acc', 'val_gm',  'val_f1',  'aro_cohen','aro_uar', 'aro_acc', 'aro_gm',  'aro_f1'
-------------------------------------------------------------
  v_c   v_u   v_a   v_g   v_f1  a_c   a_u   a_a   a_g   a_f1
[[0.579 0.753 0.897 0.719 0.788 0.211 0.588 0.953 0.27  0.603]
 [0.501 0.729 0.857 0.689 0.733 0.509 0.741 0.962 0.601 0.741]
 [0.569 0.76  0.889 0.756 0.784 0.491 0.717 0.97  0.65  0.756]
 [0.011 0.504 0.833 0.027 0.461 0.    0.5   0.96  0.    0.49 ]
 [0.33  0.62  0.87  0.474 0.649 0.    0.5   0.96  0.    0.49 ]
 [0.    0.    0.    0.    0.    0.    0.    0.    0.    0.   ]
 [0.    0.5   0.832 0.    0.454 0.    0.5   0.96  0.    0.49 ]]
participant performance loaded
    
    
-------------------------------
LAST participant's saved data: 
2
-------------------------------
    
    
    
    
-------------------------------
participant:  3
-------------------------------
    
    
participant:  3
corriendo en PC gamer:
Window size (sec):  3.0
step (sec):  1.5
overlap:  True
perc. of overlap:  50.0
overlap duration (sec):  1.5
Nearest multiple of 16 to 3000 is: 3008
Nearest multiple of 16 to 1500 is: 1504
['gsr_chunks', 'ppg_chunks', 'val_chunks', 'aro_chunks', 'time_chunks', 'tag_chunks', 'video']
----- Extracting features...
Class Imbalance test (arousal)....
Multiclass distribution
Class=1, n=752 (90.385%)
Class=0, n=80 (9.615%)
Class Imbalance test (valence)....
Multiclass distribution
Class=1, n=689 (82.812%)
Class=0, n=143 (17.188%)
------------- Evaluating model --------------
------------- Evaluating model --------------
------------- Evaluating model --------------
------------- Evaluating model --------------
------------- Evaluating model --------------
arousal and valece = ok
------------- Evaluating model --------------
-------------------------------------
-------------------------------------
participant:  3
-------------------------------------
----- RESULTS ------
-------------------------------------
Window size (sec):  3.008
step (sec):  1.504
overlap:  True
perc. of overlap:  50.0
overlap duration (sec):  1.504
Number of windows / instances:  832
-rows: alg : KNN = 0; DT = 1; RF = 2; SVM = 3; GBM = 4; BDDAE = 5; DUMMY = 5
columns:
'val_cohen','val_uar', 'val_acc', 'val_gm',  'val_f1',  'aro_cohen','aro_uar', 'aro_acc', 'aro_gm',  'aro_f1'
-------------------------------------------------------------
  v_c   v_u   v_a   v_g   v_f1  a_c   a_u   a_a   a_g   a_f1
[[0.803 0.879 0.947 0.872 0.901 0.13  0.553 0.888 0.274 0.559]
 [0.794 0.895 0.936 0.894 0.89  0.349 0.658 0.886 0.619 0.652]
 [0.842 0.911 0.954 0.9   0.918 0.274 0.619 0.907 0.422 0.642]
 [0.778 0.852 0.943 0.839 0.888 0.    0.5   0.904 0.    0.475]
 [0.81  0.883 0.953 0.872 0.911 0.    0.5   0.904 0.    0.475]
 [0.    0.    0.    0.    0.    0.    0.    0.    0.    0.   ]
 [0.    0.5   0.828 0.    0.453 0.    0.5   0.904 0.    0.475]]
participant performance loaded
    
    
-------------------------------
LAST participant's saved data: 
3
-------------------------------
    
    
    
    
-------------------------------
participant:  4
-------------------------------
    
    
participant:  4
corriendo en PC gamer:
Window size (sec):  3.0
step (sec):  1.5
overlap:  True
perc. of overlap:  50.0
overlap duration (sec):  1.5
Nearest multiple of 16 to 3000 is: 3008
Nearest multiple of 16 to 1500 is: 1504
['gsr_chunks', 'ppg_chunks', 'val_chunks', 'aro_chunks', 'time_chunks', 'tag_chunks', 'video']
----- Extracting features...
Class Imbalance test (arousal)....
Multiclass distribution
Class=1, n=798 (95.913%)
Class=0, n=34 (4.087%)
Class Imbalance test (valence)....
Multiclass distribution
Class=1, n=664 (79.808%)
Class=0, n=168 (20.192%)
------------- Evaluating model --------------
------------- Evaluating model --------------
------------- Evaluating model --------------
------------- Evaluating model --------------
------------- Evaluating model --------------
arousal and valece = ok
------------- Evaluating model --------------
-------------------------------------
-------------------------------------
participant:  4
-------------------------------------
----- RESULTS ------
-------------------------------------
Window size (sec):  3.008
step (sec):  1.504
overlap:  True
perc. of overlap:  50.0
overlap duration (sec):  1.504
Number of windows / instances:  832
-rows: alg : KNN = 0; DT = 1; RF = 2; SVM = 3; GBM = 4; BDDAE = 5; DUMMY = 5
columns:
'val_cohen','val_uar', 'val_acc', 'val_gm',  'val_f1',  'aro_cohen','aro_uar', 'aro_acc', 'aro_gm',  'aro_f1'
-------------------------------------------------------------
  v_c   v_u   v_a   v_g   v_f1  a_c   a_u   a_a   a_g   a_f1
[[0.23  0.598 0.799 0.459 0.605 0.135 0.545 0.962 0.165 0.56 ]
 [0.323 0.647 0.786 0.621 0.652 0.075 0.535 0.918 0.212 0.534]
 [0.394 0.653 0.802 0.6   0.666 0.039 0.496 0.951 0.223 0.487]
 [0.    0.5   0.798 0.    0.444 0.    0.5   0.959 0.    0.49 ]
 [0.151 0.552 0.817 0.285 0.54  0.    0.5   0.959 0.    0.49 ]
 [0.    0.    0.    0.    0.    0.    0.    0.    0.    0.   ]
 [0.    0.5   0.798 0.    0.444 0.    0.5   0.959 0.    0.49 ]]
participant performance loaded
    
    
-------------------------------
LAST participant's saved data: 
4
-------------------------------
    
    
    
    
-------------------------------
participant:  5
-------------------------------
    
    
participant:  5
corriendo en PC gamer:
Window size (sec):  3.0
step (sec):  1.5
overlap:  True
perc. of overlap:  50.0
overlap duration (sec):  1.5
Nearest multiple of 16 to 3000 is: 3008
Nearest multiple of 16 to 1500 is: 1504
['gsr_chunks', 'ppg_chunks', 'val_chunks', 'aro_chunks', 'time_chunks', 'tag_chunks', 'video']
----- Extracting features...
Class Imbalance test (arousal)....
Multiclass distribution
Class=1, n=700 (84.135%)
Class=0, n=132 (15.865%)
Class Imbalance test (valence)....
Multiclass distribution
Class=1, n=682 (81.971%)
Class=0, n=150 (18.029%)
------------- Evaluating model --------------
------------- Evaluating model --------------
------------- Evaluating model --------------
------------- Evaluating model --------------
------------- Evaluating model --------------
arousal and valece = ok
------------- Evaluating model --------------
-------------------------------------
-------------------------------------
participant:  5
-------------------------------------
----- RESULTS ------
-------------------------------------
Window size (sec):  3.008
step (sec):  1.504
overlap:  True
perc. of overlap:  50.0
overlap duration (sec):  1.504
Number of windows / instances:  832
-rows: alg : KNN = 0; DT = 1; RF = 2; SVM = 3; GBM = 4; BDDAE = 5; DUMMY = 5
columns:
'val_cohen','val_uar', 'val_acc', 'val_gm',  'val_f1',  'aro_cohen','aro_uar', 'aro_acc', 'aro_gm',  'aro_f1'
-------------------------------------------------------------
  v_c   v_u   v_a   v_g   v_f1  a_c   a_u   a_a   a_g   a_f1
[[0.688 0.852 0.906 0.844 0.844 0.231 0.606 0.817 0.498 0.612]
 [0.738 0.86  0.924 0.859 0.868 0.33  0.662 0.829 0.609 0.66 ]
 [0.741 0.877 0.925 0.873 0.875 0.364 0.635 0.841 0.617 0.65 ]
 [0.651 0.812 0.9   0.799 0.825 0.    0.5   0.841 0.    0.457]
 [0.251 0.592 0.851 0.388 0.602 0.    0.5   0.841 0.    0.457]
 [0.    0.    0.    0.    0.    0.    0.    0.    0.    0.   ]
 [0.    0.5   0.82  0.    0.45  0.    0.5   0.841 0.    0.457]]
participant performance loaded
    
    
-------------------------------
LAST participant's saved data: 
5
-------------------------------
    
    
    
    
-------------------------------
participant:  6
-------------------------------
    
    
participant:  6
corriendo en PC gamer:
Window size (sec):  3.0
step (sec):  1.5
overlap:  True
perc. of overlap:  50.0
overlap duration (sec):  1.5
Nearest multiple of 16 to 3000 is: 3008
Nearest multiple of 16 to 1500 is: 1504
['gsr_chunks', 'ppg_chunks', 'val_chunks', 'aro_chunks', 'time_chunks', 'tag_chunks', 'video']
----- Extracting features...
Class Imbalance test (arousal)....
Multiclass distribution
Class=1, n=765 (91.947%)
Class=0, n=67 (8.053%)
Class Imbalance test (valence)....
Multiclass distribution
Class=1, n=807 (96.995%)
Class=0, n=25 (3.005%)
------------- Evaluating model --------------
------------- Evaluating model --------------
------------- Evaluating model --------------
------------- Evaluating model --------------
------------- Evaluating model --------------
arousal and valece = ok
------------- Evaluating model --------------
-------------------------------------
-------------------------------------
participant:  6
-------------------------------------
----- RESULTS ------
-------------------------------------
Window size (sec):  3.008
step (sec):  1.504
overlap:  True
perc. of overlap:  50.0
overlap duration (sec):  1.504
Number of windows / instances:  832
-rows: alg : KNN = 0; DT = 1; RF = 2; SVM = 3; GBM = 4; BDDAE = 5; DUMMY = 5
columns:
'val_cohen','val_uar', 'val_acc', 'val_gm',  'val_f1',  'aro_cohen','aro_uar', 'aro_acc', 'aro_gm',  'aro_f1'
-------------------------------------------------------------
  v_c   v_u   v_a   v_g   v_f1  a_c   a_u   a_a   a_g   a_f1
[[ 0.047  0.515  0.969  0.058  0.517  0.197  0.572  0.917  0.349  0.592]
 [ 0.067  0.54   0.938  0.253  0.536  0.2    0.599  0.875  0.464  0.595]
 [-0.012  0.512  0.963  0.071  0.51   0.28   0.591  0.909  0.45   0.602]
 [ 0.     0.5    0.97   0.     0.492  0.     0.5    0.919  0.     0.479]
 [-0.004  0.499  0.968  0.     0.492  0.023  0.507  0.921  0.038  0.492]
 [ 0.     0.     0.     0.     0.     0.     0.     0.     0.     0.   ]
 [ 0.     0.5    0.97   0.     0.492  0.     0.5    0.919  0.     0.479]]
participant performance loaded
    
    
-------------------------------
LAST participant's saved data: 
6
-------------------------------
    
    
    
    
-------------------------------
participant:  7
-------------------------------
    
    
participant:  7
corriendo en PC gamer:
Window size (sec):  3.0
step (sec):  1.5
overlap:  True
perc. of overlap:  50.0
overlap duration (sec):  1.5
Nearest multiple of 16 to 3000 is: 3008
Nearest multiple of 16 to 1500 is: 1504
['gsr_chunks', 'ppg_chunks', 'val_chunks', 'aro_chunks', 'time_chunks', 'tag_chunks', 'video']
----- Extracting features...
Class Imbalance test (arousal)....
Multiclass distribution
Class=1, n=816 (98.077%)
Class=0, n=16 (1.923%)
Class Imbalance test (valence)....
Multiclass distribution
Class=1, n=804 (96.635%)
Class=0, n=28 (3.365%)
------------- Evaluating model --------------
------------- Evaluating model --------------
------------- Evaluating model --------------
------------- Evaluating model --------------
------------- Evaluating model --------------
arousal and valece = ok
------------- Evaluating model --------------
-------------------------------------
-------------------------------------
participant:  7
-------------------------------------
----- RESULTS ------
-------------------------------------
Window size (sec):  3.008
step (sec):  1.504
overlap:  True
perc. of overlap:  50.0
overlap duration (sec):  1.504
Number of windows / instances:  832
-rows: alg : KNN = 0; DT = 1; RF = 2; SVM = 3; GBM = 4; BDDAE = 5; DUMMY = 5
columns:
'val_cohen','val_uar', 'val_acc', 'val_gm',  'val_f1',  'aro_cohen','aro_uar', 'aro_acc', 'aro_gm',  'aro_f1'
-------------------------------------------------------------
  v_c   v_u   v_a   v_g   v_f1  a_c   a_u   a_a   a_g   a_f1
[[ 0.129  0.546  0.963  0.173  0.56   0.066  0.525  0.982  0.071  0.529]
 [ 0.266  0.646  0.952  0.363  0.636 -0.016  0.49   0.962  0.     0.49 ]
 [ 0.226  0.593  0.959  0.243  0.607 -0.002  0.498  0.976  0.     0.494]
 [ 0.     0.5    0.966  0.     0.491  0.     0.5    0.981  0.     0.495]
 [ 0.     0.5    0.966  0.     0.491 -0.008  0.496  0.972  0.071  0.493]
 [ 0.     0.     0.     0.     0.     0.     0.     0.     0.     0.   ]
 [ 0.     0.5    0.966  0.     0.491  0.     0.5    0.981  0.     0.495]]
participant performance loaded
    
    
-------------------------------
LAST participant's saved data: 
7
-------------------------------
    
    
    
    
-------------------------------
participant:  8
-------------------------------
    
    
participant:  8
corriendo en PC gamer:
Window size (sec):  3.0
step (sec):  1.5
overlap:  True
perc. of overlap:  50.0
overlap duration (sec):  1.5
Nearest multiple of 16 to 3000 is: 3008
Nearest multiple of 16 to 1500 is: 1504
['gsr_chunks', 'ppg_chunks', 'val_chunks', 'aro_chunks', 'time_chunks', 'tag_chunks', 'video']
----- Extracting features...
Class Imbalance test (arousal)....
Multiclass distribution
Class=1, n=653 (78.486%)
Class=0, n=179 (21.514%)
Class Imbalance test (valence)....
Multiclass distribution
Class=1, n=706 (84.856%)
Class=0, n=126 (15.144%)
------------- Evaluating model --------------
------------- Evaluating model --------------
------------- Evaluating model --------------
------------- Evaluating model --------------
------------- Evaluating model --------------
arousal and valece = ok
------------- Evaluating model --------------
-------------------------------------
-------------------------------------
participant:  8
-------------------------------------
----- RESULTS ------
-------------------------------------
Window size (sec):  3.008
step (sec):  1.504
overlap:  True
perc. of overlap:  50.0
overlap duration (sec):  1.504
Number of windows / instances:  832
-rows: alg : KNN = 0; DT = 1; RF = 2; SVM = 3; GBM = 4; BDDAE = 5; DUMMY = 5
columns:
'val_cohen','val_uar', 'val_acc', 'val_gm',  'val_f1',  'aro_cohen','aro_uar', 'aro_acc', 'aro_gm',  'aro_f1'
-------------------------------------------------------------
  v_c   v_u   v_a   v_g   v_f1  a_c   a_u   a_a   a_g   a_f1
[[0.905 0.946 0.976 0.944 0.952 0.672 0.837 0.89  0.829 0.836]
 [0.884 0.926 0.965 0.929 0.931 0.739 0.871 0.911 0.882 0.87 ]
 [0.904 0.963 0.976 0.939 0.955 0.777 0.915 0.939 0.879 0.911]
 [0.818 0.883 0.957 0.875 0.909 0.159 0.557 0.803 0.321 0.547]
 [0.412 0.67  0.899 0.468 0.689 0.561 0.734 0.881 0.683 0.778]
 [0.    0.    0.    0.    0.    0.    0.    0.    0.    0.   ]
 [0.    0.5   0.849 0.    0.459 0.    0.5   0.785 0.    0.44 ]]
participant performance loaded
    
    
-------------------------------
LAST participant's saved data: 
8
-------------------------------
    
    
    
    
-------------------------------
participant:  9
-------------------------------
    
    
participant:  9
corriendo en PC gamer:
Window size (sec):  3.0
step (sec):  1.5
overlap:  True
perc. of overlap:  50.0
overlap duration (sec):  1.5
Nearest multiple of 16 to 3000 is: 3008
Nearest multiple of 16 to 1500 is: 1504
['gsr_chunks', 'ppg_chunks', 'val_chunks', 'aro_chunks', 'time_chunks', 'tag_chunks', 'video']
----- Extracting features...
Class Imbalance test (arousal)....
Multiclass distribution
Class=1, n=831 (99.880%)
Class=0, n=1 (0.120%)
Class Imbalance test (valence)....
Multiclass distribution
Class=1, n=737 (88.582%)
Class=0, n=95 (11.418%)
------------- Evaluating model --------------
------------- Evaluating model --------------
------------- Evaluating model --------------
------------- Evaluating model --------------
------------- Evaluating model --------------
arousal and valece = ok
------------- Evaluating model --------------
-------------------------------------
-------------------------------------
participant:  9
-------------------------------------
----- RESULTS ------
-------------------------------------
Window size (sec):  3.008
step (sec):  1.504
overlap:  True
perc. of overlap:  50.0
overlap duration (sec):  1.504
Number of windows / instances:  832
-rows: alg : KNN = 0; DT = 1; RF = 2; SVM = 3; GBM = 4; BDDAE = 5; DUMMY = 5
columns:
'val_cohen','val_uar', 'val_acc', 'val_gm',  'val_f1',  'aro_cohen','aro_uar', 'aro_acc', 'aro_gm',  'aro_f1'
-------------------------------------------------------------
  v_c   v_u   v_a   v_g   v_f1  a_c   a_u   a_a   a_g   a_f1
[[ 0.176  0.564  0.882  0.35   0.578    nan  0.95   0.999  0.9    0.95 ]
 [ 0.191  0.575  0.826  0.505  0.569    nan  0.948  0.996  0.8    0.899]
 [ 0.277  0.604  0.869  0.409  0.617    nan  0.95   0.999  0.9    0.95 ]
 [ 0.     0.5    0.886  0.     0.47     nan    nan    nan    nan    nan]
 [-0.002  0.499  0.885  0.     0.469    nan    nan    nan    nan    nan]
 [ 0.     0.     0.     0.     0.     0.     0.     0.     0.     0.   ]
 [ 0.     0.5    0.886  0.     0.47     nan  0.95   0.999  0.9    0.95 ]]
participant performance loaded
    
    
-------------------------------
LAST participant's saved data: 
9
-------------------------------
    
    
    
    
-------------------------------
participant:  10
-------------------------------
    
    
participant:  10
corriendo en PC gamer:
Window size (sec):  3.0
step (sec):  1.5
overlap:  True
perc. of overlap:  50.0
overlap duration (sec):  1.5
Nearest multiple of 16 to 3000 is: 3008
Nearest multiple of 16 to 1500 is: 1504
['gsr_chunks', 'ppg_chunks', 'val_chunks', 'aro_chunks', 'time_chunks', 'tag_chunks', 'video']
----- Extracting features...
Class Imbalance test (arousal)....
Multiclass distribution
Class=1, n=828 (99.519%)
Class=0, n=4 (0.481%)
Class Imbalance test (valence)....
Multiclass distribution
Class=1, n=765 (91.947%)
Class=0, n=67 (8.053%)
------------- Evaluating model --------------
------------- Evaluating model --------------
------------- Evaluating model --------------
------------- Evaluating model --------------
------------- Evaluating model --------------
arousal and valece = ok
------------- Evaluating model --------------
-------------------------------------
-------------------------------------
participant:  10
-------------------------------------
----- RESULTS ------
-------------------------------------
Window size (sec):  3.008
step (sec):  1.504
overlap:  True
perc. of overlap:  50.0
overlap duration (sec):  1.504
Number of windows / instances:  832
-rows: alg : KNN = 0; DT = 1; RF = 2; SVM = 3; GBM = 4; BDDAE = 5; DUMMY = 5
columns:
'val_cohen','val_uar', 'val_acc', 'val_gm',  'val_f1',  'aro_cohen','aro_uar', 'aro_acc', 'aro_gm',  'aro_f1'
-------------------------------------------------------------
  v_c   v_u   v_a   v_g   v_f1  a_c   a_u   a_a   a_g   a_f1
[[0.234 0.591 0.912 0.395 0.614   nan 0.8   0.995 0.6   0.799]
 [0.237 0.628 0.893 0.53  0.626   nan 0.796 0.99  0.2   0.648]
 [0.265 0.638 0.911 0.531 0.644   nan 0.799 0.994 0.5   0.748]
 [0.    0.5   0.919 0.    0.479   nan 0.8   0.995 0.6   0.799]
 [0.019 0.506 0.918 0.038 0.491   nan 0.796 0.992 0.3   0.648]
 [0.    0.    0.    0.    0.    0.    0.    0.    0.    0.   ]
 [0.    0.5   0.919 0.    0.479   nan 0.8   0.995 0.6   0.799]]
participant performance loaded
    
    
-------------------------------
LAST participant's saved data: 
10
-------------------------------
    
    
    
    
-------------------------------
participant:  11
-------------------------------
    
    
participant:  11
corriendo en PC gamer:
Window size (sec):  3.0
step (sec):  1.5
overlap:  True
perc. of overlap:  50.0
overlap duration (sec):  1.5
Nearest multiple of 16 to 3000 is: 3008
Nearest multiple of 16 to 1500 is: 1504
['gsr_chunks', 'ppg_chunks', 'val_chunks', 'aro_chunks', 'time_chunks', 'tag_chunks', 'video']
----- Extracting features...
Class Imbalance test (arousal)....
Multiclass distribution
Class=1, n=763 (91.707%)
Class=0, n=69 (8.293%)
Class Imbalance test (valence)....
Multiclass distribution
Class=1, n=820 (98.558%)
Class=0, n=12 (1.442%)
------------- Evaluating model --------------
------------- Evaluating model --------------
------------- Evaluating model --------------
------------- Evaluating model --------------
------------- Evaluating model --------------
arousal and valece = ok
------------- Evaluating model --------------
-------------------------------------
-------------------------------------
participant:  11
-------------------------------------
----- RESULTS ------
-------------------------------------
Window size (sec):  3.008
step (sec):  1.504
overlap:  True
perc. of overlap:  50.0
overlap duration (sec):  1.504
Number of windows / instances:  832
-rows: alg : KNN = 0; DT = 1; RF = 2; SVM = 3; GBM = 4; BDDAE = 5; DUMMY = 5
columns:
'val_cohen','val_uar', 'val_acc', 'val_gm',  'val_f1',  'aro_cohen','aro_uar', 'aro_acc', 'aro_gm',  'aro_f1'
-------------------------------------------------------------
  v_c   v_u   v_a   v_g   v_f1  a_c   a_u   a_a   a_g   a_f1
[[-0.004  0.498  0.982  0.     0.495  0.378  0.67   0.916  0.586  0.688]
 [ 0.041  0.54   0.966  0.169  0.511  0.327  0.636  0.889  0.553  0.635]
 [-0.005  0.499  0.984  0.     0.496  0.377  0.679  0.928  0.574  0.708]
 [ 0.     0.5    0.986  0.     0.496  0.     0.5    0.917  0.     0.478]
 [-0.004  0.498  0.982  0.     0.495  0.     0.5    0.917  0.     0.478]
 [ 0.     0.     0.     0.     0.     0.     0.     0.     0.     0.   ]
 [ 0.     0.5    0.986  0.     0.496  0.     0.5    0.917  0.     0.478]]
participant performance loaded
    
    
-------------------------------
LAST participant's saved data: 
11
-------------------------------
    
    
    
    
-------------------------------
participant:  12
-------------------------------
    
    
participant:  12
corriendo en PC gamer:
Window size (sec):  3.0
step (sec):  1.5
overlap:  True
perc. of overlap:  50.0
overlap duration (sec):  1.5
Nearest multiple of 16 to 3000 is: 3008
Nearest multiple of 16 to 1500 is: 1504
['gsr_chunks', 'ppg_chunks', 'val_chunks', 'aro_chunks', 'time_chunks', 'tag_chunks', 'video']
----- Extracting features...
Class Imbalance test (arousal)....
Multiclass distribution
Class=1, n=792 (95.192%)
Class=0, n=40 (4.808%)
Class Imbalance test (valence)....
Multiclass distribution
Class=1, n=766 (92.067%)
Class=0, n=66 (7.933%)
------------- Evaluating model --------------
------------- Evaluating model --------------
------------- Evaluating model --------------
------------- Evaluating model --------------
------------- Evaluating model --------------
arousal and valece = ok
------------- Evaluating model --------------
-------------------------------------
-------------------------------------
participant:  12
-------------------------------------
----- RESULTS ------
-------------------------------------
Window size (sec):  3.008
step (sec):  1.504
overlap:  True
perc. of overlap:  50.0
overlap duration (sec):  1.504
Number of windows / instances:  832
-rows: alg : KNN = 0; DT = 1; RF = 2; SVM = 3; GBM = 4; BDDAE = 5; DUMMY = 5
columns:
'val_cohen','val_uar', 'val_acc', 'val_gm',  'val_f1',  'aro_cohen','aro_uar', 'aro_acc', 'aro_gm',  'aro_f1'
-------------------------------------------------------------
  v_c   v_u   v_a   v_g   v_f1  a_c   a_u   a_a   a_g   a_f1
[[0.453 0.709 0.927 0.651 0.725 0.542 0.754 0.961 0.705 0.771]
 [0.47  0.767 0.934 0.689 0.762 0.255 0.61  0.935 0.375 0.614]
 [0.465 0.7   0.924 0.614 0.716 0.156 0.673 0.965 0.469 0.723]
 [0.    0.5   0.921 0.    0.479 0.    0.5   0.952 0.    0.488]
 [0.027 0.508 0.922 0.041 0.494 0.    0.5   0.952 0.    0.488]
 [0.    0.    0.    0.    0.    0.    0.    0.    0.    0.   ]
 [0.    0.5   0.921 0.    0.479 0.    0.5   0.952 0.    0.488]]
participant performance loaded
    
    
-------------------------------
LAST participant's saved data: 
12
-------------------------------
    
    
    
    
-------------------------------
participant:  13
-------------------------------
    
    
participant:  13
corriendo en PC gamer:
Window size (sec):  3.0
step (sec):  1.5
overlap:  True
perc. of overlap:  50.0
overlap duration (sec):  1.5
Nearest multiple of 16 to 3000 is: 3008
Nearest multiple of 16 to 1500 is: 1504
['gsr_chunks', 'ppg_chunks', 'val_chunks', 'aro_chunks', 'time_chunks', 'tag_chunks', 'video']
----- Extracting features...
Class Imbalance test (arousal)....
Multiclass distribution
Class=1, n=817 (98.197%)
Class=0, n=15 (1.803%)
Class Imbalance test (valence)....
Multiclass distribution
Class=1, n=740 (88.942%)
Class=0, n=92 (11.058%)
------------- Evaluating model --------------
------------- Evaluating model --------------
------------- Evaluating model --------------
------------- Evaluating model --------------
------------- Evaluating model --------------
arousal and valece = ok
------------- Evaluating model --------------
-------------------------------------
-------------------------------------
participant:  13
-------------------------------------
----- RESULTS ------
-------------------------------------
Window size (sec):  3.008
step (sec):  1.504
overlap:  True
perc. of overlap:  50.0
overlap duration (sec):  1.504
Number of windows / instances:  832
-rows: alg : KNN = 0; DT = 1; RF = 2; SVM = 3; GBM = 4; BDDAE = 5; DUMMY = 5
columns:
'val_cohen','val_uar', 'val_acc', 'val_gm',  'val_f1',  'aro_cohen','aro_uar', 'aro_acc', 'aro_gm',  'aro_f1'
-------------------------------------------------------------
  v_c   v_u   v_a   v_g   v_f1  a_c   a_u   a_a   a_g   a_f1
[[ 0.2    0.578  0.882  0.372  0.593 -0.001  0.499  0.981  0.     0.495]
 [ 0.282  0.64   0.862  0.573  0.643  0.095  0.565  0.965  0.169  0.544]
 [ 0.235  0.681  0.889  0.576  0.691  0.     0.499  0.98   0.     0.495]
 [ 0.     0.5    0.889  0.     0.471  0.     0.5    0.982  0.     0.495]
 [ 0.     0.5    0.889  0.     0.471 -0.01   0.493  0.969  0.     0.492]
 [ 0.     0.     0.     0.     0.     0.     0.     0.     0.     0.   ]
 [ 0.     0.5    0.889  0.     0.471  0.     0.5    0.982  0.     0.495]]
participant performance loaded
    
    
-------------------------------
LAST participant's saved data: 
13
-------------------------------
    
    
    
    
-------------------------------
participant:  14
-------------------------------
    
    
participant:  14
corriendo en PC gamer:
Window size (sec):  3.0
step (sec):  1.5
overlap:  True
perc. of overlap:  50.0
overlap duration (sec):  1.5
Nearest multiple of 16 to 3000 is: 3008
Nearest multiple of 16 to 1500 is: 1504
['gsr_chunks', 'ppg_chunks', 'val_chunks', 'aro_chunks', 'time_chunks', 'tag_chunks', 'video']
----- Extracting features...
Class Imbalance test (arousal)....
Multiclass distribution
Class=1, n=832 (100.000%)
Class Imbalance test (valence)....
Multiclass distribution
Class=1, n=832 (100.000%)
arousal and valece = each has only one class
-------------------------------------
-------------------------------------
participant:  14
-------------------------------------
----- RESULTS ------
-------------------------------------
Window size (sec):  3.008
step (sec):  1.504
overlap:  True
perc. of overlap:  50.0
overlap duration (sec):  1.504
Number of windows / instances:  832
-rows: alg : KNN = 0; DT = 1; RF = 2; SVM = 3; GBM = 4; BDDAE = 5; DUMMY = 5
columns:
'val_cohen','val_uar', 'val_acc', 'val_gm',  'val_f1',  'aro_cohen','aro_uar', 'aro_acc', 'aro_gm',  'aro_f1'
-------------------------------------------------------------
  v_c   v_u   v_a   v_g   v_f1  a_c   a_u   a_a   a_g   a_f1
[[nan nan nan nan nan nan nan nan nan nan]
 [nan nan nan nan nan nan nan nan nan nan]
 [nan nan nan nan nan nan nan nan nan nan]
 [nan nan nan nan nan nan nan nan nan nan]
 [nan nan nan nan nan nan nan nan nan nan]
 [ 0.  0.  0.  0.  0.  0.  0.  0.  0.  0.]
 [nan nan nan nan nan nan nan nan nan nan]]
participant performance loaded
    
    
-------------------------------
LAST participant's saved data: 
14
-------------------------------
    
    
    
    
-------------------------------
participant:  15
-------------------------------
    
    
participant:  15
corriendo en PC gamer:
Window size (sec):  3.0
step (sec):  1.5
overlap:  True
perc. of overlap:  50.0
overlap duration (sec):  1.5
Nearest multiple of 16 to 3000 is: 3008
Nearest multiple of 16 to 1500 is: 1504
['gsr_chunks', 'ppg_chunks', 'val_chunks', 'aro_chunks', 'time_chunks', 'tag_chunks', 'video']
----- Extracting features...
Class Imbalance test (arousal)....
Multiclass distribution
Class=1, n=830 (99.760%)
Class=0, n=2 (0.240%)
Class Imbalance test (valence)....
Multiclass distribution
Class=1, n=763 (91.707%)
Class=0, n=69 (8.293%)
------------- Evaluating model --------------
------------- Evaluating model --------------
------------- Evaluating model --------------
------------- Evaluating model --------------
------------- Evaluating model --------------
arousal and valece = ok
------------- Evaluating model --------------
-------------------------------------
-------------------------------------
participant:  15
-------------------------------------
----- RESULTS ------
-------------------------------------
Window size (sec):  3.008
step (sec):  1.504
overlap:  True
perc. of overlap:  50.0
overlap duration (sec):  1.504
Number of windows / instances:  832
-rows: alg : KNN = 0; DT = 1; RF = 2; SVM = 3; GBM = 4; BDDAE = 5; DUMMY = 5
columns:
'val_cohen','val_uar', 'val_acc', 'val_gm',  'val_f1',  'aro_cohen','aro_uar', 'aro_acc', 'aro_gm',  'aro_f1'
-------------------------------------------------------------
  v_c   v_u   v_a   v_g   v_f1  a_c   a_u   a_a   a_g   a_f1
[[0.155 0.567 0.897 0.357 0.573   nan 0.9   0.998 0.8   0.899]
 [0.334 0.672 0.898 0.596 0.667   nan 0.899 0.996 0.8   0.899]
 [0.279 0.621 0.909 0.399 0.643   nan 0.9   0.998 0.8   0.899]
 [0.    0.5   0.917 0.    0.478   nan 0.9   0.998 0.8   0.899]
 [0.    0.5   0.917 0.    0.478   nan 0.898 0.995 0.7   0.849]
 [0.    0.    0.    0.    0.    0.    0.    0.    0.    0.   ]
 [0.    0.5   0.917 0.    0.478   nan 0.9   0.998 0.8   0.899]]
participant performance loaded
    
    
-------------------------------
LAST participant's saved data: 
15
-------------------------------
    
    
    
    
-------------------------------
participant:  16
-------------------------------
    
    
participant:  16
corriendo en PC gamer:
Window size (sec):  3.0
step (sec):  1.5
overlap:  True
perc. of overlap:  50.0
overlap duration (sec):  1.5
Nearest multiple of 16 to 3000 is: 3008
Nearest multiple of 16 to 1500 is: 1504
['gsr_chunks', 'ppg_chunks', 'val_chunks', 'aro_chunks', 'time_chunks', 'tag_chunks', 'video']
----- Extracting features...
Class Imbalance test (arousal)....
Multiclass distribution
Class=1, n=754 (90.625%)
Class=0, n=78 (9.375%)
Class Imbalance test (valence)....
Multiclass distribution
Class=1, n=714 (85.817%)
Class=0, n=118 (14.183%)
------------- Evaluating model --------------
------------- Evaluating model --------------
------------- Evaluating model --------------
------------- Evaluating model --------------
------------- Evaluating model --------------
arousal and valece = ok
------------- Evaluating model --------------
-------------------------------------
-------------------------------------
participant:  16
-------------------------------------
----- RESULTS ------
-------------------------------------
Window size (sec):  3.008
step (sec):  1.504
overlap:  True
perc. of overlap:  50.0
overlap duration (sec):  1.504
Number of windows / instances:  832
-rows: alg : KNN = 0; DT = 1; RF = 2; SVM = 3; GBM = 4; BDDAE = 5; DUMMY = 5
columns:
'val_cohen','val_uar', 'val_acc', 'val_gm',  'val_f1',  'aro_cohen','aro_uar', 'aro_acc', 'aro_gm',  'aro_f1'
-------------------------------------------------------------
  v_c   v_u   v_a   v_g   v_f1  a_c   a_u   a_a   a_g   a_f1
[[0.558 0.744 0.909 0.702 0.777 0.291 0.611 0.911 0.454 0.641]
 [0.521 0.772 0.889 0.765 0.772 0.688 0.824 0.94  0.817 0.824]
 [0.606 0.755 0.893 0.752 0.761 0.722 0.87  0.962 0.833 0.884]
 [0.292 0.603 0.886 0.421 0.631 0.    0.5   0.906 0.    0.475]
 [0.047 0.515 0.861 0.11  0.491 0.021 0.506 0.907 0.035 0.487]
 [0.    0.    0.    0.    0.    0.    0.    0.    0.    0.   ]
 [0.    0.5   0.858 0.    0.462 0.    0.5   0.906 0.    0.475]]
participant performance loaded
    
    
-------------------------------
LAST participant's saved data: 
16
-------------------------------
    
    
    
    
-------------------------------
participant:  17
-------------------------------
    
    
participant:  17
corriendo en PC gamer:
Window size (sec):  3.0
step (sec):  1.5
overlap:  True
perc. of overlap:  50.0
overlap duration (sec):  1.5
Nearest multiple of 16 to 3000 is: 3008
Nearest multiple of 16 to 1500 is: 1504
['gsr_chunks', 'ppg_chunks', 'val_chunks', 'aro_chunks', 'time_chunks', 'tag_chunks', 'video']
----- Extracting features...
Class Imbalance test (arousal)....
Multiclass distribution
Class=1, n=824 (99.038%)
Class=0, n=8 (0.962%)
Class Imbalance test (valence)....
Multiclass distribution
Class=1, n=830 (99.760%)
Class=0, n=2 (0.240%)
------------- Evaluating model --------------
------------- Evaluating model --------------
------------- Evaluating model --------------
------------- Evaluating model --------------
------------- Evaluating model --------------
arousal and valece = ok
------------- Evaluating model --------------
-------------------------------------
-------------------------------------
participant:  17
-------------------------------------
----- RESULTS ------
-------------------------------------
Window size (sec):  3.008
step (sec):  1.504
overlap:  True
perc. of overlap:  50.0
overlap duration (sec):  1.504
Number of windows / instances:  832
-rows: alg : KNN = 0; DT = 1; RF = 2; SVM = 3; GBM = 4; BDDAE = 5; DUMMY = 5
columns:
'val_cohen','val_uar', 'val_acc', 'val_gm',  'val_f1',  'aro_cohen','aro_uar', 'aro_acc', 'aro_gm',  'aro_f1'
-------------------------------------------------------------
  v_c   v_u   v_a   v_g   v_f1  a_c   a_u   a_a   a_g   a_f1
[[  nan 0.9   0.998 0.8   0.899   nan 0.6   0.99  0.2   0.598]
 [  nan 0.898 0.995 0.6   0.799   nan 0.597 0.984 0.299 0.596]
 [  nan 0.899 0.996 0.7   0.849   nan 0.599 0.989 0.2   0.597]
 [  nan 0.9   0.998 0.8   0.899   nan 0.6   0.99  0.2   0.598]
 [  nan 0.898 0.995 0.6   0.799   nan 0.596 0.983 0.1   0.546]
 [0.    0.    0.    0.    0.    0.    0.    0.    0.    0.   ]
 [  nan 0.9   0.998 0.8   0.899   nan 0.6   0.99  0.2   0.598]]
participant performance loaded
    
    
-------------------------------
LAST participant's saved data: 
17
-------------------------------
    
    
    
    
-------------------------------
participant:  18
-------------------------------
    
    
participant:  18
corriendo en PC gamer:
Window size (sec):  3.0
step (sec):  1.5
overlap:  True
perc. of overlap:  50.0
overlap duration (sec):  1.5
Nearest multiple of 16 to 3000 is: 3008
Nearest multiple of 16 to 1500 is: 1504
['gsr_chunks', 'ppg_chunks', 'val_chunks', 'aro_chunks', 'time_chunks', 'tag_chunks', 'video']
----- Extracting features...
Class Imbalance test (arousal)....
Multiclass distribution
Class=1, n=832 (100.000%)
Class Imbalance test (valence)....
Multiclass distribution
Class=1, n=832 (100.000%)
arousal and valece = each has only one class
-------------------------------------
-------------------------------------
participant:  18
-------------------------------------
----- RESULTS ------
-------------------------------------
Window size (sec):  3.008
step (sec):  1.504
overlap:  True
perc. of overlap:  50.0
overlap duration (sec):  1.504
Number of windows / instances:  832
-rows: alg : KNN = 0; DT = 1; RF = 2; SVM = 3; GBM = 4; BDDAE = 5; DUMMY = 5
columns:
'val_cohen','val_uar', 'val_acc', 'val_gm',  'val_f1',  'aro_cohen','aro_uar', 'aro_acc', 'aro_gm',  'aro_f1'
-------------------------------------------------------------
  v_c   v_u   v_a   v_g   v_f1  a_c   a_u   a_a   a_g   a_f1
[[nan nan nan nan nan nan nan nan nan nan]
 [nan nan nan nan nan nan nan nan nan nan]
 [nan nan nan nan nan nan nan nan nan nan]
 [nan nan nan nan nan nan nan nan nan nan]
 [nan nan nan nan nan nan nan nan nan nan]
 [ 0.  0.  0.  0.  0.  0.  0.  0.  0.  0.]
 [nan nan nan nan nan nan nan nan nan nan]]
participant performance loaded
    
    
-------------------------------
LAST participant's saved data: 
18
-------------------------------
    
    
    
    
-------------------------------
participant:  19
-------------------------------
    
    
participant:  19
corriendo en PC gamer:
Window size (sec):  3.0
step (sec):  1.5
overlap:  True
perc. of overlap:  50.0
overlap duration (sec):  1.5
Nearest multiple of 16 to 3000 is: 3008
Nearest multiple of 16 to 1500 is: 1504
['gsr_chunks', 'ppg_chunks', 'val_chunks', 'aro_chunks', 'time_chunks', 'tag_chunks', 'video']
----- Extracting features...
Class Imbalance test (arousal)....
Multiclass distribution
Class=1, n=832 (100.000%)
Class Imbalance test (valence)....
Multiclass distribution
Class=1, n=675 (81.130%)
Class=0, n=157 (18.870%)
------------- Evaluating model --------------
------------- Evaluating model --------------
------------- Evaluating model --------------
------------- Evaluating model --------------
-----------Exception ----------------

All the 10 fits failed.
It is very likely that your model is misconfigured.
You can try to debug the error by setting error_score='raise'.

Below are more details about the failures:
--------------------------------------------------------------------------------
10 fits failed with the following error:
Traceback (most recent call last):
  File "C:\Users\Javier\AppData\Local\Packages\PythonSoftwareFoundation.Python.3.12_qbz5n2kfra8p0\LocalCache\local-packages\Python312\site-packages\sklearn\model_selection\_validation.py", line 895, in _fit_and_score
    estimator.fit(X_train, y_train, **fit_params)
  File "C:\Users\Javier\AppData\Local\Packages\PythonSoftwareFoundation.Python.3.12_qbz5n2kfra8p0\LocalCache\local-packages\Python312\site-packages\sklearn\base.py", line 1474, in wrapper
    return fit_method(estimator, *args, **kwargs)
           ^^^^^^^^^^^^^^^^^^^^^^^^^^^^^^^^^^^^^^
  File "C:\Users\Javier\AppData\Local\Packages\PythonSoftwareFoundation.Python.3.12_qbz5n2kfra8p0\LocalCache\local-packages\Python312\site-packages\sklearn\pipeline.py", line 475, in fit
    self._final_estimator.fit(Xt, y, **last_step_params["fit"])
  File "C:\Users\Javier\AppData\Local\Packages\PythonSoftwareFoundation.Python.3.12_qbz5n2kfra8p0\LocalCache\local-packages\Python312\site-packages\sklearn\base.py", line 1474, in wrapper
    return fit_method(estimator, *args, **kwargs)
           ^^^^^^^^^^^^^^^^^^^^^^^^^^^^^^^^^^^^^^
  File "C:\Users\Javier\AppData\Local\Packages\PythonSoftwareFoundation.Python.3.12_qbz5n2kfra8p0\LocalCache\local-packages\Python312\site-packages\sklearn\svm\_base.py", line 199, in fit
    y = self._validate_targets(y)
        ^^^^^^^^^^^^^^^^^^^^^^^^^
  File "C:\Users\Javier\AppData\Local\Packages\PythonSoftwareFoundation.Python.3.12_qbz5n2kfra8p0\LocalCache\local-packages\Python312\site-packages\sklearn\svm\_base.py", line 743, in _validate_targets
    raise ValueError(
ValueError: The number of classes has to be greater than one; got 1 class

-------------------------------------
    
    
-------------------------------
LAST participant's saved data: 
19
-------------------------------
    
    
    
    
-------------------------------
participant:  20
-------------------------------
    
    
participant:  20
corriendo en PC gamer:
Window size (sec):  3.0
step (sec):  1.5
overlap:  True
perc. of overlap:  50.0
overlap duration (sec):  1.5
Nearest multiple of 16 to 3000 is: 3008
Nearest multiple of 16 to 1500 is: 1504
['gsr_chunks', 'ppg_chunks', 'val_chunks', 'aro_chunks', 'time_chunks', 'tag_chunks', 'video']
----- Extracting features...
Class Imbalance test (arousal)....
Multiclass distribution
Class=1, n=796 (95.673%)
Class=0, n=36 (4.327%)
Class Imbalance test (valence)....
Multiclass distribution
Class=1, n=725 (87.139%)
Class=0, n=107 (12.861%)
------------- Evaluating model --------------
------------- Evaluating model --------------
------------- Evaluating model --------------
------------- Evaluating model --------------
------------- Evaluating model --------------
arousal and valece = ok
------------- Evaluating model --------------
-------------------------------------
-------------------------------------
participant:  20
-------------------------------------
----- RESULTS ------
-------------------------------------
Window size (sec):  3.008
step (sec):  1.504
overlap:  True
perc. of overlap:  50.0
overlap duration (sec):  1.504
Number of windows / instances:  832
-rows: alg : KNN = 0; DT = 1; RF = 2; SVM = 3; GBM = 4; BDDAE = 5; DUMMY = 5
columns:
'val_cohen','val_uar', 'val_acc', 'val_gm',  'val_f1',  'aro_cohen','aro_uar', 'aro_acc', 'aro_gm',  'aro_f1'
-------------------------------------------------------------
  v_c   v_u   v_a   v_g   v_f1  a_c   a_u   a_a   a_g   a_f1
[[ 0.444  0.688  0.894  0.626  0.72  -0.011  0.496  0.948  0.     0.487]
 [ 0.471  0.757  0.882  0.704  0.744  0.146  0.593  0.929  0.291  0.581]
 [ 0.563  0.767  0.905  0.736  0.777  0.048  0.537  0.952  0.107  0.549]
 [ 0.     0.5    0.871  0.     0.466  0.     0.5    0.957  0.     0.489]
 [ 0.044  0.514  0.875  0.074  0.491 -0.003  0.499  0.956  0.     0.489]
 [ 0.     0.     0.     0.     0.     0.     0.     0.     0.     0.   ]
 [ 0.     0.5    0.871  0.     0.466  0.     0.5    0.957  0.     0.489]]
participant performance loaded
    
    
-------------------------------
LAST participant's saved data: 
20
-------------------------------
    
    
    
    
-------------------------------
participant:  21
-------------------------------
    
    
participant:  21
corriendo en PC gamer:
Window size (sec):  3.0
step (sec):  1.5
overlap:  True
perc. of overlap:  50.0
overlap duration (sec):  1.5
Nearest multiple of 16 to 3000 is: 3008
Nearest multiple of 16 to 1500 is: 1504
['gsr_chunks', 'ppg_chunks', 'val_chunks', 'aro_chunks', 'time_chunks', 'tag_chunks', 'video']
----- Extracting features...
Class Imbalance test (arousal)....
Multiclass distribution
Class=1, n=705 (84.736%)
Class=0, n=127 (15.264%)
Class Imbalance test (valence)....
Multiclass distribution
Class=1, n=832 (100.000%)
------------- Evaluating model --------------
------------- Evaluating model --------------
------------- Evaluating model --------------
------------- Evaluating model --------------
-----------Exception ----------------

All the 10 fits failed.
It is very likely that your model is misconfigured.
You can try to debug the error by setting error_score='raise'.

Below are more details about the failures:
--------------------------------------------------------------------------------
10 fits failed with the following error:
Traceback (most recent call last):
  File "C:\Users\Javier\AppData\Local\Packages\PythonSoftwareFoundation.Python.3.12_qbz5n2kfra8p0\LocalCache\local-packages\Python312\site-packages\sklearn\model_selection\_validation.py", line 895, in _fit_and_score
    estimator.fit(X_train, y_train, **fit_params)
  File "C:\Users\Javier\AppData\Local\Packages\PythonSoftwareFoundation.Python.3.12_qbz5n2kfra8p0\LocalCache\local-packages\Python312\site-packages\sklearn\base.py", line 1474, in wrapper
    return fit_method(estimator, *args, **kwargs)
           ^^^^^^^^^^^^^^^^^^^^^^^^^^^^^^^^^^^^^^
  File "C:\Users\Javier\AppData\Local\Packages\PythonSoftwareFoundation.Python.3.12_qbz5n2kfra8p0\LocalCache\local-packages\Python312\site-packages\sklearn\pipeline.py", line 475, in fit
    self._final_estimator.fit(Xt, y, **last_step_params["fit"])
  File "C:\Users\Javier\AppData\Local\Packages\PythonSoftwareFoundation.Python.3.12_qbz5n2kfra8p0\LocalCache\local-packages\Python312\site-packages\sklearn\base.py", line 1474, in wrapper
    return fit_method(estimator, *args, **kwargs)
           ^^^^^^^^^^^^^^^^^^^^^^^^^^^^^^^^^^^^^^
  File "C:\Users\Javier\AppData\Local\Packages\PythonSoftwareFoundation.Python.3.12_qbz5n2kfra8p0\LocalCache\local-packages\Python312\site-packages\sklearn\svm\_base.py", line 199, in fit
    y = self._validate_targets(y)
        ^^^^^^^^^^^^^^^^^^^^^^^^^
  File "C:\Users\Javier\AppData\Local\Packages\PythonSoftwareFoundation.Python.3.12_qbz5n2kfra8p0\LocalCache\local-packages\Python312\site-packages\sklearn\svm\_base.py", line 743, in _validate_targets
    raise ValueError(
ValueError: The number of classes has to be greater than one; got 1 class

-------------------------------------
    
    
-------------------------------
LAST participant's saved data: 
21
-------------------------------
    
    
    
    
-------------------------------
participant:  22
-------------------------------
    
    
participant:  22
corriendo en PC gamer:
Window size (sec):  3.0
step (sec):  1.5
overlap:  True
perc. of overlap:  50.0
overlap duration (sec):  1.5
Nearest multiple of 16 to 3000 is: 3008
Nearest multiple of 16 to 1500 is: 1504
['gsr_chunks', 'ppg_chunks', 'val_chunks', 'aro_chunks', 'time_chunks', 'tag_chunks', 'video']
----- Extracting features...
Class Imbalance test (arousal)....
Multiclass distribution
Class=1, n=799 (96.034%)
Class=0, n=33 (3.966%)
Class Imbalance test (valence)....
Multiclass distribution
Class=1, n=719 (86.418%)
Class=0, n=113 (13.582%)
------------- Evaluating model --------------
------------- Evaluating model --------------
------------- Evaluating model --------------
------------- Evaluating model --------------
------------- Evaluating model --------------
arousal and valece = ok
------------- Evaluating model --------------
-------------------------------------
-------------------------------------
participant:  22
-------------------------------------
----- RESULTS ------
-------------------------------------
Window size (sec):  3.008
step (sec):  1.504
overlap:  True
perc. of overlap:  50.0
overlap duration (sec):  1.504
Number of windows / instances:  832
-rows: alg : KNN = 0; DT = 1; RF = 2; SVM = 3; GBM = 4; BDDAE = 5; DUMMY = 5
columns:
'val_cohen','val_uar', 'val_acc', 'val_gm',  'val_f1',  'aro_cohen','aro_uar', 'aro_acc', 'aro_gm',  'aro_f1'
-------------------------------------------------------------
  v_c   v_u   v_a   v_g   v_f1  a_c   a_u   a_a   a_g   a_f1
[[0.439 0.676 0.897 0.598 0.716 0.047 0.516 0.96  0.058 0.515]
 [0.471 0.729 0.873 0.656 0.73  0.127 0.561 0.94  0.293 0.551]
 [0.474 0.743 0.903 0.679 0.766 0.166 0.552 0.962 0.131 0.565]
 [0.    0.5   0.864 0.    0.464 0.    0.5   0.96  0.    0.49 ]
 [0.036 0.511 0.865 0.071 0.486 0.    0.5   0.96  0.    0.49 ]
 [0.    0.    0.    0.    0.    0.    0.    0.    0.    0.   ]
 [0.    0.5   0.864 0.    0.464 0.    0.5   0.96  0.    0.49 ]]
participant performance loaded
    
    
-------------------------------
LAST participant's saved data: 
22
-------------------------------
    
    
    
    
-------------------------------
participant:  23
-------------------------------
    
    
participant:  23
corriendo en PC gamer:
Window size (sec):  3.0
step (sec):  1.5
overlap:  True
perc. of overlap:  50.0
overlap duration (sec):  1.5
Nearest multiple of 16 to 3000 is: 3008
Nearest multiple of 16 to 1500 is: 1504
['gsr_chunks', 'ppg_chunks', 'val_chunks', 'aro_chunks', 'time_chunks', 'tag_chunks', 'video']
----- Extracting features...
Class Imbalance test (arousal)....
Multiclass distribution
Class=1, n=783 (94.111%)
Class=0, n=49 (5.889%)
Class Imbalance test (valence)....
Multiclass distribution
Class=1, n=790 (94.952%)
Class=0, n=42 (5.048%)
------------- Evaluating model --------------
------------- Evaluating model --------------
------------- Evaluating model --------------
------------- Evaluating model --------------
------------- Evaluating model --------------
arousal and valece = ok
------------- Evaluating model --------------
-------------------------------------
-------------------------------------
participant:  23
-------------------------------------
----- RESULTS ------
-------------------------------------
Window size (sec):  3.008
step (sec):  1.504
overlap:  True
perc. of overlap:  50.0
overlap duration (sec):  1.504
Number of windows / instances:  832
-rows: alg : KNN = 0; DT = 1; RF = 2; SVM = 3; GBM = 4; BDDAE = 5; DUMMY = 5
columns:
'val_cohen','val_uar', 'val_acc', 'val_gm',  'val_f1',  'aro_cohen','aro_uar', 'aro_acc', 'aro_gm',  'aro_f1'
-------------------------------------------------------------
  v_c   v_u   v_a   v_g   v_f1  a_c   a_u   a_a   a_g   a_f1
[[ 0.     0.5    0.95   0.     0.487 -0.004  0.499  0.939  0.     0.484]
 [ 0.112  0.562  0.918  0.321  0.564  0.027  0.518  0.887  0.174  0.515]
 [ 0.04   0.507  0.946  0.044  0.5    0.062  0.514  0.932  0.088  0.509]
 [ 0.     0.5    0.95   0.     0.487  0.     0.5    0.941  0.     0.485]
 [ 0.     0.5    0.95   0.     0.487 -0.004  0.499  0.939  0.     0.484]
 [ 0.     0.     0.     0.     0.     0.     0.     0.     0.     0.   ]
 [ 0.     0.5    0.95   0.     0.487  0.     0.5    0.941  0.     0.485]]
participant performance loaded
    
    
-------------------------------
LAST participant's saved data: 
23
-------------------------------
    
    
    
    
-------------------------------
participant:  24
-------------------------------
    
    
participant:  24
corriendo en PC gamer:
Window size (sec):  3.0
step (sec):  1.5
overlap:  True
perc. of overlap:  50.0
overlap duration (sec):  1.5
Nearest multiple of 16 to 3000 is: 3008
Nearest multiple of 16 to 1500 is: 1504
['gsr_chunks', 'ppg_chunks', 'val_chunks', 'aro_chunks', 'time_chunks', 'tag_chunks', 'video']
----- Extracting features...
Class Imbalance test (arousal)....
Multiclass distribution
Class=1, n=701 (84.255%)
Class=0, n=131 (15.745%)
Class Imbalance test (valence)....
Multiclass distribution
Class=1, n=757 (90.986%)
Class=0, n=75 (9.014%)
------------- Evaluating model --------------
------------- Evaluating model --------------
------------- Evaluating model --------------
------------- Evaluating model --------------
------------- Evaluating model --------------
arousal and valece = ok
------------- Evaluating model --------------
-------------------------------------
-------------------------------------
participant:  24
-------------------------------------
----- RESULTS ------
-------------------------------------
Window size (sec):  3.008
step (sec):  1.504
overlap:  True
perc. of overlap:  50.0
overlap duration (sec):  1.504
Number of windows / instances:  832
-rows: alg : KNN = 0; DT = 1; RF = 2; SVM = 3; GBM = 4; BDDAE = 5; DUMMY = 5
columns:
'val_cohen','val_uar', 'val_acc', 'val_gm',  'val_f1',  'aro_cohen','aro_uar', 'aro_acc', 'aro_gm',  'aro_f1'
-------------------------------------------------------------
  v_c   v_u   v_a   v_g   v_f1  a_c   a_u   a_a   a_g   a_f1
[[0.147 0.557 0.913 0.232 0.559 0.384 0.679 0.851 0.622 0.689]
 [0.228 0.616 0.876 0.495 0.612 0.575 0.789 0.885 0.792 0.786]
 [0.32  0.634 0.91  0.458 0.66  0.631 0.824 0.906 0.761 0.823]
 [0.    0.5   0.91  0.    0.476 0.    0.5   0.843 0.    0.457]
 [0.083 0.525 0.913 0.144 0.523 0.    0.5   0.843 0.    0.457]
 [0.    0.    0.    0.    0.    0.    0.    0.    0.    0.   ]
 [0.    0.5   0.91  0.    0.476 0.    0.5   0.843 0.    0.457]]
participant performance loaded
    
    
-------------------------------
LAST participant's saved data: 
24
-------------------------------
    
    
    
    
-------------------------------
participant:  25
-------------------------------
    
    
participant:  25
corriendo en PC gamer:
Window size (sec):  3.0
step (sec):  1.5
overlap:  True
perc. of overlap:  50.0
overlap duration (sec):  1.5
Nearest multiple of 16 to 3000 is: 3008
Nearest multiple of 16 to 1500 is: 1504
['gsr_chunks', 'ppg_chunks', 'val_chunks', 'aro_chunks', 'time_chunks', 'tag_chunks', 'video']
----- Extracting features...
Class Imbalance test (arousal)....
Multiclass distribution
Class=1, n=720 (86.538%)
Class=0, n=112 (13.462%)
Class Imbalance test (valence)....
Multiclass distribution
Class=1, n=712 (85.577%)
Class=0, n=120 (14.423%)
------------- Evaluating model --------------
------------- Evaluating model --------------
------------- Evaluating model --------------
------------- Evaluating model --------------
------------- Evaluating model --------------
arousal and valece = ok
------------- Evaluating model --------------
-------------------------------------
-------------------------------------
participant:  25
-------------------------------------
----- RESULTS ------
-------------------------------------
Window size (sec):  3.008
step (sec):  1.504
overlap:  True
perc. of overlap:  50.0
overlap duration (sec):  1.504
Number of windows / instances:  832
-rows: alg : KNN = 0; DT = 1; RF = 2; SVM = 3; GBM = 4; BDDAE = 5; DUMMY = 5
columns:
'val_cohen','val_uar', 'val_acc', 'val_gm',  'val_f1',  'aro_cohen','aro_uar', 'aro_acc', 'aro_gm',  'aro_f1'
-------------------------------------------------------------
  v_c   v_u   v_a   v_g   v_f1  a_c   a_u   a_a   a_g   a_f1
[[0.339 0.642 0.874 0.514 0.662 0.399 0.68  0.881 0.598 0.697]
 [0.37  0.678 0.84  0.635 0.672 0.478 0.735 0.874 0.69  0.729]
 [0.386 0.694 0.88  0.521 0.717 0.593 0.755 0.907 0.718 0.772]
 [0.    0.5   0.856 0.    0.461 0.    0.5   0.865 0.    0.464]
 [0.027 0.509 0.853 0.069 0.481 0.    0.5   0.865 0.    0.464]
 [0.    0.    0.    0.    0.    0.    0.    0.    0.    0.   ]
 [0.    0.5   0.856 0.    0.461 0.    0.5   0.865 0.    0.464]]
participant performance loaded
    
    
-------------------------------
LAST participant's saved data: 
25
-------------------------------
    
    
    
    
-------------------------------
participant:  26
-------------------------------
    
    
participant:  26
corriendo en PC gamer:
Window size (sec):  3.0
step (sec):  1.5
overlap:  True
perc. of overlap:  50.0
overlap duration (sec):  1.5
Nearest multiple of 16 to 3000 is: 3008
Nearest multiple of 16 to 1500 is: 1504
['gsr_chunks', 'ppg_chunks', 'val_chunks', 'aro_chunks', 'time_chunks', 'tag_chunks', 'video']
----- Extracting features...
Class Imbalance test (arousal)....
Multiclass distribution
Class=1, n=771 (92.668%)
Class=0, n=61 (7.332%)
Class Imbalance test (valence)....
Multiclass distribution
Class=1, n=764 (91.827%)
Class=0, n=68 (8.173%)
------------- Evaluating model --------------
------------- Evaluating model --------------
------------- Evaluating model --------------
------------- Evaluating model --------------
------------- Evaluating model --------------
arousal and valece = ok
------------- Evaluating model --------------
-------------------------------------
-------------------------------------
participant:  26
-------------------------------------
----- RESULTS ------
-------------------------------------
Window size (sec):  3.008
step (sec):  1.504
overlap:  True
perc. of overlap:  50.0
overlap duration (sec):  1.504
Number of windows / instances:  832
-rows: alg : KNN = 0; DT = 1; RF = 2; SVM = 3; GBM = 4; BDDAE = 5; DUMMY = 5
columns:
'val_cohen','val_uar', 'val_acc', 'val_gm',  'val_f1',  'aro_cohen','aro_uar', 'aro_acc', 'aro_gm',  'aro_f1'
-------------------------------------------------------------
  v_c   v_u   v_a   v_g   v_f1  a_c   a_u   a_a   a_g   a_f1
[[ 0.213  0.585  0.917  0.349  0.598  0.066  0.524  0.917  0.158  0.523]
 [ 0.242  0.657  0.898  0.575  0.652  0.224  0.621  0.882  0.483  0.592]
 [ 0.204  0.602  0.913  0.512  0.616  0.182  0.596  0.924  0.368  0.613]
 [ 0.     0.5    0.918  0.     0.479  0.     0.5    0.927  0.     0.481]
 [ 0.     0.5    0.918  0.     0.479 -0.002  0.499  0.925  0.     0.481]
 [ 0.     0.     0.     0.     0.     0.     0.     0.     0.     0.   ]
 [ 0.     0.5    0.918  0.     0.479  0.     0.5    0.927  0.     0.481]]
participant performance loaded
    
    
-------------------------------
LAST participant's saved data: 
26
-------------------------------
    
    
    
    
-------------------------------
participant:  27
-------------------------------
    
    
participant:  27
corriendo en PC gamer:
Window size (sec):  3.0
step (sec):  1.5
overlap:  True
perc. of overlap:  50.0
overlap duration (sec):  1.5
Nearest multiple of 16 to 3000 is: 3008
Nearest multiple of 16 to 1500 is: 1504
['gsr_chunks', 'ppg_chunks', 'val_chunks', 'aro_chunks', 'time_chunks', 'tag_chunks', 'video']
----- Extracting features...
Class Imbalance test (arousal)....
Multiclass distribution
Class=1, n=765 (91.947%)
Class=0, n=67 (8.053%)
Class Imbalance test (valence)....
Multiclass distribution
Class=1, n=711 (85.457%)
Class=0, n=121 (14.543%)
------------- Evaluating model --------------
------------- Evaluating model --------------
------------- Evaluating model --------------
------------- Evaluating model --------------
------------- Evaluating model --------------
arousal and valece = ok
------------- Evaluating model --------------
-------------------------------------
-------------------------------------
participant:  27
-------------------------------------
----- RESULTS ------
-------------------------------------
Window size (sec):  3.008
step (sec):  1.504
overlap:  True
perc. of overlap:  50.0
overlap duration (sec):  1.504
Number of windows / instances:  832
-rows: alg : KNN = 0; DT = 1; RF = 2; SVM = 3; GBM = 4; BDDAE = 5; DUMMY = 5
columns:
'val_cohen','val_uar', 'val_acc', 'val_gm',  'val_f1',  'aro_cohen','aro_uar', 'aro_acc', 'aro_gm',  'aro_f1'
-------------------------------------------------------------
  v_c   v_u   v_a   v_g   v_f1  a_c   a_u   a_a   a_g   a_f1
[[0.735 0.841 0.939 0.828 0.867 0.293 0.616 0.924 0.43  0.641]
 [0.693 0.819 0.913 0.832 0.822 0.324 0.647 0.9   0.572 0.649]
 [0.795 0.879 0.945 0.835 0.886 0.338 0.607 0.912 0.456 0.628]
 [0.479 0.687 0.903 0.603 0.733 0.    0.5   0.919 0.    0.479]
 [0.    0.504 0.856 0.    0.469 0.023 0.507 0.921 0.038 0.492]
 [0.    0.    0.    0.    0.    0.    0.    0.    0.    0.   ]
 [0.    0.5   0.855 0.    0.461 0.    0.5   0.919 0.    0.479]]
participant performance loaded
    
    
-------------------------------
LAST participant's saved data: 
27
-------------------------------
    
    
    
    
-------------------------------
participant:  28
-------------------------------
    
    
participant:  28
corriendo en PC gamer:
Window size (sec):  3.0
step (sec):  1.5
overlap:  True
perc. of overlap:  50.0
overlap duration (sec):  1.5
Nearest multiple of 16 to 3000 is: 3008
Nearest multiple of 16 to 1500 is: 1504
['gsr_chunks', 'ppg_chunks', 'val_chunks', 'aro_chunks', 'time_chunks', 'tag_chunks', 'video']
----- Extracting features...
Class Imbalance test (arousal)....
Multiclass distribution
Class=1, n=799 (96.034%)
Class=0, n=33 (3.966%)
Class Imbalance test (valence)....
Multiclass distribution
Class=1, n=832 (100.000%)
------------- Evaluating model --------------
------------- Evaluating model --------------
------------- Evaluating model --------------
------------- Evaluating model --------------
-----------Exception ----------------

All the 10 fits failed.
It is very likely that your model is misconfigured.
You can try to debug the error by setting error_score='raise'.

Below are more details about the failures:
--------------------------------------------------------------------------------
10 fits failed with the following error:
Traceback (most recent call last):
  File "C:\Users\Javier\AppData\Local\Packages\PythonSoftwareFoundation.Python.3.12_qbz5n2kfra8p0\LocalCache\local-packages\Python312\site-packages\sklearn\model_selection\_validation.py", line 895, in _fit_and_score
    estimator.fit(X_train, y_train, **fit_params)
  File "C:\Users\Javier\AppData\Local\Packages\PythonSoftwareFoundation.Python.3.12_qbz5n2kfra8p0\LocalCache\local-packages\Python312\site-packages\sklearn\base.py", line 1474, in wrapper
    return fit_method(estimator, *args, **kwargs)
           ^^^^^^^^^^^^^^^^^^^^^^^^^^^^^^^^^^^^^^
  File "C:\Users\Javier\AppData\Local\Packages\PythonSoftwareFoundation.Python.3.12_qbz5n2kfra8p0\LocalCache\local-packages\Python312\site-packages\sklearn\pipeline.py", line 475, in fit
    self._final_estimator.fit(Xt, y, **last_step_params["fit"])
  File "C:\Users\Javier\AppData\Local\Packages\PythonSoftwareFoundation.Python.3.12_qbz5n2kfra8p0\LocalCache\local-packages\Python312\site-packages\sklearn\base.py", line 1474, in wrapper
    return fit_method(estimator, *args, **kwargs)
           ^^^^^^^^^^^^^^^^^^^^^^^^^^^^^^^^^^^^^^
  File "C:\Users\Javier\AppData\Local\Packages\PythonSoftwareFoundation.Python.3.12_qbz5n2kfra8p0\LocalCache\local-packages\Python312\site-packages\sklearn\svm\_base.py", line 199, in fit
    y = self._validate_targets(y)
        ^^^^^^^^^^^^^^^^^^^^^^^^^
  File "C:\Users\Javier\AppData\Local\Packages\PythonSoftwareFoundation.Python.3.12_qbz5n2kfra8p0\LocalCache\local-packages\Python312\site-packages\sklearn\svm\_base.py", line 743, in _validate_targets
    raise ValueError(
ValueError: The number of classes has to be greater than one; got 1 class

-------------------------------------
    
    
-------------------------------
LAST participant's saved data: 
28
-------------------------------
    
    
    
    
-------------------------------
participant:  29
-------------------------------
    
    
participant:  29
corriendo en PC gamer:
Window size (sec):  3.0
step (sec):  1.5
overlap:  True
perc. of overlap:  50.0
overlap duration (sec):  1.5
Nearest multiple of 16 to 3000 is: 3008
Nearest multiple of 16 to 1500 is: 1504
['gsr_chunks', 'ppg_chunks', 'val_chunks', 'aro_chunks', 'time_chunks', 'tag_chunks', 'video']
----- Extracting features...
Class Imbalance test (arousal)....
Multiclass distribution
Class=1, n=832 (100.000%)
Class Imbalance test (valence)....
Multiclass distribution
Class=1, n=813 (97.716%)
Class=0, n=19 (2.284%)
------------- Evaluating model --------------
------------- Evaluating model --------------
------------- Evaluating model --------------
------------- Evaluating model --------------
-----------Exception ----------------

All the 10 fits failed.
It is very likely that your model is misconfigured.
You can try to debug the error by setting error_score='raise'.

Below are more details about the failures:
--------------------------------------------------------------------------------
10 fits failed with the following error:
Traceback (most recent call last):
  File "C:\Users\Javier\AppData\Local\Packages\PythonSoftwareFoundation.Python.3.12_qbz5n2kfra8p0\LocalCache\local-packages\Python312\site-packages\sklearn\model_selection\_validation.py", line 895, in _fit_and_score
    estimator.fit(X_train, y_train, **fit_params)
  File "C:\Users\Javier\AppData\Local\Packages\PythonSoftwareFoundation.Python.3.12_qbz5n2kfra8p0\LocalCache\local-packages\Python312\site-packages\sklearn\base.py", line 1474, in wrapper
    return fit_method(estimator, *args, **kwargs)
           ^^^^^^^^^^^^^^^^^^^^^^^^^^^^^^^^^^^^^^
  File "C:\Users\Javier\AppData\Local\Packages\PythonSoftwareFoundation.Python.3.12_qbz5n2kfra8p0\LocalCache\local-packages\Python312\site-packages\sklearn\pipeline.py", line 475, in fit
    self._final_estimator.fit(Xt, y, **last_step_params["fit"])
  File "C:\Users\Javier\AppData\Local\Packages\PythonSoftwareFoundation.Python.3.12_qbz5n2kfra8p0\LocalCache\local-packages\Python312\site-packages\sklearn\base.py", line 1474, in wrapper
    return fit_method(estimator, *args, **kwargs)
           ^^^^^^^^^^^^^^^^^^^^^^^^^^^^^^^^^^^^^^
  File "C:\Users\Javier\AppData\Local\Packages\PythonSoftwareFoundation.Python.3.12_qbz5n2kfra8p0\LocalCache\local-packages\Python312\site-packages\sklearn\svm\_base.py", line 199, in fit
    y = self._validate_targets(y)
        ^^^^^^^^^^^^^^^^^^^^^^^^^
  File "C:\Users\Javier\AppData\Local\Packages\PythonSoftwareFoundation.Python.3.12_qbz5n2kfra8p0\LocalCache\local-packages\Python312\site-packages\sklearn\svm\_base.py", line 743, in _validate_targets
    raise ValueError(
ValueError: The number of classes has to be greater than one; got 1 class

-------------------------------------
    
    
-------------------------------
LAST participant's saved data: 
29
-------------------------------
    
    
    
    
-------------------------------
participant:  30
-------------------------------
    
    
participant:  30
corriendo en PC gamer:
Window size (sec):  3.0
step (sec):  1.5
overlap:  True
perc. of overlap:  50.0
overlap duration (sec):  1.5
Nearest multiple of 16 to 3000 is: 3008
Nearest multiple of 16 to 1500 is: 1504
['gsr_chunks', 'ppg_chunks', 'val_chunks', 'aro_chunks', 'time_chunks', 'tag_chunks', 'video']
----- Extracting features...
Class Imbalance test (arousal)....
Multiclass distribution
Class=1, n=832 (100.000%)
Class Imbalance test (valence)....
Multiclass distribution
Class=1, n=710 (85.337%)
Class=0, n=122 (14.663%)
------------- Evaluating model --------------
------------- Evaluating model --------------
------------- Evaluating model --------------
------------- Evaluating model --------------
-----------Exception ----------------

All the 10 fits failed.
It is very likely that your model is misconfigured.
You can try to debug the error by setting error_score='raise'.

Below are more details about the failures:
--------------------------------------------------------------------------------
10 fits failed with the following error:
Traceback (most recent call last):
  File "C:\Users\Javier\AppData\Local\Packages\PythonSoftwareFoundation.Python.3.12_qbz5n2kfra8p0\LocalCache\local-packages\Python312\site-packages\sklearn\model_selection\_validation.py", line 895, in _fit_and_score
    estimator.fit(X_train, y_train, **fit_params)
  File "C:\Users\Javier\AppData\Local\Packages\PythonSoftwareFoundation.Python.3.12_qbz5n2kfra8p0\LocalCache\local-packages\Python312\site-packages\sklearn\base.py", line 1474, in wrapper
    return fit_method(estimator, *args, **kwargs)
           ^^^^^^^^^^^^^^^^^^^^^^^^^^^^^^^^^^^^^^
  File "C:\Users\Javier\AppData\Local\Packages\PythonSoftwareFoundation.Python.3.12_qbz5n2kfra8p0\LocalCache\local-packages\Python312\site-packages\sklearn\pipeline.py", line 475, in fit
    self._final_estimator.fit(Xt, y, **last_step_params["fit"])
  File "C:\Users\Javier\AppData\Local\Packages\PythonSoftwareFoundation.Python.3.12_qbz5n2kfra8p0\LocalCache\local-packages\Python312\site-packages\sklearn\base.py", line 1474, in wrapper
    return fit_method(estimator, *args, **kwargs)
           ^^^^^^^^^^^^^^^^^^^^^^^^^^^^^^^^^^^^^^
  File "C:\Users\Javier\AppData\Local\Packages\PythonSoftwareFoundation.Python.3.12_qbz5n2kfra8p0\LocalCache\local-packages\Python312\site-packages\sklearn\svm\_base.py", line 199, in fit
    y = self._validate_targets(y)
        ^^^^^^^^^^^^^^^^^^^^^^^^^
  File "C:\Users\Javier\AppData\Local\Packages\PythonSoftwareFoundation.Python.3.12_qbz5n2kfra8p0\LocalCache\local-packages\Python312\site-packages\sklearn\svm\_base.py", line 743, in _validate_targets
    raise ValueError(
ValueError: The number of classes has to be greater than one; got 1 class

-------------------------------------
    
    
-------------------------------
LAST participant's saved data: 
30
-------------------------------
    
    
---------------------------
KNN performance:
[[ 0.68164747  0.81317805  0.92190189  0.78517591  0.83915139  0.39544035
   0.69253858  0.96397017  0.54792105  0.69688516]
 [ 0.57861033  0.75266046  0.89661503  0.71912889  0.78792904  0.21129207
   0.58833333  0.95315548  0.27020895  0.60290313]
 [ 0.80304762  0.87938893  0.94707401  0.87248802  0.90137726  0.12979411
   0.55278509  0.88822433  0.27430639  0.55866604]
 [ 0.23049061  0.59761362  0.79929719  0.45915796  0.60464757  0.13505271
   0.54520833  0.96156053  0.16547005  0.56016133]
 [ 0.68819328  0.85179028  0.90618187  0.84422248  0.84364649  0.23091162
   0.60593407  0.81734079  0.497759    0.6120966 ]
 [ 0.04661062  0.5154321   0.96876076  0.05773503  0.51705045  0.19705642
   0.5724681   0.9171113   0.34856349  0.59205548]
 [ 0.12879608  0.54625772  0.96272232  0.1728431   0.56045611  0.06612903
   0.525       0.98197074  0.07071068  0.52877675]
 [ 0.90485703  0.94622891  0.97594664  0.94428903  0.95238735  0.67221641
   0.83674391  0.88954389  0.82899759  0.83581823]
 [ 0.17596155  0.56403205  0.8822576   0.35018158  0.57774629         nan
   0.95        0.99880952  0.9         0.9497006 ]
 [ 0.23447197  0.59051606  0.91226334  0.39537613  0.61361692         nan
   0.8         0.99520941  0.6         0.79879514]
 [-0.00365854  0.49817073  0.98198508  0.          0.49545076  0.37824473
   0.67039189  0.91583477  0.58590604  0.68768781]
 [ 0.45274315  0.7086637   0.92670683  0.65132845  0.72534826  0.5423849
   0.75427215  0.96148881  0.70522211  0.77087294]
 [ 0.19961098  0.57834835  0.88228629  0.3720899   0.59277115 -0.00121951
   0.49939024  0.98078026  0.          0.49514404]
 [        nan         nan         nan         nan         nan         nan
          nan         nan         nan         nan]
 [ 0.15460415  0.56670369  0.89661503  0.35683086  0.57349299         nan
   0.9         0.99761905  0.8         0.8994012 ]
 [ 0.5578371   0.74387537  0.90863454  0.70168541  0.7772364   0.29132592
   0.6114812   0.91101549  0.45427342  0.6406268 ]
 [        nan  0.9         0.99761905  0.8         0.8994012          nan
   0.6         0.99039013  0.2         0.59758302]
 [        nan         nan         nan         nan         nan         nan
          nan         nan         nan         nan]
 [ 0.44394905  0.68776256  0.89426277  0.62569253  0.7201471  -0.01063502
   0.49561709  0.94832186  0.          0.48672196]
 [ 0.43944909  0.67593719  0.8966724   0.59764462  0.71563581  0.04723926
   0.51604167  0.96035571  0.05773503  0.51487333]
 [ 0.          0.5         0.94954102  0.          0.48705597 -0.00407347
   0.49872606  0.93871199  0.          0.48418807]
 [ 0.14653676  0.5567406   0.91346816  0.2322897   0.55879199  0.38362193
   0.67907135  0.85100402  0.62194937  0.68948018]
 [ 0.33946553  0.64217527  0.87376649  0.51357752  0.66194829  0.3994644
   0.68005051  0.88109581  0.59842563  0.69667523]
 [ 0.21267639  0.58484564  0.91706827  0.34923322  0.59752238  0.06637958
   0.52435897  0.9171113   0.15820696  0.52335107]
 [ 0.73527454  0.84103918  0.93869765  0.82839807  0.86736697  0.29262545
   0.61596605  0.92428285  0.4297807   0.64070986]]
KNN mean:
[0.37050794 0.67571132 0.91958018 0.50562471 0.69000775 0.23280268
 0.63975559 0.93673514 0.39632332 0.64622495]
---------------------------
---------------------------
DT performance:
[[ 0.66115671  0.83204969  0.91222031  0.81976977  0.83888502  0.65386277
   0.79563272  0.97712278  0.71327495  0.7961189 ]
 [ 0.50110208  0.72880952  0.8569564   0.68938554  0.73272162  0.50934581
   0.74061709  0.96156053  0.60080398  0.74108639]
 [ 0.79389864  0.89492723  0.93628801  0.8938096   0.89028823  0.34861612
   0.65758772  0.88580034  0.6186912   0.65177811]
 [ 0.32292859  0.64744243  0.78602983  0.62062191  0.65244588  0.07496785
   0.53453586  0.91828744  0.2116944   0.53363632]
 [ 0.73805209  0.86020034  0.92431153  0.8585638   0.86847784  0.33007129
   0.66208791  0.82933161  0.60884702  0.66012167]
 [ 0.06742345  0.53974537  0.9375502   0.25266256  0.53557012  0.20025563
   0.59854466  0.875       0.46372769  0.59468921]
 [ 0.26635803  0.64590278  0.95199369  0.36319218  0.63597408 -0.01556326
   0.49019874  0.96154618  0.          0.49015654]
 [ 0.88421186  0.92634151  0.96513196  0.92909432  0.9311187   0.73866554
   0.87078066  0.91113024  0.88154254  0.86968206]
 [ 0.19063919  0.57535193  0.8257315   0.50511199  0.56882374         nan
   0.94759036  0.99639989  0.8         0.89909084]
 [ 0.23737475  0.62783379  0.8929432   0.52966385  0.62594943         nan
   0.79578313  0.99040448  0.2         0.64758304]
 [ 0.04052037  0.53963415  0.96633678  0.16886437  0.51139492  0.32742467
   0.63648041  0.8894148   0.55274398  0.63451599]
 [ 0.46961068  0.76688881  0.93386403  0.68927465  0.76165201  0.2547482
   0.60983386  0.93508319  0.37458073  0.6140229 ]
 [ 0.28176669  0.6404955   0.86183305  0.5730688   0.64300111  0.09543784
   0.56519874  0.9651463   0.16861599  0.54437849]
 [        nan         nan         nan         nan         nan         nan
          nan         nan         nan         nan]
 [ 0.33399949  0.67232855  0.89780551  0.59615649  0.66690003         nan
   0.89939759  0.99642857  0.8         0.89909819]
 [ 0.52075272  0.77158913  0.8894148   0.76478534  0.7720516   0.6884471
   0.8236084   0.93997418  0.81674287  0.8235721 ]
 [        nan  0.89759036  0.99520941  0.6         0.79879514         nan
   0.59695857  0.98438038  0.29939576  0.59604934]
 [        nan         nan         nan         nan         nan         nan
          nan         nan         nan         nan]
 [ 0.47119084  0.75732133  0.88222892  0.70379531  0.7439674   0.14613762
   0.59303797  0.92913081  0.29104218  0.58109407]
 [ 0.47130105  0.72903507  0.8726047   0.65608713  0.72951195  0.12739402
   0.56121835  0.93993115  0.29280856  0.55071369]
 [ 0.11249464  0.56161392  0.91828744  0.32104145  0.56403819  0.02741161
   0.51807855  0.88703385  0.17425503  0.51537955]
 [ 0.2280698   0.61631579  0.87620482  0.49548782  0.61192397  0.5750192
   0.78908141  0.8846529   0.7915105   0.7857776 ]
 [ 0.37038947  0.67795383  0.84013196  0.63494985  0.67222785  0.47756916
   0.73522727  0.87379518  0.68987697  0.72876101]
 [ 0.24235587  0.65699476  0.89783419  0.57478136  0.65150841  0.22372535
   0.62082917  0.88222892  0.48329724  0.59219229]
 [ 0.69290084  0.81932557  0.91345382  0.83189417  0.82241564  0.32407806
   0.64714912  0.9003012   0.57179075  0.64897857]]
DT mean:
[0.40447717 0.71242136 0.90149418 0.61182879 0.70563665 0.3214534
 0.68215036 0.92669934 0.4958801  0.66949899]
---------------------------
---------------------------
RF performance:
[[ 0.71457458  0.84291925  0.93026391  0.82962664  0.86354922  0.69093052
   0.79750772  0.98076592  0.72257946  0.82587558]
 [ 0.56935472  0.75977226  0.88944349  0.75613332  0.78355984  0.49138025
   0.71708333  0.96997992  0.64982684  0.75558069]
 [ 0.84160153  0.91101419  0.95427424  0.90013663  0.91782997  0.27427448
   0.61927632  0.90741538  0.42166737  0.64202007]
 [ 0.39351393  0.65320091  0.80164945  0.60034791  0.66555341  0.03851376
   0.495625    0.95074584  0.2228431   0.48735861]
 [ 0.74097371  0.87652387  0.92547332  0.87334049  0.87490536  0.36351305
   0.63505495  0.84136546  0.61673604  0.64984887]
 [-0.01152012  0.51233796  0.962751    0.07071068  0.51049061  0.28016571
   0.59090624  0.90869191  0.44965105  0.60229393]
 [ 0.22599757  0.5931713   0.95916523  0.2431895   0.60710937 -0.00243902
   0.49754592  0.97596099  0.          0.49390201]
 [ 0.90362921  0.96289003  0.97596099  0.9394104   0.95460347  0.77678535
   0.91456077  0.93878371  0.87947518  0.9111445 ]
 [ 0.27713265  0.60411165  0.86904762  0.40860982  0.61742179         nan
   0.95        0.99880952  0.9         0.9497006 ]
 [ 0.26537817  0.63767658  0.91102983  0.53101372  0.64375624         nan
   0.79879518  0.99400459  0.5         0.74849211]
 [-0.00529119  0.49939024  0.98439472  0.          0.49606421  0.3766996
   0.6793347   0.92792599  0.57404638  0.70772583]
 [ 0.46524566  0.69968956  0.92428285  0.61389268  0.71589221  0.15550363
   0.67310127  0.96513196  0.46880386  0.72335864]
 [ 0.23455245  0.68099099  0.8894148   0.57592434  0.69143005  0.
   0.49878049  0.97957544  0.          0.49483731]
 [        nan         nan         nan         nan         nan         nan
          nan         nan         nan         nan]
 [ 0.27940242  0.6210327   0.90863454  0.39909094  0.6430027          nan
   0.9         0.99761905  0.8         0.8994012 ]
 [ 0.60597303  0.75481576  0.89301492  0.75186422  0.76111979  0.72234411
   0.86994862  0.96154618  0.83260647  0.88382768]
 [        nan  0.89879518  0.99641423  0.7         0.84909817         nan
   0.59939024  0.98918531  0.2         0.59727629]
 [        nan         nan         nan         nan         nan         nan
          nan         nan         nan         nan]
 [ 0.56287234  0.76704321  0.90513483  0.73602709  0.77716203  0.04786525
   0.53726793  0.95195066  0.10664215  0.54930525]
 [ 0.47416476  0.74259407  0.9026965   0.67914768  0.76616401  0.16634739
   0.55229167  0.96153184  0.13133618  0.56514227]
 [ 0.04000816  0.50746835  0.94592656  0.04415164  0.50036795  0.06153976
   0.51363031  0.93151176  0.08828666  0.508998  ]
 [ 0.31983358  0.63368797  0.90982501  0.45825822  0.65956034  0.63097057
   0.82410618  0.90626793  0.76050854  0.82288477]
 [ 0.38580965  0.69417058  0.87979059  0.52089545  0.71713175  0.59266473
   0.75467172  0.90742972  0.71794591  0.77209911]
 [ 0.20418013  0.60234393  0.91343947  0.51230024  0.61606423  0.18178509
   0.59622877  0.92429719  0.3675622   0.61339176]
 [ 0.79519597  0.8791945   0.9447074   0.83542421  0.88603654  0.33765263
   0.60702324  0.91227768  0.4560898   0.62828147]]
RF mean:
[0.42193559 0.71021022 0.92072763 0.5643259  0.7181684  0.3256051
 0.67922307 0.94707713 0.47246118 0.68838028]
---------------------------
---------------------------
SVM performance:
[[0.40360376 0.65047619 0.88096672 0.53094982 0.68863154 0.
  0.5        0.96394148 0.         0.49081985]
 [0.01133936 0.50357143 0.83293173 0.02672612 0.46103428 0.
  0.5        0.96035571 0.         0.48988469]
 [0.77757964 0.85230818 0.94348824 0.83896658 0.88819442 0.
  0.5        0.90384395 0.         0.47474684]
 [0.         0.5        0.79807803 0.         0.44384687 0.
  0.5        0.95915089 0.         0.48957037]
 [0.6506643  0.81173061 0.90022949 0.79943031 0.82515191 0.
  0.5        0.84136546 0.         0.45692216]
 [0.         0.5        0.96996558 0.         0.4923723  0.
  0.5        0.91947791 0.         0.47902088]
 [0.         0.5        0.96635112 0.         0.49144083 0.
  0.5        0.98078026 0.         0.49514404]
 [0.81750141 0.88278749 0.95674125 0.87463732 0.90854358 0.15925807
  0.55659011 0.80291165 0.32099705 0.54653245]
 [0.         0.5        0.88582903 0.         0.46972429        nan
         nan        nan        nan        nan]
 [0.         0.5        0.91947791 0.         0.47902088        nan
  0.8        0.99520941 0.6        0.79879514]
 [0.         0.5        0.98559954 0.         0.49637094 0.
  0.5        0.91706827 0.         0.47836837]
 [0.         0.5        0.92068273 0.         0.47934714 0.
  0.5        0.95192197 0.         0.48768443]
 [0.         0.5        0.88944349 0.         0.47074095 0.
  0.5        0.98198508 0.         0.49545076]
 [       nan        nan        nan        nan        nan        nan
         nan        nan        nan        nan]
 [0.         0.5        0.91706827 0.         0.47836837        nan
  0.9        0.99761905 0.8        0.8994012 ]
 [0.29204003 0.603137   0.88580034 0.42131912 0.63066976 0.
  0.5        0.90625359 0.         0.47540761]
 [       nan 0.9        0.99761905 0.8        0.8994012         nan
  0.6        0.99039013 0.2        0.59758302]
 [       nan        nan        nan        nan        nan        nan
         nan        nan        nan        nan]
 [0.         0.5        0.87139989 0.         0.46563631 0.
  0.5        0.95674125 0.         0.48894172]
 [0.         0.5        0.86419966 0.         0.46357288 0.
  0.5        0.96035571 0.         0.48988469]
 [0.         0.5        0.94954102 0.         0.48705597 0.
  0.5        0.94110729 0.         0.48482838]
 [0.         0.5        0.90986804 0.         0.47639877 0.
  0.5        0.84255594 0.         0.45727407]
 [0.         0.5        0.85576592 0.         0.46113886 0.
  0.5        0.86540448 0.         0.4639206 ]
 [0.         0.5        0.91827309 0.         0.47869463 0.
  0.5        0.92669248 0.         0.48097424]
 [0.47926512 0.68680029 0.90263913 0.60299941 0.7332572  0.
  0.5        0.91947791 0.         0.47902088]]
SVM mean:
[0.15599971 0.58220918 0.9096504  0.21282733 0.57254843 0.008382
 0.53893591 0.93111863 0.08731805 0.52273529]
---------------------------
---------------------------
GBM performance:
[[ 0.45372867  0.6797619   0.89064831  0.5313749   0.70993669  0.56538035
   0.71541667  0.97713712  0.65161247  0.76746322]
 [ 0.33048061  0.61998965  0.8702381   0.47359762  0.64913435  0.
   0.5         0.96035571  0.          0.48988469]
 [ 0.81013223  0.88301212  0.95309811  0.87150179  0.91070222  0.
   0.5         0.90384395  0.          0.47474684]
 [ 0.15103444  0.55216132  0.81729776  0.28491918  0.54021184  0.
   0.5         0.95915089  0.          0.48957037]
 [ 0.25143369  0.5918734   0.85098967  0.38750559  0.60152211  0.
   0.5         0.84136546  0.          0.45692216]
 [-0.00365867  0.49875772  0.96757028  0.          0.49174756  0.02340426
   0.50714286  0.92066839  0.03779645  0.4918198 ]
 [ 0.          0.5         0.96635112  0.          0.49144083 -0.00817347
   0.49570912  0.97237522  0.07071068  0.49297442]
 [ 0.41194442  0.66955128  0.89915376  0.4683174   0.68858893  0.56132389
   0.73392225  0.88098107  0.68286374  0.7778433 ]
 [-0.00221675  0.49932432  0.88462421  0.          0.46938541         nan
          nan         nan         nan         nan]
 [ 0.01918633  0.50584416  0.91825875  0.03779645  0.49116728         nan
   0.79638554  0.99159495  0.3         0.64788605]
 [-0.00407168  0.49817073  0.98198508  0.          0.49545076  0.
   0.5         0.91706827  0.          0.47836837]
 [ 0.02706503  0.50833333  0.92188755  0.04082483  0.49393553  0.
   0.5         0.95192197  0.          0.48768443]
 [ 0.          0.5         0.88944349  0.          0.47074095 -0.01010588
   0.49323999  0.96876076  0.          0.49200013]
 [        nan         nan         nan         nan         nan         nan
          nan         nan         nan         nan]
 [ 0.          0.5         0.91706827  0.          0.47836837         nan
   0.89819277  0.99522375  0.7         0.84879516]
 [ 0.04686677  0.515268    0.86057085  0.11023267  0.49105403  0.02054054
   0.50625     0.90744406  0.03535534  0.48681746]
 [        nan  0.89759036  0.99520941  0.6         0.79879514         nan
   0.59575375  0.98317556  0.1         0.54574631]
 [        nan         nan         nan         nan         nan         nan
          nan         nan         nan         nan]
 [ 0.04417547  0.51409091  0.87501434  0.07426292  0.49102095 -0.0033195
   0.49936709  0.95553643  0.          0.4886235 ]
 [ 0.03576066  0.5114899   0.86540448  0.07097596  0.48640476  0.
   0.5         0.96035571  0.          0.48988469]
 [ 0.          0.5         0.94954102  0.          0.48705597 -0.00401478
   0.49871795  0.93869765  0.          0.48418397]
 [ 0.08279028  0.52523496  0.9134825   0.14386246  0.52311128  0.
   0.5         0.84255594  0.          0.45727407]
 [ 0.02740745  0.50897887  0.8533276   0.06928285  0.48121133  0.
   0.5         0.86540448  0.          0.4639206 ]
 [ 0.          0.5         0.91827309  0.          0.47869463 -0.00210896
   0.49935065  0.92548766  0.          0.48064798]
 [ 0.          0.50416667  0.85578026  0.          0.46878511  0.02340426
   0.50714286  0.92066839  0.03779645  0.4918198 ]]
GBM mean:
[0.12191177 0.56450433 0.90500948 0.18106324 0.55167244 0.06138583
 0.55666325 0.93362606 0.11891523 0.53567624]
---------------------------
---------------------------
BDDAE performance:
[[0. 0. 0. 0. 0. 0. 0. 0. 0. 0.]
 [0. 0. 0. 0. 0. 0. 0. 0. 0. 0.]
 [0. 0. 0. 0. 0. 0. 0. 0. 0. 0.]
 [0. 0. 0. 0. 0. 0. 0. 0. 0. 0.]
 [0. 0. 0. 0. 0. 0. 0. 0. 0. 0.]
 [0. 0. 0. 0. 0. 0. 0. 0. 0. 0.]
 [0. 0. 0. 0. 0. 0. 0. 0. 0. 0.]
 [0. 0. 0. 0. 0. 0. 0. 0. 0. 0.]
 [0. 0. 0. 0. 0. 0. 0. 0. 0. 0.]
 [0. 0. 0. 0. 0. 0. 0. 0. 0. 0.]
 [0. 0. 0. 0. 0. 0. 0. 0. 0. 0.]
 [0. 0. 0. 0. 0. 0. 0. 0. 0. 0.]
 [0. 0. 0. 0. 0. 0. 0. 0. 0. 0.]
 [0. 0. 0. 0. 0. 0. 0. 0. 0. 0.]
 [0. 0. 0. 0. 0. 0. 0. 0. 0. 0.]
 [0. 0. 0. 0. 0. 0. 0. 0. 0. 0.]
 [0. 0. 0. 0. 0. 0. 0. 0. 0. 0.]
 [0. 0. 0. 0. 0. 0. 0. 0. 0. 0.]
 [0. 0. 0. 0. 0. 0. 0. 0. 0. 0.]
 [0. 0. 0. 0. 0. 0. 0. 0. 0. 0.]
 [0. 0. 0. 0. 0. 0. 0. 0. 0. 0.]
 [0. 0. 0. 0. 0. 0. 0. 0. 0. 0.]
 [0. 0. 0. 0. 0. 0. 0. 0. 0. 0.]
 [0. 0. 0. 0. 0. 0. 0. 0. 0. 0.]
 [0. 0. 0. 0. 0. 0. 0. 0. 0. 0.]]
BDDAE mean:
[0. 0. 0. 0. 0. 0. 0. 0. 0. 0.]
---------------------------
---------------------------
DUMMY performance:
[[0.         0.5        0.82934596 0.         0.45335397 0.
  0.5        0.96394148 0.         0.49081985]
 [0.         0.5        0.83172691 0.         0.45406699 0.
  0.5        0.96035571 0.         0.48988469]
 [0.         0.5        0.82814114 0.         0.45299235 0.
  0.5        0.90384395 0.         0.47474684]
 [0.         0.5        0.79807803 0.         0.44384687 0.
  0.5        0.95915089 0.         0.48957037]
 [0.         0.5        0.8197074  0.         0.45046098 0.
  0.5        0.84136546 0.         0.45692216]
 [0.         0.5        0.96996558 0.         0.4923723  0.
  0.5        0.91947791 0.         0.47902088]
 [0.         0.5        0.96635112 0.         0.49144083 0.
  0.5        0.98078026 0.         0.49514404]
 [0.         0.5        0.84856569 0.         0.45903502 0.
  0.5        0.7848537  0.         0.43972773]
 [0.         0.5        0.88582903 0.         0.46972429        nan
  0.95       0.99880952 0.9        0.9497006 ]
 [0.         0.5        0.91947791 0.         0.47902088        nan
  0.8        0.99520941 0.6        0.79879514]
 [0.         0.5        0.98559954 0.         0.49637094 0.
  0.5        0.91706827 0.         0.47836837]
 [0.         0.5        0.92068273 0.         0.47934714 0.
  0.5        0.95192197 0.         0.48768443]
 [0.         0.5        0.88944349 0.         0.47074095 0.
  0.5        0.98198508 0.         0.49545076]
 [       nan        nan        nan        nan        nan        nan
         nan        nan        nan        nan]
 [0.         0.5        0.91706827 0.         0.47836837        nan
  0.9        0.99761905 0.8        0.8994012 ]
 [0.         0.5        0.85817556 0.         0.46183429 0.
  0.5        0.90625359 0.         0.47540761]
 [       nan 0.9        0.99761905 0.8        0.8994012         nan
  0.6        0.99039013 0.2        0.59758302]
 [       nan        nan        nan        nan        nan        nan
         nan        nan        nan        nan]
 [0.         0.5        0.87139989 0.         0.46563631 0.
  0.5        0.95674125 0.         0.48894172]
 [0.         0.5        0.86419966 0.         0.46357288 0.
  0.5        0.96035571 0.         0.48988469]
 [0.         0.5        0.94954102 0.         0.48705597 0.
  0.5        0.94110729 0.         0.48482838]
 [0.         0.5        0.90986804 0.         0.47639877 0.
  0.5        0.84255594 0.         0.45727407]
 [0.         0.5        0.85576592 0.         0.46113886 0.
  0.5        0.86540448 0.         0.4639206 ]
 [0.         0.5        0.91827309 0.         0.47869463 0.
  0.5        0.92669248 0.         0.48097424]
 [0.         0.5        0.85457544 0.         0.46079147 0.
  0.5        0.91947791 0.         0.47902088]]
DUMMY mean:
[0.         0.5173913  0.8908435  0.03478261 0.48807245 0.
 0.55434783 0.93327658 0.10869565 0.53665532]
---------------------------
Current folder: C:\Users\Javier\Dropbox\c_sldl_1_3_24
-------------------------------------
----- RESULTS from .csv files ------
-------------------------------------
---------------------------
ALG Means: 
-rows: alg : KNN = 0; DT = 1; RF = 2; SVM = 3; GBM = 4; BDDAE = 5; DUMMY = 5
columns:
'val_cohen','val_uar', 'val_acc', 'val_gm',  'val_f1',  'aro_cohen','aro_uar', 'aro_acc', 'aro_gm',  'aro_f1'
-------------------------------------------------------------
  v_c   v_u   v_a   v_g   v_f1  a_c   a_u   a_a   a_g   a_f1
[[0.371 0.676 0.92  0.506 0.69  0.233 0.64  0.937 0.396 0.646]
 [0.404 0.712 0.901 0.612 0.706 0.321 0.682 0.927 0.496 0.669]
 [0.422 0.71  0.921 0.564 0.718 0.326 0.679 0.947 0.472 0.688]
 [0.156 0.582 0.91  0.213 0.573 0.008 0.539 0.931 0.087 0.523]
 [0.122 0.565 0.905 0.181 0.552 0.061 0.557 0.934 0.119 0.536]
 [0.    0.    0.    0.    0.    0.    0.    0.    0.    0.   ]
 [0.    0.517 0.891 0.035 0.488 0.    0.554 0.933 0.109 0.537]]
-------------------------------------------------------------
Standard Deviation of each metric:
[[nan nan nan nan nan nan nan nan nan nan]
 [nan nan nan nan nan nan nan nan nan nan]
 [nan nan nan nan nan nan nan nan nan nan]
 [nan nan nan nan nan nan nan nan nan nan]
 [nan nan nan nan nan nan nan nan nan nan]
 [ 0.  0.  0.  0.  0.  0.  0.  0.  0.  0.]
 [nan nan nan nan nan nan nan nan nan nan]]
-------------------------------------------------------------
std_dev/mean [percentage]:
[[nan nan nan nan nan nan nan nan nan nan]
 [nan nan nan nan nan nan nan nan nan nan]
 [nan nan nan nan nan nan nan nan nan nan]
 [nan nan nan nan nan nan nan nan nan nan]
 [nan nan nan nan nan nan nan nan nan nan]
 [ 0.  0.  0.  0.  0.  0.  0.  0.  0.  0.]
 [ 0. nan nan nan nan  0. nan nan nan nan]]
-------------------------------------
Current folder: C:\Users\Javier\Dropbox\c_sldl_1_3_24
-------------------------------------
----- RESULTS ------
-------------------------------------
Window size (sec):  3.008
step (sec):  1.504
overlap:  True
perc. of overlap:  50.0
overlap duration (sec):  1.504
Number of windows / instances:  832
Elapsed time: 148.02268424431483 minutes
Elapsed time: 2.467044737405247 hours
