2024-04-23 10:48:02.681453: W tensorflow/stream_executor/platform/default/dso_loader.cc:64] Could not load dynamic library 'cudart64_110.dll'; dlerror: cudart64_110.dll not found
2024-04-23 10:48:02.687893: I tensorflow/stream_executor/cuda/cudart_stub.cc:29] Ignore above cudart dlerror if you do not have a GPU set up on your machine.
2024-04-23 10:48:17.454771: W tensorflow/stream_executor/platform/default/dso_loader.cc:64] Could not load dynamic library 'nvcuda.dll'; dlerror: nvcuda.dll not found
2024-04-23 10:48:17.457858: W tensorflow/stream_executor/cuda/cuda_driver.cc:269] failed call to cuInit: UNKNOWN ERROR (303)
2024-04-23 10:48:17.465617: I tensorflow/stream_executor/cuda/cuda_diagnostics.cc:169] retrieving CUDA diagnostic information for host: MFB
2024-04-23 10:48:17.466741: I tensorflow/stream_executor/cuda/cuda_diagnostics.cc:176] hostname: MFB
2024-04-23 10:48:17.487411: I tensorflow/core/platform/cpu_feature_guard.cc:151] This TensorFlow binary is optimized with oneAPI Deep Neural Network Library (oneDNN) to use the following CPU instructions in performance-critical operations:  AVX AVX2
To enable them in other operations, rebuild TensorFlow with the appropriate compiler flags.
---------------------------
KNN performance:
[[ 0.47086791  0.74027778  0.83636364  0.62094307  0.71746044         nan
   0.79        0.94621212  0.58973666  0.75208674]
 [ 0.47308755  0.70833333  0.84772727  0.58651218  0.72242536  0.49289879
   0.76875     0.81060606  0.74078432  0.73621296]
 [ 0.79623095  0.88888889  0.93636364  0.87493214  0.89669763  0.10364943
   0.56222222  0.80984848  0.23224567  0.53681704]
 [ 0.17506158  0.57708333  0.71212121  0.39704675  0.56281255  0.
   0.5         0.90151515  0.          0.47402597]
 [ 0.84697138  0.93541667  0.94621212  0.93041957  0.92300187  0.54030066
   0.77678571  0.79393939  0.76804661  0.76635064]
 [ 0.26285873  0.61527778  0.76666667  0.44666828  0.61766254  0.33105549
   0.65833333  0.82878788  0.49080666  0.65231682]
 [        nan  0.63181818  0.91893939  0.1         0.52877847         nan
   0.55        0.91893939  0.1         0.52877847]
 [ 0.74586102  0.87152778  0.92878788  0.81004185  0.86620098  0.6539404
   0.83819444  0.85681818  0.82835877  0.82475932]
 [ 0.2408046   0.60833333  0.83787879  0.34142136  0.59519139  0.29785326
   0.64791667  0.69318182  0.60244004  0.63597557]
 [ 0.03        0.515       0.86515152  0.06708204  0.48809524  0.23823408
   0.61944444  0.7280303   0.50745962  0.61327504]
 [        nan  0.73181818  0.93712121  0.3         0.63354037  0.08472017
   0.5375      0.71287879  0.26037268  0.52423805]
 [ 0.58812261  0.78388889  0.90151515  0.71104438  0.78785221  0.52427782
   0.78722222  0.87424242  0.68788952  0.75917613]
 [ 0.21701149  0.59777778  0.82878788  0.34142136  0.59229665  0.51413793
   0.785       0.93636364  0.58973666  0.74926065]
 [ 0.17305088  0.57777778  0.82878788  0.23737734  0.55851391         nan
   0.6         0.9280303   0.2         0.58115942]
 [ 0.57888889  0.78944444  0.91060606  0.63374871  0.77444444  0.06894547
   0.53333333  0.74772727  0.18750474  0.49872033]
 [ 0.23992248  0.62222222  0.82045455  0.36236096  0.59236695 -0.02526364
   0.49027778  0.7030303   0.11636713  0.449957  ]
 [        nan         nan         nan         nan         nan         nan
          nan         nan         nan         nan]
 [ 0.33060433  0.66666667  0.81136364  0.50916237  0.65527937         nan
   0.54        0.90075758  0.1         0.52326468]
 [ 0.29643589  0.63958333  0.80227273  0.46248329  0.62914431         nan
   0.65        0.93712121  0.3         0.63354037]
 [-0.04503545  0.47916667  0.68560606  0.1117412   0.44825593  0.20724071
   0.59857143  0.63939394  0.56843942  0.59960165]
 [ 0.37287904  0.66388889  0.84848485  0.44950938  0.66435673  0.71699254
   0.83958333  0.90075758  0.82123318  0.85703026]
 [ 0.04924812  0.52222222  0.72954545  0.18213672  0.48672579  0.46037397
   0.74107143  0.78333333  0.70955418  0.72559596]
 [ 0.07199257  0.53541667  0.66742424  0.31472984  0.52400327  0.30348953
   0.64722222  0.81287879  0.45864069  0.63805513]
 [ 0.63751802  0.825       0.88409091  0.75970924  0.80926704  0.41845465
   0.7375      0.77272727  0.69481181  0.70253367]
 [        nan  0.7         0.94621212  0.4         0.68592133  0.
   0.5         0.89242424  0.          0.47140693]
 [ 0.6268142   0.80833333  0.88333333  0.78482587  0.81025972         nan
   0.695       0.93712121  0.4         0.68330228]]
KNN mean:
[0.37178167 0.68140657 0.84327273 0.46941272 0.66282218 0.31217375
 0.65575714 0.83066667 0.43817713 0.63669764]
---------------------------
---------------------------
DT performance:
[[ 0.46816586  0.73333333  0.81893939  0.69789799  0.69688523         nan
   0.78        0.9280303   0.57917938  0.72153118]
 [ 0.33202455  0.68194444  0.79318182  0.60405504  0.68618439  0.7189992
   0.90833333  0.91893939  0.89932532  0.88299517]
 [ 0.69022413  0.85833333  0.875       0.85354091  0.82865313  0.06522129
   0.52611111  0.79318182  0.22440169  0.49942995]
 [ 0.20503677  0.62291667  0.69393939  0.55126284  0.60337053 -0.02337568
   0.5         0.81969697  0.          0.49819473]
 [ 0.68687159  0.87708333  0.91893939  0.91002404  0.86458131  0.34809873
   0.67916667  0.71893939  0.6832658   0.67073996]
 [ 0.15608248  0.60069444  0.68636364  0.42985102  0.56292459  0.09615343
   0.56388889  0.74090909  0.30058928  0.53628741]
 [        nan  0.72636364  0.91893939  0.39534626  0.66142857         nan
   0.65318182  0.88333333  0.57989612  0.61752221]
 [ 0.59122535  0.83263889  0.88257576  0.78198191  0.81844578  0.65339696
   0.82916667  0.875       0.78573716  0.8187605 ]
 [ 0.10506272  0.55666667  0.72121212  0.44787552  0.55205661  0.39386967
   0.71666667  0.74772727  0.68842939  0.70702201]
 [ 0.21162432  0.60333333  0.79545455  0.36044734  0.57113513  0.26816221
   0.63888889  0.72954545  0.52000323  0.63747346]
 [        nan  0.73772727  0.87348485  0.38431105  0.6086851   0.12644313
   0.54444444  0.65681818  0.41611708  0.53994465]
 [ 0.25682279  0.62166667  0.80151515  0.38771001  0.59362104  0.41426535
   0.67222222  0.85454545  0.49832492  0.64745565]
 [ 0.39039741  0.71611111  0.82045455  0.60101792  0.6812997   0.15241379
   0.57        0.87348485  0.2         0.56489376]
 [ 0.41947317  0.76555556  0.83636364  0.56941729  0.7077924   0.0737069
   0.59954545  0.875       0.09486833  0.51595238]
 [ 0.27331995  0.67388889  0.78484848  0.5778434   0.64550654  0.29715252
   0.67986111  0.74848485  0.61886014  0.65552318]
 [ 0.46790909  0.81111111  0.85681818  0.50199492  0.79320913  0.46906256
   0.77847222  0.81893939  0.65742742  0.76219249]
 [        nan         nan         nan         nan         nan         nan
          nan         nan         nan         nan]
 [ 0.20525452  0.58333333  0.75757576  0.33333333  0.56248956         nan
   0.49727273  0.83030303  0.18973666  0.45258145]
 [ 0.19859496  0.62986111  0.71893939  0.51928257  0.59707897         nan
   0.65681818  0.88257576  0.28944272  0.54247103]
 [-0.04732257  0.48055556  0.59621212  0.32611456  0.46729108  0.13396639
   0.58797619  0.61287879  0.60702881  0.58116772]
 [ 0.2542366   0.64930556  0.77727273  0.37936847  0.62628041  0.57525591
   0.81041667  0.86590909  0.73933618  0.8039333 ]
 [ 0.18941904  0.62013889  0.73939394  0.39474642  0.59119164  0.41219266
   0.68154762  0.7280303   0.64246835  0.675412  ]
 [ 0.0901414   0.57916667  0.65075758  0.45288308  0.56812149  0.0267235
   0.52333333  0.71363636  0.32818401  0.50175604]
 [ 0.68394345  0.86666667  0.91969697  0.7434505   0.87148607  0.52425488
   0.79791667  0.86439394  0.64354138  0.78226725]
 [        nan  0.87181818  0.94621212  0.49486833  0.75208674 -0.07215059
   0.475       0.76818182  0.24964059  0.46377783]
 [ 0.5299597   0.80763889  0.83939394  0.78251392  0.77521156         nan
   0.64863636  0.88257576  0.3         0.5675128 ]]
DT mean:
[0.33447579 0.70031414 0.80093939 0.53924555 0.66748067 0.28269064
 0.65275469 0.80524242 0.46943216 0.62587193]
---------------------------
---------------------------
RF performance:
[[ 0.59491761  0.80902778  0.87272727  0.71806564  0.78579015         nan
   0.845       0.96439394  0.58460499  0.82376594]
 [ 0.38483865  0.73263889  0.81893939  0.4378936   0.74235503  0.81632478
   0.85555556  0.90151515  0.8661211   0.84843051]
 [ 0.78424997  0.89722222  0.91893939  0.8412544   0.88000584  0.07383142
   0.59222222  0.8280303   0.37421332  0.56172367]
 [ 0.26045052  0.65        0.73863636  0.62889037  0.65701564  0.0662069
   0.485       0.87424242  0.          0.46589314]
 [ 0.81144167  0.88819444  0.91893939  0.81251493  0.87274602  0.57518006
   0.7889881   0.81969697  0.69030368  0.78425357]
 [ 0.23730322  0.65763889  0.75681818  0.3652689   0.64877433  0.32374811
   0.64444444  0.77575758  0.47317422  0.61143189]
 [        nan  0.69090909  0.93712121  0.2         0.63354037         nan
   0.635       0.90984848  0.3         0.60900403]
 [ 0.7271693   0.86041667  0.91060606  0.75948067  0.84031863  0.53762899
   0.75069444  0.82045455  0.67056266  0.75251726]
 [ 0.08784299  0.55        0.77424242  0.07071068  0.52567986  0.44921803
   0.63452381  0.69242424  0.65592897  0.63634454]
 [ 0.08448276  0.64444444  0.86590909  0.327114    0.60394319  0.31656429
   0.67986111  0.77348485  0.60097486  0.67587541]
 [        nan  0.73090909  0.92727273  0.6         0.68047619  0.03131767
   0.52847222  0.66590909  0.29276326  0.51378268]
 [ 0.29795009  0.60833333  0.82045455  0.46209926  0.62517396  0.28315424
   0.63722222  0.82954545  0.57024592  0.63601086]
 [ 0.30071839  0.66777778  0.84772727  0.30808802  0.67035456  0.24206897
   0.7         0.94545455  0.19486833  0.68571429]
 [ 0.30858238  0.58222222  0.80075758  0.38346192  0.5532692          nan
   0.63181818  0.91136364  0.19486833  0.57619048]
 [ 0.65658336  0.73833333  0.85833333  0.64497475  0.73529363  0.43586009
   0.64027778  0.75757576  0.58936501  0.62735767]
 [ 0.44012082  0.69722222  0.82954545  0.62716596  0.70005117  0.37968435
   0.59444444  0.71818182  0.42009925  0.58755811]
 [        nan         nan         nan         nan         nan         nan
          nan         nan         nan         nan]
 [ 0.39911904  0.67222222  0.82045455  0.60257672  0.66284731         nan
   0.52136364  0.87424242  0.          0.46589314]
 [ 0.29272215  0.68680556  0.81060606  0.5162656   0.68739152         nan
   0.63590909  0.91893939  0.3         0.57854037]
 [-0.03566606  0.51805556  0.66742424  0.22853526  0.50835213  0.33491117
   0.59845238  0.6219697   0.62044789  0.58874722]
 [ 0.21476516  0.55208333  0.79469697  0.38569367  0.51349157  0.74924423
   0.81875     0.86666667  0.8288391   0.8168082 ]
 [ 0.24110095  0.575       0.74772727  0.38161332  0.5825731   0.63060007
   0.83065476  0.84621212  0.73430489  0.82510971]
 [ 0.08711695  0.5         0.64015152  0.36027802  0.47634755  0.04290795
   0.64166667  0.81212121  0.18261685  0.61886333]
 [ 0.78509868  0.81111111  0.89242424  0.7126823   0.80354489  0.51971575
   0.73402778  0.81893939  0.58096983  0.72806256]
 [        nan  0.685       0.91893939  0.2         0.67719117 -0.0637931
   0.46        0.82121212  0.1         0.44996241]
 [ 0.52803826  0.77222222  0.87348485  0.79091355  0.78604231         nan
   0.7         0.94621212  0.3         0.68592133]]
RF mean:
[0.38586122 0.68711162 0.83051515 0.49462166 0.67410277 0.35496705
 0.66337395 0.82857576 0.4450109  0.64615049]
---------------------------
---------------------------
SVM performance:
[[0.         0.5        0.775      0.         0.4362782         nan
  0.6        0.9280303  0.2        0.58115942]
 [0.         0.5        0.78409091 0.         0.43917293 0.
  0.5        0.78409091 0.         0.43917293]
 [0.         0.5        0.78409091 0.         0.43917293 0.
  0.5        0.8469697  0.         0.45831169]
 [0.         0.5        0.72121212 0.         0.41894737 0.
  0.5        0.90151515 0.         0.47402597]
 [0.45776706 0.7        0.87348485 0.52019073 0.70971964 0.
  0.5        0.68484848 0.         0.40608187]
 [0.         0.5        0.74772727 0.         0.42759398 0.
  0.5        0.81136364 0.         0.44785714]
 [       nan 0.65       0.93712121 0.3        0.63354037        nan
  0.55       0.91893939 0.1        0.52877847]
 [0.         0.5        0.775      0.         0.4362782  0.
  0.5        0.72954545 0.         0.42180451]
 [0.         0.5        0.81969697 0.         0.45045455 0.
  0.5        0.66666667 0.         0.39964912]
 [0.         0.5        0.87424242 0.         0.46616883 0.
  0.5        0.73863636 0.         0.42469925]
 [       nan 0.7        0.94621212 0.4        0.68592133 0.
  0.5        0.74772727 0.         0.42759398]
 [0.         0.5        0.83787879 0.         0.45569264 0.
  0.5        0.82878788 0.         0.45307359]
 [0.         0.5        0.82878788 0.         0.45307359 0.
  0.5        0.90984848 0.         0.47639752]
 [0.         0.5        0.83787879 0.         0.45569264        nan
  0.6        0.9280303  0.2        0.58115942]
 [0.         0.5        0.81969697 0.         0.45045455 0.
  0.5        0.775      0.         0.4362782 ]
 [0.         0.5        0.81136364 0.         0.44785714 0.
  0.5        0.76590909 0.         0.43338346]
 [       nan        nan        nan        nan        nan        nan
         nan        nan        nan        nan]
 [0.         0.5        0.81136364 0.         0.44785714        nan
  0.55       0.91893939 0.1        0.52877847]
 [0.         0.5        0.78409091 0.         0.43917293        nan
  0.65       0.93712121 0.3        0.63354037]
 [0.         0.5        0.74772727 0.         0.42759398 0.
  0.5        0.6219697  0.         0.38324733]
 [0.         0.5        0.80227273 0.         0.44496241 0.
  0.5        0.75681818 0.         0.43048872]
 [0.         0.5        0.775      0.         0.4362782  0.
  0.5        0.7030303  0.         0.41251462]
 [0.         0.5        0.71212121 0.         0.41573099 0.
  0.5        0.83787879 0.         0.45569264]
 [0.         0.5        0.78409091 0.         0.43917293 0.
  0.5        0.78409091 0.         0.43917293]
 [       nan 0.7        0.94621212 0.4        0.68592133 0.
  0.5        0.89242424 0.         0.47140693]
 [0.         0.5        0.80227273 0.         0.44496241        nan
  0.7        0.94621212 0.4        0.68592133]]
SVM mean:
[0.02080759 0.53       0.81354545 0.06480763 0.47950685 0.
 0.526      0.81457576 0.052      0.4732076 ]
---------------------------
---------------------------
GBM performance:
[[ 0.38665465  0.69513889  0.82878788  0.52075519  0.67463819         nan
   0.795       0.95530303  0.59486833  0.77138498]
 [ 0.20002116  0.59236111  0.775       0.31472129  0.57403834  0.79681235
   0.88888889  0.93712121  0.89328248  0.89700722]
 [ 0.75366857  0.875       0.91893939  0.85791248  0.8744926  -0.04137931
   0.47388889  0.80227273  0.          0.44441103]
 [ 0.19167687  0.57708333  0.75757576  0.28494628  0.5473753   0.
   0.5         0.90151515  0.          0.47402597]
 [ 0.70125969  0.84652778  0.91893939  0.80951695  0.85301385  0.0331946
   0.51428571  0.63030303  0.27266727  0.48254644]
 [ 0.02831216  0.50486111  0.73863636  0.05773503  0.44882206  0.12421367
   0.54722222  0.79318182  0.1997383   0.51839034]
 [        nan  0.645       0.9280303   0.3         0.63092133         nan
   0.545       0.90984848  0.1         0.52615942]
 [ 0.66158714  0.81736111  0.89242424  0.74668644  0.81460317  0.50516844
   0.725       0.82878788  0.65255624  0.74658497]
 [ 0.02509579  0.51388889  0.81060606  0.06666667  0.47200425  0.29284039
   0.6327381   0.71969697  0.52791444  0.62401377]
 [ 0.04206897  0.51        0.85833333  0.07071068  0.49325815  0.14110796
   0.56527778  0.75681818  0.21576095  0.52585895]
 [        nan  0.73590909  0.93712121  0.38944272  0.66662308  0.01252269
   0.50486111  0.73863636  0.05773503  0.44882206]
 [ 0.01068966  0.49833333  0.80151515  0.07071068  0.47747209 -0.0137931
   0.51944444  0.82878788  0.          0.48588061]
 [ 0.22448276  0.59444444  0.85606061  0.28284271  0.59298587  0.
   0.5         0.90984848  0.          0.47639752]
 [ 0.          0.5         0.83787879  0.          0.45569264         nan
   0.64545455  0.92878788  0.3         0.63116883]
 [ 0.53655172  0.71444444  0.88333333  0.54992475  0.72491228  0.25617057
   0.61111111  0.775       0.3912457   0.59176016]
 [ 0.27337165  0.61388889  0.83863636  0.2787987   0.61221387 -0.0137931
   0.49444444  0.75681818  0.          0.43048872]
 [        nan         nan         nan         nan         nan         nan
          nan         nan         nan         nan]
 [ 0.05065681  0.52777778  0.79393939  0.14142136  0.50739766         nan
   0.55        0.91893939  0.1         0.52877847]
 [ 0.23271852  0.57708333  0.81136364  0.32387323  0.55698683         nan
   0.645       0.9280303   0.3         0.63092133]
 [ 0.          0.5         0.74772727  0.          0.42759398  0.18611705
   0.59357143  0.65833333  0.48702198  0.57833733]
 [ 0.15183505  0.57152778  0.79545455  0.23737734  0.54736842  0.57618395
   0.75625     0.84772727  0.71757188  0.77115669]
 [ 0.02325581  0.51041667  0.775       0.          0.4553494   0.43595952
   0.73244048  0.80984848  0.63580093  0.73201681]
 [-0.00526316  0.49791667  0.68560606  0.1010363   0.44300088  0.
   0.5         0.83787879  0.          0.45569264]
 [ 0.35506995  0.67222222  0.83787879  0.45005964  0.66064327  0.
   0.5         0.78409091  0.          0.43917293]
 [        nan  0.82681818  0.94621212  0.49486833  0.71900403 -0.0262931
   0.485       0.86590909  0.          0.46329574]
 [ 0.38612624  0.68263889  0.84772727  0.47475469  0.67203843         nan
   0.7         0.94621212  0.4         0.68592133]]
GBM mean:
[0.23772    0.62402576 0.83290909 0.31299046 0.596098   0.17184382
 0.59699517 0.83078788 0.27384654 0.57440777]
---------------------------
---------------------------
BDDAE performance:
[[ 0.21768875  0.59166667  0.75652174  0.50435181  0.60240568  0.03516057
   0.50833333  0.88695652  0.07071068  0.50285068]
 [ 0.67845183  0.86444444  0.87826087  0.85599766  0.83665202  0.3559761
   0.72166667  0.75652174  0.65593594  0.66858796]
 [ 0.17396452  0.56777778  0.78695652  0.36743736  0.56677693  0.33090579
   0.65065789  0.83043478  0.51668162  0.65552614]
 [ 0.23668656  0.60833333  0.74782609  0.46769808  0.60338252 -0.00952381
   0.4952381   0.90434783  0.          0.47478355]
 [ 0.62629987  0.81388889  0.87826087  0.78640573  0.80984053  0.40733768
   0.70133929  0.75217391  0.67666299  0.69993199]
 [ 0.270283    0.62990196  0.74782609  0.51887863  0.62028981  0.06674856
   0.52960526  0.82608696  0.11749115  0.49696105]
 [-0.01524476  0.49090909  0.93913043  0.          0.4841884   0.
   0.5         0.91304348  0.          0.47727273]
 [ 0.37475902  0.68444444  0.8         0.63174434  0.68210522  0.07636456
   0.53480392  0.68695652  0.34436431  0.52177532]
 [ 0.62680388  0.76710526  0.90869565  0.729481    0.81149267  0.17967953
   0.58083333  0.67391304  0.4641113   0.56111432]
 [-0.03955746  0.485       0.84347826  0.          0.45741296  0.03173751
   0.50539216  0.69130435  0.26327537  0.48212525]
 [-0.02676695  0.48181818  0.92173913  0.          0.47937599 -0.0832674
   0.46764706  0.69130435  0.          0.40838777]
 [ 0.1392104   0.55394737  0.8173913   0.26615757  0.54998146 -0.00099546
   0.49868421  0.79130435  0.09596169  0.47160872]
 [ 0.44257182  0.70789474  0.84347826  0.66315771  0.71807331  0.
   0.5         0.91304348  0.          0.47727273]
 [-0.02932871  0.48815789  0.77391304  0.09596169  0.46628205 -0.00615385
   0.49761905  0.90869565  0.          0.47605708]
 [ 0.49410489  0.7         0.89565217  0.60731322  0.73679867 -0.04928992
   0.48055556  0.75217391  0.          0.42891396]
 [ 0.1912364   0.56973684  0.84347826  0.27071068  0.56965157  0.07937851
   0.53388889  0.75652174  0.19163169  0.50583645]
 [        nan         nan         nan         nan         nan         nan
          nan         nan         nan         nan]
 [ 0.24480713  0.61315789  0.8173913   0.42632375  0.6129209  -0.01846154
   0.49285714  0.9         0.          0.47362579]
 [ 0.09857048  0.53888889  0.78695652  0.1936296   0.51036384 -0.00909091
   0.49545455  0.94782609  0.          0.48656566]
 [ 0.01274616  0.50539216  0.64347826  0.36463766  0.50002225  0.30857347
   0.65555556  0.66521739  0.64250383  0.64851579]
 [ 0.03487501  0.51055556  0.76521739  0.13160642  0.47778863  0.12288914
   0.56323529  0.71304348  0.36601005  0.54015442]
 [ 0.09221628  0.53777778  0.77391304  0.23527139  0.51706457 -0.03562994
   0.48526786  0.66956522  0.03779645  0.41262979]
 [ 0.18336983  0.59375     0.66956522  0.51475852  0.5844934   0.38972543
   0.67368421  0.85217391  0.56916111  0.68746591]
 [ 0.61251679  0.80555556  0.86521739  0.79376394  0.80489616  0.35724352
   0.66277778  0.8         0.60198725  0.6726057 ]
 [-0.00454545  0.49772727  0.95217391  0.          0.48772727  0.02956044
   0.51547619  0.9         0.06900656  0.49845968]
 [ 0.32852219  0.65277778  0.79565217  0.583886    0.65759073  0.
   0.5         0.95652174  0.          0.48888889]]
BDDAE mean:
[0.23856966 0.61042439 0.81808696 0.40036691 0.6059031  0.10235472
 0.55002293 0.80556522 0.22733168 0.52871669]
---------------------------
---------------------------
DUMMY performance:
[[0.         0.5        0.775      0.         0.4362782         nan
  0.6        0.9280303  0.2        0.58115942]
 [0.         0.5        0.78409091 0.         0.43917293 0.
  0.5        0.78409091 0.         0.43917293]
 [0.         0.5        0.78409091 0.         0.43917293 0.
  0.5        0.8469697  0.         0.45831169]
 [0.         0.5        0.72121212 0.         0.41894737 0.
  0.5        0.90151515 0.         0.47402597]
 [0.         0.5        0.78409091 0.         0.43917293 0.
  0.5        0.68484848 0.         0.40608187]
 [0.         0.5        0.74772727 0.         0.42759398 0.
  0.5        0.81136364 0.         0.44785714]
 [       nan 0.65       0.93712121 0.3        0.63354037        nan
  0.55       0.91893939 0.1        0.52877847]
 [0.         0.5        0.775      0.         0.4362782  0.
  0.5        0.72954545 0.         0.42180451]
 [0.         0.5        0.81969697 0.         0.45045455 0.
  0.5        0.66666667 0.         0.39964912]
 [0.         0.5        0.87424242 0.         0.46616883 0.
  0.5        0.73863636 0.         0.42469925]
 [       nan 0.7        0.94621212 0.4        0.68592133 0.
  0.5        0.74772727 0.         0.42759398]
 [0.         0.5        0.83787879 0.         0.45569264 0.
  0.5        0.82878788 0.         0.45307359]
 [0.         0.5        0.82878788 0.         0.45307359 0.
  0.5        0.90984848 0.         0.47639752]
 [0.         0.5        0.83787879 0.         0.45569264        nan
  0.6        0.9280303  0.2        0.58115942]
 [0.         0.5        0.81969697 0.         0.45045455 0.
  0.5        0.775      0.         0.4362782 ]
 [0.         0.5        0.81136364 0.         0.44785714 0.
  0.5        0.76590909 0.         0.43338346]
 [       nan        nan        nan        nan        nan        nan
         nan        nan        nan        nan]
 [0.         0.5        0.81136364 0.         0.44785714        nan
  0.55       0.91893939 0.1        0.52877847]
 [0.         0.5        0.78409091 0.         0.43917293        nan
  0.65       0.93712121 0.3        0.63354037]
 [0.         0.5        0.74772727 0.         0.42759398 0.
  0.5        0.6219697  0.         0.38324733]
 [0.         0.5        0.80227273 0.         0.44496241 0.
  0.5        0.75681818 0.         0.43048872]
 [0.         0.5        0.775      0.         0.4362782  0.
  0.5        0.7030303  0.         0.41251462]
 [0.         0.5        0.71212121 0.         0.41573099 0.
  0.5        0.83787879 0.         0.45569264]
 [0.         0.5        0.78409091 0.         0.43917293 0.
  0.5        0.78409091 0.         0.43917293]
 [       nan 0.7        0.94621212 0.4        0.68592133 0.
  0.5        0.89242424 0.         0.47140693]
 [0.         0.5        0.80227273 0.         0.44496241        nan
  0.7        0.94621212 0.4        0.68592133]]
DUMMY mean:
[0.         0.522      0.8099697  0.044      0.46868498 0.
 0.526      0.81457576 0.052      0.4732076 ]
---------------------------
Current folder: C:\Users\mbamo\Dropbox\c_sldl_1_3_4
-------------------------------------
----- RESULTS from .csv files ------
-------------------------------------
---------------------------
ALG Means: 
-rows: alg : KNN = 0; DT = 1; RF = 2; SVM = 3; GBM = 4; BDDAE = 5; DUMMY = 5
columns:
'val_cohen','val_uar', 'val_acc', 'val_gm',  'val_f1',  'aro_cohen','aro_uar', 'aro_acc', 'aro_gm',  'aro_f1'
-------------------------------------------------------------
  v_c   v_u   v_a   v_g   v_f1  a_c   a_u   a_a   a_g   a_f1
[[0.369 0.679 0.83  0.489 0.668 0.344 0.678 0.8   0.53  0.66 ]
 [0.331 0.69  0.786 0.549 0.669 0.311 0.67  0.794 0.507 0.652]
 [0.374 0.679 0.812 0.491 0.67  0.399 0.684 0.806 0.533 0.674]
 [0.027 0.512 0.794 0.031 0.456 0.    0.5   0.773 0.    0.435]
 [0.246 0.612 0.817 0.305 0.589 0.193 0.591 0.799 0.294 0.569]
 [0.239 0.61  0.818 0.4   0.606 0.102 0.55  0.806 0.227 0.529]
 [0.    0.5   0.789 0.    0.44  0.    0.5   0.773 0.    0.435]]
-------------------------------------------------------------
Standard Deviation of each metric:
[[0.278 0.14  0.086 0.256 0.147 0.217 0.112 0.078 0.247 0.117]
 [0.214 0.116 0.089 0.17  0.117 0.219 0.115 0.078 0.248 0.118]
 [0.27  0.123 0.081 0.213 0.125 0.219 0.097 0.076 0.227 0.102]
 [0.108 0.047 0.045 0.122 0.065 0.    0.    0.077 0.    0.025]
 [0.256 0.125 0.065 0.276 0.144 0.243 0.115 0.079 0.298 0.135]
 [0.225 0.111 0.076 0.266 0.119 0.154 0.077 0.096 0.251 0.087]
 [0.    0.    0.041 0.    0.013 0.    0.    0.077 0.    0.025]]
-------------------------------------------------------------
std_dev/mean [percentage]:
[[ 75.  21.  10.  52.  22.  63.  17.  10.  47.  18.]
 [ 65.  17.  11.  31.  18.  70.  17.  10.  49.  18.]
 [ 72.  18.  10.  43.  19.  55.  14.   9.  43.  15.]
 [401.   9.   6. 399.  14.   0.   0.  10.   0.   6.]
 [104.  20.   8.  91.  24. 126.  19.  10. 101.  24.]
 [ 94.  18.   9.  66.  20. 150.  14.  12. 110.  16.]
 [  0.   0.   5.   0.   3.   0.   0.  10.   0.   6.]]
