2024-03-13 16:19:01.001630: I tensorflow/core/util/port.cc:113] oneDNN custom operations are on. You may see slightly different numerical results due to floating-point round-off errors from different computation orders. To turn them off, set the environment variable `TF_ENABLE_ONEDNN_OPTS=0`.
2024-03-13 16:19:01.724651: I tensorflow/core/util/port.cc:113] oneDNN custom operations are on. You may see slightly different numerical results due to floating-point round-off errors from different computation orders. To turn them off, set the environment variable `TF_ENABLE_ONEDNN_OPTS=0`.
2024-03-13 16:19:03.164061: I tensorflow/core/platform/cpu_feature_guard.cc:210] This TensorFlow binary is optimized to use available CPU instructions in performance-critical operations.
To enable the following instructions: AVX2 FMA, in other operations, rebuild TensorFlow with the appropriate compiler flags.
---------------------------
KNN performance:
[[ 0.39262579  0.6953373   0.70291667  0.67170709  0.68772821  0.23117988
   0.61515152  0.75125     0.42604357  0.60267819]
 [ 0.40733142  0.70625     0.70208333  0.69295265  0.69659314  0.44987675
   0.71944444  0.75333333  0.6866737   0.71732763]
 [ 0.46762592  0.72579365  0.74666667  0.69789023  0.72472879  0.48791073
   0.74553571  0.7425      0.73360173  0.738107  ]
 [ 0.38023023  0.68998016  0.69708333  0.66889361  0.68385964  0.09669636
   0.54818182  0.64625     0.40362741  0.53965039]
 [ 0.53557076  0.7584127   0.79375     0.72750614  0.76107872  0.3994624
   0.70178571  0.69666667  0.67989053  0.68879672]
 [ 0.40259583  0.70089286  0.70291667  0.69184163  0.69779121  0.5336774
   0.76746032  0.7675      0.74551481  0.75711975]
 [ 0.35560638  0.67111111  0.70916667  0.63893212  0.67141662  0.3194776
   0.66160714  0.65875     0.64788394  0.65360258]
 [ 0.85276684  0.91795455  0.94166667  0.90867553  0.9251909   0.50749695
   0.75301587  0.76        0.74142513  0.74762075]
 [ 0.30804359  0.64159091  0.73583333  0.54223862  0.63899845  0.17015896
   0.58136364  0.67666667  0.46551925  0.57720503]
 [ 0.34491771  0.67321429  0.67083333  0.66298011  0.66716737  0.13993694
   0.56964286  0.57958333  0.53455183  0.5569729 ]
 [ 0.11186133  0.55587302  0.56875     0.52615197  0.54517176  0.35592867
   0.67063492  0.69666667  0.63443863  0.66556472]
 [ 0.60169947  0.79388889  0.82041667  0.77111521  0.79558109  0.4152555
   0.7102381   0.71541667  0.69433936  0.70148264]
 [ 0.34391069  0.6718254   0.67708333  0.66354274  0.66894838  0.19936905
   0.59821429  0.61166667  0.57673638  0.59280706]
 [ 0.15698355  0.57833333  0.63416667  0.5002027   0.56758602  0.37476338
   0.68630952  0.69        0.67323255  0.6824377 ]
 [ 0.32746007  0.65969697  0.71416667  0.6242682   0.6601694   0.06086232
   0.53222222  0.56791667  0.46042466  0.51632604]
 [ 0.20974276  0.60134921  0.62583333  0.5807627   0.6003404   0.45193528
   0.71090909  0.77875     0.66686871  0.71626442]
 [ 0.46212335  0.72563492  0.7425      0.70753321  0.72511266  0.29250458
   0.64063492  0.68291667  0.57738794  0.62712409]
 [ 0.13966169  0.56465201  0.845       0.2178257   0.55006112  0.3675611
   0.68206349  0.70291667  0.66189567  0.67807527]
 [ 0.39594209  0.6825      0.76166667  0.64241684  0.69352139  0.32811872
   0.66309524  0.67        0.65472394  0.66192947]
 [ 0.3560397   0.66015152  0.74208333  0.59305868  0.66483396  0.35565205
   0.67055556  0.70458333  0.63764076  0.66674916]
 [-0.13787749  0.4375      0.66458333  0.04082483  0.40789957  0.02340248
   0.51160714  0.51166667  0.4856371   0.4997071 ]
 [ 0.44806428  0.725       0.72333333  0.70341569  0.71418719  0.16521887
   0.5780303   0.65083333  0.48229202  0.56685755]
 [ 0.12676106  0.55920635  0.595       0.50366465  0.548279    0.20766605
   0.60113636  0.735       0.45984439  0.59293043]
 [ 0.25490653  0.62609127  0.63125     0.61696354  0.62399204  0.53410724
   0.76666667  0.77208333  0.73879776  0.75558707]
 [ 0.33248909  0.66646825  0.66916667  0.66022034  0.66340829  0.66021591
   0.82946429  0.83166667  0.821212    0.82789413]
 [ 0.3704429   0.68263889  0.68958333  0.65825636  0.67480059  0.45077082
   0.72638889  0.72958333  0.71588745  0.72179928]
 [ 0.31524793  0.65340909  0.72208333  0.61436254  0.65206928  0.45634668
   0.72857143  0.7275      0.71757267  0.72367804]
 [ 0.3207316   0.65833333  0.69583333  0.61181805  0.64572979  0.55965355
   0.77365079  0.8         0.74496855  0.7714183 ]
 [ 0.13775056  0.56944444  0.60833333  0.53463843  0.56313193  0.23367117
   0.61577381  0.62583333  0.59787674  0.61015668]
 [ 0.61509396  0.81611111  0.81208333  0.81391483  0.80626587  0.52663683
   0.75        0.79375     0.72803497  0.75982804]]
KNN mean:
[0.34454499 0.66895485 0.71152778 0.61628583 0.66418809 0.34518381
 0.67031187 0.70104167 0.6264848  0.66392327]
---------------------------
---------------------------
DT performance:
[[ 0.33304774  0.69375     0.695       0.6675587   0.68883131  0.32577954
   0.68030303  0.7425      0.6224255   0.65692273]
 [ 0.50198534  0.76121032  0.75625     0.76127958  0.75312712  0.47556908
   0.74333333  0.7525      0.7243792   0.73681025]
 [ 0.4015544   0.69573413  0.69583333  0.68660209  0.68733939  0.42351916
   0.73928571  0.73583333  0.70228443  0.73067641]
 [ 0.33149335  0.69355159  0.69458333  0.64589608  0.69100115  0.17298861
   0.62045455  0.6775      0.51548136  0.61070562]
 [ 0.47507766  0.75285714  0.76208333  0.73240133  0.75035653  0.3240494
   0.66160714  0.65916667  0.64511918  0.65602492]
 [ 0.35837785  0.70535714  0.71041667  0.69000448  0.69750116  0.5051244
   0.73928571  0.74083333  0.74349669  0.73265876]
 [ 0.23089815  0.62055556  0.64458333  0.57633238  0.61622168  0.13865859
   0.53660714  0.53541667  0.55679424  0.52914062]
 [ 0.70966355  0.88272727  0.88333333  0.86858934  0.86894724  0.50368842
   0.77365079  0.77375     0.75443534  0.76504632]
 [ 0.16263519  0.64295455  0.68875     0.57513757  0.62664935  0.36118493
   0.66590909  0.70333333  0.6264196   0.6513015 ]
 [ 0.38118632  0.71696429  0.71666667  0.66894893  0.71272448  0.22124252
   0.61547619  0.61875     0.60118278  0.6128496 ]
 [ 0.01470492  0.53103175  0.55458333  0.52778041  0.52319947  0.32234441
   0.65880952  0.66708333  0.66129481  0.65591198]
 [ 0.46347253  0.73944444  0.75625     0.69866814  0.73467514  0.39515306
   0.69031746  0.69916667  0.6779525   0.68032547]
 [ 0.2578888   0.62301587  0.62625     0.65352923  0.61446599  0.20085607
   0.55892857  0.56625     0.53113264  0.54367945]
 [ 0.24222808  0.55833333  0.59375     0.5553034   0.54817607  0.23493714
   0.59880952  0.59875     0.58580286  0.58919902]
 [ 0.14762433  0.58075758  0.60833333  0.5737016   0.57703075  0.19293228
   0.61166667  0.635       0.55176968  0.60585536]
 [ 0.27307272  0.57238095  0.57958333  0.55996259  0.56250085  0.51639096
   0.76409091  0.79375     0.72553639  0.76057378]
 [ 0.54954068  0.76753968  0.775       0.72667132  0.76357807  0.32859405
   0.65920635  0.67833333  0.63188248  0.65899569]
 [ 0.14270743  0.60567766  0.79333333  0.39028521  0.58155062  0.39328704
   0.70269841  0.72416667  0.69492957  0.70164297]
 [ 0.3665088   0.70454545  0.72333333  0.70312305  0.69222944  0.4318261
   0.70982143  0.70916667  0.6750429   0.70533964]
 [ 0.34584022  0.70318182  0.72208333  0.66295769  0.69584264  0.31372675
   0.63611111  0.66666667  0.57664899  0.62730347]
 [ 0.02519333  0.54166667  0.6975      0.41992402  0.51950784 -0.00961095
   0.48482143  0.48375     0.43740572  0.47514147]
 [ 0.27484627  0.6125      0.61208333  0.66482855  0.60938225  0.1496654
   0.57181818  0.60541667  0.52798114  0.56727994]
 [ 0.0745101   0.50055556  0.5025      0.48475959  0.49249066  0.27530796
   0.64507576  0.72875     0.46348554  0.62628883]
 [ 0.14554091  0.60456349  0.60791667  0.530435    0.59976855  0.44116258
   0.72311508  0.72291667  0.72100022  0.71877568]
 [ 0.20868775  0.62529762  0.62625     0.58589701  0.61960359  0.40666309
   0.70228175  0.70291667  0.67769854  0.69657607]
 [ 0.27383328  0.65892857  0.6575      0.65890268  0.65201546  0.38810752
   0.71488095  0.71666667  0.691023    0.71295626]
 [ 0.25004038  0.71068182  0.73583333  0.58494552  0.69259364  0.37537293
   0.70625     0.71        0.680867    0.69996016]
 [ 0.2230164   0.59222222  0.59958333  0.60424874  0.57527768  0.44111138
   0.73444444  0.74875     0.71635098  0.72775822]
 [ 0.15957149  0.54888889  0.5925      0.53410341  0.54396431  0.16782869
   0.60188492  0.605       0.5412348   0.58808179]
 [ 0.55746086  0.76944444  0.78083333  0.77413691  0.76890623  0.52926097
   0.77878788  0.79458333  0.79747319  0.77165592]]
DT mean:
[0.29607363 0.65721066 0.67975    0.62556382 0.64864862 0.3315574
 0.66765777 0.68322222 0.63528438 0.65984793]
---------------------------
---------------------------
RF performance:
[[ 0.43921963  0.76259921  0.76208333  0.71981439  0.75220528  0.38389754
   0.61022727  0.71833333  0.50710405  0.59606643]
 [ 0.47786667  0.74087302  0.74041667  0.68645249  0.73462646  0.41067375
   0.77333333  0.78458333  0.75484078  0.7682896 ]
 [ 0.42429148  0.68621032  0.70291667  0.6414369   0.68394915  0.33246436
   0.71428571  0.71458333  0.67614769  0.71161091]
 [ 0.34117473  0.69305556  0.69666667  0.72834346  0.68942708  0.09896934
   0.59568182  0.67        0.58126559  0.59698625]
 [ 0.34124975  0.75015873  0.7675      0.71504435  0.75072689  0.48832552
   0.74910714  0.74833333  0.70917227  0.74558431]
 [ 0.43958394  0.74553571  0.74791667  0.70018667  0.73998744  0.49477944
   0.77063492  0.76875     0.73905486  0.76043265]
 [ 0.27043798  0.68944444  0.70958333  0.59105735  0.68511155  0.3054647
   0.61517857  0.61416667  0.68217302  0.61063007]
 [ 0.78714861  0.86886364  0.88291667  0.90264447  0.86695058  0.532183
   0.73650794  0.74041667  0.71537465  0.72787499]
 [ 0.45597976  0.70636364  0.7425      0.52539142  0.69336749  0.22965894
   0.65818182  0.70958333  0.50571801  0.65128208]
 [ 0.32604198  0.70892857  0.70833333  0.63778511  0.69978104  0.26373296
   0.62837302  0.6375      0.59528623  0.61074409]
 [ 0.00633153  0.54507937  0.56125     0.42190597  0.53108123  0.43421584
   0.70373016  0.71625     0.67604344  0.70252663]
 [ 0.62586002  0.80277778  0.81916667  0.76610699  0.80586954  0.369455
   0.73785714  0.75333333  0.67511962  0.73715078]
 [ 0.25637657  0.63184524  0.63958333  0.67057949  0.6244323   0.2967604
   0.55416667  0.57375     0.57850931  0.54440428]
 [ 0.10221162  0.54833333  0.59958333  0.46126867  0.55009266  0.3614713
   0.6702381   0.67083333  0.60748691  0.6661315 ]
 [ 0.37807603  0.68636364  0.73458333  0.61781743  0.68605418  0.15351315
   0.59777778  0.6325      0.48818454  0.59124252]
 [ 0.20066748  0.62880952  0.65208333  0.60118846  0.62553779  0.45611041
   0.67318182  0.72083333  0.76082283  0.66014334]
 [ 0.57307133  0.7802381   0.78875     0.76689687  0.7764942   0.42176036
   0.72460317  0.74958333  0.67862915  0.72098039]
 [ 0.19330613  0.55558608  0.79458333  0.19133891  0.53974008  0.45066499
   0.75912698  0.765       0.72581843  0.75401382]
 [ 0.35891021  0.69431818  0.74916667  0.68947357  0.68864844  0.49888502
   0.71577381  0.72041667  0.72681685  0.70938359]
 [ 0.38713466  0.65984848  0.69625     0.64800925  0.65211201  0.18647381
   0.61388889  0.66583333  0.56973647  0.60403863]
 [-0.05445166  0.45833333  0.65916667  0.14397326  0.4388026  -0.03023032
   0.48928571  0.48875     0.46536821  0.46566768]
 [ 0.31759944  0.63482143  0.63166667  0.62439836  0.62863445  0.28814629
   0.61969697  0.67166667  0.57989979  0.62087543]
 [ 0.04394848  0.59007937  0.61375     0.55207537  0.58687373  0.39417967
   0.66666667  0.74833333  0.53619321  0.66140261]
 [ 0.25010455  0.66259921  0.665       0.67425844  0.65514267  0.30329042
   0.68531746  0.68916667  0.69490332  0.67237036]
 [ 0.37577125  0.67996032  0.69        0.65848729  0.67645498  0.62167749
   0.77857143  0.78125     0.75892217  0.77335181]
 [ 0.26466036  0.66200397  0.66375     0.54863497  0.65865205  0.33457336
   0.68958333  0.70333333  0.73699348  0.68895423]
 [ 0.41035023  0.69727273  0.72791667  0.68315617  0.67802165  0.44129354
   0.74642857  0.7475      0.7098072   0.74515112]
 [ 0.21452069  0.56722222  0.61333333  0.54653834  0.54978895  0.45748134
   0.72984127  0.74125     0.68995613  0.71541826]
 [ 0.25182186  0.59111111  0.64541667  0.55530227  0.58840588  0.23449824
   0.57232143  0.58583333  0.52472964  0.56344588]
 [ 0.61847829  0.78277778  0.79416667  0.79944701  0.78178953  0.44467532
   0.78166667  0.80666667  0.79325713  0.78323013]]
RF mean:
[0.33592479 0.6737138  0.70666667 0.61563379 0.66729206 0.35530151
 0.67870785 0.70127778 0.64811117 0.67197948]
---------------------------
---------------------------
SVM performance:
[[ 0.09518294  0.54444444  0.58083333  0.24243448  0.44427662  0.
   0.5         0.755       0.          0.43009768]
 [ 0.33521945  0.66468254  0.67708333  0.63312037  0.65587161  0.0375
   0.51666667  0.62583333  0.05773503  0.40821678]
 [ 0.45077484  0.70952381  0.75416667  0.64089678  0.70269465  0.38103061
   0.69196429  0.69083333  0.67822123  0.68498638]
 [ 0.30678374  0.64920635  0.67083333  0.5833084   0.62878334  0.
   0.5         0.69708333  0.          0.41062678]
 [ 0.42444035  0.69746032  0.75        0.64581312  0.69979422  0.44577059
   0.72321429  0.72333333  0.70759192  0.71632962]
 [ 0.30328905  0.65178571  0.65125     0.63477829  0.64378888  0.4891729
   0.74553571  0.74791667  0.72872461  0.73839601]
 [ 0.          0.5         0.6125      0.          0.37980769  0.24055626
   0.62053571  0.62125     0.57591783  0.59935606]
 [ 0.73165095  0.84886364  0.89041667  0.83442472  0.8638274   0.28780954
   0.63309524  0.69        0.52126567  0.61336094]
 [ 0.          0.5         0.68375     0.          0.4060114   0.
   0.5         0.69708333  0.          0.41062678]
 [ 0.28526999  0.64285714  0.64291667  0.63322302  0.63850331  0.08396984
   0.5390873   0.57291667  0.22924997  0.44275231]
 [ 0.          0.5         0.5875      0.          0.36996154 -0.0122807
   0.49444444  0.58125     0.          0.36729487]
 [-0.01290323  0.49444444  0.60583333  0.          0.3770903  -0.01290323
   0.49444444  0.58708333  0.          0.36970569]
 [ 0.20566264  0.5952381   0.63958333  0.42661775  0.54196932  0.
   0.5         0.56125     0.          0.35934783]
 [ 0.          0.5         0.64583333  0.          0.39230769  0.33924011
   0.66775794  0.67583333  0.62604868  0.65245491]
 [ 0.          0.5         0.65833333  0.          0.3968661   0.
   0.5         0.6325      0.          0.38730769]
 [ 0.          0.5         0.59375     0.          0.37242308  0.
   0.5         0.67708333  0.          0.4037037 ]
 [ 0.          0.5         0.5875      0.          0.36996154  0.
   0.5         0.59375     0.          0.37242308]
 [ 0.          0.5         0.85208333  0.          0.45995895  0.
   0.5         0.6         0.          0.37488462]
 [ 0.          0.5         0.69041667  0.          0.40831909  0.03520249
   0.51676587  0.55416667  0.13014857  0.39876103]
 [ 0.          0.5         0.65833333  0.          0.3968661   0.
   0.5         0.62583333  0.          0.38480769]
 [ 0.          0.5         0.775       0.          0.43650794 -0.0686465
   0.46607143  0.45666667  0.08657539  0.33580777]
 [ 0.34581396  0.67410714  0.67        0.62269943  0.64732089  0.
   0.5         0.65208333  0.          0.39458689]
 [ 0.          0.5         0.5875      0.          0.36996154  0.
   0.5         0.74166667  0.          0.42582418]
 [ 0.          0.5         0.54166667  0.          0.35124638  0.26994411
   0.62886905  0.65791667  0.51117956  0.59451939]
 [ 0.          0.5         0.55458333  0.          0.35663043  0.31622237
   0.65605159  0.66375     0.61912888  0.64346682]
 [ 0.          0.5         0.53541667  0.          0.34857971  0.35612227
   0.67242063  0.69666667  0.64010339  0.66903748]
 [ 0.08399861  0.5325      0.70958333  0.13944272  0.46647863  0.5061108
   0.75178571  0.75416667  0.73561539  0.74665255]
 [ 0.          0.5         0.63916667  0.          0.38980769  0.03578947
   0.51547619  0.6125      0.07862128  0.40470879]
 [ 0.          0.5         0.6325      0.          0.38730769  0.02134434
   0.50992063  0.57458333  0.07628647  0.38750988]
 [ 0.15010546  0.56444444  0.65708333  0.3174992   0.50863166 -0.012
   0.495       0.64583333  0.          0.39212536]]
SVM mean:
[0.12350963 0.55898527 0.65784722 0.21180861 0.48038518 0.12466518
 0.56130357 0.64552778 0.2334138  0.48398932]
---------------------------
---------------------------
GBM performance:
[[ 0.38511509  0.70327381  0.71541667  0.66712608  0.69616593  0.22953252
   0.59583333  0.795       0.31986706  0.58445177]
 [ 0.35132934  0.68095238  0.68958333  0.64511859  0.67326724  0.47063348
   0.71833333  0.77333333  0.65225874  0.70776783]
 [ 0.53074459  0.74920635  0.78583333  0.69611369  0.74578025  0.41582171
   0.70714286  0.70958333  0.69552554  0.70318813]
 [ 0.46269113  0.73055556  0.735       0.71379539  0.72522368 -0.01162791
   0.49545455  0.69083333  0.05        0.40834758]
 [ 0.55522027  0.73404762  0.77458333  0.7328733   0.73323335  0.46058281
   0.73660714  0.73666667  0.71357272  0.72979567]
 [ 0.51714395  0.75089286  0.75375     0.74365573  0.74554901  0.52394565
   0.76438492  0.77416667  0.76138803  0.76223651]
 [ 0.2196903   0.61055556  0.665       0.51479853  0.5949317   0.27900036
   0.64642857  0.64541667  0.62594617  0.63858445]
 [ 0.75261566  0.87181818  0.88416667  0.8643152   0.86632099  0.56138042
   0.77277778  0.79375     0.75654838  0.77608425]
 [ 0.19183461  0.58590909  0.72166667  0.3416072   0.55337839 -0.04329415
   0.48272727  0.665       0.08994806  0.41494587]
 [ 0.24805404  0.6375      0.63791667  0.62442094  0.62865651  0.3761458
   0.69007937  0.70291667  0.67009198  0.68686724]
 [ 0.00494656  0.49825397  0.53541667  0.37082511  0.46677432  0.44602803
   0.71603175  0.74333333  0.68584076  0.71493922]
 [ 0.44170647  0.71611111  0.76208333  0.67049352  0.71836323  0.54883132
   0.76912698  0.775       0.75888325  0.76386101]
 [ 0.23977363  0.62886905  0.65        0.5586485   0.60953508  0.15434776
   0.57539683  0.605       0.50246435  0.55240391]
 [ 0.03309535  0.52166667  0.63916667  0.21033838  0.46978951  0.35875671
   0.67172619  0.67666667  0.6569916   0.66731626]
 [ 0.01854348  0.50424242  0.63875     0.13638     0.43399451  0.03748972
   0.51722222  0.61416667  0.26366503  0.47193685]
 [ 0.07859272  0.5368254   0.60583333  0.31836303  0.48361961  0.49240029
   0.72636364  0.80541667  0.67088483  0.73476017]
 [ 0.58975596  0.79293651  0.80708333  0.78561963  0.79134761  0.18138975
   0.59126984  0.645       0.49007147  0.5727706 ]
 [ 0.09584614  0.55512821  0.85208333  0.15154691  0.51916311  0.38211473
   0.6815873   0.72166667  0.64556821  0.67793471]
 [ 0.39684639  0.67772727  0.775       0.60885542  0.68614502  0.48334634
   0.73382937  0.73958333  0.7277236   0.72809752]
 [ 0.29549764  0.63060606  0.70916667  0.57306397  0.63282201  0.2826493
   0.62666667  0.70416667  0.52835843  0.61654238]
 [-0.01111111  0.49583333  0.76875     0.          0.43439153 -0.01869483
   0.49732143  0.49625     0.47032614  0.48722804]
 [ 0.19440036  0.59017857  0.58416667  0.5336214   0.56787296  0.08102899
   0.53257576  0.62541667  0.34912442  0.50274031]
 [ 0.18610719  0.58079365  0.6325      0.47036313  0.56044278  0.1518408
   0.55833333  0.76791667  0.24564355  0.52860562]
 [ 0.13027499  0.57043651  0.58333333  0.53936239  0.55493594  0.48080507
   0.75218254  0.76083333  0.73465594  0.75070625]
 [ 0.28558909  0.6328373   0.65166667  0.5902163   0.62439131  0.4798176
   0.7328373   0.73708333  0.70826109  0.72270287]
 [ 0.25287211  0.62172619  0.63916667  0.56866916  0.6007319   0.52633326
   0.75644841  0.775       0.73424087  0.75838293]
 [ 0.34404271  0.63022727  0.74916667  0.51436714  0.62230334  0.42099361
   0.70446429  0.70375     0.68643111  0.69869111]
 [ 0.13643956  0.56666667  0.66541667  0.32556431  0.53014759  0.46849388
   0.72007937  0.75583333  0.65203887  0.7090892 ]
 [ 0.24001448  0.60888889  0.68416667  0.52739163  0.59890301  0.1121886
   0.54355159  0.57416667  0.41376275  0.50578342]
 [ 0.44055396  0.69888889  0.73541667  0.66977459  0.69838619  0.26580785
   0.62212121  0.70333333  0.53588145  0.61297305]]
GBM mean:
[0.28694089 0.63711851 0.70104167 0.52224297 0.61888559 0.31993632
 0.65463017 0.70720833 0.55986548 0.63965782]
---------------------------
---------------------------
BDDAE performance:
[[ 0.03720834  0.51848739  0.52580645  0.50740707  0.51550037 -0.00261099
   0.49945652  0.72903226  0.06756639  0.43910918]
 [ 0.33625569  0.66638655  0.67419355  0.6549588   0.66445332  0.48673525
   0.73925439  0.76129032  0.72266174  0.73939507]
 [ 0.0231749   0.51089744  0.53870968  0.46669666  0.5006583   0.15205275
   0.575625    0.57741935  0.56518144  0.57157363]
 [-0.11040381  0.44663866  0.46774194  0.35625282  0.41483627  0.11765937
   0.55454545  0.70322581  0.33074601  0.52453479]
 [ 0.37343331  0.68114035  0.70322581  0.66590044  0.68161719  0.45394458
   0.72770833  0.72580645  0.71585054  0.72156038]
 [ 0.57929109  0.78916667  0.79032258  0.78322709  0.78770938 -0.01469596
   0.49327731  0.49677419  0.48016999  0.48767962]
 [ 0.05699926  0.52719298  0.57096774  0.46442269  0.51386483  0.16514665
   0.583125    0.58064516  0.56948349  0.57511275]
 [ 0.43748781  0.70214286  0.77741935  0.65958259  0.71226943  0.02663174
   0.5127193   0.56451613  0.45205251  0.50356685]
 [ 0.32619643  0.64404762  0.7483871   0.535161    0.64253741  0.36534177
   0.65        0.79677419  0.52367124  0.65491735]
 [-0.05930097  0.470625    0.47096774  0.46324119  0.46710838  0.25673432
   0.62731092  0.63548387  0.61576451  0.62501375]
 [ 0.10973394  0.55021368  0.58064516  0.50660017  0.54246895  0.17225477
   0.58034188  0.61935484  0.5151201   0.56564996]
 [ 0.17020002  0.57916667  0.62903226  0.52331346  0.57167252  0.32249397
   0.66367521  0.66774194  0.659703    0.66002661]
 [-0.15169229  0.42605042  0.44516129  0.34671329  0.40479841  0.34646057
   0.67584034  0.67419355  0.66614265  0.66883369]
 [ 0.14094212  0.56931818  0.62903226  0.51448508  0.56278619  0.35591682
   0.67875     0.67741935  0.67177134  0.67478723]
 [ 0.08490069  0.53704545  0.63225806  0.38833683  0.51230515  0.07977958
   0.53613636  0.59677419  0.47971539  0.53292337]
 [ 0.10454907  0.5525641   0.57096774  0.49080934  0.5289997   0.20719529
   0.58285714  0.72580645  0.41116983  0.55963006]
 [ 0.63435646  0.82457265  0.81612903  0.81552052  0.81308818  0.21487239
   0.59786325  0.6483871   0.49810982  0.57249941]
 [ 0.16202118  0.56346154  0.80967742  0.37754751  0.569105   -0.05954946
   0.47236842  0.54516129  0.28477923  0.43019851]
 [ 0.27410417  0.63142857  0.70645161  0.57024251  0.62858342  0.13847672
   0.56932773  0.57741935  0.54535991  0.56067727]
 [ 0.08920771  0.54045455  0.61290323  0.47105477  0.53515327 -0.00624433
   0.49714912  0.57741935  0.31315545  0.45183188]
 [-0.03909514  0.48392857  0.72580645  0.08535534  0.4445864   0.17523821
   0.58791667  0.58709677  0.58024314  0.5836465 ]
 [-0.03001312  0.48520833  0.48387097  0.47529649  0.47969265  0.053483
   0.52159091  0.63870968  0.26197389  0.46913116]
 [ 0.07129905  0.53547009  0.55483871  0.5034133   0.52836963  0.41306901
   0.68396739  0.80322581  0.6285387   0.70097116]
 [ 0.07899211  0.53865546  0.54516129  0.52431956  0.53410039  0.2797585
   0.63928571  0.64516129  0.62733036  0.6354483 ]
 [ 0.06133154  0.5302521   0.53870968  0.50479886  0.52063347  0.00721368
   0.50333333  0.50645161  0.48899252  0.49778196]
 [ 0.32091148  0.65714286  0.67096774  0.63445457  0.65302506  0.19996348
   0.59726891  0.61290323  0.56638653  0.58975755]
 [ 0.49708285  0.72952381  0.79677419  0.6989004   0.74393157  0.55787184
   0.77729167  0.78064516  0.76686666  0.77539709]
 [ 0.05829204  0.52659091  0.58709677  0.4790016   0.52370807  0.41675423
   0.69780702  0.73870968  0.6615441   0.69923102]
 [ 0.04587119  0.51909091  0.57741935  0.47232288  0.51669225  0.36369599
   0.67799145  0.69677419  0.66159644  0.67789075]
 [ 0.31057616  0.64649123  0.68709677  0.61563426  0.64884294 -0.01939866
   0.49136364  0.61290323  0.12431374  0.4151628 ]]
BDDAE mean:
[0.16646377 0.57944519 0.62892473 0.51849904 0.57210327 0.2075415
 0.59983828 0.65010753 0.51519869 0.58546466]
---------------------------
---------------------------
DUMMY performance:
[[0.         0.5        0.54166667 0.         0.35124638 0.
  0.5        0.755      0.         0.43009768]
 [0.         0.5        0.54166667 0.         0.35124638 0.
  0.5        0.6125     0.         0.37980769]
 [0.         0.5        0.57458333 0.         0.36478261 0.
  0.5        0.51       0.         0.33761528]
 [0.         0.5        0.54166667 0.         0.35124638 0.
  0.5        0.69708333 0.         0.41062678]
 [0.         0.5        0.60625    0.         0.37734615 0.
  0.5        0.51       0.         0.33761528]
 [0.         0.5        0.51       0.         0.33761528 0.
  0.5        0.54166667 0.         0.35124638]
 [0.         0.5        0.6125     0.         0.37980769 0.
  0.5        0.51       0.         0.33761528]
 [0.         0.5        0.68375    0.         0.4060114  0.
  0.5        0.6        0.         0.37488462]
 [0.         0.5        0.68375    0.         0.4060114  0.
  0.5        0.69708333 0.         0.41062678]
 [0.         0.5        0.48333333 0.         0.32575758 0.
  0.5        0.54166667 0.         0.35124638]
 [0.         0.5        0.5875     0.         0.36996154 0.
  0.5        0.5875     0.         0.36996154]
 [0.         0.5        0.6125     0.         0.37980769 0.
  0.5        0.59375    0.         0.37242308]
 [0.         0.5        0.56125    0.         0.35934783 0.
  0.5        0.56125    0.         0.35934783]
 [0.         0.5        0.64583333 0.         0.39230769 0.
  0.5        0.52916667 0.         0.34591304]
 [0.         0.5        0.65833333 0.         0.3968661  0.
  0.5        0.6325     0.         0.38730769]
 [0.         0.5        0.59375    0.         0.37242308 0.
  0.5        0.67708333 0.         0.4037037 ]
 [0.         0.5        0.5875     0.         0.36996154 0.
  0.5        0.59375    0.         0.37242308]
 [0.         0.5        0.85208333 0.         0.45995895 0.
  0.5        0.6        0.         0.37488462]
 [0.         0.5        0.69041667 0.         0.40831909 0.
  0.5        0.54166667 0.         0.35124638]
 [0.         0.5        0.65833333 0.         0.3968661  0.
  0.5        0.62583333 0.         0.38480769]
 [0.         0.5        0.775      0.         0.43650794 0.
  0.5        0.48333333 0.         0.32575758]
 [0.         0.5        0.50333333 0.         0.33465086 0.
  0.5        0.65208333 0.         0.39458689]
 [0.         0.5        0.5875     0.         0.36996154 0.
  0.5        0.74166667 0.         0.42582418]
 [0.         0.5        0.54166667 0.         0.35124638 0.
  0.5        0.54791667 0.         0.35391304]
 [0.         0.5        0.55458333 0.         0.35663043 0.
  0.5        0.52291667 0.         0.34324638]
 [0.         0.5        0.53541667 0.         0.34857971 0.
  0.5        0.56125    0.         0.35934783]
 [0.         0.5        0.69041667 0.         0.40831909 0.
  0.5        0.51       0.         0.33761528]
 [0.         0.5        0.63916667 0.         0.38980769 0.
  0.5        0.6        0.         0.37488462]
 [0.         0.5        0.6325     0.         0.38730769 0.
  0.5        0.56791667 0.         0.36206522]
 [0.         0.5        0.6125     0.         0.37980769 0.
  0.5        0.65208333 0.         0.39458689]]
DUMMY mean:
[0.         0.5        0.60995833 0.         0.37732366 0.
 0.5        0.59188889 0.         0.37050762]
---------------------------
Current folder: C:\Users\Javier\Dropbox\c_sldl_1_2_6
-------------------------------------
----- RESULTS from .csv files ------
-------------------------------------
---------------------------
ALG Means: 
-rows: alg : KNN = 0; DT = 1; RF = 2; SVM = 3; GBM = 4; BDDAE = 5; DUMMY = 5
columns:
'val_cohen','val_uar', 'val_acc', 'val_gm',  'val_f1',  'aro_cohen','aro_uar', 'aro_acc', 'aro_gm',  'aro_f1'
-------------------------------------------------------------
  v_c   v_u   v_a   v_g   v_f1  a_c   a_u   a_a   a_g   a_f1
[[0.345 0.669 0.712 0.616 0.664 0.345 0.67  0.701 0.626 0.664]
 [0.296 0.657 0.68  0.626 0.649 0.332 0.668 0.683 0.635 0.66 ]
 [0.336 0.674 0.707 0.616 0.667 0.355 0.679 0.701 0.648 0.672]
 [0.124 0.559 0.658 0.212 0.48  0.125 0.561 0.646 0.233 0.484]
 [0.287 0.637 0.701 0.522 0.619 0.32  0.655 0.707 0.56  0.64 ]
 [0.166 0.579 0.629 0.518 0.572 0.208 0.6   0.65  0.515 0.585]
 [0.    0.5   0.61  0.    0.377 0.    0.5   0.592 0.    0.371]]
-------------------------------------------------------------
Standard Deviation of each metric:
[[0.18  0.089 0.077 0.158 0.093 0.16  0.08  0.072 0.112 0.082]
 [0.16  0.086 0.082 0.102 0.088 0.131 0.072 0.074 0.089 0.073]
 [0.181 0.087 0.071 0.155 0.09  0.136 0.074 0.069 0.093 0.077]
 [0.186 0.089 0.081 0.287 0.136 0.177 0.088 0.068 0.291 0.134]
 [0.189 0.091 0.08  0.204 0.107 0.186 0.092 0.072 0.198 0.109]
 [0.197 0.096 0.107 0.138 0.102 0.169 0.082 0.082 0.17  0.097]
 [0.    0.    0.079 0.    0.029 0.    0.    0.07  0.    0.027]]
-------------------------------------------------------------
std_dev/mean [percentage]:
[[ 52.  13.  11.  26.  14.  46.  12.  10.  18.  12.]
 [ 54.  13.  12.  16.  14.  40.  11.  11.  14.  11.]
 [ 54.  13.  10.  25.  13.  38.  11.  10.  14.  11.]
 [151.  16.  12. 135.  28. 142.  16.  11. 125.  28.]
 [ 66.  14.  11.  39.  17.  58.  14.  10.  35.  17.]
 [118.  17.  17.  27.  18.  81.  14.  13.  33.  17.]
 [  0.   0.  13.   0.   8.   0.   0.  12.   0.   7.]]
