2024-08-09 02:34:38.590669: W tensorflow/stream_executor/platform/default/dso_loader.cc:64] Could not load dynamic library 'cudart64_110.dll'; dlerror: cudart64_110.dll not found
2024-08-09 02:34:38.593776: I tensorflow/stream_executor/cuda/cudart_stub.cc:29] Ignore above cudart dlerror if you do not have a GPU set up on your machine.
2024-08-09 02:34:46.600052: W tensorflow/stream_executor/platform/default/dso_loader.cc:64] Could not load dynamic library 'nvcuda.dll'; dlerror: nvcuda.dll not found
2024-08-09 02:34:46.608250: W tensorflow/stream_executor/cuda/cuda_driver.cc:269] failed call to cuInit: UNKNOWN ERROR (303)
2024-08-09 02:34:46.627345: I tensorflow/stream_executor/cuda/cuda_diagnostics.cc:169] retrieving CUDA diagnostic information for host: MFB
2024-08-09 02:34:46.628374: I tensorflow/stream_executor/cuda/cuda_diagnostics.cc:176] hostname: MFB
2024-08-09 02:34:46.636636: I tensorflow/core/platform/cpu_feature_guard.cc:151] This TensorFlow binary is optimized with oneAPI Deep Neural Network Library (oneDNN) to use the following CPU instructions in performance-critical operations:  AVX AVX2
To enable them in other operations, rebuild TensorFlow with the appropriate compiler flags.
---------------------------
KNN performance:
[[ 0.6277953   0.79500916  0.88071895  0.76809995  0.81055829  0.68557979
   0.86580882  0.96535948  0.76454951  0.84071664]
 [ 0.32786559  0.64139194  0.81862745  0.49544414  0.65433847  0.3073608
   0.64739011  0.77352941  0.56811838  0.64679964]
 [ 0.79855535  0.87591575  0.9375817   0.86306953  0.89841635  0.18097615
   0.58666667  0.83529412  0.32653449  0.57658345]
 [ 0.32058217  0.62929487  0.77908497  0.52153342  0.64166986  0.04975
   0.51875     0.89803922  0.07071068  0.50622772]
 [ 0.76580228  0.89139194  0.92614379  0.8773121   0.88141073  0.64752731
   0.8424359   0.83496732  0.83544948  0.81891935]
 [ 0.28272289  0.63618132  0.76143791  0.47948886  0.62799113  0.31189447
   0.635       0.81862745  0.49599767  0.64987102]
 [-0.02239299  0.48492647  0.90359477  0.          0.47438971  0.
   0.5         0.92091503  0.          0.47931755]
 [ 0.7968201   0.88988095  0.9375817   0.87504133  0.89686052  0.57396247
   0.78538462  0.83006536  0.77022781  0.78481027]
 [ 0.15820494  0.56714286  0.8120915   0.28963423  0.56182766  0.38457999
   0.69204545  0.72091503  0.67846013  0.68929593]
 [ 0.09189845  0.54895833  0.84084967  0.20524364  0.53089993  0.18437965
   0.58583333  0.71535948  0.41569342  0.5691553 ]
 [ 0.28823529  0.64411765  0.94901961  0.3         0.63671505  0.09100066
   0.54480769  0.69313725  0.38114139  0.53804226]
 [ 0.38056638  0.665       0.89215686  0.48414837  0.67825262  0.47809867
   0.73690476  0.85718954  0.67177686  0.73607439]
 [ 0.4339367   0.67845238  0.85784314  0.57927784  0.7116528   0.50107979
   0.7375      0.93202614  0.5796673   0.74810301]
 [ 0.22106431  0.61595238  0.82941176  0.39111104  0.59536943  0.
   0.5         0.93202614  0.          0.48234276]
 [ 0.67893884  0.80952381  0.91993464  0.77285551  0.83651825  0.20482367
   0.58452381  0.78496732  0.38613117  0.58638368]
 [ 0.46378278  0.72916667  0.83006536  0.66355178  0.72820465  0.0941995
   0.54315934  0.71633987  0.34985842  0.53210454]
 [        nan         nan         nan         nan         nan         nan
          nan         nan         nan         nan]
 [ 0.37423707  0.66547619  0.83071895  0.56144033  0.6768332  -0.008
   0.496875    0.90980392  0.          0.47620066]
 [ 0.28051083  0.62083333  0.80816993  0.43386294  0.62588253  0.
   0.5         0.94313725  0.          0.48536797]
 [-0.06211032  0.46793956  0.67581699  0.1257834   0.440984    0.17577372
   0.5869697   0.61503268  0.56464256  0.58397673]
 [ 0.10507687  0.54107143  0.79117647  0.21739592  0.52387726  0.55721377
   0.78898352  0.83594771  0.75812705  0.77092409]
 [ 0.29477975  0.64307692  0.77777778  0.54473926  0.64172217  0.56838212
   0.7949359   0.81143791  0.78855463  0.78296636]
 [ 0.21787908  0.59916667  0.6872549   0.52751459  0.60280814  0.16666059
   0.58333333  0.83006536  0.28727264  0.56684853]
 [ 0.67947031  0.82413004  0.89803922  0.80484449  0.83819143  0.19714884
   0.60279304  0.7375817   0.47753314  0.5920656 ]
 [        nan  0.54705882  0.94346405  0.1         0.53537051  0.03449645
   0.51208333  0.86928105  0.07071068  0.49794815]
 [ 0.52869727  0.76076007  0.85294118  0.69689952  0.76127497 -0.00625
   0.54099265  0.9372549   0.          0.48375812]]
KNN mean:
[0.37637164 0.67087278 0.84566013 0.50313169 0.67248079 0.25522554
 0.62852708 0.82873203 0.4096463  0.61699215]
---------------------------
---------------------------
DT performance:
[[ 0.71247764  0.8040293   0.87352941  0.83597456  0.80675989  0.39033265
   0.83455882  0.94869281  0.59682458  0.7927401 ]
 [ 0.5732473   0.77623626  0.8630719   0.6946235   0.78045184  0.6973178
   0.86497253  0.8869281   0.86392367  0.84372153]
 [ 0.73806493  0.87834249  0.91960784  0.87364158  0.88260842  0.0696266
   0.56        0.76732026  0.38723363  0.54153738]
 [ 0.20422961  0.5774359   0.6751634   0.54318362  0.57100297  0.05701249
   0.571875    0.78921569  0.28591386  0.53823435]
 [ 0.78604208  0.90238095  0.94281046  0.909775    0.91009214  0.51025787
   0.7499359   0.77320261  0.74871138  0.7390938 ]
 [ 0.29031702  0.63299451  0.72222222  0.62699227  0.63373348  0.24627874
   0.64571429  0.75784314  0.54385643  0.63210701]
 [ 0.15498936  0.62279412  0.90294118  0.33843561  0.62375978  0.01658573
   0.45974265  0.84640523  0.          0.45797632]
 [ 0.76853575  0.89913004  0.93202614  0.880767    0.89797509  0.56246505
   0.81333333  0.83562092  0.80065788  0.80355597]
 [ 0.0164751   0.50083333  0.6754902   0.32475764  0.4955754   0.1593737
   0.59772727  0.65424837  0.54558196  0.59284197]
 [ 0.09305733  0.54479167  0.80065359  0.42420256  0.53569288 -0.01671318
   0.50929487  0.61895425  0.47133757  0.49526724]
 [ 0.06489439  0.52334559  0.89836601  0.1         0.52271916  0.0516309
   0.52431319  0.65392157  0.29876541  0.50555788]
 [ 0.46476712  0.746875    0.8751634   0.62884088  0.73252058  0.31443701
   0.65511905  0.8248366   0.52309932  0.65426962]
 [ 0.370262    0.70607143  0.79477124  0.67934762  0.69134448  0.33544562
   0.71893382  0.89771242  0.58643432  0.66161461]
 [ 0.30776539  0.66690476  0.8120915   0.51792064  0.64855476  0.27416722
   0.62297794  0.90392157  0.3652899   0.57735743]
 [ 0.54489116  0.77452381  0.8630719   0.67152035  0.77426005  0.29569398
   0.63704212  0.75065359  0.62743278  0.62749726]
 [ 0.42116686  0.71607143  0.83039216  0.69186744  0.71912129  0.43720266
   0.71884615  0.78986928  0.70040244  0.70853094]
 [        nan         nan         nan         nan         nan         nan
          nan         nan         nan         nan]
 [ 0.33745324  0.63071429  0.74346405  0.62094488  0.61959004 -0.03280024
   0.47224265  0.82418301  0.06614378  0.46782679]
 [ 0.31337886  0.65247253  0.76764706  0.58618646  0.64533394  0.11354312
   0.56066176  0.88039216  0.2         0.56711101]
 [ 0.00368647  0.52458791  0.65261438  0.36355814  0.52267515  0.14976577
   0.60255411  0.61568627  0.55483505  0.59596275]
 [ 0.2341538   0.58511905  0.73954248  0.51053566  0.58373308  0.62025501
   0.8368956   0.87418301  0.80268135  0.8244746 ]
 [ 0.23751015  0.63486264  0.76111111  0.56987493  0.63134501  0.51818468
   0.75173077  0.78921569  0.72025903  0.75081041]
 [ 0.17258325  0.55666667  0.65294118  0.57656305  0.55273362  0.19415514
   0.62833333  0.82418301  0.36305661  0.61358819]
 [ 0.51689999  0.7706044   0.83464052  0.71753397  0.76032856  0.33797861
   0.65659341  0.77352941  0.57060277  0.65237579]
 [ 0.13106155  0.62591912  0.91503268  0.19075823  0.5855609   0.01027147
   0.52229167  0.77189542  0.25336436  0.50416943]
 [ 0.58008506  0.79285714  0.88071895  0.74896365  0.79837151         nan
   0.52647059  0.90457516  0.1         0.52431532]]
DT mean:
[0.36151982 0.68186257 0.8131634  0.58507077 0.67703376 0.26301952
 0.64168643 0.79828758 0.47905632 0.62690151]
---------------------------
---------------------------
RF performance:
[[ 0.68364366  0.88489011  0.93169935  0.88147488  0.89691406  0.62751623
   0.84375     0.96535948  0.49383883  0.84070496]
 [ 0.48760572  0.7581044   0.86372549  0.67525024  0.76944317  0.76984033
   0.88365385  0.91633987  0.83381651  0.87978571]
 [ 0.80187948  0.91163004  0.9375817   0.91346987  0.90910657  0.29806714
   0.61        0.85261438  0.48525613  0.61489675]
 [ 0.25850806  0.63769231  0.75065359  0.59990611  0.647492    0.1075
   0.546875    0.90947712  0.14142136  0.54259693]
 [ 0.8258778   0.89913004  0.93169935  0.8671697   0.89828448  0.57898046
   0.80410256  0.83006536  0.80859936  0.80134585]
 [ 0.20701951  0.6082967   0.73267974  0.62209603  0.59616135  0.3785373
   0.64261905  0.80261438  0.53182598  0.64569825]
 [ 0.0700161   0.48805147  0.90947712  0.07071068  0.47619509 -0.01213235
   0.48786765  0.89836601  0.          0.47307821]
 [ 0.74941716  0.85416667  0.90915033  0.85219822  0.85070927  0.56665216
   0.79557692  0.85326797  0.77909365  0.80652546]
 [ 0.12939397  0.55297619  0.76078431  0.11351236  0.55452519  0.34306633
   0.70151515  0.74411765  0.71754454  0.69364908]
 [ 0.26757221  0.57729167  0.82973856  0.37714742  0.56804715  0.24215373
   0.60442308  0.70915033  0.5730865   0.59635959]
 [ 0.03332219  0.49080882  0.92581699  0.19354143  0.4805318   0.11973067
   0.60865385  0.72777778  0.2555596   0.6096274 ]
 [ 0.4426743   0.77520833  0.88562092  0.62398706  0.76126533  0.43847512
   0.68119048  0.85294118  0.6378581   0.68334261]
 [ 0.29252857  0.69083333  0.83562092  0.44995327  0.68245375  0.40251923
   0.69375     0.9372549   0.40988668  0.69989668]
 [ 0.38723966  0.72095238  0.85751634  0.42579086  0.7175996   0.04561765
   0.51268382  0.91503268  0.239176    0.5024322 ]
 [ 0.62594031  0.72642857  0.85816993  0.72332397  0.73340032  0.37570682
   0.69322344  0.79150327  0.52558449  0.68618589]
 [ 0.56165948  0.81309524  0.89215686  0.64427049  0.82040589  0.3494642
   0.71335165  0.80751634  0.73807198  0.72592871]
 [        nan         nan         nan         nan         nan         nan
          nan         nan         nan         nan]
 [ 0.33963669  0.67380952  0.83529412  0.62034161  0.69642646 -0.041
   0.484375    0.88660131  0.          0.46966657]
 [ 0.3906369   0.6378663   0.77875817  0.56128977  0.64922144  0.09411765
   0.496875    0.9372549   0.          0.48375812]
 [ 0.11922721  0.55206044  0.72124183  0.30359657  0.54189136  0.29312616
   0.63186147  0.65915033  0.56566709  0.62466926]
 [ 0.31673404  0.58190476  0.79084967  0.46820861  0.57268784  0.65803151
   0.84898352  0.89215686  0.8102815   0.8336219 ]
 [ 0.27080662  0.66244505  0.79313725  0.6056411   0.65871446  0.49303938
   0.77262821  0.80522876  0.77939351  0.77071181]
 [ 0.2030609   0.62596154  0.68823529  0.49890494  0.61459782  0.01039631
   0.55        0.81830065  0.18629818  0.52763141]
 [ 0.62594365  0.825       0.89248366  0.77603297  0.83620219  0.47451018
   0.74592491  0.82320261  0.64663313  0.73435378]
 [        nan  0.53511029  0.92091503  0.19682458  0.52913118 -0.00465589
   0.561875    0.88006536  0.207489    0.56747168]
 [ 0.64374824  0.74317766  0.85196078  0.74042215  0.75210054 -0.00625
   0.54099265  0.93202614  0.1         0.53224806]]
RF mean:
[0.40558718 0.68907567 0.84339869 0.5522026  0.68854033 0.30412041
 0.65827009 0.84589542 0.45865528 0.65384748]
---------------------------
---------------------------
SVM performance:
[[0.         0.5        0.77843137 0.         0.43766129 0.
  0.5        0.93202614 0.         0.48234276]
 [0.         0.5        0.78431373 0.         0.43948925 0.
  0.5        0.78431373 0.         0.43948925]
 [0.55459914 0.725      0.88071895 0.66364875 0.76969331 0.
  0.5        0.85294118 0.         0.46022727]
 [0.         0.5        0.72156863 0.         0.41908417 0.
  0.5        0.90392157 0.         0.47468249]
 [0.70178415 0.80892857 0.91470588 0.78195726 0.84864076 0.41772367
  0.69525641 0.76895425 0.60674073 0.6895639 ]
 [0.         0.5        0.7503268  0.         0.42857527 0.
  0.5        0.80718954 0.         0.44655425]
 [0.         0.5        0.93202614 0.         0.48234276 0.
  0.5        0.92091503 0.         0.47931755]
 [0.12916225 0.55       0.80653595 0.17071068 0.51856183 0.
  0.5        0.72156863 0.         0.41908417]
 [0.         0.5        0.81830065 0.         0.44996334 0.
  0.5        0.65882353 0.         0.39714286]
 [0.         0.5        0.86960784 0.         0.46504011 0.
  0.5        0.73333333 0.         0.42299221]
 [0.         0.5        0.94313725 0.         0.48536797 0.
  0.5        0.75588235 0.         0.43038978]
 [0.         0.5        0.85849673 0.         0.46183155 0.
  0.5        0.82385621 0.         0.45166789]
 [0.         0.5        0.8127451  0.         0.4482588  0.
  0.5        0.91535948 0.         0.47780494]
 [0.         0.5        0.83529412 0.         0.45508614 0.
  0.5        0.93202614 0.         0.48234276]
 [0.         0.5        0.81830065 0.         0.44996334 0.
  0.5        0.78431373 0.         0.43948925]
 [0.         0.5        0.80163399 0.         0.44484971 0.
  0.5        0.75588235 0.         0.43038978]
 [       nan        nan        nan        nan        nan        nan
         nan        nan        nan        nan]
 [0.         0.5        0.8127451  0.         0.4482588  0.
  0.5        0.91535948 0.         0.47780494]
 [0.         0.5        0.78431373 0.         0.43948925 0.
  0.5        0.94313725 0.         0.48536797]
 [0.         0.5        0.75588235 0.         0.43038978 0.
  0.5        0.61960784 0.         0.38248039]
 [0.         0.5        0.80163399 0.         0.44484971 0.
  0.5        0.76143791 0.         0.4322043 ]
 [0.         0.5        0.76699346 0.         0.43401882 0.
  0.5        0.69901961 0.         0.41132369]
 [0.         0.5        0.71013072 0.         0.41519466 0.
  0.5        0.85294118 0.         0.46022727]
 [0.         0.5        0.77843137 0.         0.43766129 0.
  0.5        0.78431373 0.         0.43948925]
 [       nan 0.55       0.94901961 0.1        0.53688312 0.
  0.5        0.88627451 0.         0.46985294]
 [0.         0.5        0.79019608 0.         0.4413172         nan
  0.55       0.94901961 0.1        0.53688312]]
SVM mean:
[0.05773106 0.52535714 0.81901961 0.06865267 0.48129889 0.01740515
 0.50981026 0.81849673 0.02826963 0.4607646 ]
---------------------------
---------------------------
GBM performance:
[[ 0.52795677  0.74441392  0.8627451   0.69129937  0.75775826  0.56267308
   0.690625    0.94313725  0.49682458  0.6748292 ]
 [ 0.43331801  0.68067766  0.85228758  0.5626602   0.70407975  0.69009394
   0.83663004  0.90490196  0.80857332  0.84259981]
 [ 0.76250137  0.85567766  0.92581699  0.84093879  0.88012575 -0.01194009
   0.50166667  0.81895425  0.06582806  0.469538  ]
 [ 0.16274296  0.56230769  0.7503268   0.35601641  0.53950527  0.04975
   0.51875     0.89803922  0.07071068  0.50622772]
 [ 0.79635714  0.87738095  0.93104575  0.8701749   0.89064313  0.3276981
   0.64230769  0.75653595  0.52163785  0.63897801]
 [ 0.11819992  0.54365385  0.76699346  0.19472136  0.5090026   0.25930796
   0.5972619   0.83529412  0.37898242  0.60809812]
 [ 0.          0.5         0.93202614  0.          0.48234276  0.
   0.5         0.92091503  0.          0.47931755]
 [ 0.79371164  0.88154762  0.93235294  0.85649334  0.89540704  0.47432227
   0.69346154  0.81862745  0.60408798  0.71344785]
 [-0.00967742  0.49642857  0.8124183   0.          0.44813539  0.24371766
   0.6030303   0.70947712  0.42604547  0.58159217]
 [-0.01760155  0.49666667  0.86372549  0.          0.4633264   0.10758333
   0.52961538  0.73398693  0.15839893  0.48546983]
 [ 0.          0.5         0.94313725  0.          0.48536797  0.
   0.49615385  0.75        0.          0.42843576]
 [ 0.37499529  0.68        0.90392157  0.4361434   0.69678756  0.
   0.5         0.82385621  0.          0.45166789]
 [ 0.03414634  0.50916667  0.8127451   0.05        0.46796554  0.212
   0.640625    0.92647059  0.27071068  0.63343224]
 [ 0.          0.49666667  0.82941176  0.          0.45337243  0.
   0.5         0.93202614  0.          0.48234276]
 [ 0.50688628  0.71297619  0.86339869  0.65419337  0.73638848  0.11553867
   0.5407967   0.77843137  0.24621965  0.52896161]
 [ 0.21206171  0.5797619   0.83006536  0.25431925  0.56375947  0.19240833
   0.57508242  0.78464052  0.3083346   0.56023187]
 [        nan         nan         nan         nan         nan         nan
          nan         nan         nan         nan]
 [ 0.37731882  0.65238095  0.85228758  0.53208037  0.67722007 -0.00588235
   0.49705882  0.90980392  0.          0.47629234]
 [ 0.13535229  0.53901099  0.78986928  0.2         0.51628456 -0.01038961
   0.4875      0.91960784  0.          0.47826243]
 [ 0.01509434  0.51        0.76143791  0.04296689  0.4484543   0.21601589
   0.60528139  0.67745098  0.47638433  0.58940836]
 [ 0.12278589  0.54702381  0.8130719   0.20409744  0.52526637  0.72629775
   0.84651099  0.91405229  0.81705649  0.85880149]
 [ 0.12470534  0.54901099  0.77843137  0.23912222  0.52226806  0.16354653
   0.57346154  0.72156863  0.32362044  0.53957871]
 [ 0.16616087  0.56615385  0.73856209  0.32041219  0.53785017  0.
   0.5         0.85294118  0.          0.46022727]
 [ 0.4089951   0.71190476  0.84607843  0.60210796  0.72612343  0.
   0.5         0.78431373  0.          0.43948925]
 [        nan  0.54705882  0.94346405  0.1         0.53537051 -0.008
   0.496875    0.88071895  0.          0.46824866]
 [ 0.49208541  0.71936813  0.86372549  0.62582068  0.73837121         nan
   0.54705882  0.94346405  0.1         0.53537051]]
GBM mean:
[0.27242069 0.61836953 0.84797386 0.34534272 0.60804706 0.17936423
 0.57679012 0.83756863 0.24293662 0.55723398]
---------------------------
---------------------------
BDDAE performance:
[[0. 0. 0. 0. 0. 0. 0. 0. 0. 0.]
 [0. 0. 0. 0. 0. 0. 0. 0. 0. 0.]
 [0. 0. 0. 0. 0. 0. 0. 0. 0. 0.]
 [0. 0. 0. 0. 0. 0. 0. 0. 0. 0.]
 [0. 0. 0. 0. 0. 0. 0. 0. 0. 0.]
 [0. 0. 0. 0. 0. 0. 0. 0. 0. 0.]
 [0. 0. 0. 0. 0. 0. 0. 0. 0. 0.]
 [0. 0. 0. 0. 0. 0. 0. 0. 0. 0.]
 [0. 0. 0. 0. 0. 0. 0. 0. 0. 0.]
 [0. 0. 0. 0. 0. 0. 0. 0. 0. 0.]
 [0. 0. 0. 0. 0. 0. 0. 0. 0. 0.]
 [0. 0. 0. 0. 0. 0. 0. 0. 0. 0.]
 [0. 0. 0. 0. 0. 0. 0. 0. 0. 0.]
 [0. 0. 0. 0. 0. 0. 0. 0. 0. 0.]
 [0. 0. 0. 0. 0. 0. 0. 0. 0. 0.]
 [0. 0. 0. 0. 0. 0. 0. 0. 0. 0.]
 [0. 0. 0. 0. 0. 0. 0. 0. 0. 0.]
 [0. 0. 0. 0. 0. 0. 0. 0. 0. 0.]
 [0. 0. 0. 0. 0. 0. 0. 0. 0. 0.]
 [0. 0. 0. 0. 0. 0. 0. 0. 0. 0.]
 [0. 0. 0. 0. 0. 0. 0. 0. 0. 0.]
 [0. 0. 0. 0. 0. 0. 0. 0. 0. 0.]
 [0. 0. 0. 0. 0. 0. 0. 0. 0. 0.]
 [0. 0. 0. 0. 0. 0. 0. 0. 0. 0.]
 [0. 0. 0. 0. 0. 0. 0. 0. 0. 0.]
 [0. 0. 0. 0. 0. 0. 0. 0. 0. 0.]]
BDDAE mean:
[0. 0. 0. 0. 0. 0. 0. 0. 0. 0.]
---------------------------
---------------------------
DUMMY performance:
[[0.         0.5        0.77843137 0.         0.43766129 0.
  0.5        0.93202614 0.         0.48234276]
 [0.         0.5        0.78431373 0.         0.43948925 0.
  0.5        0.78431373 0.         0.43948925]
 [0.         0.5        0.78431373 0.         0.43948925 0.
  0.5        0.85294118 0.         0.46022727]
 [0.         0.5        0.72156863 0.         0.41908417 0.
  0.5        0.90392157 0.         0.47468249]
 [0.         0.5        0.78431373 0.         0.43948925 0.
  0.5        0.6879085  0.         0.40745273]
 [0.         0.5        0.7503268  0.         0.42857527 0.
  0.5        0.80718954 0.         0.44655425]
 [0.         0.5        0.93202614 0.         0.48234276 0.
  0.5        0.92091503 0.         0.47931755]
 [0.         0.5        0.78431373 0.         0.43948925 0.
  0.5        0.72156863 0.         0.41908417]
 [0.         0.5        0.81830065 0.         0.44996334 0.
  0.5        0.65882353 0.         0.39714286]
 [0.         0.5        0.86960784 0.         0.46504011 0.
  0.5        0.73333333 0.         0.42299221]
 [0.         0.5        0.94313725 0.         0.48536797 0.
  0.5        0.75588235 0.         0.43038978]
 [0.         0.5        0.85849673 0.         0.46183155 0.
  0.5        0.82385621 0.         0.45166789]
 [0.         0.5        0.8127451  0.         0.4482588  0.
  0.5        0.91535948 0.         0.47780494]
 [0.         0.5        0.83529412 0.         0.45508614 0.
  0.5        0.93202614 0.         0.48234276]
 [0.         0.5        0.81830065 0.         0.44996334 0.
  0.5        0.78431373 0.         0.43948925]
 [0.         0.5        0.80163399 0.         0.44484971 0.
  0.5        0.75588235 0.         0.43038978]
 [       nan        nan        nan        nan        nan        nan
         nan        nan        nan        nan]
 [0.         0.5        0.8127451  0.         0.4482588  0.
  0.5        0.91535948 0.         0.47780494]
 [0.         0.5        0.78431373 0.         0.43948925 0.
  0.5        0.94313725 0.         0.48536797]
 [0.         0.5        0.75588235 0.         0.43038978 0.
  0.5        0.61960784 0.         0.38248039]
 [0.         0.5        0.80163399 0.         0.44484971 0.
  0.5        0.76143791 0.         0.4322043 ]
 [0.         0.5        0.76699346 0.         0.43401882 0.
  0.5        0.69901961 0.         0.41132369]
 [0.         0.5        0.71013072 0.         0.41519466 0.
  0.5        0.85294118 0.         0.46022727]
 [0.         0.5        0.77843137 0.         0.43766129 0.
  0.5        0.78431373 0.         0.43948925]
 [       nan 0.55       0.94901961 0.1        0.53688312 0.
  0.5        0.88627451 0.         0.46985294]
 [0.         0.5        0.79019608 0.         0.4413172         nan
  0.55       0.94901961 0.1        0.53688312]]
DUMMY mean:
[0.         0.502      0.80905882 0.004      0.44856176 0.
 0.502      0.8152549  0.004      0.44948015]
---------------------------
Current folder: C:\Users\mbamo\Dropbox\c_sldl_1_3_13
-------------------------------------
----- RESULTS from .csv files ------
-------------------------------------
---------------------------
ALG Means: 
-rows: alg : KNN = 0; DT = 1; RF = 2; SVM = 3; GBM = 4; BDDAE = 5; DUMMY = 5
columns:
'val_cohen','val_uar', 'val_acc', 'val_gm',  'val_f1',  'aro_cohen','aro_uar', 'aro_acc', 'aro_gm',  'aro_f1'
-------------------------------------------------------------
  v_c   v_u   v_a   v_g   v_f1  a_c   a_u   a_a   a_g   a_f1
[[0.376 0.676 0.842 0.52  0.678 0.264 0.633 0.827 0.424 0.622]
 [0.352 0.677 0.81  0.578 0.672 0.263 0.646 0.794 0.495 0.631]
 [0.406 0.695 0.84  0.567 0.695 0.317 0.662 0.844 0.469 0.657]
 [0.06  0.525 0.815 0.07  0.481 0.018 0.508 0.81  0.026 0.457]
 [0.263 0.617 0.843 0.344 0.606 0.188 0.582 0.831 0.26  0.562]
 [0.    0.    0.    0.    0.    0.    0.    0.    0.    0.   ]
 [0.    0.5   0.804 0.    0.445 0.    0.5   0.806 0.    0.445]]
-------------------------------------------------------------
Standard Deviation of each metric:
[[0.244 0.119 0.072 0.24  0.128 0.225 0.115 0.091 0.282 0.118]
 [0.236 0.118 0.09  0.205 0.121 0.21  0.115 0.087 0.227 0.113]
 [0.232 0.124 0.072 0.229 0.128 0.231 0.12  0.078 0.279 0.123]
 [0.179 0.076 0.061 0.205 0.104 0.085 0.04  0.091 0.124 0.057]
 [0.263 0.125 0.062 0.296 0.148 0.224 0.102 0.081 0.262 0.118]
 [0.    0.    0.    0.    0.    0.    0.    0.    0.    0.   ]
 [0.    0.    0.055 0.    0.017 0.    0.    0.094 0.    0.029]]
-------------------------------------------------------------
std_dev/mean [percentage]:
[[ 65.  18.   9.  46.  19.  85.  18.  11.  67.  19.]
 [ 67.  17.  11.  35.  18.  80.  18.  11.  46.  18.]
 [ 57.  18.   9.  40.  18.  73.  18.   9.  59.  19.]
 [297.  14.   7. 292.  22. 468.   8.  11. 470.  12.]
 [100.  20.   7.  86.  24. 119.  18.  10. 101.  21.]
 [  0.   0.   0.   0.   0.   0.   0.   0.   0.   0.]
 [  0.   0.   7.   0.   4.   0.   0.  12.   0.   7.]]
