2024-03-10 20:16:16.358498: I tensorflow/stream_executor/cuda/cuda_gpu_executor.cc:975] successful NUMA node read from SysFS had negative value (-1), but there must be at least one NUMA node, so returning NUMA node zero
2024-03-10 20:16:16.409497: I tensorflow/stream_executor/cuda/cuda_gpu_executor.cc:975] successful NUMA node read from SysFS had negative value (-1), but there must be at least one NUMA node, so returning NUMA node zero
2024-03-10 20:16:16.409743: I tensorflow/stream_executor/cuda/cuda_gpu_executor.cc:975] successful NUMA node read from SysFS had negative value (-1), but there must be at least one NUMA node, so returning NUMA node zero
2024-03-10 20:16:16.410107: I tensorflow/core/platform/cpu_feature_guard.cc:193] This TensorFlow binary is optimized with oneAPI Deep Neural Network Library (oneDNN) to use the following CPU instructions in performance-critical operations:  AVX2 FMA
To enable them in other operations, rebuild TensorFlow with the appropriate compiler flags.
2024-03-10 20:16:16.410826: I tensorflow/stream_executor/cuda/cuda_gpu_executor.cc:975] successful NUMA node read from SysFS had negative value (-1), but there must be at least one NUMA node, so returning NUMA node zero
2024-03-10 20:16:16.411026: I tensorflow/stream_executor/cuda/cuda_gpu_executor.cc:975] successful NUMA node read from SysFS had negative value (-1), but there must be at least one NUMA node, so returning NUMA node zero
2024-03-10 20:16:16.411213: I tensorflow/stream_executor/cuda/cuda_gpu_executor.cc:975] successful NUMA node read from SysFS had negative value (-1), but there must be at least one NUMA node, so returning NUMA node zero
2024-03-10 20:16:16.806053: I tensorflow/stream_executor/cuda/cuda_gpu_executor.cc:975] successful NUMA node read from SysFS had negative value (-1), but there must be at least one NUMA node, so returning NUMA node zero
2024-03-10 20:16:16.806295: I tensorflow/stream_executor/cuda/cuda_gpu_executor.cc:975] successful NUMA node read from SysFS had negative value (-1), but there must be at least one NUMA node, so returning NUMA node zero
2024-03-10 20:16:16.806475: I tensorflow/stream_executor/cuda/cuda_gpu_executor.cc:975] successful NUMA node read from SysFS had negative value (-1), but there must be at least one NUMA node, so returning NUMA node zero
2024-03-10 20:16:16.806631: I tensorflow/core/common_runtime/gpu/gpu_device.cc:1532] Created device /job:localhost/replica:0/task:0/device:GPU:0 with 5985 MB memory:  -> device: 0, name: NVIDIA GeForce RTX 3070 Ti, pci bus id: 0000:2b:00.0, compute capability: 8.6
    
    
-------------------------------
participant:  1
-------------------------------
    
    
participant:  1
Window size (sec):  5.0
step (sec):  3.75
overlap:  True
perc. of overlap:  25.0
Nearest multiple of 16 to 5000 is: 4992
Nearest multiple of 16 to 3750 is: 3744
['gsr_chunks', 'ppg_chunks', 'val_chunks', 'aro_chunks', 'time_chunks', 'tag_chunks', 'video']
/home/marcos/Dropbox (Maestral)/c_sldl_3_1_5/functions.py:880: FutureWarning: ChainedAssignmentError: behaviour will change in pandas 3.0!


See the caveats in the documentation: https://pandas.pydata.org/pandas-docs/stable/user_guide/indexing.html#returning-a-view-versus-a-copy
  combined_df_copy[labels[label]].iloc[index] = combined_df_copy[labels[label]].iloc[index].apply(map_labels_bipartite, args=(number_thresholds, threshold, L, H))
----- Extracting features...
Class Imbalance test (arousal)....
Multiclass distribution
Class=1, n=217 (65.165%)
Class=0, n=116 (34.835%)
Class Imbalance test (valence)....
Multiclass distribution
Class=0, n=132 (39.640%)
Class=1, n=201 (60.360%)
------------- Evaluating model --------------
------------- Evaluating model --------------
------------- Evaluating model --------------
------------- Evaluating model --------------
------------- Evaluating model --------------
arousal and valece = ok
------------- Evaluating model --------------
-------------------------------------
-------------------------------------
participant:  30
-------------------------------------
----- RESULTS ------
-------------------------------------
Window size (sec):  4.992
step (sec):  3.744
overlap:  True
perc. of overlap:  25.0
Number of windows / instances:  333
-rows: alg : KNN = 0; DT = 1; RF = 2; SVM = 3; GBM = 4; BDDAE = 5; DUMMY = 5
columns:
'val_cohen','val_uar', 'val_acc', 'val_gm',  'val_f1',  'aro_cohen','aro_uar', 'aro_acc', 'aro_gm',  'aro_f1'
-------------------------------------------------------------
  v_c   v_u   v_a   v_g   v_f1  a_c   a_u   a_a   a_g   a_f1
[[0.327 0.665 0.681 0.651 0.661 0.302 0.647 0.688 0.624 0.647]
 [0.385 0.682 0.693 0.689 0.679 0.282 0.638 0.661 0.646 0.632]
 [0.364 0.653 0.675 0.666 0.649 0.364 0.633 0.688 0.63  0.631]
 [0.    0.5   0.604 0.    0.376 0.    0.5   0.652 0.    0.395]
 [0.266 0.62  0.687 0.519 0.602 0.038 0.515 0.655 0.156 0.437]
 [0.    0.    0.    0.    0.    0.    0.    0.    0.    0.   ]
 [0.    0.5   0.604 0.    0.376 0.    0.5   0.652 0.    0.395]]
participant performance loaded
    
    
-------------------------------
LAST participant's saved data: 
30
-------------------------------
    
    
---------------------------
KNN performance:
[[ 0.23718846  0.61834559  0.62156863  0.61212082  0.61642905  0.41797098
   0.70255556  0.78698752  0.66635993  0.70490473]
 [        nan         nan         nan         nan         nan         nan
          nan         nan         nan         nan]
 [ 0.33263084  0.66077791  0.69010695  0.63574633  0.6611966   0.23259724
   0.61654412  0.61524064  0.60390659  0.60968969]
 [ 0.52585511  0.74698617  0.80730838  0.71465969  0.7575592   0.23616571
   0.62        0.63395722  0.61010009  0.61670393]
 [ 0.20609295  0.5937747   0.68538324  0.52738122  0.59398865  0.17116198
   0.57851779  0.67896613  0.49642524  0.57330009]
 [        nan         nan         nan         nan         nan         nan
          nan         nan         nan         nan]
 [ 0.00415673  0.5015293   0.5368984   0.46228443  0.49736597  0.33093174
   0.66051186  0.69411765  0.62646886  0.65758477]
 [        nan         nan         nan         nan         nan         nan
          nan         nan         nan         nan]
 [ 0.12450603  0.55547431  0.66381462  0.45173611  0.54581041  0.18270598
   0.58911172  0.63110517  0.55378253  0.58553301]
 [ 0.52722344  0.76466888  0.77156863  0.76079701  0.76270013  0.28316838
   0.63741324  0.66934046  0.60782421  0.63586463]
 [ 0.00898047  0.50345238  0.81390374  0.12183113  0.48327107  0.29118112
   0.64744505  0.65472371  0.64306566  0.64349138]
 [ 0.23662362  0.60952381  0.68431373  0.55282843  0.61045947  0.07786733
   0.53722944  0.60329768  0.46894289  0.5289742 ]
 [-0.01066001  0.49510989  0.70588235  0.25535973  0.48138    -0.07537804
   0.4625      0.46238859  0.45219985  0.45741737]
 [ 0.13928793  0.56997549  0.57076649  0.55809363  0.56434262  0.16670153
   0.58257576  0.63663102  0.53027859  0.57599217]
 [ 0.09854721  0.55041353  0.55811052  0.54437233  0.54741636  0.09512899
   0.54430556  0.68458111  0.41742199  0.53912043]
 [ 0.35526379  0.6758396   0.68698752  0.66725296  0.67553546  0.56630995
   0.78308824  0.78351159  0.7804638   0.78233662]
 [ 0.17150043  0.58560673  0.59144385  0.57539118  0.58269366  0.2970022
   0.65        0.64893048  0.64416685  0.64528782]
 [ 0.49972806  0.75114625  0.79001783  0.73190161  0.74730584  0.40517592
   0.70294118  0.70249554  0.69815738  0.70047647]
 [ 0.21090772  0.60175658  0.64893048  0.5726921   0.60232923  0.28390404
   0.63653846  0.67254902  0.60958168  0.63740969]
 [ 0.16636153  0.58086081  0.61613191  0.55194693  0.57760704  0.26437741
   0.62970395  0.64242424  0.6117803   0.62701509]
 [ 0.32719405  0.66461538  0.68110517  0.65072594  0.66091367  0.30248133
   0.64718615  0.68814617  0.62428786  0.64706506]]
KNN mean:
[0.23118824 0.61276985 0.67356902 0.55261786 0.60935025 0.25163632
 0.62378711 0.66052189 0.59140079 0.62045373]
---------------------------
---------------------------
DT performance:
[[ 0.25167232  0.63147467  0.63065954  0.63896663  0.62756289  0.41614337
   0.69644444  0.75329768  0.68047813  0.69120381]
 [        nan         nan         nan         nan         nan         nan
          nan         nan         nan         nan]
 [ 0.22021894  0.60884615  0.6188057   0.62019189  0.60417533  0.12137702
   0.56066176  0.56131907  0.55004604  0.55756743]
 [ 0.43219762  0.7208004   0.74500891  0.72259182  0.71472582  0.38462664
   0.69282967  0.70311943  0.69363038  0.69188442]
 [ 0.26621981  0.63381423  0.68770053  0.61071063  0.62977222  0.19202635
   0.5787747   0.63930481  0.56555816  0.57586724]
 [        nan         nan         nan         nan         nan         nan
          nan         nan         nan         nan]
 [ 0.06818769  0.51288462  0.53092692  0.50634632  0.51057451  0.31353014
   0.67153991  0.68475936  0.65400537  0.66909624]
 [        nan         nan         nan         nan         nan         nan
          nan         nan         nan         nan]
 [ 0.0521981   0.55588933  0.60953654  0.52631851  0.55365031  0.19964497
   0.5660348   0.59180036  0.58160364  0.5637415 ]
 [ 0.53020785  0.77044245  0.77745098  0.76867249  0.76836904  0.37914561
   0.71128109  0.72317291  0.68672838  0.70958529]
 [ 0.02463012  0.54839491  0.75650624  0.43912324  0.54711622  0.41945979
   0.70453297  0.71800357  0.69800244  0.70367819]
 [ 0.09424742  0.58279221  0.62754011  0.55043452  0.58151474  0.16015535
   0.60032468  0.62397504  0.54820759  0.59712053]
 [-0.08356655  0.46415385  0.60659537  0.34006351  0.4561976   0.02495874
   0.51948529  0.51960784  0.49156145  0.51814643]
 [ 0.06645999  0.54787582  0.54982175  0.53659182  0.54220307  0.14660898
   0.58917749  0.62754011  0.55319442  0.58852757]
 [ 0.05206299  0.54479612  0.56426025  0.48273061  0.54289058  0.13872
   0.5745      0.66657754  0.55219449  0.57077683]
 [ 0.35599478  0.66570175  0.66960784  0.65856736  0.66217034  0.3861999
   0.68988971  0.6902852   0.70130037  0.68909659]
 [ 0.07078455  0.55493421  0.55204991  0.55741588  0.54864821  0.2236466
   0.59774854  0.60650624  0.62495978  0.59700298]
 [ 0.34383316  0.65966403  0.7057041   0.64310872  0.6565782   0.3535579
   0.68033088  0.67860963  0.68653927  0.67725264]
 [ 0.03987545  0.49439311  0.54411765  0.44182645  0.49129363  0.32878201
   0.68135531  0.69073084  0.66479795  0.67752504]
 [ 0.26816449  0.64070513  0.65811052  0.61961554  0.63659777  0.3039793
   0.65121345  0.65445633  0.6289029   0.64787923]
 [ 0.38499381  0.68159341  0.692959    0.68915623  0.67908363  0.28234504
   0.63771645  0.66078431  0.64560262  0.63249316]]
DT mean:
[0.19102125 0.60106424 0.64040899 0.57513512 0.59739578 0.26527265
 0.63354673 0.6552139  0.62262852 0.63102473]
---------------------------
---------------------------
RF performance:
[[ 0.32099732  0.69696078  0.69946524  0.64374022  0.69610128  0.40670707
   0.71027778  0.79901961  0.67919165  0.71954951]
 [        nan         nan         nan         nan         nan         nan
          nan         nan         nan         nan]
 [ 0.28001063  0.61138375  0.62745098  0.64364711  0.6097785   0.2155438
   0.60073529  0.60035651  0.55355092  0.59770165]
 [ 0.49148572  0.73306983  0.78921569  0.70175892  0.74267276  0.50492607
   0.66950549  0.68529412  0.68730354  0.66717198]
 [ 0.26560566  0.61507905  0.68841355  0.66371443  0.61663105  0.16865204
   0.62871542  0.70588235  0.57131364  0.6313635 ]
 [        nan         nan         nan         nan         nan         nan
          nan         nan         nan         nan]
 [ 0.13757315  0.56129121  0.58475936  0.5057663   0.55841405  0.36968502
   0.68855119  0.71221034  0.67157367  0.68946336]
 [        nan         nan         nan         nan         nan         nan
          nan         nan         nan         nan]
 [ 0.09623243  0.5276087   0.60713012  0.55613066  0.5196377   0.08902667
   0.58938645  0.63395722  0.47799457  0.58652412]
 [ 0.60401619  0.80930451  0.81363636  0.78315455  0.80672185  0.46785989
   0.73439127  0.74777184  0.75060093  0.73495916]
 [ 0.14819401  0.5518555   0.7899287   0.36715021  0.54331197  0.28039216
   0.65947802  0.68226381  0.6376279   0.6586903 ]
 [ 0.14368582  0.61314935  0.66292335  0.56790006  0.61192947  0.18469021
   0.61926407  0.65713012  0.58064539  0.61687126]
 [-0.01583921  0.52466758  0.71755793  0.22900308  0.51862288  0.04644192
   0.45643382  0.45561497  0.44624382  0.45153795]
 [ 0.05692055  0.57214052  0.57326203  0.51491075  0.57038009  0.23294827
   0.63111472  0.67272727  0.51588426  0.63136858]
 [ 0.07275309  0.54009688  0.56479501  0.5046198   0.53625607  0.09471823
   0.51166667  0.64527629  0.31463123  0.50281689]
 [ 0.33298734  0.68510025  0.69304813  0.67575505  0.68214214  0.54411086
   0.76948529  0.76862745  0.7396586   0.76826842]
 [ 0.10223016  0.55996711  0.56452763  0.52407869  0.55665962  0.28415479
   0.7078655   0.71185383  0.65130152  0.70472693]
 [ 0.44427464  0.67786561  0.74144385  0.63972101  0.6832069   0.45380152
   0.73860294  0.73841355  0.70864185  0.73636349]
 [ 0.21659291  0.573335    0.62825312  0.50654921  0.57032591  0.30894299
   0.65837912  0.68493761  0.61867123  0.66101095]
 [ 0.27488978  0.63571429  0.67237077  0.57484295  0.63736734  0.34806352
   0.64424708  0.64857398  0.65062213  0.63993992]
 [ 0.36382479  0.65312271  0.67540107  0.6655526   0.64943625  0.3644066
   0.63284632  0.68814617  0.62963712  0.63085645]]
RF mean:
[0.24091305 0.61898403 0.67186572 0.5704442  0.61719977 0.29805954
 0.6472748  0.67989206 0.60472744 0.6460658 ]
---------------------------
---------------------------
SVM performance:
[[ 0.21773628  0.60411765  0.62789661  0.49557922  0.56379769  0.
   0.5         0.73877005  0.          0.42485004]
 [        nan         nan         nan         nan         nan         nan
          nan         nan         nan         nan]
 [ 0.11031049  0.5478022   0.63039216  0.25221572  0.46356478  0.13237991
   0.56636029  0.56434938  0.54826302  0.55627216]
 [ 0.47213867  0.70454545  0.80142602  0.63268059  0.7195176   0.25627026
   0.61681319  0.6758467   0.53637381  0.60446962]
 [ 0.          0.5         0.68172906  0.          0.40533835  0.
   0.5         0.68778966  0.          0.4074812 ]
 [        nan         nan         nan         nan         nan         nan
          nan         nan         nan         nan]
 [ 0.          0.5         0.60365419  0.          0.37640684  0.20349868
   0.59013736  0.66105169  0.45677917  0.55777366]
 [        nan         nan         nan         nan         nan         nan
          nan         nan         nan         nan]
 [ 0.          0.5         0.67566845  0.          0.40319549  0.
   0.5         0.62771836  0.          0.38561464]
 [ 0.60405015  0.79890977  0.81051693  0.7922745   0.80043095  0.0125395
   0.50519231  0.60080214  0.05547002  0.38861378]
 [ 0.          0.5         0.84393939  0.          0.4576658   0.
   0.5         0.60071301  0.          0.37526205]
 [ 0.          0.5         0.65775401  0.          0.39674603  0.
   0.5         0.63957219  0.          0.39007937]
 [ 0.          0.5         0.77183601  0.          0.43558153 -0.03185973
   0.48419118  0.48030303  0.25512662  0.40305887]
 [ 0.01381643  0.50663807  0.51631016  0.39714089  0.45854259  0.
   0.5         0.6426025   0.          0.39119048]
 [ 0.          0.5         0.5855615   0.          0.36927512  0.
   0.5         0.73270945  0.          0.42285367]
 [ 0.35282349  0.66736842  0.69946524  0.61980055  0.66140011  0.55553587
   0.77794118  0.77780749  0.77474942  0.77661045]
 [ 0.          0.5         0.54358289  0.          0.35213865  0.11021002
   0.55157895  0.57932264  0.46703194  0.52265035]
 [ 0.08666924  0.53442688  0.69064171  0.25907172  0.48651741  0.47099058
   0.73547794  0.7355615   0.72841722  0.73249065]
 [ 0.          0.5         0.63663102  0.          0.38897547  0.06451427
   0.52797619  0.61853832  0.24860961  0.45430026]
 [ 0.          0.5         0.62165775  0.          0.38330856  0.21031489
   0.59890351  0.63351159  0.45730337  0.54703768]
 [ 0.          0.5         0.60365419  0.          0.37640684  0.
   0.5         0.6516934   0.          0.39452381]]
SVM mean:
[0.10319693 0.54798936 0.66679541 0.19159796 0.4721561  0.11024412
 0.55303178 0.64714795 0.25156246 0.48528515]
---------------------------
---------------------------
GBM performance:
[[ 0.43830136  0.71703023  0.72379679  0.70973756  0.71506756  0.23396415
   0.596       0.77798574  0.4068387   0.58490438]
 [        nan         nan         nan         nan         nan         nan
          nan         nan         nan         nan]
 [ 0.33613645  0.66107721  0.71131907  0.58944857  0.65130113  0.26524316
   0.63014706  0.62754011  0.60264183  0.61537116]
 [ 0.51866232  0.73068182  0.81613191  0.67157061  0.7469782   0.42738708
   0.69618132  0.74812834  0.65340306  0.69885743]
 [ 0.10615928  0.54185771  0.69991087  0.26328814  0.49414165 -0.02195964
   0.49130435  0.67575758  0.          0.40308046]
 [        nan         nan         nan         nan         nan         nan
          nan         nan         nan         nan]
 [ 0.06067345  0.52940476  0.61238859  0.31334883  0.47138746  0.43801937
   0.70783545  0.74491979  0.67219274  0.71169661]
 [        nan         nan         nan         nan         nan         nan
          nan         nan         nan         nan]
 [ 0.06331994  0.5248419   0.68475936  0.1779075   0.46000798  0.08225941
   0.53438645  0.6486631   0.23852548  0.4628303 ]
 [ 0.6809042   0.8371284   0.84376114  0.83690396  0.83714064  0.49614668
   0.74351793  0.76247772  0.73185516  0.74574866]
 [ 0.03594141  0.51297619  0.84081996  0.0439155   0.48503537  0.25584898
   0.61464286  0.68475936  0.48854668  0.58429358]
 [ 0.10871768  0.5452381   0.67254902  0.33674473  0.50575086  0.20713327
   0.58988095  0.69661319  0.4375018   0.56360961]
 [ 0.          0.5         0.77183601  0.          0.43558153  0.09207547
   0.54025735  0.54019608  0.53489289  0.53757634]
 [ 0.13635698  0.56499183  0.56755793  0.53496055  0.55838049  0.18506958
   0.579329    0.68137255  0.41656144  0.55268409]
 [ 0.09642692  0.54329815  0.61221034  0.30813087  0.47634448  0.
   0.5         0.73270945  0.          0.42285367]
 [ 0.47116397  0.72561404  0.74438503  0.71448193  0.72745509  0.52139091
   0.76139706  0.75980392  0.7533604   0.75715541]
 [ 0.1622218   0.58134137  0.60356506  0.5159156   0.5596675   0.31687662
   0.65520468  0.6701426   0.6288619   0.65097539]
 [ 0.10910822  0.54527668  0.69349376  0.31651425  0.51038038  0.53262819
   0.76672794  0.76604278  0.76049185  0.7639198 ]
 [ 0.00444444  0.50178571  0.63663102  0.02886751  0.39624849  0.18433194
   0.58792125  0.6573975   0.47335244  0.56544704]
 [ 0.21484922  0.59457875  0.66666667  0.5059337   0.58134146  0.34216206
   0.66552997  0.68467023  0.62403454  0.65620897]
 [ 0.26606042  0.62027473  0.6872549   0.51902312  0.60213276  0.0380805
   0.51515152  0.65454545  0.15626049  0.43651547]]
GBM mean:
[0.211636   0.59874431 0.69939097 0.41037183 0.5674635  0.25536987
 0.6208564  0.69520697 0.47662897 0.59520713]
---------------------------
---------------------------
BDDAE performance:
[[0. 0. 0. 0. 0. 0. 0. 0. 0. 0.]
 [0. 0. 0. 0. 0. 0. 0. 0. 0. 0.]
 [0. 0. 0. 0. 0. 0. 0. 0. 0. 0.]
 [0. 0. 0. 0. 0. 0. 0. 0. 0. 0.]
 [0. 0. 0. 0. 0. 0. 0. 0. 0. 0.]
 [0. 0. 0. 0. 0. 0. 0. 0. 0. 0.]
 [0. 0. 0. 0. 0. 0. 0. 0. 0. 0.]
 [0. 0. 0. 0. 0. 0. 0. 0. 0. 0.]
 [0. 0. 0. 0. 0. 0. 0. 0. 0. 0.]
 [0. 0. 0. 0. 0. 0. 0. 0. 0. 0.]
 [0. 0. 0. 0. 0. 0. 0. 0. 0. 0.]
 [0. 0. 0. 0. 0. 0. 0. 0. 0. 0.]
 [0. 0. 0. 0. 0. 0. 0. 0. 0. 0.]
 [0. 0. 0. 0. 0. 0. 0. 0. 0. 0.]
 [0. 0. 0. 0. 0. 0. 0. 0. 0. 0.]
 [0. 0. 0. 0. 0. 0. 0. 0. 0. 0.]
 [0. 0. 0. 0. 0. 0. 0. 0. 0. 0.]
 [0. 0. 0. 0. 0. 0. 0. 0. 0. 0.]
 [0. 0. 0. 0. 0. 0. 0. 0. 0. 0.]
 [0. 0. 0. 0. 0. 0. 0. 0. 0. 0.]
 [0. 0. 0. 0. 0. 0. 0. 0. 0. 0.]]
BDDAE mean:
[0. 0. 0. 0. 0. 0. 0. 0. 0. 0.]
---------------------------
---------------------------
DUMMY performance:
[[0.         0.5        0.53761141 0.         0.34961086 0.
  0.5        0.73877005 0.         0.42485004]
 [0.         0.5        0.54064171 0.         0.35090498 0.
  0.5        0.60953654 0.         0.3786964 ]
 [0.         0.5        0.5916221  0.         0.37166989 0.
  0.5        0.50757576 0.         0.33665306]
 [0.         0.5        0.66666667 0.         0.39998747 0.
  0.5        0.60071301 0.         0.37526205]
 [0.         0.5        0.68172906 0.         0.40533835 0.
  0.5        0.68778966 0.         0.4074812 ]
 [0.         0.5        0.51942959 0.         0.34184615 0.
  0.5        0.53761141 0.         0.34961086]
 [0.         0.5        0.60365419 0.         0.37640684 0.
  0.5        0.59768271 0.         0.37406467]
 [0.         0.5        0.57950089 0.         0.36688034 0.
  0.5        0.57361854 0.         0.36450438]
 [0.         0.5        0.67566845 0.         0.40319549 0.
  0.5        0.62771836 0.         0.38561464]
 [0.         0.5        0.5916221  0.         0.37166989 0.
  0.5        0.59768271 0.         0.37406467]
 [0.         0.5        0.84393939 0.         0.4576658  0.
  0.5        0.60071301 0.         0.37526205]
 [0.         0.5        0.65775401 0.         0.39674603 0.
  0.5        0.63957219 0.         0.39007937]
 [0.         0.5        0.77183601 0.         0.43558153 0.
  0.5        0.50151515 0.         0.33395918]
 [0.         0.5        0.51648841 0.         0.3405641  0.
  0.5        0.6426025  0.         0.39119048]
 [0.         0.5        0.5855615  0.         0.36927512 0.
  0.5        0.73270945 0.         0.42285367]
 [0.         0.5        0.57067736 0.         0.3633164  0.
  0.5        0.50757576 0.         0.33665306]
 [0.         0.5        0.54358289 0.         0.35213865 0.
  0.5        0.54946524 0.         0.35460599]
 [0.         0.5        0.68475936 0.         0.40640977 0.
  0.5        0.50454545 0.         0.33530612]
 [0.         0.5        0.63663102 0.         0.38897547 0.
  0.5        0.60659537 0.         0.37755162]
 [0.         0.5        0.62165775 0.         0.38330856 0.
  0.5        0.54652406 0.         0.35337232]
 [0.         0.5        0.60365419 0.         0.37640684 0.
  0.5        0.6516934  0.         0.39452381]]
DUMMY mean:
[0.         0.5        0.62022324 0.         0.3813285  0.
 0.5        0.59820049 0.         0.37315046]
---------------------------
Current folder: /home/marcos/Dropbox (Maestral)/c_sldl_3_1_5
-------------------------------------
----- RESULTS ------
-------------------------------------
Window size (sec):  4.992
step (sec):  3.744
overlap:  True
perc. of overlap:  25.0
Number of windows / instances:  333
---------------------------
ALG Means: 
-rows: alg : KNN = 0; DT = 1; RF = 2; SVM = 3; GBM = 4; BDDAE = 5; DUMMY = 5
columns:
'val_cohen','val_uar', 'val_acc', 'val_gm',  'val_f1',  'aro_cohen','aro_uar', 'aro_acc', 'aro_gm',  'aro_f1'
-------------------------------------------------------------
  v_c   v_u   v_a   v_g   v_f1  a_c   a_u   a_a   a_g   a_f1
[[0.231 0.613 0.674 0.553 0.609 0.252 0.624 0.661 0.591 0.62 ]
 [0.191 0.601 0.64  0.575 0.597 0.265 0.634 0.655 0.623 0.631]
 [0.241 0.619 0.672 0.57  0.617 0.298 0.647 0.68  0.605 0.646]
 [0.103 0.548 0.667 0.192 0.472 0.11  0.553 0.647 0.252 0.485]
 [0.212 0.599 0.699 0.41  0.567 0.255 0.621 0.695 0.477 0.595]
 [0.    0.    0.    0.    0.    0.    0.    0.    0.    0.   ]
 [0.    0.5   0.62  0.    0.381 0.    0.5   0.598 0.    0.373]]
Elapsed time: 479.79861466884614 minutes
Elapsed time: 7.996643577814102 hours
