2024-03-14 04:32:13.445918: I tensorflow/core/util/port.cc:113] oneDNN custom operations are on. You may see slightly different numerical results due to floating-point round-off errors from different computation orders. To turn them off, set the environment variable `TF_ENABLE_ONEDNN_OPTS=0`.
2024-03-14 04:32:17.224596: I tensorflow/core/util/port.cc:113] oneDNN custom operations are on. You may see slightly different numerical results due to floating-point round-off errors from different computation orders. To turn them off, set the environment variable `TF_ENABLE_ONEDNN_OPTS=0`.
2024-03-14 04:32:26.477794: I tensorflow/core/platform/cpu_feature_guard.cc:210] This TensorFlow binary is optimized to use available CPU instructions in performance-critical operations.
To enable the following instructions: AVX2 FMA, in other operations, rebuild TensorFlow with the appropriate compiler flags.
    
    
-------------------------------
participant:  1
-------------------------------
    
    
participant:  1
corriendo en PC gamer:
Window size (sec):  1.0
step (sec):  0.75
overlap:  True
perc. of overlap:  25.0
overlap duration (sec):  0.25
Nearest multiple of 16 to 1000 is: 992
Nearest multiple of 16 to 750 is: 752
['gsr_chunks', 'ppg_chunks', 'val_chunks', 'aro_chunks', 'time_chunks', 'tag_chunks', 'video']
C:\Users\Javier\Dropbox\c_sldl_1_2_9\functions.py:880: FutureWarning: ChainedAssignmentError: behaviour will change in pandas 3.0!

[1m11/11[0m [32m━━━━━━━━━━━━━━━━━━━━[0m[37m[0m [1m0s[0m 9ms/step  
[1m11/11[0m [32m━━━━━━━━━━━━━━━━━━━━[0m[37m[0m [1m0s[0m 9ms/step
predicted [0.6248101  0.6105397  0.67840296 0.70734704 0.30201364 0.85538715
 0.22039187 0.6611638  0.08057941 0.06155819 0.8234851  0.04567326
 0.82914233 0.5331911  0.6080739  0.7377777  0.6667231  0.71334416
 0.83748937 0.8260375  0.6135855  0.8411323  0.03093829 0.61818665
 0.84479576 0.02610529 0.59860355 0.7362728  0.69610953 0.55889857
 0.23568816 0.64290535 0.66154844 0.5468241  0.6758666  0.2600228
 0.825549   0.82909584 0.7322599  0.8259758  0.58117044 0.7098546
 0.8417605  0.28434357 0.6236114  0.05365777 0.70955515 0.5580619
 0.60457826 0.8347063  0.5939386  0.702042   0.58397406 0.71435887
 0.6701255  0.84089947 0.02947491 0.21625955 0.65709853 0.84436244
 0.83770925 0.7440819  0.732751   0.7462312  0.72070545 0.91621965
 0.10687969 0.83847237 0.8590802  0.87107104 0.5792759  0.15647466
 0.8691884  0.85104734 0.6848732  0.7260953  0.700647   0.69995964
 0.5962044  0.04395057 0.6832051  0.01678802 0.6074202  0.7928155
 0.7379073  0.60099506 0.59174454 0.8402324  0.05308027 0.6113588
 0.6438332  0.6786039  0.8339558  0.8410834  0.84219897 0.73237324
 0.15934145 0.70854664 0.77851725 0.7218498  0.7146019  0.70036566
 0.5890535  0.8016733  0.60235566 0.8205667  0.5940747  0.69498014
 0.26778913 0.590017   0.5832093  0.8778592  0.8371335  0.637674
 0.0406654  0.8630595  0.6798817  0.77088565 0.71639407 0.8814736
 0.05250216 0.91032207 0.6383641  0.8507995  0.04589949 0.20244187
 0.6308994  0.1574053  0.8021249  0.6710964  0.8330778  0.18151231
 0.61850023 0.87861025 0.8269228  0.8213085  0.87249714 0.858214
 0.78712    0.76651156 0.5778477  0.55936927 0.7230376  0.63846225
 0.91254926 0.71646893 0.85197353 0.721497   0.76196647 0.7443551
 0.33783853 0.55489016 0.7823413  0.74359643 0.6798834  0.6505282
 0.59569454 0.83530843 0.8440624  0.6184274  0.8410529  0.63262224
 0.70629215 0.8060981  0.73915344 0.5636531  0.54458696 0.6212318
 0.5952568  0.74572    0.8228379  0.62147856 0.7947212  0.63236606
 0.5866265  0.8099759  0.7062053  0.8823505  0.9196132  0.2664485
 0.7010617  0.7857186  0.8329605  0.87817144 0.7566284  0.11103268
 0.89876866 0.63960946 0.77130806 0.8302834  0.81849724 0.6308477
 0.78249943 0.77525425 0.88024855 0.81479377 0.7180105  0.05098841
 0.71144664 0.6934114  0.81967765 0.7217592  0.7317462  0.60547996
 0.822044   0.79473    0.8258285  0.6193353  0.28023666 0.6312103
 0.06299846 0.23631807 0.5517876  0.05432692 0.9026608  0.6862223
 0.6526493  0.9018588  0.6651056  0.64437044 0.6998584  0.7325485
 0.68728614 0.25799128 0.86193335 0.6603176  0.5727941  0.86213696
 0.6649692  0.85281384 0.7094035  0.8403843  0.7190149  0.65559363
 0.5628097  0.32083213 0.69365275 0.6246378  0.70988345 0.6055589
 0.86647654 0.6160296  0.70949876 0.06355188 0.6531381  0.2240754
 0.6790228  0.7172007  0.5730529  0.5996498  0.588081   0.05833556
 0.7515569  0.8623928  0.7022153  0.827851   0.7414385  0.62867546
 0.71771157 0.82842684 0.58520895 0.5805218  0.06332083 0.02631426
 0.0404898  0.5725943  0.62502825 0.68115413 0.70404315 0.8402108
 0.72058797 0.31236765 0.8406006  0.7198447  0.8458005  0.7306745
 0.6079371  0.6846633  0.04137103 0.7006079  0.63954735 0.6113076
 0.10437264 0.62873983 0.65111685 0.82246625 0.57155085 0.9039906
 0.05721425 0.61384726 0.66916746 0.33542478 0.68129325 0.57949245
 0.59418815 0.836439   0.7359843  0.5971827  0.07144176 0.25899088
 0.5426719  0.7036843  0.8383328  0.8470187  0.11410058 0.6009175
 0.03870917 0.8554286  0.63566756 0.60597765 0.8373379  0.5900461
 0.6396114  0.8795564  0.7371092  0.80663776 0.5598662  0.8670376
 0.8202674  0.69239014 0.72273505 0.63633347 0.73244584 0.6104293
 0.7427689  0.6032074  0.71780694 0.6854649  0.04329432 0.7109697
 0.850783   0.61465365 0.03125335 0.6116808  0.8318647  0.04675994
 0.72753465]
predicted [1 1 1 1 0 1 0 1 0 0 1 0 1 1 1 1 1 1 1 1 1 1 0 1 1 0 1 1 1 1 0 1 1 1 1 0 1
 1 1 1 1 1 1 0 1 0 1 1 1 1 1 1 1 1 1 1 0 0 1 1 1 1 1 1 1 1 0 1 1 1 1 0 1 1
 1 1 1 1 1 0 1 0 1 1 1 1 1 1 0 1 1 1 1 1 1 1 0 1 1 1 1 1 1 1 1 1 1 1 0 1 1
 1 1 1 0 1 1 1 1 1 0 1 1 1 0 0 1 0 1 1 1 0 1 1 1 1 1 1 1 1 1 1 1 1 1 1 1 1
 1 1 0 1 1 1 1 1 1 1 1 1 1 1 1 1 1 1 1 1 1 1 1 1 1 1 1 1 1 1 1 0 1 1 1 1 1
 0 1 1 1 1 1 1 1 1 1 1 1 0 1 1 1 1 1 1 1 1 1 1 0 1 0 0 1 0 1 1 1 1 1 1 1 1
 1 0 1 1 1 1 1 1 1 1 1 1 1 0 1 1 1 1 1 1 1 0 1 0 1 1 1 1 1 0 1 1 1 1 1 1 1
 1 1 1 0 0 0 1 1 1 1 1 1 0 1 1 1 1 1 1 0 1 1 1 0 1 1 1 1 1 0 1 1 0 1 1 1 1
 1 1 0 0 1 1 1 1 0 1 0 1 1 1 1 1 1 1 1 1 1 1 1 1 1 1 1 1 1 1 1 1 0 1 1 1 0
 1 1 0 1]
expected [ True  True  True  True False  True False  True False False  True False
 False  True  True  True False False  True  True  True  True False False
  True False  True False False  True  True  True False  True  True  True
  True  True False  True  True False  True False  True False  True  True
  True  True False  True  True  True False  True False False  True  True
  True  True False False  True  True False  True  True  True  True False
  True  True  True False False False  True False  True False  True  True
  True False  True  True False  True False False  True  True  True False
 False False  True  True False  True  True  True False  True False  True
 False  True  True False  True  True False  True False  True  True  True
 False  True  True  True False  True False False  True  True  True False
  True  True False  True  True  True False  True  True  True  True False
  True False  True  True  True  True False False False False  True  True
  True  True  True False  True  True False  True  True  True False False
  True False  True False  True False  True  True False  True  True False
 False False  True  True  True False  True False  True  True  True  True
 False  True  True  True False False  True  True  True False  True False
  True  True  True  True False False False False  True False  True False
 False  True  True  True False False  True False  True  True  True  True
  True  True  True  True False  True False False  True False  True False
 False  True False False  True  True  True  True  True False  True False
 False  True False  True False False  True  True False  True False False
 False  True False False  True  True False False  True  True False  True
  True  True False  True False  True False  True  True  True False  True
 False  True False False  True  True  True  True False  True False False
  True  True  True  True False  True False  True False False  True False
 False  True  True  True  True  True  True False  True  True  True  True
  True  True  True False False  True  True False False  True  True False
 False]
accuracy: 0.744807121661721
confusion matrix: 
[[ 50  82]
 [  4 201]]
              precision    recall  f1-score   support

       False       0.93      0.38      0.54       132
        True       0.71      0.98      0.82       205

    accuracy                           0.74       337
   macro avg       0.82      0.68      0.68       337
weighted avg       0.79      0.74      0.71       337

macro avg f1-score: 0.6807024502027146
macro avg (UAR): 0.6796378418329638
Sensitivity:  0.3787878787878788
Specificity:  0.9804878048780488
g-mean:  0.6094234125689131
-------- Model Performance ----------: 
accuracy:  [0.67952522 0.72403561 0.70029674 0.6379822  0.74480712 0.71216617
 0.77151335 0.68249258 0.73590504 0.74480712]
gmean:  [0.55316064 0.57526625 0.58624288 0.62095699 0.61839264 0.57898017
 0.66592716 0.5592731  0.6222055  0.60942341]
f1_score:  [0.61382735 0.65119696 0.64199089 0.62308398 0.68484124 0.64565922
 0.72385574 0.6185242  0.68082027 0.68070245]
UAR:  [0.61923503 0.6558204  0.64305248 0.62420547 0.68233555 0.64876201
 0.71507761 0.62302291 0.67771619 0.67963784]
Cohen Kappa score:  [0.26177437 0.3498662  0.31267543 0.24641666 0.40510694 0.33001988
 0.47289199 0.26969114 0.39074529 0.40151984]
arousal and valece = ok
------------- Evaluating model --------------
-------------------------------------
-------------------------------------
participant:  30
-------------------------------------
----- RESULTS ------
-------------------------------------
Window size (sec):  0.992
step (sec):  0.752
overlap:  True
perc. of overlap:  24.193548387096776
overlap duration (sec):  0.24
Number of windows / instances:  1681
-rows: alg : KNN = 0; DT = 1; RF = 2; SVM = 3; GBM = 4; BDDAE = 5; DUMMY = 5
columns:
'val_cohen','val_uar', 'val_acc', 'val_gm',  'val_f1',  'aro_cohen','aro_uar', 'aro_acc', 'aro_gm',  'aro_f1'
-------------------------------------------------------------
  v_c   v_u   v_a   v_g   v_f1  a_c   a_u   a_a   a_g   a_f1
[[ 0.471  0.735  0.748  0.732  0.735  0.398  0.694  0.732  0.681  0.698]
 [ 0.386  0.697  0.707  0.689  0.695  0.322  0.671  0.704  0.67   0.672]
 [ 0.481  0.72   0.74   0.724  0.723  0.455  0.709  0.742  0.711  0.712]
 [ 0.37   0.675  0.718  0.64   0.677  0.377  0.674  0.737  0.64   0.683]
 [ 0.28   0.622  0.701  0.502  0.601  0.363  0.656  0.751  0.571  0.66 ]
 [ 0.344  0.657  0.713  0.599  0.656 -0.02   0.491  0.628  0.097  0.404]
 [ 0.     0.5    0.608  0.     0.378  0.     0.5    0.648  0.     0.393]]
participant performance loaded
    
    
-------------------------------
LAST participant's saved data: 
30
-------------------------------
    
    
---------------------------
KNN performance:
[[0.46724826 0.73120629 0.73827839 0.72548049 0.73225913 0.46260194
  0.71746294 0.8072767  0.69193165 0.73023478]
 [0.50357392 0.75274448 0.75251479 0.75167491 0.7512763  0.50608625
  0.74872152 0.76980135 0.74014633 0.75188883]
 [0.45465371 0.72307766 0.73704565 0.71463418 0.72567264 0.39906593
  0.69987964 0.69957735 0.69861401 0.69891396]
 [0.27353846 0.63590188 0.64127219 0.63061627 0.63550946 0.17992297
  0.58101791 0.6948084  0.51015878 0.58366388]
 [0.50535425 0.74397218 0.77039659 0.73132869 0.75061821 0.48668587
  0.74291899 0.74420611 0.74180639 0.74305603]
 [0.39443009 0.69695057 0.69777402 0.69481854 0.69645181 0.54695504
  0.7728724  0.77510566 0.77182091 0.77329328]
 [0.23787082 0.61532244 0.64367075 0.59448062 0.61556967 0.34677907
  0.67339965 0.67337983 0.67232065 0.6729059 ]
 [0.77752614 0.87488569 0.90480417 0.86958314 0.88833812 0.6117756
  0.807244   0.81203508 0.8058563  0.80555433]
 [0.34557368 0.65720736 0.74302973 0.6134197  0.66752703 0.22424122
  0.60107574 0.70196886 0.5379084  0.60510104]
 [0.40101974 0.70016975 0.70139476 0.69820726 0.69988017 0.32368298
  0.66179154 0.66386306 0.6603689  0.66147298]
 [0.10898038 0.55316754 0.58358693 0.52975677 0.55180292 0.39758326
  0.6940844  0.71682516 0.68273677 0.69722953]
 [0.51122384 0.74974993 0.77214356 0.74169793 0.75467198 0.43788586
  0.71772217 0.73347422 0.71330788 0.71866343]
 [0.32267426 0.66051072 0.67043533 0.65615628 0.6608268  0.25434334
  0.6269276  0.63536207 0.62290836 0.62679285]
 [0.25473204 0.62121344 0.67637363 0.59051553 0.62426415 0.41973374
  0.70865359 0.71263032 0.70489308 0.70885181]
 [0.29663969 0.64264029 0.7007643  0.61652485 0.64643039 0.27460344
  0.63722076 0.6573401  0.63044703 0.63690073]
 [0.2541945  0.62403863 0.64841505 0.60922882 0.6252475  0.51680066
  0.7494685  0.78941251 0.7370998  0.75728187]
 [0.4990632  0.74720535 0.758439   0.74307541 0.74894851 0.35207276
  0.67225477 0.6942202  0.66078132 0.67450438]
 [0.2946583  0.6231642  0.84652015 0.52798305 0.64346345 0.27759372
  0.63741788 0.65495914 0.6300867  0.63824686]
 [0.46723637 0.72519312 0.77806777 0.71099631 0.73301709 0.48722567
  0.7421873  0.74776698 0.73919506 0.74304799]
 [0.35417362 0.66862405 0.72159763 0.64462159 0.67467397 0.31208371
  0.64898612 0.69539659 0.62303725 0.65272093]
 [0.06482592 0.52726485 0.72577839 0.37548664 0.52178528 0.04367012
  0.52182275 0.52172443 0.51915906 0.52043931]
 [0.26266016 0.63168023 0.63057199 0.62997621 0.6301387  0.20909875
  0.59977876 0.65260637 0.56954485 0.60183723]
 [0.19736654 0.59630654 0.61930826 0.57967606 0.59626526 0.24356153
  0.61063654 0.7299204  0.54873353 0.61676831]
 [0.16770051 0.58389167 0.58476331 0.5831884  0.58364936 0.30764722
  0.65237858 0.66147859 0.64563877 0.6524798 ]
 [0.31441841 0.65670745 0.66449    0.65304405 0.65661975 0.57151338
  0.78565177 0.7858446  0.78420121 0.78528433]
 [0.23471654 0.61694028 0.62162581 0.61243907 0.61627562 0.48700245
  0.74341626 0.74718935 0.74158414 0.74310191]
 [0.54733124 0.75844987 0.81377501 0.74156107 0.77217735 0.42878702
  0.71395255 0.71507819 0.70878702 0.71239677]
 [0.13603133 0.56574728 0.61687447 0.53266746 0.56543539 0.43881994
  0.71428999 0.73708087 0.70353579 0.71786832]
 [0.18653467 0.59021692 0.63175542 0.56288221 0.59033699 0.25576247
  0.62702632 0.63353409 0.62157623 0.62677474]
 [0.47069645 0.73543867 0.7477705  0.7324607  0.73510054 0.39772223
  0.69434251 0.7322767  0.68123814 0.6979981 ]]
KNN mean:
[0.3435549  0.66698631 0.70477458 0.64660607 0.66980778 0.37337694
 0.68348678 0.70987144 0.66998081 0.68517581]
---------------------------
---------------------------
DT performance:
[[0.34674378 0.67901446 0.68293181 0.66847295 0.67889765 0.42271725
  0.70418528 0.77516906 0.69771766 0.70419918]
 [0.50679914 0.7511655  0.75255001 0.75631401 0.75073693 0.45451739
  0.7450871  0.75610031 0.73724336 0.74423817]
 [0.40154777 0.70549653 0.70969992 0.69248667 0.70455757 0.36335772
  0.6852703  0.6853022  0.68885812 0.68427808]
 [0.28702118 0.64750194 0.64903142 0.63404873 0.64665249 0.17943147
  0.5794923  0.65433573 0.54066589 0.57827584]
 [0.45362102 0.72573526 0.73230487 0.71149356 0.72283154 0.4241857
  0.70967489 0.70970344 0.71176597 0.70918449]
 [0.29267762 0.6431261  0.64365666 0.64643149 0.64227945 0.50830314
  0.74398321 0.74598831 0.74485077 0.74416944]
 [0.25118357 0.61517659 0.62943435 0.60873684 0.61471577 0.28026225
  0.63413241 0.6341716  0.62367945 0.63363942]
 [0.74678629 0.87540684 0.89113835 0.87040718 0.87699487 0.56991962
  0.78699451 0.79599535 0.78063614 0.78762859]
 [0.2465561  0.62434061 0.67222105 0.60201362 0.62319806 0.17796624
  0.59052093 0.64485418 0.57718845 0.58896523]
 [0.32677096 0.66002886 0.66035855 0.66775346 0.65987464 0.31845817
  0.66429459 0.66564877 0.65351834 0.66372188]
 [0.13085503 0.57041646 0.58598549 0.55973055 0.56891965 0.34570207
  0.68948806 0.69959496 0.67664378 0.68851806]
 [0.3995181  0.69345526 0.71028107 0.69365804 0.69452892 0.32692816
  0.66556293 0.6799204  0.65555955 0.66481375]
 [0.24667745 0.6241895  0.63002606 0.62717758 0.62314826 0.17313176
  0.59431191 0.60083474 0.5910543  0.59358065]
 [0.21849758 0.61369511 0.64601296 0.60628065 0.61237406 0.37790459
  0.69777296 0.69896802 0.69979194 0.69722207]
 [0.26356712 0.6401456  0.67517258 0.6282987  0.63803407 0.24500989
  0.61568171 0.63771837 0.61790495 0.61583658]
 [0.23184217 0.61377221 0.62524655 0.60309218 0.61254595 0.37385438
  0.69143946 0.71924838 0.68848939 0.69027394]
 [0.44635099 0.72398515 0.7281206  0.72235926 0.72196864 0.34928862
  0.6611856  0.67399267 0.67427077 0.66107196]
 [0.31492811 0.6584798  0.82451395 0.6090432  0.6593653  0.37085864
  0.68282469 0.69304734 0.67795578 0.68198432]
 [0.48435881 0.73429369 0.77211538 0.72297372 0.73477625 0.39789453
  0.70103718 0.70195125 0.70958871 0.69994738]
 [0.29599558 0.64286767 0.68054029 0.62987717 0.64362809 0.26504552
  0.62599895 0.65020428 0.60325564 0.62414542]
 [0.03569174 0.52892713 0.65913638 0.45343855 0.52745315 0.00777178
  0.51348174 0.51341927 0.52674046 0.51154452]
 [0.18237071 0.59951844 0.59963018 0.59915321 0.59900783 0.14739534
  0.57770158 0.61274655 0.58060201 0.57698538]
 [0.13352336 0.55204203 0.56870597 0.54252305 0.55189022 0.17785034
  0.60171056 0.68292829 0.55114407 0.60055636]
 [0.13864214 0.57435971 0.57528529 0.57579509 0.57347158 0.28968645
  0.64880595 0.65437447 0.65029336 0.64835554]
 [0.30616441 0.65723694 0.662102   0.64987956 0.65618324 0.4538418
  0.71741411 0.71738518 0.72920983 0.71717793]
 [0.26388945 0.61311855 0.61627571 0.61618156 0.6130233  0.4286805
  0.71437744 0.71745914 0.71077675 0.71389169]
 [0.45778794 0.73872532 0.76382079 0.73272383 0.73415651 0.39777751
  0.7007207  0.70078895 0.69197551 0.70009247]
 [0.1155671  0.56496659 0.59782685 0.53411471 0.56349637 0.35651874
  0.67821767 0.69066991 0.68823852 0.67815335]
 [0.16293989 0.58750935 0.6121337  0.57800048 0.58685705 0.21684568
  0.60689548 0.60794942 0.60243724 0.60551084]
 [0.38642863 0.69703085 0.70730487 0.68877558 0.69497822 0.32247706
  0.67121443 0.70373697 0.67043761 0.67241952]]
DT mean:
[0.30251012 0.6518576  0.67545212 0.64104117 0.65101819 0.32411941
 0.66331595 0.68080692 0.65841648 0.6626794 ]
---------------------------
---------------------------
RF performance:
[[0.4736089  0.7167767  0.72102353 0.7201256  0.71743081 0.46006343
  0.71743872 0.80965061 0.68863378 0.73087594]
 [0.54227541 0.80165113 0.8036947  0.78534645 0.80181572 0.56199712
  0.77821019 0.79060299 0.76618353 0.7786455 ]
 [0.43807476 0.72001239 0.72816638 0.72532118 0.72100789 0.44242617
  0.71823982 0.71862496 0.70856142 0.71805542]
 [0.33302011 0.67209291 0.67639124 0.64835148 0.67174878 0.1999199
  0.58868297 0.68949704 0.54717905 0.59292416]
 [0.58387328 0.76985638 0.78405537 0.76887388 0.77202504 0.52205251
  0.75504383 0.75612144 0.75118886 0.75511189]
 [0.39974197 0.70287715 0.70313469 0.70792653 0.70244928 0.51348334
  0.75243164 0.75550155 0.77367076 0.75284742]
 [0.29429861 0.65556482 0.67580304 0.63578744 0.65714098 0.37891973
  0.68534609 0.68531981 0.65549881 0.68477973]
 [0.79207997 0.9002972  0.91790645 0.89782006 0.90636377 0.64201503
  0.817784   0.82631023 0.81454947 0.81884908]
 [0.34807238 0.66628808 0.73174486 0.64312318 0.67207273 0.24377874
  0.60567345 0.68411524 0.57837699 0.60922571]
 [0.41304045 0.71595961 0.71626162 0.71080769 0.715643   0.41029023
  0.69675436 0.69956326 0.71009593 0.69645268]
 [0.15042392 0.58945237 0.6145217  0.57243434 0.58911992 0.4273149
  0.70824211 0.72695125 0.70793399 0.71088031]
 [0.50347325 0.76504465 0.77870175 0.76389609 0.7661875  0.38649952
  0.697589   0.71384897 0.71035262 0.69824536]
 [0.33324361 0.65355367 0.66392294 0.65395009 0.65361355 0.2520654
  0.62660138 0.63471753 0.61112813 0.62606996]
 [0.26502342 0.63068881 0.6811144  0.61067804 0.63376327 0.43524396
  0.72853878 0.73050859 0.71377103 0.7285226 ]
 [0.31023808 0.64719759 0.70433573 0.62232938 0.6515258  0.31628973
  0.62786641 0.65552973 0.63472639 0.62910574]
 [0.21840093 0.63441465 0.65618484 0.60873403 0.63567592 0.46537944
  0.71500353 0.7549204  0.706326   0.72047632]
 [0.56148668 0.783094   0.78937729 0.77290074 0.78289408 0.39470476
  0.67732268 0.69485066 0.68273005 0.67894692]
 [0.36353963 0.66841319 0.84949634 0.59249593 0.68411789 0.45664343
  0.70057979 0.71866019 0.72562774 0.70272636]
 [0.52139488 0.75159449 0.792357   0.74134956 0.75475186 0.49513497
  0.74548158 0.75015497 0.73783042 0.74591471]
 [0.3449281  0.67325325 0.71443717 0.66600372 0.67682246 0.2760701
  0.63926808 0.67339744 0.60397356 0.64045985]
 [0.06117199 0.53033675 0.71803325 0.32747654 0.52852433 0.04215499
  0.5115558  0.51160538 0.54298888 0.51101556]
 [0.21236858 0.63716802 0.63773598 0.61981662 0.63675767 0.20366722
  0.612736   0.66208791 0.59632611 0.61445513]
 [0.15932992 0.5937462  0.61213722 0.58427741 0.59392352 0.27297369
  0.60927811 0.72219639 0.54112754 0.61500398]
 [0.16542701 0.60131298 0.60376515 0.59529767 0.60095216 0.33972212
  0.69350414 0.69839039 0.66713073 0.69325326]
 [0.33328835 0.67339174 0.68409763 0.65144179 0.67421776 0.5382859
  0.78100275 0.78108974 0.77178731 0.78094049]
 [0.2716048  0.60675991 0.61090096 0.65790543 0.60658819 0.53468129
  0.76038337 0.76564525 0.76197079 0.76048823]
 [0.51677068 0.73623994 0.78228726 0.73882685 0.74257933 0.42843939
  0.71965285 0.71979079 0.73035709 0.71945742]
 [0.18154479 0.57514673 0.62461609 0.53931872 0.57607619 0.43457283
  0.71698053 0.73291068 0.71530501 0.71859181]
 [0.25984471 0.61717052 0.6549204  0.61502947 0.61943333 0.2474354
  0.63083655 0.6364962  0.61610046 0.63051882]
 [0.48081407 0.72012818 0.74003593 0.7240423  0.72263861 0.45484955
  0.70903981 0.74182164 0.71141288 0.71186647]]
RF mean:
[0.36108011 0.68031613 0.71237203 0.66338961 0.68226204 0.39256916
 0.69090228 0.71469604 0.68276151 0.69249023]
---------------------------
---------------------------
SVM performance:
[[3.67479555e-01 6.78281501e-01 6.95414201e-01 6.45901897e-01
  6.72663702e-01 3.18997412e-01 6.22446300e-01 8.01310228e-01
  4.99664567e-01 6.38045277e-01]
 [3.95335581e-01 6.93918304e-01 7.05498028e-01 6.77414780e-01
  6.92547585e-01 3.68233415e-01 6.70375230e-01 7.21604677e-01
  6.26649255e-01 6.73746785e-01]
 [4.69272734e-01 7.21528979e-01 7.54318118e-01 6.78410289e-01
  7.21524688e-01 3.54611175e-01 6.80027792e-01 6.72809242e-01
  6.57101159e-01 6.65552308e-01]
 [2.60435107e-01 6.26047841e-01 6.44290645e-01 5.74660883e-01
  6.10561193e-01 0.00000000e+00 5.00000000e-01 7.08505917e-01
  0.00000000e+00 4.14693223e-01]
 [4.82859478e-01 7.24655195e-01 7.69188504e-01 6.87794234e-01
  7.32265771e-01 4.63725275e-01 7.30864270e-01 7.33505917e-01
  7.27242845e-01 7.30782799e-01]
 [4.24705906e-01 7.11819913e-01 7.13246689e-01 7.08233556e-01
  7.11089269e-01 5.19866747e-01 7.58433901e-01 7.62612708e-01
  7.55599103e-01 7.59315904e-01]
 [1.51110499e-01 5.67929513e-01 6.32364751e-01 4.48173247e-01
  5.37461145e-01 3.65801596e-01 6.82895110e-01 6.82914201e-01
  6.81843150e-01 6.82446535e-01]
 [7.76078858e-01 8.79748992e-01 9.02426740e-01 8.76727138e-01
  8.87870769e-01 4.72889966e-01 7.37785735e-01 7.44209637e-01
  7.36160644e-01 7.36054091e-01]
 [1.82779688e-01 5.71534284e-01 7.25176106e-01 3.89376323e-01
  5.46746409e-01 1.14431800e-01 5.44448128e-01 7.07336574e-01
  3.32387717e-01 5.09037822e-01]
 [3.46110713e-01 6.72735788e-01 6.74049028e-01 6.69569524e-01
  6.71887664e-01 3.16434950e-01 6.55399600e-01 6.66236968e-01
  6.36476647e-01 6.51900061e-01]
 [3.20963192e-02 5.13751141e-01 6.03817977e-01 2.32147334e-01
  4.25344459e-01 3.60455435e-01 6.65979540e-01 7.16244012e-01
  6.09527595e-01 6.64240110e-01]
 [4.24269172e-01 6.99557396e-01 7.42399267e-01 6.68673453e-01
  7.05515687e-01 3.37783289e-01 6.61837511e-01 6.98953931e-01
  6.36913105e-01 6.64644276e-01]
 [3.23210431e-01 6.55595309e-01 6.81174274e-01 6.30607462e-01
  6.55370503e-01 1.21779864e-01 5.55726488e-01 6.05579036e-01
  4.14613731e-01 5.08554421e-01]
 [1.17656018e-01 5.48040251e-01 6.71618766e-01 3.46149129e-01
  5.02286387e-01 4.61252561e-01 7.26257860e-01 7.37042125e-01
  7.07299859e-01 7.24450794e-01]
 [6.27381624e-02 5.24248865e-01 6.77574669e-01 2.55614963e-01
  4.62268809e-01 1.28234892e-01 5.54369049e-01 6.51989997e-01
  3.57566218e-01 5.01968235e-01]
 [0.00000000e+00 5.00000000e-01 5.92504931e-01 0.00000000e+00
  3.72056492e-01 2.84447585e-01 6.18859894e-01 7.30515638e-01
  5.00928623e-01 6.11431785e-01]
 [5.12261494e-01 7.51831193e-01 7.66796985e-01 7.45320568e-01
  7.55147309e-01 2.28438878e-01 6.02587008e-01 6.66279234e-01
  4.93357930e-01 5.78147696e-01]
 [0.00000000e+00 5.00000000e-01 8.44737954e-01 0.00000000e+00
  4.57917229e-01 1.54308048e-01 5.70657542e-01 6.28810933e-01
  4.77158662e-01 5.49740825e-01]
 [2.71875570e-04 5.00091973e-01 6.86496196e-01 1.38675049e-02
  4.08872348e-01 3.29557757e-01 6.65951564e-01 6.65715695e-01
  6.64328330e-01 6.63686901e-01]
 [3.00198569e-01 6.34005059e-01 7.18022682e-01 5.69648786e-01
  6.37562351e-01 2.24128149e-01 5.97388856e-01 6.87690194e-01
  4.88820619e-01 5.83273090e-01]
 [0.00000000e+00 5.00000000e-01 7.71565934e-01 0.00000000e+00
  4.35526258e-01 8.17895633e-02 5.40907917e-01 5.40761482e-01
  5.37464078e-01 5.39114096e-01]
 [3.11063711e-01 6.55967988e-01 6.54976754e-01 6.54385085e-01
  6.54553987e-01 5.69346413e-02 5.22800397e-01 6.56737813e-01
  2.23163177e-01 4.45093734e-01]
 [6.83612466e-02 5.30138430e-01 6.02014652e-01 3.21079685e-01
  4.61250872e-01 0.00000000e+00 5.00000000e-01 7.29923922e-01
  0.00000000e+00 4.21938432e-01]
 [1.15815790e-01 5.57194834e-01 5.63933502e-01 5.37729486e-01
  5.50743569e-01 3.06084146e-01 6.47630198e-01 6.69241336e-01
  6.16210402e-01 6.43314132e-01]
 [2.38262488e-01 6.10268841e-01 6.54374472e-01 5.15481276e-01
  5.84972598e-01 5.30026777e-01 7.65022865e-01 7.65021837e-01
  7.63523488e-01 7.64439856e-01]
 [1.14660650e-01 5.54145299e-01 5.85376162e-01 3.95775561e-01
  4.90589342e-01 4.21155719e-01 7.06519400e-01 7.19804875e-01
  6.95930526e-01 7.08108710e-01]
 [4.33324092e-01 6.89691499e-01 7.84650606e-01 6.34434017e-01
  7.06892523e-01 3.84787734e-01 6.91290748e-01 6.94220203e-01
  6.62404441e-01 6.80288047e-01]
 [1.01364630e-02 5.04024437e-01 6.40691040e-01 4.43290819e-02
  3.99330838e-01 4.37903767e-01 7.09436130e-01 7.41839250e-01
  6.89797353e-01 7.15315813e-01]
 [2.92868705e-02 5.11972108e-01 6.29388560e-01 1.42211573e-01
  4.13941121e-01 3.02046807e-01 6.47751419e-01 6.61510285e-01
  6.27680488e-01 6.44888455e-01]
 [3.69682097e-01 6.74924193e-01 7.18029727e-01 6.39505850e-01
  6.76737375e-01 3.76932652e-01 6.74426087e-01 7.37059735e-01
  6.39777915e-01 6.83299535e-01]]
SVM mean:
[0.24398212 0.61545497 0.69353726 0.45677409 0.58471661 0.29410135
 0.64026922 0.69686625 0.54865305 0.62525046]
---------------------------
---------------------------
GBM performance:
[[0.34268193 0.66473309 0.68649267 0.61009652 0.65089692 0.27530216
  0.60284334 0.79475909 0.44995979 0.60903559]
 [0.50284136 0.74704851 0.75730487 0.73509179 0.74807194 0.34304343
  0.65518382 0.71804382 0.58523114 0.65191579]
 [0.45489809 0.71781941 0.74539659 0.68705576 0.71938447 0.39958206
  0.69991026 0.70021485 0.69909544 0.69948331]
 [0.29028567 0.64118992 0.65675542 0.59478653 0.62706505 0.00286678
  0.50102041 0.70910116 0.01428571 0.4168382 ]
 [0.51890699 0.74315661 0.78524937 0.70838511 0.75236266 0.49958416
  0.7468519  0.75194421 0.73451859 0.74508186]
 [0.44135035 0.72050922 0.72100944 0.71964795 0.72033718 0.5213004
  0.75672051 0.76559946 0.74455257 0.7570257 ]
 [0.17132188 0.57539961 0.64428008 0.4300537  0.5346484  0.42185306
  0.71097752 0.71087278 0.70644116 0.7090021 ]
 [0.76876979 0.86398005 0.90305015 0.85474483 0.88340947 0.51731939
  0.74718826 0.7775324  0.72913697 0.7550867 ]
 [0.16408635 0.56367866 0.72220696 0.366696   0.531473   0.01619825
  0.50597185 0.69304382 0.07124604 0.42358733]
 [0.38356856 0.69085763 0.69365666 0.68245917 0.68861856 0.37952798
  0.68524476 0.6989645  0.65830791 0.6807033 ]
 [0.07450837 0.53254179 0.61691321 0.28679736 0.46102787 0.47176801
  0.72199318 0.76086574 0.69094892 0.72844236]
 [0.50630135 0.74138804 0.77633841 0.72126714 0.74924647 0.05835323
  0.5267416  0.62344675 0.13951707 0.43071539]
 [0.27923666 0.62926518 0.67401381 0.55030422 0.61266231 0.05512307
  0.52506586 0.58894055 0.23360404 0.4190555 ]
 [0.07898595 0.53107198 0.66270428 0.26500555 0.46594808 0.44541283
  0.71881692 0.72870879 0.70280294 0.71766385]
 [0.05224875 0.52019064 0.67994858 0.16894466 0.44396852 0.12090124
  0.55116727 0.65021837 0.34362934 0.49467212]
 [0.03057833 0.51305475 0.60202874 0.1535393  0.40390211 0.29201042
  0.62507498 0.73170259 0.51805414 0.62150004]
 [0.58237319 0.78913927 0.79892223 0.78461715 0.79037759 0.24020605
  0.60739628 0.67282333 0.492298   0.58129574]
 [0.         0.5        0.84473795 0.         0.45791723 0.35183019
  0.66291701 0.71090448 0.61038161 0.66134719]
 [0.01991525 0.50779178 0.6912581  0.04124231 0.42246113 0.39050515
  0.68841064 0.70969287 0.64944948 0.68177334]
 [0.14297837 0.55740261 0.68709143 0.35879232 0.51589278 0.11844217
  0.54839442 0.66627219 0.31935777 0.48824265]
 [0.         0.5        0.77156593 0.         0.43552626 0.06636121
  0.53320467 0.53303748 0.53103341 0.53160346]
 [0.27507387 0.63737244 0.63594322 0.63379474 0.63450341 0.14063728
  0.5577571  0.67517963 0.37002387 0.5174329 ]
 [0.08890079 0.53923436 0.61154198 0.33104298 0.47078472 0.00644148
  0.50222222 0.7311144  0.02981424 0.42657776]
 [0.14738081 0.57189022 0.58537968 0.50135151 0.54341507 0.3763209
  0.68386291 0.69838687 0.6696113  0.68432663]
 [0.25835473 0.61840318 0.66924134 0.49024037 0.58102199 0.52037923
  0.76008471 0.76030924 0.75764929 0.75903246]
 [0.23979871 0.61771007 0.63534094 0.57318203 0.60554154 0.46422546
  0.72920792 0.73886658 0.72271805 0.7306695 ]
 [0.35181012 0.64640139 0.76562412 0.55119319 0.65466887 0.42169398
  0.71046771 0.7114645  0.70683641 0.70925347]
 [0.00627197 0.50247268 0.6400958  0.03101709 0.39485496 0.35518751
  0.66116112 0.71983305 0.5886789  0.65598879]
 [0.08689072 0.5364631  0.64604466 0.29224601 0.46650106 0.28166166
  0.63644688 0.65496971 0.60015296 0.62828712]
 [0.27975752 0.62213755 0.70076782 0.50249845 0.60101581 0.36263151
  0.65587739 0.7507326  0.57134116 0.66032273]]
GBM mean:
[0.25133588 0.61807679 0.70036348 0.45420312 0.58558352 0.29722234
 0.64060611 0.70458486 0.52135594 0.61919876]
---------------------------
---------------------------
BDDAE performance:
[[ 1.45495885e-01  5.69973742e-01  5.94658754e-01  4.81855280e-01
   5.38158865e-01 -3.48361597e-03  4.98848276e-01  7.36795252e-01
   2.56770393e-02  4.29816861e-01]
 [ 4.73075181e-01  7.42352003e-01  7.32047478e-01  7.28967863e-01
   7.29926728e-01  5.20297926e-01  7.51498522e-01  7.79228487e-01
   7.39592982e-01  7.58388605e-01]
 [ 1.23578421e-01  5.57593416e-01  6.04154303e-01  3.79663942e-01
   4.96336127e-01  2.54287229e-01  6.25756614e-01  6.31750742e-01
   6.03570334e-01  6.18231983e-01]
 [ 4.94088823e-02  5.23730344e-01  5.43323442e-01  4.46100352e-01
   4.94212298e-01  1.95191625e-01  5.82454530e-01  7.18991098e-01
   4.81238692e-01  5.83442930e-01]
 [ 5.02692070e-01  7.41096443e-01  7.70326409e-01  7.24376864e-01
   7.48052463e-01  3.97174406e-01  6.97705467e-01  7.00593472e-01
   6.88469367e-01  6.95023233e-01]
 [ 5.70206345e-01  7.84775483e-01  7.85459941e-01  7.82505501e-01
   7.84389296e-01  7.78415567e-02  5.37691083e-01  5.59347181e-01
   3.57259346e-01  4.73706627e-01]
 [ 8.51954313e-02  5.41874088e-01  5.83679525e-01  4.41037838e-01
   5.12270350e-01  7.69015941e-02  5.38415751e-01  5.38575668e-01
   4.88112241e-01  5.15497972e-01]
 [ 5.83348670e-01  7.75606432e-01  8.28783383e-01  7.49540170e-01
   7.86907569e-01  1.46274286e-01  5.66525547e-01  6.37091988e-01
   3.68241200e-01  5.13412374e-01]
 [ 5.85096106e-01  7.53773585e-01  8.45103858e-01  7.11900675e-01
   7.85495849e-01  5.74756643e-01  7.55410201e-01  8.42136499e-01
   7.13976094e-01  7.80123546e-01]
 [ 2.19334830e-01  6.09652122e-01  6.10089021e-01  6.08705538e-01
   6.09321749e-01  2.74522676e-01  6.37360108e-01  6.39465875e-01
   6.32748393e-01  6.35481365e-01]
 [ 1.67571103e-01  5.74246425e-01  6.46884273e-01  4.38305623e-01
   5.39630409e-01  3.04103365e-01  6.43098540e-01  6.83086053e-01
   6.03162226e-01  6.41859624e-01]
 [ 1.08914162e-01  5.48407243e-01  6.25519288e-01  4.00631399e-01
   5.08872923e-01  4.55116436e-01  7.39170362e-01  7.28783383e-01
   7.31651139e-01  7.22748708e-01]
 [ 3.40315537e-01  6.67758708e-01  6.89020772e-01  6.08938121e-01
   6.51735084e-01  3.28494516e-01  6.64663272e-01  6.70919881e-01
   6.58086983e-01  6.62309441e-01]
 [ 1.02643478e-01  5.44007787e-01  6.52225519e-01  3.87358943e-01
   5.13763939e-01  2.91784281e-01  6.45058386e-01  6.50741840e-01
   6.29258007e-01  6.39711526e-01]
 [ 0.00000000e+00  5.00000000e-01  6.67655786e-01  0.00000000e+00
   4.00355872e-01  3.24292608e-01  6.64089520e-01  6.78931751e-01
   6.54774749e-01  6.59570930e-01]
 [ 1.86754293e-01  5.84582117e-01  6.45697329e-01  4.69626934e-01
   5.54796103e-01  2.14176923e-01  5.86206897e-01  7.15133531e-01
   4.13157580e-01  5.57111964e-01]
 [ 6.72794276e-01  8.41758938e-01  8.40356083e-01  8.34285187e-01
   8.34266024e-01  2.50211565e-01  6.12885036e-01  6.71513353e-01
   5.21397981e-01  5.95452749e-01]
 [ 1.69920242e-01  5.75607287e-01  8.32640950e-01  3.73039262e-01
   5.70396249e-01  2.79163056e-02  5.12324407e-01  6.01780415e-01
   1.51150255e-01  4.12624690e-01]
 [ 2.18274679e-01  5.92559524e-01  7.22551929e-01  4.71580372e-01
   5.85127988e-01  3.75114834e-01  6.84859531e-01  6.98516320e-01
   6.45562743e-01  6.73582583e-01]
 [ 2.75502767e-01  6.19463869e-01  7.16320475e-01  5.28977691e-01
   6.17022178e-01  2.63921844e-02  5.10735650e-01  6.35608309e-01
   1.59505999e-01  4.20277585e-01]
 [ 3.57196303e-02  5.14602897e-01  7.67952522e-01  1.03594848e-01
   4.65520176e-01  2.36130865e-01  6.18052620e-01  6.18100890e-01
   6.17156662e-01  6.17662577e-01]
 [ 1.42918334e-01  5.72311544e-01  5.67062315e-01  5.37263277e-01
   5.52177975e-01 -5.92051706e-04  4.99769585e-01  6.43620178e-01
   0.00000000e+00  3.91586750e-01]
 [ 9.46343525e-02  5.43352067e-01  5.97922849e-01  4.30890359e-01
   5.11653820e-01  4.33561018e-01  6.91512552e-01  8.03857567e-01
   6.45076186e-01  7.11983937e-01]
 [ 2.37234896e-01  6.17106285e-01  6.23738872e-01  6.00168718e-01
   6.12371863e-01  3.18050431e-01  6.55073084e-01  6.71513353e-01
   6.36792898e-01  6.54109543e-01]
 [ 1.03645403e-01  5.50392670e-01  5.90504451e-01  3.70917792e-01
   4.98303667e-01  1.58492074e-01  5.79235348e-01  5.79228487e-01
   5.77205277e-01  5.78275422e-01]
 [ 3.12705049e-01  6.51256647e-01  6.69732938e-01  6.08793755e-01
   6.40879370e-01  3.70832186e-01  6.84035413e-01  6.92284866e-01
   6.76677721e-01  6.83466572e-01]
 [ 5.05637616e-01  7.33873120e-01  8.00890208e-01  7.08902297e-01
   7.49959014e-01  5.26594184e-01  7.62164447e-01  7.64391691e-01
   7.46523479e-01  7.57710953e-01]
 [ 1.07993109e-01  5.50131529e-01  6.50148368e-01  3.55455900e-01
   5.03409132e-01  4.40179152e-01  7.14972497e-01  7.37388724e-01
   7.05665628e-01  7.19005103e-01]
 [ 2.16238324e-01  5.94591301e-01  6.76261128e-01  4.90814975e-01
   5.79227340e-01  3.82674371e-01  6.86065574e-01  7.02077151e-01
   6.59859328e-01  6.82812479e-01]
 [ 3.44070775e-01  6.56886548e-01  7.13353116e-01  5.98982875e-01
   6.56450229e-01 -1.97280061e-02  4.90693445e-01  6.27596439e-01
   9.65563247e-02  4.03899199e-01]]
BDDAE mean:
[0.25603066 0.62111081 0.68646884 0.51243941 0.60103302 0.26525205
 0.62787774 0.67863501 0.5209369  0.60629626]
---------------------------
---------------------------
DUMMY performance:
[[0.         0.5        0.54193787 0.         0.35146526 0.
  0.5        0.74301212 0.         0.42627969]
 [0.         0.5        0.54015568 0.         0.35071339 0.
  0.5        0.60856579 0.         0.37832685]
 [0.         0.5        0.56751902 0.         0.36204736 0.
  0.5        0.52052339 0.         0.34232948]
 [0.         0.5        0.53717949 0.         0.34945632 0.
  0.5        0.70850592 0.         0.41469322]
 [0.         0.5        0.59904903 0.         0.37462652 0.
  0.5        0.51992815 0.         0.34207213]
 [0.         0.5        0.51219358 0.         0.33870878 0.
  0.5        0.53480206 0.         0.34844915]
 [0.         0.5        0.59310017 0.         0.37229127 0.
  0.5        0.5008911  0.         0.33372807]
 [0.         0.5        0.66567695 0.         0.3996426  0.
  0.5        0.59429065 0.         0.37276084]
 [0.         0.5        0.68530572 0.         0.40663516 0.
  0.5        0.69065934 0.         0.40851472]
 [0.         0.5        0.51457453 0.         0.3397463  0.
  0.5        0.53717949 0.         0.34945632]
 [0.         0.5        0.59904903 0.         0.37462652 0.
  0.5        0.59488588 0.         0.37299562]
 [0.         0.5        0.60737532 0.         0.37786765 0.
  0.5        0.60797056 0.         0.37809725]
 [0.         0.5        0.57406312 0.         0.36469944 0.
  0.5        0.56811426 0.         0.36228933]
 [0.         0.5        0.6466399  0.         0.39270102 0.
  0.5        0.53361158 0.         0.34794241]
 [0.         0.5        0.66805438 0.         0.40049797 0.
  0.5        0.6168956  0.         0.38152914]
 [0.         0.5        0.59250493 0.         0.37205649 0.
  0.5        0.65496619 0.         0.39575797]
 [0.         0.5        0.58239293 0.         0.36804474 0.
  0.5        0.59310017 0.         0.37229127]
 [0.         0.5        0.84473795 0.         0.45791723 0.
  0.5        0.5954776  0.         0.3732283 ]
 [0.         0.5        0.68709143 0.         0.40726225 0.
  0.5        0.5490772  0.         0.35445286]
 [0.         0.5        0.65377923 0.         0.39532347 0.
  0.5        0.63295647 0.         0.38761218]
 [0.         0.5        0.77156593 0.         0.43552626 0.
  0.5        0.50267681 0.         0.33451859]
 [0.         0.5        0.51636024 0.         0.34052444 0.
  0.5        0.64366371 0.         0.39160229]
 [0.         0.5        0.58596083 0.         0.36946543 0.
  0.5        0.72992392 0.         0.42193843]
 [0.         0.5        0.52468653 0.         0.34412647 0.
  0.5        0.55502606 0.         0.35692246]
 [0.         0.5        0.56811426 0.         0.36228933 0.
  0.5        0.50267681 0.         0.33451859]
 [0.         0.5        0.54075092 0.         0.3509648  0.
  0.5        0.55740702 0.         0.35790517]
 [0.         0.5        0.67876162 0.         0.40432274 0.
  0.5        0.50743519 0.         0.33661989]
 [0.         0.5        0.63831009 0.         0.38961368 0.
  0.5        0.59904903 0.         0.37462652]
 [0.         0.5        0.62224923 0.         0.38357004 0.
  0.5        0.54431882 0.         0.35246318]
 [0.         0.5        0.60797056 0.         0.37809725 0.
  0.5        0.64842561 0.         0.39336026]]
DUMMY mean:
[0.         0.5        0.60890368 0.         0.37716101 0.
 0.5        0.58986722 0.         0.36990941]
---------------------------
Current folder: C:\Users\Javier\Dropbox\c_sldl_1_2_9
-------------------------------------
----- RESULTS from .csv files ------
-------------------------------------
---------------------------
ALG Means: 
-rows: alg : KNN = 0; DT = 1; RF = 2; SVM = 3; GBM = 4; BDDAE = 5; DUMMY = 5
columns:
'val_cohen','val_uar', 'val_acc', 'val_gm',  'val_f1',  'aro_cohen','aro_uar', 'aro_acc', 'aro_gm',  'aro_f1'
-------------------------------------------------------------
  v_c   v_u   v_a   v_g   v_f1  a_c   a_u   a_a   a_g   a_f1
[[0.344 0.667 0.705 0.647 0.67  0.373 0.683 0.71  0.67  0.685]
 [0.303 0.652 0.675 0.641 0.651 0.324 0.663 0.681 0.658 0.663]
 [0.361 0.68  0.712 0.663 0.682 0.393 0.691 0.715 0.683 0.692]
 [0.244 0.615 0.694 0.457 0.585 0.294 0.64  0.697 0.549 0.625]
 [0.251 0.618 0.7   0.454 0.586 0.297 0.641 0.705 0.521 0.619]
 [0.256 0.621 0.686 0.512 0.601 0.265 0.628 0.679 0.521 0.606]
 [0.    0.5   0.609 0.    0.377 0.    0.5   0.59  0.    0.37 ]]
-------------------------------------------------------------
Standard Deviation of each metric:
[[0.154 0.075 0.076 0.094 0.078 0.129 0.065 0.06  0.076 0.065]
 [0.144 0.071 0.073 0.078 0.071 0.119 0.059 0.055 0.063 0.059]
 [0.157 0.077 0.074 0.099 0.078 0.129 0.066 0.06  0.073 0.066]
 [0.196 0.095 0.076 0.258 0.13  0.149 0.075 0.051 0.196 0.097]
 [0.198 0.096 0.073 0.247 0.129 0.169 0.084 0.055 0.224 0.114]
 [0.187 0.091 0.087 0.184 0.111 0.167 0.081 0.068 0.22  0.112]
 [0.    0.    0.075 0.    0.028 0.    0.    0.067 0.    0.026]]
-------------------------------------------------------------
std_dev/mean [percentage]:
[[45. 11. 11. 15. 12. 35. 10.  8. 11.  9.]
 [48. 11. 11. 12. 11. 37.  9.  8. 10.  9.]
 [43. 11. 10. 15. 11. 33. 10.  8. 11. 10.]
 [80. 15. 11. 56. 22. 51. 12.  7. 36. 16.]
 [79. 16. 10. 54. 22. 57. 13.  8. 43. 18.]
 [73. 15. 13. 36. 18. 63. 13. 10. 42. 18.]
 [ 0.  0. 12.  0.  7.  0.  0. 11.  0.  7.]]
-------------------------------------
Current folder: C:\Users\Javier\Dropbox\c_sldl_1_2_9
-------------------------------------
----- RESULTS ------
-------------------------------------
Window size (sec):  0.992
step (sec):  0.752
overlap:  True
perc. of overlap:  24.193548387096776
overlap duration (sec):  0.24
Number of windows / instances:  1681
Elapsed time: 702.1092261592547 minutes
Elapsed time: 11.701820435987578 hours
