2024-03-09 11:14:51.756686: I tensorflow/stream_executor/cuda/cuda_gpu_executor.cc:975] successful NUMA node read from SysFS had negative value (-1), but there must be at least one NUMA node, so returning NUMA node zero
2024-03-09 11:14:51.807434: I tensorflow/stream_executor/cuda/cuda_gpu_executor.cc:975] successful NUMA node read from SysFS had negative value (-1), but there must be at least one NUMA node, so returning NUMA node zero
2024-03-09 11:14:51.807666: I tensorflow/stream_executor/cuda/cuda_gpu_executor.cc:975] successful NUMA node read from SysFS had negative value (-1), but there must be at least one NUMA node, so returning NUMA node zero
2024-03-09 11:14:51.808016: I tensorflow/core/platform/cpu_feature_guard.cc:193] This TensorFlow binary is optimized with oneAPI Deep Neural Network Library (oneDNN) to use the following CPU instructions in performance-critical operations:  AVX2 FMA
To enable them in other operations, rebuild TensorFlow with the appropriate compiler flags.
2024-03-09 11:14:51.808795: I tensorflow/stream_executor/cuda/cuda_gpu_executor.cc:975] successful NUMA node read from SysFS had negative value (-1), but there must be at least one NUMA node, so returning NUMA node zero
2024-03-09 11:14:51.809016: I tensorflow/stream_executor/cuda/cuda_gpu_executor.cc:975] successful NUMA node read from SysFS had negative value (-1), but there must be at least one NUMA node, so returning NUMA node zero
2024-03-09 11:14:51.809188: I tensorflow/stream_executor/cuda/cuda_gpu_executor.cc:975] successful NUMA node read from SysFS had negative value (-1), but there must be at least one NUMA node, so returning NUMA node zero
2024-03-09 11:14:52.211579: I tensorflow/stream_executor/cuda/cuda_gpu_executor.cc:975] successful NUMA node read from SysFS had negative value (-1), but there must be at least one NUMA node, so returning NUMA node zero
2024-03-09 11:14:52.211792: I tensorflow/stream_executor/cuda/cuda_gpu_executor.cc:975] successful NUMA node read from SysFS had negative value (-1), but there must be at least one NUMA node, so returning NUMA node zero
2024-03-09 11:14:52.211960: I tensorflow/stream_executor/cuda/cuda_gpu_executor.cc:975] successful NUMA node read from SysFS had negative value (-1), but there must be at least one NUMA node, so returning NUMA node zero
2024-03-09 11:14:52.212111: I tensorflow/core/common_runtime/gpu/gpu_device.cc:1532] Created device /job:localhost/replica:0/task:0/device:GPU:0 with 5985 MB memory:  -> device: 0, name: NVIDIA GeForce RTX 3070 Ti, pci bus id: 0000:2b:00.0, compute capability: 8.6
    
    
-------------------------------
participant:  1
-------------------------------
    
    
participant:  1
Window size (sec):  8.0
step (sec):  8.0
overlap:  True
perc. of overlap:  0.0
Nearest multiple of 16 to 8000 is: 8000
Nearest multiple of 16 to 8000 is: 8000
['gsr_chunks', 'ppg_chunks', 'val_chunks', 'aro_chunks', 'time_chunks', 'tag_chunks', 'video']
/home/marcos/Dropbox (Maestral)/c_sldl_3_1_1_bis/functions.py:880: FutureWarning: ChainedAssignmentError: behaviour will change in pandas 3.0!


See the caveats in the documentation: https://pandas.pydata.org/pandas-docs/stable/user_guide/indexing.html#returning-a-view-versus-a-copy
  combined_df_copy[labels[label]].iloc[index] = combined_df_copy[labels[label]].iloc[index].apply(map_labels_bipartite, args=(number_thresholds, threshold, L, H))
----- Extracting features...
Class Imbalance test (arousal)....
Multiclass distribution
Class=1, n=101 (65.161%)
Class=0, n=54 (34.839%)
Class Imbalance test (valence)....
Multiclass distribution
Class=0, n=60 (38.710%)
Class=1, n=95 (61.290%)
------------- Evaluating model --------------
------------- Evaluating model --------------
------------- Evaluating model --------------
------------- Evaluating model --------------
------------- Evaluating model --------------
arousal and valece = ok
------------- Evaluating model --------------
-------------------------------------
-------------------------------------
participant:  30
-------------------------------------
----- RESULTS ------
-------------------------------------
Window size (sec):  8.0
step (sec):  8.0
overlap:  True
perc. of overlap:  0.0
Number of windows / instances:  155
-rows: alg : KNN = 0; DT = 1; RF = 2; SVM = 3; GBM = 4; BDDAE = 5; DUMMY = 5
columns:
'val_cohen','val_uar', 'val_acc', 'val_gm',  'val_f1',  'aro_cohen','aro_uar', 'aro_acc', 'aro_gm',  'aro_f1'
-------------------------------------------------------------
  v_c   v_u   v_a   v_g   v_f1  a_c   a_u   a_a   a_g   a_f1
[[0.169 0.586 0.618 0.505 0.565 0.165 0.581 0.619 0.561 0.578]
 [0.289 0.657 0.69  0.612 0.657 0.417 0.686 0.717 0.678 0.681]
 [0.187 0.656 0.683 0.601 0.649 0.288 0.644 0.685 0.588 0.636]
 [0.    0.5   0.612 0.    0.38  0.    0.5   0.652 0.    0.395]
 [0.213 0.604 0.682 0.429 0.571 0.343 0.647 0.742 0.525 0.637]
 [0.    0.    0.    0.    0.    0.    0.    0.    0.    0.   ]
 [0.    0.5   0.612 0.    0.38  0.    0.5   0.652 0.    0.395]]
participant performance loaded
    
    
-------------------------------
LAST participant's saved data: 
30
-------------------------------
    
    
---------------------------
KNN performance:
[[ 0.22726246  0.61468254  0.61375     0.60498719  0.60860866  0.39524864
   0.68219697  0.8075      0.58679143  0.6854666 ]
 [ 0.2748406   0.63769841  0.64375     0.61625294  0.63031348  0.21410497
   0.60055556  0.65791667  0.50164134  0.58496375]
 [ 0.28470149  0.63660714  0.65708333  0.60995422  0.6339004   0.39154101
   0.69732143  0.6975      0.67976467  0.68911513]
 [ 0.24990919  0.62480159  0.6325      0.59831865  0.61494836 -0.13559572
   0.44181818  0.59458333  0.0904534   0.3980853 ]
 [ 0.39914711  0.69079365  0.72833333  0.6551173   0.69014783  0.30019278
   0.65        0.65125     0.61767717  0.63532448]
 [ 0.24423108  0.62232143  0.625       0.60142701  0.61342706  0.38010818
   0.69156746  0.69041667  0.68233601  0.6856738 ]
 [ 0.37304964  0.67944444  0.71625     0.65272784  0.68127367 -0.01490553
   0.49285714  0.49708333  0.4578677   0.47809064]
 [ 0.55821747  0.75840909  0.82541667  0.72786256  0.77423157  0.30782315
   0.65619048  0.66        0.63827978  0.64529413]
 [ 0.32052016  0.64863636  0.735       0.56466087  0.64845269  0.09705661
   0.5475      0.66375     0.3761227   0.53109413]
 [ 0.2197638   0.60982143  0.61208333  0.58566384  0.59935317  0.1026902
   0.55049603  0.55583333  0.53275591  0.54369455]
 [-0.00353501  0.4965873   0.52958333  0.43909247  0.48200845  0.38236162
   0.68285714  0.71625     0.64242982  0.68109221]
 [ 0.73072869  0.86388889  0.87166667  0.86075207  0.86458388  0.40216471
   0.70071429  0.72125     0.66604344  0.69066425]
 [ 0.09564047  0.54801587  0.55541667  0.53667566  0.54398866  0.08977652
   0.54494048  0.55541667  0.51726182  0.53553649]
 [ 0.14538532  0.57        0.64083333  0.45451548  0.5580085   0.2984381
   0.6484127   0.6525      0.63705283  0.64501176]
 [ 0.11556549  0.54924242  0.65        0.39589183  0.53329782  0.1106558
   0.56055556  0.61291667  0.44195879  0.53831435]
 [ 0.46325948  0.73        0.74708333  0.71729967  0.72949399  0.33328102
   0.66863636  0.73583333  0.55209875  0.65174729]
 [ 0.47444128  0.73952381  0.74125     0.73223768  0.73352149  0.30519099
   0.65301587  0.67041667  0.63252759  0.6481868 ]
 [ 0.12103822  0.55091575  0.85833333  0.15236034  0.53450921  0.24461697
   0.62531746  0.625       0.61520165  0.614435  ]
 [ 0.27724989  0.6275      0.71833333  0.54278923  0.63021331  0.37013145
   0.68521825  0.68875     0.67553827  0.68127425]
 [ 0.30918497  0.64469697  0.71708333  0.58524294  0.64459957  0.26627264
   0.63333333  0.6725      0.56218913  0.61920856]
 [ 0.11119048  0.54583333  0.7675      0.20236034  0.52494648 -0.00265208
   0.49910714  0.49708333  0.47429183  0.48630689]
 [ 0.20046768  0.6         0.60083333  0.58894471  0.59491929  0.2145684
   0.60545455  0.65166667  0.57323806  0.60416319]
 [-0.06210477  0.46920635  0.49833333  0.40892623  0.46002213  0.06657458
   0.53181818  0.70458333  0.27145792  0.508624  ]
 [ 0.1169598   0.55882937  0.56208333  0.54442192  0.55285023  0.34376
   0.67013889  0.67875     0.65656137  0.66810482]
 [ 0.29582703  0.64484127  0.6525      0.61752387  0.63627123  0.53392216
   0.7672619   0.7675      0.76153644  0.76466736]
 [ 0.08612915  0.54345238  0.54291667  0.51341488  0.52758614  0.22008836
   0.61111111  0.61291667  0.60005551  0.6043345 ]
 [ 0.30767399  0.6425      0.72833333  0.58885318  0.6463354   0.43715446
   0.71875     0.71958333  0.70244179  0.71174877]
 [ 0.12996626  0.56055556  0.61291667  0.47753689  0.54740107  0.44595118
   0.72547619  0.74166667  0.66071613  0.70519698]
 [ 0.26970034  0.63277778  0.6625      0.60936216  0.62954595  0.35617744
   0.67688492  0.69041667  0.6507993   0.66948444]
 [ 0.1686342   0.58611111  0.61791667  0.50547256  0.56548976  0.16526605
   0.58090909  0.61875     0.56081426  0.57822091]]
KNN mean:
[0.2501682  0.62092314 0.66881944 0.55635488 0.61447498 0.25406549
 0.62668056 0.66031944 0.56726349 0.61610418]
---------------------------
---------------------------
DT performance:
[[0.36248512 0.69355159 0.69708333 0.68641011 0.68391241 0.27000681
  0.67689394 0.73625    0.6436368  0.65829271]
 [0.12341724 0.57251984 0.57375    0.54133285 0.56509804 0.23299276
  0.63055556 0.65083333 0.57505172 0.62296152]
 [0.21514206 0.59732143 0.61125    0.56307201 0.59038797 0.31611052
  0.64464286 0.64458333 0.63970989 0.64077273]
 [0.28901793 0.64404762 0.645      0.56323446 0.63286637 0.00312481
  0.48772727 0.56666667 0.43504885 0.47955736]
 [0.2818149  0.64746032 0.66291667 0.57240422 0.6422984  0.31780271
  0.65982143 0.65708333 0.62572696 0.65044477]
 [0.37532265 0.66696429 0.66833333 0.68583388 0.66214001 0.3678867
  0.67956349 0.67708333 0.6566136  0.6725773 ]
 [0.38965749 0.67055556 0.70375    0.60957231 0.66727722 0.09467779
  0.57232143 0.57333333 0.55117103 0.56457045]
 [0.3283513  0.64818182 0.69791667 0.5502877  0.64029053 0.27230558
  0.63111111 0.6325     0.64594642 0.61996032]
 [0.08130347 0.53613636 0.5975     0.42644154 0.51703217 0.18724941
  0.61431818 0.69041667 0.48140442 0.61118703]
 [0.24379607 0.60267857 0.60541667 0.58180144 0.59193047 0.14971408
  0.54871032 0.55458333 0.52519061 0.53363485]
 [0.10019971 0.55063492 0.56166667 0.5415868  0.54553245 0.27092573
  0.64309524 0.65125    0.65099351 0.6381764 ]
 [0.5190069  0.76222222 0.78916667 0.69216606 0.75459464 0.27788717
  0.60793651 0.61958333 0.59314684 0.59234022]
 [0.05842929 0.54434524 0.5525     0.474617   0.53917729 0.1030915
  0.56746032 0.57625    0.52422289 0.56190548]
 [0.13254373 0.54833333 0.58625    0.55488728 0.54164312 0.05010951
  0.55843254 0.56083333 0.45359007 0.54495419]
 [0.08493251 0.50484848 0.54916667 0.44520259 0.50116894 0.14537176
  0.56611111 0.60666667 0.50955034 0.56240876]
 [0.30357177 0.66246032 0.6725     0.6559157  0.65799173 0.3049939
  0.63045455 0.67625    0.61969646 0.61626386]
 [0.39663088 0.75801587 0.76125    0.73416908 0.74990133 0.24886019
  0.65277778 0.65625    0.62093055 0.6368736 ]
 [0.11638201 0.56163004 0.76791667 0.30569452 0.54750204 0.36244089
  0.67849206 0.69708333 0.66366149 0.67366703]
 [0.09124    0.54931818 0.63083333 0.48815846 0.53700234 0.35861285
  0.6984127  0.70208333 0.66464625 0.69310224]
 [0.07387661 0.55651515 0.60666667 0.53411195 0.54861339 0.23738443
  0.63388889 0.65208333 0.65663434 0.62255749]
 [0.10150072 0.53333333 0.685      0.34825448 0.51604644 0.12604215
  0.54821429 0.54833333 0.57165465 0.54356244]
 [0.20819875 0.57767857 0.57875    0.54785427 0.56830327 0.12821459
  0.56848485 0.59958333 0.51613024 0.55639353]
 [0.04015437 0.49547619 0.5025     0.40336013 0.4897803  0.06801738
  0.50757576 0.62       0.34176582 0.49257731]
 [0.2330621  0.66140873 0.66416667 0.6411916  0.65709591 0.334394
  0.65892857 0.65916667 0.65024886 0.65529062]
 [0.24675965 0.61607143 0.625      0.5784637  0.61191768 0.37823488
  0.68244048 0.68416667 0.67415476 0.6754939 ]
 [0.17928105 0.59900794 0.60208333 0.56775138 0.58756913 0.18458367
  0.59037698 0.59458333 0.57537475 0.58619128]
 [0.31558032 0.65818182 0.71041667 0.65957597 0.65093042 0.21010561
  0.63839286 0.63916667 0.59473465 0.63131412]
 [0.08634199 0.51055556 0.53333333 0.52712054 0.50243395 0.46377551
  0.73777778 0.7425     0.72052653 0.72992518]
 [0.17504843 0.55555556 0.59166667 0.54815422 0.55227184 0.27016137
  0.66011905 0.65875    0.66745496 0.64500439]
 [0.28914511 0.65722222 0.68958333 0.61206274 0.65668169 0.41687064
  0.68636364 0.71708333 0.67847081 0.68077028]]
DT mean:
[0.2147398  0.60474108 0.63744444 0.55468963 0.59697972 0.2383983
 0.62204672 0.6415     0.59090297 0.61309105]
---------------------------
---------------------------
RF performance:
[[ 0.32234381  0.64384921  0.64666667  0.70683363  0.63826132  0.2460238
   0.68257576  0.78833333  0.60896452  0.67728826]
 [ 0.25896669  0.63819444  0.645       0.5765528   0.63071991  0.15876981
   0.62611111  0.65        0.592876    0.61674673]
 [ 0.28161728  0.65238095  0.67083333  0.63093219  0.65035152  0.34978319
   0.67142857  0.67125     0.6578578   0.66431525]
 [ 0.25988712  0.57172619  0.57916667  0.60245862  0.55825164  0.07880418
   0.54818182  0.64416667  0.34571923  0.55112691]
 [ 0.41794915  0.66952381  0.69625     0.71733644  0.66041196  0.25421865
   0.69821429  0.69708333  0.68060485  0.69475681]
 [ 0.28246753  0.61517857  0.61625     0.718359    0.60669327  0.39907365
   0.76289683  0.76833333  0.63982624  0.75998237]
 [ 0.37261869  0.63        0.66416667  0.66630149  0.61784749  0.08164655
   0.59910714  0.6         0.54641373  0.58726515]
 [ 0.42818718  0.73795455  0.80666667  0.75313324  0.74759446  0.32566454
   0.66071429  0.685       0.62757654  0.6573277 ]
 [ 0.12597093  0.60227273  0.66458333  0.54872825  0.58704198  0.24999773
   0.56590909  0.67125     0.43811829  0.55183318]
 [ 0.35177076  0.60892857  0.61208333  0.54259544  0.59474102  0.25294191
   0.55724206  0.56166667  0.56434326  0.54904304]
 [ 0.02048693  0.49857143  0.51125     0.47010115  0.49388057  0.26218587
   0.64214286  0.65708333  0.56454037  0.63847172]
 [ 0.66758754  0.78611111  0.79958333  0.744298    0.78050445  0.22991105
   0.56253968  0.58625     0.63980786  0.55834988]
 [-0.01985749  0.49672619  0.50291667  0.48905349  0.48760536  0.21715052
   0.53968254  0.55541667  0.53632333  0.53448218]
 [ 0.04347064  0.55833333  0.59833333  0.55337182  0.55557461  0.04627674
   0.57301587  0.57125     0.57200247  0.56752406]
 [ 0.08554601  0.5880303   0.63833333  0.47032952  0.58991226  0.16300139
   0.59111111  0.61916667  0.51362951  0.58141663]
 [ 0.32566135  0.65190476  0.67666667  0.57180197  0.65348597  0.23672527
   0.595       0.6575      0.61344964  0.59304534]
 [ 0.53004183  0.74730159  0.76083333  0.77103529  0.74469049  0.2561914
   0.66849206  0.68208333  0.66852105  0.65961612]
 [ 0.10317215  0.54514652  0.81208333  0.18782375  0.55382949  0.29066541
   0.64761905  0.6575      0.69003579  0.64178068]
 [ 0.2284078   0.56886364  0.65916667  0.44983182  0.55890197  0.26413485
   0.68740079  0.69375     0.64966502  0.68534086]
 [ 0.21673899  0.56393939  0.63208333  0.53486101  0.55407349  0.32371055
   0.58111111  0.61875     0.6039366   0.58008836]
 [ 0.08392552  0.53333333  0.71458333  0.30149661  0.53096794  0.02038689
   0.52053571  0.51791667  0.4768351   0.51066302]
 [ 0.23409948  0.55892857  0.56083333  0.52906961  0.55313963  0.25561847
   0.57924242  0.61875     0.62123318  0.56642042]
 [ 0.01012484  0.46468254  0.49708333  0.45640979  0.45771308  0.05194688
   0.47575758  0.63291667  0.39031288  0.46358704]
 [ 0.28551458  0.60109127  0.61083333  0.61056774  0.58288372  0.3265121
   0.63849206  0.64583333  0.67210981  0.63576164]
 [ 0.25158087  0.64255952  0.65        0.59375889  0.63498302  0.42760618
   0.70456349  0.70333333  0.70704422  0.69949302]
 [ 0.13225141  0.61041667  0.60916667  0.52287614  0.60046681  0.08540243
   0.58045635  0.58625     0.50568372  0.57290673]
 [ 0.31371497  0.65886364  0.72208333  0.59673502  0.65995808  0.35141372
   0.7         0.70083333  0.67194836  0.69163539]
 [ 0.00508125  0.59333333  0.63708333  0.45665577  0.59256519  0.53067975
   0.71936508  0.72875     0.69714092  0.71043553]
 [ 0.16250594  0.60111111  0.63666667  0.44201023  0.59198219  0.39767865
   0.6827381   0.69166667  0.6619401   0.6772224 ]
 [ 0.18654231  0.65611111  0.68291667  0.60096717  0.64893837  0.28783652
   0.64424242  0.685       0.58818024  0.63594251]]
RF mean:
[0.2322792  0.60984561 0.65047222 0.56054286 0.60393237 0.24739862
 0.62352964 0.65156944 0.59155469 0.61712896]
---------------------------
---------------------------
SVM performance:
[[ 0.00350877  0.5015873   0.54166667  0.03779645  0.36257971  0.
   0.5         0.755       0.          0.43009768]
 [-0.01133839  0.49464286  0.535       0.03535534  0.35794379  0.
   0.5         0.6125      0.          0.37980769]
 [ 0.29619006  0.63839286  0.68333333  0.51937968  0.61030279  0.37376667
   0.68928571  0.68833333  0.64901994  0.67728408]
 [ 0.20838946  0.59871032  0.62416667  0.50473002  0.56627909  0.
   0.5         0.69708333  0.          0.41062678]
 [ 0.35320947  0.66087302  0.72791667  0.55770284  0.64304411  0.42959479
   0.71339286  0.71708333  0.67390516  0.69785171]
 [ 0.16497943  0.58214286  0.58583333  0.50028421  0.5443686   0.04407895
   0.52053571  0.56041667  0.11094823  0.39180676]
 [ 0.          0.5         0.6125      0.          0.37980769 -0.02570755
   0.4875      0.49708333  0.03061862  0.33897986]
 [ 0.42027698  0.675       0.79375     0.58434808  0.68931207  0.
   0.5         0.6         0.          0.37488462]
 [ 0.          0.5         0.68375     0.          0.4060114   0.
   0.5         0.69708333  0.          0.41062678]
 [ 0.20991882  0.60535714  0.60708333  0.55907987  0.58332809  0.
   0.5         0.54166667  0.          0.35124638]
 [ 0.          0.5         0.5875      0.          0.36996154  0.21211258
   0.59404762  0.665       0.40478613  0.54178885]
 [ 0.66809049  0.83388889  0.83875     0.82755931  0.83150918  0.
   0.5         0.59375     0.          0.37242308]
 [ 0.          0.5         0.56125     0.          0.35934783  0.
   0.5         0.56125     0.          0.35934783]
 [ 0.          0.5         0.64583333  0.          0.39230769  0.
   0.5         0.52916667  0.          0.34591304]
 [ 0.          0.5         0.65833333  0.          0.3968661   0.
   0.5         0.6325      0.          0.38730769]
 [ 0.          0.5         0.59375     0.          0.37242308  0.
   0.5         0.67708333  0.          0.4037037 ]
 [ 0.62048363  0.80507937  0.81958333  0.79467186  0.80763898  0.
   0.5         0.59375     0.          0.37242308]
 [ 0.          0.5         0.85208333  0.          0.45995895  0.
   0.5         0.6         0.          0.37488462]
 [ 0.          0.5         0.69041667  0.          0.40831909  0.36930127
   0.6797619   0.695       0.64710669  0.67352138]
 [ 0.          0.5         0.65833333  0.          0.3968661   0.
   0.5         0.62583333  0.          0.38480769]
 [ 0.          0.5         0.775       0.          0.43650794  0.13314647
   0.56696429  0.56291667  0.33070717  0.48062333]
 [ 0.00428719  0.50267857  0.49041667  0.12984646  0.36909628  0.
   0.5         0.65208333  0.          0.39458689]
 [ 0.          0.5         0.5875      0.          0.36996154  0.
   0.5         0.74166667  0.          0.42582418]
 [ 0.          0.5         0.54166667  0.          0.35124638  0.
   0.5         0.54791667  0.          0.35391304]
 [ 0.19886166  0.59345238  0.63208333  0.44094784  0.54565944  0.593952
   0.79672619  0.79833333  0.79035277  0.79508469]
 [ 0.          0.5         0.53541667  0.          0.34857971  0.
   0.5         0.56125     0.          0.35934783]
 [ 0.          0.5         0.69041667  0.          0.40831909  0.46950454
   0.73482143  0.73541667  0.71940639  0.72879624]
 [ 0.          0.5         0.63916667  0.          0.38980769  0.
   0.5         0.6         0.          0.37488462]
 [ 0.          0.5         0.6325      0.          0.38730769  0.
   0.5         0.56791667  0.          0.36206522]
 [ 0.          0.5         0.6125      0.          0.37980769  0.
   0.5         0.65208333  0.          0.39458689]]
SVM mean:
[0.10456192 0.54972685 0.64791667 0.18305673 0.46414898 0.08665832
 0.54276786 0.63197222 0.14522837 0.44496821]
---------------------------
---------------------------
GBM performance:
[[ 0.33198786  0.67123016  0.67875     0.62928629  0.66510616  0.38210496
   0.6625      0.8275      0.50479922  0.66926451]
 [ 0.25733403  0.62797619  0.63125     0.6240389   0.62699438  0.31255693
   0.64777778  0.70166667  0.53437289  0.62505876]
 [ 0.15299078  0.57331349  0.61791667  0.43698012  0.54383774  0.30160206
   0.65178571  0.65125     0.62816812  0.63982492]
 [ 0.37755033  0.68630952  0.69666667  0.65615602  0.67739091  0.00204082
   0.50090909  0.69083333  0.04045199  0.41988604]
 [ 0.40768268  0.68301587  0.73458333  0.62968704  0.67477539  0.39808246
   0.7         0.69791667  0.67874162  0.68867369]
 [ 0.26837558  0.64107143  0.64375     0.62207728  0.63548388  0.39882715
   0.70605159  0.70833333  0.68477848  0.6990752 ]
 [ 0.44515729  0.70388889  0.76125     0.64763078  0.70816206  0.23176789
   0.61517857  0.62        0.58027498  0.59547133]
 [ 0.48828033  0.70886364  0.80041667  0.66715675  0.72667523  0.37873652
   0.67619048  0.72416667  0.6205775   0.67364326]
 [ 0.14835092  0.56227273  0.70333333  0.26655872  0.52972362 -0.03367943
   0.48636364  0.67791667  0.          0.40357835]
 [ 0.23399497  0.61696429  0.61875     0.58387317  0.60860669  0.17273801
   0.58551587  0.59416667  0.5581104   0.57649435]
 [ 0.10213501  0.54674603  0.60708333  0.39751157  0.50901923  0.3468554
   0.67452381  0.70916667  0.61156349  0.66767342]
 [ 0.52719974  0.755       0.78791667  0.72090715  0.75418711  0.2091017
   0.59690476  0.65208333  0.43571565  0.55894429]
 [ 0.04721428  0.53650794  0.56791667  0.42331426  0.5160011   0.12421428
   0.55922619  0.59416667  0.44474245  0.5258549 ]
 [ 0.01881599  0.50666667  0.6325      0.16460743  0.43895228  0.07214211
   0.54285714  0.54791667  0.50617804  0.52775297]
 [ 0.04979785  0.52924242  0.6525      0.27565103  0.49171575  0.14200931
   0.55944444  0.65916667  0.350266    0.51831422]
 [ 0.27184949  0.62079365  0.68416667  0.51926824  0.59394645  0.19477293
   0.58727273  0.70416667  0.38714497  0.56225897]
 [ 0.56479935  0.77992063  0.7925      0.77081962  0.7804437   0.51639161
   0.74992063  0.7675      0.73446967  0.74573383]
 [ 0.16212249  0.56282051  0.86458333  0.14142136  0.55457125  0.25416504
   0.62039683  0.66541667  0.5090431   0.60243218]
 [ 0.0373461   0.515       0.69666667  0.08714777  0.43996886  0.41185678
   0.70277778  0.715       0.66749728  0.69280612]
 [ 0.07064069  0.52424242  0.65208333  0.23619994  0.47571303  0.11018733
   0.55        0.6325      0.3802776   0.5106005 ]
 [ 0.01428571  0.50416667  0.76166667  0.05773503  0.45663614  0.15655992
   0.57946429  0.575       0.56265283  0.56483701]
 [ 0.07077771  0.51785714  0.51625     0.48883502  0.49547978  0.29435562
   0.635       0.71583333  0.55267674  0.62791204]
 [ 0.00609175  0.50373016  0.54833333  0.38013588  0.47922328 -0.00298507
   0.49886364  0.71583333  0.1         0.4558315 ]
 [ 0.25689636  0.64642857  0.65875     0.60440368  0.63742714  0.32448964
   0.66130952  0.66583333  0.66191291  0.65773134]
 [ 0.27097929  0.64325397  0.66375     0.58542864  0.63032553  0.47515972
   0.73938492  0.73625     0.71780248  0.7269147 ]
 [ 0.15310245  0.56904762  0.575       0.54813677  0.55973198  0.17742407
   0.58730159  0.60666667  0.56003762  0.57828557]
 [ 0.23642731  0.60590909  0.74833333  0.40096846  0.59649658  0.38065192
   0.69017857  0.69        0.6673463   0.67985808]
 [ 0.08770648  0.53833333  0.645       0.27857959  0.48792835  0.42243916
   0.70896825  0.74125     0.67254146  0.70795395]
 [ 0.15856395  0.57777778  0.67        0.3800115   0.53732394  0.39505758
   0.69742063  0.705       0.66864414  0.68925707]
 [ 0.21311601  0.60388889  0.6825      0.42884057  0.57122216  0.34333878
   0.64666667  0.74166667  0.52536579  0.63749253]]
GBM mean:
[0.21438576 0.60207466 0.67647222 0.45511229 0.58010232 0.26309884
 0.6273385  0.68113889 0.51820512 0.60764719]
---------------------------
---------------------------
BDDAE performance:
[[0. 0. 0. 0. 0. 0. 0. 0. 0. 0.]
 [0. 0. 0. 0. 0. 0. 0. 0. 0. 0.]
 [0. 0. 0. 0. 0. 0. 0. 0. 0. 0.]
 [0. 0. 0. 0. 0. 0. 0. 0. 0. 0.]
 [0. 0. 0. 0. 0. 0. 0. 0. 0. 0.]
 [0. 0. 0. 0. 0. 0. 0. 0. 0. 0.]
 [0. 0. 0. 0. 0. 0. 0. 0. 0. 0.]
 [0. 0. 0. 0. 0. 0. 0. 0. 0. 0.]
 [0. 0. 0. 0. 0. 0. 0. 0. 0. 0.]
 [0. 0. 0. 0. 0. 0. 0. 0. 0. 0.]
 [0. 0. 0. 0. 0. 0. 0. 0. 0. 0.]
 [0. 0. 0. 0. 0. 0. 0. 0. 0. 0.]
 [0. 0. 0. 0. 0. 0. 0. 0. 0. 0.]
 [0. 0. 0. 0. 0. 0. 0. 0. 0. 0.]
 [0. 0. 0. 0. 0. 0. 0. 0. 0. 0.]
 [0. 0. 0. 0. 0. 0. 0. 0. 0. 0.]
 [0. 0. 0. 0. 0. 0. 0. 0. 0. 0.]
 [0. 0. 0. 0. 0. 0. 0. 0. 0. 0.]
 [0. 0. 0. 0. 0. 0. 0. 0. 0. 0.]
 [0. 0. 0. 0. 0. 0. 0. 0. 0. 0.]
 [0. 0. 0. 0. 0. 0. 0. 0. 0. 0.]
 [0. 0. 0. 0. 0. 0. 0. 0. 0. 0.]
 [0. 0. 0. 0. 0. 0. 0. 0. 0. 0.]
 [0. 0. 0. 0. 0. 0. 0. 0. 0. 0.]
 [0. 0. 0. 0. 0. 0. 0. 0. 0. 0.]
 [0. 0. 0. 0. 0. 0. 0. 0. 0. 0.]
 [0. 0. 0. 0. 0. 0. 0. 0. 0. 0.]
 [0. 0. 0. 0. 0. 0. 0. 0. 0. 0.]
 [0. 0. 0. 0. 0. 0. 0. 0. 0. 0.]
 [0. 0. 0. 0. 0. 0. 0. 0. 0. 0.]]
BDDAE mean:
[0. 0. 0. 0. 0. 0. 0. 0. 0. 0.]
---------------------------
---------------------------
DUMMY performance:
[[0.         0.5        0.54166667 0.         0.35124638 0.
  0.5        0.755      0.         0.43009768]
 [0.         0.5        0.54166667 0.         0.35124638 0.
  0.5        0.6125     0.         0.37980769]
 [0.         0.5        0.57458333 0.         0.36478261 0.
  0.5        0.51       0.         0.33761528]
 [0.         0.5        0.54166667 0.         0.35124638 0.
  0.5        0.69708333 0.         0.41062678]
 [0.         0.5        0.60625    0.         0.37734615 0.
  0.5        0.51       0.         0.33761528]
 [0.         0.5        0.51       0.         0.33761528 0.
  0.5        0.54166667 0.         0.35124638]
 [0.         0.5        0.6125     0.         0.37980769 0.
  0.5        0.51       0.         0.33761528]
 [0.         0.5        0.68375    0.         0.4060114  0.
  0.5        0.6        0.         0.37488462]
 [0.         0.5        0.68375    0.         0.4060114  0.
  0.5        0.69708333 0.         0.41062678]
 [0.         0.5        0.48333333 0.         0.32575758 0.
  0.5        0.54166667 0.         0.35124638]
 [0.         0.5        0.5875     0.         0.36996154 0.
  0.5        0.5875     0.         0.36996154]
 [0.         0.5        0.6125     0.         0.37980769 0.
  0.5        0.59375    0.         0.37242308]
 [0.         0.5        0.56125    0.         0.35934783 0.
  0.5        0.56125    0.         0.35934783]
 [0.         0.5        0.64583333 0.         0.39230769 0.
  0.5        0.52916667 0.         0.34591304]
 [0.         0.5        0.65833333 0.         0.3968661  0.
  0.5        0.6325     0.         0.38730769]
 [0.         0.5        0.59375    0.         0.37242308 0.
  0.5        0.67708333 0.         0.4037037 ]
 [0.         0.5        0.5875     0.         0.36996154 0.
  0.5        0.59375    0.         0.37242308]
 [0.         0.5        0.85208333 0.         0.45995895 0.
  0.5        0.6        0.         0.37488462]
 [0.         0.5        0.69041667 0.         0.40831909 0.
  0.5        0.54166667 0.         0.35124638]
 [0.         0.5        0.65833333 0.         0.3968661  0.
  0.5        0.62583333 0.         0.38480769]
 [0.         0.5        0.775      0.         0.43650794 0.
  0.5        0.48333333 0.         0.32575758]
 [0.         0.5        0.50333333 0.         0.33465086 0.
  0.5        0.65208333 0.         0.39458689]
 [0.         0.5        0.5875     0.         0.36996154 0.
  0.5        0.74166667 0.         0.42582418]
 [0.         0.5        0.54166667 0.         0.35124638 0.
  0.5        0.54791667 0.         0.35391304]
 [0.         0.5        0.55458333 0.         0.35663043 0.
  0.5        0.52291667 0.         0.34324638]
 [0.         0.5        0.53541667 0.         0.34857971 0.
  0.5        0.56125    0.         0.35934783]
 [0.         0.5        0.69041667 0.         0.40831909 0.
  0.5        0.51       0.         0.33761528]
 [0.         0.5        0.63916667 0.         0.38980769 0.
  0.5        0.6        0.         0.37488462]
 [0.         0.5        0.6325     0.         0.38730769 0.
  0.5        0.56791667 0.         0.36206522]
 [0.         0.5        0.6125     0.         0.37980769 0.
  0.5        0.65208333 0.         0.39458689]]
DUMMY mean:
[0.         0.5        0.60995833 0.         0.37732366 0.
 0.5        0.59188889 0.         0.37050762]
---------------------------
Current folder: /home/marcos/Dropbox (Maestral)/c_sldl_3_1_1_bis
-------------------------------------
----- RESULTS ------
-------------------------------------
Window size (sec):  8.0
step (sec):  8.0
overlap:  True
perc. of overlap:  0.0
Number of windows / instances:  155
---------------------------
ALG Means: 
-rows: alg : KNN = 0; DT = 1; RF = 2; SVM = 3; GBM = 4; BDDAE = 5; DUMMY = 5
columns:
'val_cohen','val_uar', 'val_acc', 'val_gm',  'val_f1',  'aro_cohen','aro_uar', 'aro_acc', 'aro_gm',  'aro_f1'
-------------------------------------------------------------
  v_c   v_u   v_a   v_g   v_f1  a_c   a_u   a_a   a_g   a_f1
[[0.25  0.621 0.669 0.556 0.614 0.254 0.627 0.66  0.567 0.616]
 [0.215 0.605 0.637 0.555 0.597 0.238 0.622 0.642 0.591 0.613]
 [0.232 0.61  0.65  0.561 0.604 0.247 0.624 0.652 0.592 0.617]
 [0.105 0.55  0.648 0.183 0.464 0.087 0.543 0.632 0.145 0.445]
 [0.214 0.602 0.676 0.455 0.58  0.263 0.627 0.681 0.518 0.608]
 [0.    0.    0.    0.    0.    0.    0.    0.    0.    0.   ]
 [0.    0.5   0.61  0.    0.377 0.    0.5   0.592 0.    0.371]]
Elapsed time: 576.2610449790955 minutes
Elapsed time: 9.60435074965159 hours
