Traceback (most recent call last):
  File "C:\Users\Javier\Dropbox\c_sldl_1_2_15\show_csv_results.py", line 5, in <module>
    from processdataf import process_data
  File "C:\Users\Javier\Dropbox\c_sldl_1_2_15\processdataf.py", line 1, in <module>
    import numpy as np
  File "C:\Users\Javier\AppData\Local\Packages\PythonSoftwareFoundation.Python.3.12_qbz5n2kfra8p0\LocalCache\local-packages\Python312\site-packages\numpy\__init__.py", line 144, in <module>
    from numpy.__config__ import show as show_config
  File "C:\Users\Javier\AppData\Local\Packages\PythonSoftwareFoundation.Python.3.12_qbz5n2kfra8p0\LocalCache\local-packages\Python312\site-packages\numpy\__config__.py", line 4, in <module>
    from numpy.core._multiarray_umath import (
  File "C:\Users\Javier\AppData\Local\Packages\PythonSoftwareFoundation.Python.3.12_qbz5n2kfra8p0\LocalCache\local-packages\Python312\site-packages\numpy\core\__init__.py", line 74, in <module>
    from . import numeric
  File "C:\Users\Javier\AppData\Local\Packages\PythonSoftwareFoundation.Python.3.12_qbz5n2kfra8p0\LocalCache\local-packages\Python312\site-packages\numpy\core\numeric.py", line 26, in <module>
    from . import shape_base
  File "C:\Users\Javier\AppData\Local\Packages\PythonSoftwareFoundation.Python.3.12_qbz5n2kfra8p0\LocalCache\local-packages\Python312\site-packages\numpy\core\shape_base.py", line 12, in <module>
    from . import fromnumeric as _from_nx
  File "C:\Users\Javier\AppData\Local\Packages\PythonSoftwareFoundation.Python.3.12_qbz5n2kfra8p0\LocalCache\local-packages\Python312\site-packages\numpy\core\fromnumeric.py", line 1025, in <module>
    @array_function_dispatch(_argsort_dispatcher)
     ^^^^^^^^^^^^^^^^^^^^^^^^^^^^^^^^^^^^^^^^^^^^
  File "C:\Users\Javier\AppData\Local\Packages\PythonSoftwareFoundation.Python.3.12_qbz5n2kfra8p0\LocalCache\local-packages\Python312\site-packages\numpy\core\overrides.py", line 161, in decorator
    public_api = functools.wraps(implementation)(public_api)
                 ^^^^^^^^^^^^^^^^^^^^^^^^^^^^^^^^^^^^^^^^^^^
  File "C:\Program Files\WindowsApps\PythonSoftwareFoundation.Python.3.12_3.12.752.0_x64__qbz5n2kfra8p0\Lib\functools.py", line 56, in update_wrapper
    setattr(wrapper, attr, value)
KeyboardInterrupt
^C