2024-03-04 10:09:00.481912: I tensorflow/core/util/port.cc:113] oneDNN custom operations are on. You may see slightly different numerical results due to floating-point round-off errors from different computation orders. To turn them off, set the environment variable `TF_ENABLE_ONEDNN_OPTS=0`.
2024-03-04 10:09:04.357861: I tensorflow/core/util/port.cc:113] oneDNN custom operations are on. You may see slightly different numerical results due to floating-point round-off errors from different computation orders. To turn them off, set the environment variable `TF_ENABLE_ONEDNN_OPTS=0`.
2024-03-04 10:09:14.124032: I tensorflow/core/platform/cpu_feature_guard.cc:210] This TensorFlow binary is optimized to use available CPU instructions in performance-critical operations.
To enable the following instructions: AVX2 FMA, in other operations, rebuild TensorFlow with the appropriate compiler flags.
    
    
-------------------------------
participant:  1
-------------------------------
    
    
participant:  1
corriendo en PC gamer:
Window size (sec):  3.0
step (sec):  3.0
overlap:  True
perc. of overlap:  0.0
Nearest multiple of 16 to 3000 is: 3008
Nearest multiple of 16 to 3000 is: 3008
['gsr_chunks', 'ppg_chunks', 'val_chunks', 'aro_chunks', 'time_chunks', 'tag_chunks', 'video']

Epoch 1/50
-----------Exception ----------------
'charmap' codec can't encode characters in position 23-42: character maps to <undefined>
-------------------------------------
    
    
-------------------------------
LAST participant's saved data: 
30
-------------------------------
    
    
---------------------------
KNN performance:
Traceback (most recent call last):
  File "C:\Users\Javier\Dropbox\c_sldl_1_2_1\main.py", line 157, in <module>
    print(knn_perm)
          ^^^^^^^^
NameError: name 'knn_perm' is not defined
