    
    
-------------------------------
participant:  1
-------------------------------
    
    
participant:  1
Window size (sec):  4.0
step (sec):  3.0
overlap:  True
perc. of overlap:  25.0
['gsr_chunks', 'ppg_chunks', 'val_chunks', 'aro_chunks', 'time_chunks', 'tag_chunks', 'video']
/home/marcos/datasets/case/functions.py:880: FutureWarning: ChainedAssignmentError: behaviour will change in pandas 3.0!

  combined_df_copy[labels[label]].iloc[index] = combined_df_copy[labels[label]].iloc[index].apply(map_labels_bipartite, args=(number_thresholds, threshold, L, H))

Retrieved DataFrame from pickle file:
     g_l1_SD1  g_l1_SD2  g_l1_SD12  ...   p_l10_S    le_ppg  apen_ppg
0    0.000020  0.037915   0.000534  ...  0.970726  0.138054  0.033262
1    0.000015  0.026159   0.000584  ...  0.789973  0.139138  0.033636
2    0.000018  0.025470   0.000722  ...  0.630774  0.140845  0.034599
3    0.000015  0.042936   0.000340  ...  0.551267  0.128502  0.035773
4    0.000013  0.050617   0.000264  ...  0.541153  0.134865  0.033821
..        ...       ...        ...  ...       ...       ...       ...
413  0.000013  0.021784   0.000614  ...  4.881104  0.133249  0.028294
414  0.000009  0.021585   0.000406  ...  3.715990  0.136911  0.026179
415  0.000011  0.026824   0.000418  ...  3.271812  0.130618  0.025385
416  0.000016  0.026651   0.000618  ...  3.786854  0.132316  0.024728
417  0.000009  0.023008   0.000399  ...  4.624069  0.131350  0.028874

[418 rows x 20 columns]
Class Imbalance test (arousal)....
Multiclass distribution
Class=0, n=256 (61.244%)
Class=1, n=162 (38.756%)
Class Imbalance test (valence)....
Multiclass distribution
Class=0, n=226 (54.067%)
Class=1, n=192 (45.933%)
------------- Evaluating model --------------
------------- Evaluating model --------------
------------- Evaluating model --------------
------------- Evaluating model --------------
------------- Evaluating model --------------
------------- Evaluating model --------------
-------------------------------------
-------------------------------------
participant:  2
-------------------------------------
----- RESULTS ------
-------------------------------------
Window size (sec):  4.0
step (sec):  3.0
overlap:  True
perc. of overlap:  25.0
Number of windows / instances:  418
-rows: alg : KNN = 0; DT = 1; RF = 2; SVM = 3; GBM = 4; BDDAE = 5; DUMMY = 5
columns:
'val_cohen','val_uar', 'val_acc', 'val_gm',  'val_f1',  'aro_cohen','aro_uar', 'aro_acc', 'aro_gm',  'aro_f1'
-------------------------------------------------------------
  v_c   v_u   v_a   v_g   v_f1  a_c   a_u   a_a   a_g   a_f1
[[0.345 0.675 0.67  0.67  0.669 0.419 0.702 0.734 0.685 0.707]
 [0.293 0.635 0.636 0.637 0.633 0.378 0.684 0.703 0.672 0.683]
 [0.308 0.675 0.677 0.622 0.674 0.443 0.702 0.73  0.68  0.707]
 [0.261 0.627 0.643 0.59  0.618 0.296 0.629 0.711 0.506 0.608]
 [0.268 0.629 0.653 0.541 0.599 0.343 0.654 0.72  0.578 0.65 ]
 [0.    0.5   0.541 0.    0.351 0.    0.5   0.612 0.    0.38 ]]
-----------Exception ----------------
index 6 is out of bounds for axis 0 with size 6
-------------------------------------
    
    
-------------------------------
LAST participant's saved data: 
2
-------------------------------
    
    
---------------------------
KNN performance:
[0.34541774 0.67533597 0.66974448 0.67009209 0.66884709 0.41889563
 0.70186425 0.7344367  0.68480302 0.70683449]
KNN mean:
0.6276271466672655
---------------------------
---------------------------
DT performance:
[0.29325797 0.63496724 0.63600465 0.63681035 0.63342708 0.37824734
 0.68364423 0.7033101  0.67203944 0.68343723]
DT mean:
0.5955145622099429
---------------------------
---------------------------
RF performance:
[0.3082586  0.67486738 0.67671312 0.62171071 0.67361683 0.44274731
 0.70233428 0.7296748  0.68024915 0.70678607]
RF mean:
0.62169582505616
---------------------------
---------------------------
SVM performance:
[0.26088169 0.62663252 0.64320557 0.58999197 0.61770308 0.29563795
 0.62898133 0.71080139 0.50552087 0.60791902]
SVM mean:
0.5487275392352385
---------------------------
---------------------------
GBM performance:
[0.26843505 0.62860776 0.6529036  0.54118991 0.59872364 0.34277585
 0.65379638 0.72038328 0.57814947 0.65033546]
GBM mean:
0.5635300402965101
---------------------------
---------------------------
BDDAE performance:
[0.         0.5        0.54065041 0.         0.35089896 0.
 0.5        0.61242741 0.         0.37979621]
BDDAE mean:
0.28837729847765126
---------------------------
---------------------------
DUMMY performance:
Traceback (most recent call last):
  File "/home/marcos/datasets/case/main.py", line 203, in <module>
    print(dummy_perm)
NameError: name 'dummy_perm' is not defined
