2024-03-13 16:18:16.838314: I tensorflow/core/util/port.cc:113] oneDNN custom operations are on. You may see slightly different numerical results due to floating-point round-off errors from different computation orders. To turn them off, set the environment variable `TF_ENABLE_ONEDNN_OPTS=0`.
2024-03-13 16:18:17.566553: I tensorflow/core/util/port.cc:113] oneDNN custom operations are on. You may see slightly different numerical results due to floating-point round-off errors from different computation orders. To turn them off, set the environment variable `TF_ENABLE_ONEDNN_OPTS=0`.
2024-03-13 16:18:19.007202: I tensorflow/core/platform/cpu_feature_guard.cc:210] This TensorFlow binary is optimized to use available CPU instructions in performance-critical operations.
To enable the following instructions: AVX2 FMA, in other operations, rebuild TensorFlow with the appropriate compiler flags.
---------------------------
KNN performance:
[[ 0.4435771   0.71932962  0.7275842   0.70531365  0.71728217  0.43246502
   0.69868035  0.79918699  0.66259943  0.71378948]
 [ 0.46668865  0.73507177  0.73211382  0.73100591  0.73073253  0.50065954
   0.74316629  0.77015099  0.73081849  0.74839286]
 [ 0.43242197  0.71214722  0.72729384  0.69968987  0.71327219  0.3845569
   0.69296537  0.69163763  0.68967572  0.69067909]
 [ 0.27167477  0.6342979   0.64111498  0.62179945  0.63138704  0.11223048
   0.55395225  0.67688734  0.44064774  0.54288968]
 [ 0.42103487  0.70367402  0.72961672  0.68411537  0.70604207  0.41249243
   0.70539189  0.7083043   0.69946574  0.70423235]
 [ 0.44481864  0.72242424  0.72247387  0.71902265  0.72102766  0.52080156
   0.75979925  0.7630662   0.75426667  0.75856535]
 [ 0.20620916  0.59726471  0.63623693  0.55836495  0.59454252  0.25864342
   0.62940476  0.62897793  0.62577962  0.62741308]
 [ 0.80039067  0.89080688  0.91353078  0.88703252  0.89994078  0.64611283
   0.82527614  0.8275842   0.82289443  0.82243037]
 [ 0.31552162  0.65028894  0.72253194  0.61149163  0.65325444  0.23962908
   0.61052166  0.70813008  0.54151579  0.61183587]
 [ 0.27986476  0.6396645   0.64117305  0.63269142  0.63713387  0.35166153
   0.67528396  0.67915215  0.67034455  0.67444155]
 [ 0.25249867  0.62402941  0.6485482   0.60566586  0.62333056  0.3822674
   0.68410351  0.71509872  0.6643565   0.68756606]
 [ 0.5318598   0.76262896  0.77973287  0.75436888  0.76453143  0.38681952
   0.69275622  0.71254355  0.67649179  0.68963838]
 [ 0.34240629  0.6694951   0.68373984  0.65762662  0.66906626  0.30727514
   0.65066743  0.66567944  0.63805169  0.65108785]
 [ 0.20544444  0.59928571  0.64825784  0.56783911  0.59935741  0.31283364
   0.65547379  0.66027875  0.64970407  0.65491331]
 [ 0.20560041  0.59603175  0.67229965  0.54035521  0.59543513  0.21266868
   0.60702885  0.62206736  0.59754183  0.60300773]
 [ 0.20739754  0.60118627  0.62659698  0.57814614  0.59940759  0.41687966
   0.69424603  0.75836237  0.66259033  0.70375844]
 [ 0.550415    0.77309967  0.78246225  0.77000758  0.77478035  0.27896309
   0.63380147  0.66724739  0.60693053  0.63410644]
 [ 0.21781702  0.59448413  0.83513357  0.41793222  0.6005146   0.31697505
   0.65539216  0.6767712   0.64252235  0.65638145]
 [ 0.45034472  0.71811766  0.77990708  0.68668914  0.72115422  0.45097394
   0.72464866  0.72973287  0.7174589   0.72316517]
 [ 0.377291    0.68022487  0.72706156  0.65971277  0.68563636  0.17375237
   0.5842094   0.63141696  0.53891584  0.57734093]
 [-0.01388971  0.49502525  0.70824623  0.241992    0.47584392 -0.08321238
   0.45847403  0.45900116  0.44324756  0.4513769 ]
 [ 0.28431838  0.64272727  0.64111498  0.63787658  0.63936395  0.30722494
   0.64666667  0.69390244  0.61519876  0.6477596 ]
 [ 0.1228024   0.56061928  0.57868757  0.54211416  0.55729764  0.24843644
   0.61067449  0.74384437  0.52970152  0.61628444]
 [ 0.07299493  0.53613688  0.53797909  0.52830617  0.53276563  0.27490175
   0.63494788  0.64622532  0.62476894  0.63510244]
 [ 0.38648645  0.69273941  0.69825784  0.6899227   0.69226182  0.56397423
   0.78190476  0.78211382  0.77890074  0.78109648]
 [ 0.17715178  0.58810017  0.59547038  0.57424608  0.58418268  0.42386823
   0.71191838  0.71562137  0.70706253  0.71036999]
 [ 0.49033054  0.73263547  0.78919861  0.70977737  0.74227331  0.36396888
   0.68202381  0.68199768  0.67699435  0.67990018]
 [ 0.21835103  0.6085755   0.64866434  0.58627019  0.60768443  0.44622418
   0.7173586   0.74152149  0.70373714  0.72049547]
 [ 0.15408108  0.57469017  0.61980256  0.53637266  0.57169647  0.25262001
   0.62565009  0.63141696  0.61817007  0.62394617]
 [ 0.57661033  0.79336538  0.79448316  0.79240971  0.7876714   0.48074273
   0.73787749  0.76533101  0.72763661  0.73927019]]
KNN mean:
[0.32975048 0.6616056  0.69964383 0.63093862 0.66096235 0.34591368
 0.66947552 0.69844173 0.64859967 0.66937458]
---------------------------
---------------------------
DT performance:
[[0.47213086 0.7126139  0.71277584 0.70213601 0.71015619 0.30115892
  0.67906158 0.7514518  0.65416495 0.67470883]
 [0.41442903 0.70622426 0.71051103 0.69232491 0.70616734 0.5068041
  0.75437557 0.76788618 0.7440376  0.75227995]
 [0.40796746 0.68870614 0.69157956 0.68392112 0.68596531 0.42423385
  0.72404762 0.72485482 0.70871242 0.72310497]
 [0.20171322 0.60639796 0.60760743 0.61755892 0.60462796 0.1342336
  0.54726348 0.61724739 0.55494984 0.54378414]
 [0.45444706 0.73410784 0.7416957  0.73545519 0.73250958 0.39060483
  0.69536853 0.69634146 0.68126677 0.69374548]
 [0.25320979 0.63189394 0.63170732 0.64580613 0.63081614 0.501417
  0.74236114 0.74181185 0.76430955 0.74058929]
 [0.29890999 0.63372794 0.64349593 0.64649802 0.63132113 0.28267529
  0.63892857 0.63885017 0.63720584 0.63607598]
 [0.76849218 0.88568783 0.89941928 0.89972056 0.88649696 0.52375174
  0.77174673 0.7753194  0.77991193 0.76879459]
 [0.32707367 0.64762221 0.70081301 0.63274425 0.64586031 0.19243441
  0.62137489 0.67218351 0.57325371 0.61853558]
 [0.31186631 0.64616883 0.64610918 0.66365665 0.64433532 0.3122865
  0.64367017 0.64576074 0.6495454  0.64048578]
 [0.12816525 0.56516176 0.57868757 0.54347761 0.5616896  0.36334956
  0.67584559 0.68623693 0.68861611 0.67299972]
 [0.44075791 0.72394514 0.73925668 0.70527367 0.72380026 0.41836868
  0.72315781 0.73937282 0.71431615 0.72319805]
 [0.35378882 0.67166993 0.67961672 0.67992691 0.66878734 0.17768288
  0.60105994 0.60789779 0.59310825 0.59803156]
 [0.11549794 0.56936508 0.60087108 0.53780383 0.56840511 0.31752987
  0.67348554 0.67485482 0.67877072 0.67110385]
 [0.15100116 0.57050265 0.62189315 0.58592043 0.56833152 0.21103697
  0.62560577 0.63890825 0.61262076 0.6219084 ]
 [0.32054686 0.65569118 0.66486643 0.65756593 0.65443137 0.33099312
  0.6723545  0.70783972 0.65405638 0.67015649]
 [0.54937032 0.7580719  0.76085947 0.73559822 0.75563529 0.39757732
  0.69558088 0.71039489 0.69360637 0.69539977]
 [0.23598991 0.59194444 0.79425087 0.50551927 0.59050557 0.34608496
  0.6657402  0.67961672 0.65527697 0.66409915]
 [0.48117876 0.73301914 0.77288037 0.69430418 0.73276288 0.36279605
  0.66438238 0.66509872 0.67081581 0.66239838]
 [0.22565152 0.63128307 0.66986063 0.59809441 0.63106543 0.23592201
  0.61167557 0.6315331  0.6118833  0.60701443]
 [0.09411775 0.53869318 0.66736353 0.4720717  0.53181779 0.04604302
  0.50191558 0.50220674 0.49229754 0.49555768]
 [0.26299885 0.63635281 0.63641115 0.61400022 0.6348709  0.1678276
  0.58707087 0.61033682 0.58535098 0.58499625]
 [0.09921615 0.55568464 0.56957027 0.54991881 0.55312891 0.15141096
  0.57675953 0.67694541 0.52439163 0.57424704]
 [0.21681292 0.60832172 0.60789779 0.61422438 0.60531025 0.33680725
  0.66145436 0.66521487 0.65546027 0.65642503]
 [0.35349793 0.64796817 0.65284553 0.65970906 0.64497402 0.41584851
  0.71035714 0.71033682 0.70572839 0.70929708]
 [0.19525193 0.58969836 0.59047619 0.56632688 0.58818433 0.33757649
  0.67042334 0.67700348 0.6534131  0.66994911]
 [0.41045262 0.70911804 0.75603949 0.70355375 0.71258227 0.32572665
  0.66535714 0.66521487 0.67143527 0.66372773]
 [0.15363074 0.5750407  0.60766551 0.58519228 0.57285181 0.38596552
  0.6994457  0.70801394 0.68992321 0.69677288]
 [0.17257088 0.5825641  0.60063879 0.56929805 0.57937878 0.14998776
  0.5611192  0.56463415 0.55838253 0.55938235]
 [0.50443355 0.75522907 0.76376307 0.73550538 0.75402038 0.48511417
  0.7254416  0.74384437 0.74301155 0.72332209]]
DT mean:
[0.31250571 0.65208253 0.67738095 0.64110356 0.65035967 0.31777499
 0.6595477  0.67657375 0.65332744 0.65706972]
---------------------------
---------------------------
RF performance:
[[ 0.54502185  0.77393125  0.77764228  0.78169071  0.77403504  0.4405873
   0.68280059  0.77752613  0.67169366  0.68715034]
 [ 0.47227316  0.76902538  0.77253194  0.74522772  0.7678872   0.52024248
   0.76086708  0.77485482  0.78269716  0.7593023 ]
 [ 0.41857398  0.73341756  0.74186992  0.71469961  0.73410123  0.4249098
   0.68445887  0.68408827  0.69180205  0.68249435]
 [ 0.25673592  0.6334637   0.63594657  0.63352054  0.63192662  0.18857762
   0.5978183   0.69878049  0.47599091  0.59983112]
 [ 0.51074287  0.73039461  0.74872242  0.74837914  0.73228927  0.48570202
   0.73428059  0.73484321  0.71873347  0.73255622]
 [ 0.42077924  0.70393939  0.70348432  0.67463218  0.70269412  0.57348642
   0.78142553  0.78478513  0.76512546  0.78187604]
 [ 0.28854837  0.66559559  0.68658537  0.62475001  0.66598889  0.36819527
   0.68440476  0.6844367   0.68235329  0.68278921]
 [ 0.81666469  0.89835979  0.9112079   0.88137317  0.8993568   0.53914028
   0.81151144  0.81817654  0.81039638  0.81034165]
 [ 0.2932844   0.66781451  0.71765389  0.63192509  0.66537824  0.21686287
   0.60776967  0.67938444  0.59117103  0.60504782]
 [ 0.33928124  0.68450216  0.68432056  0.65318118  0.68285956  0.46864884
   0.69199709  0.69843206  0.68599799  0.69025756]
 [ 0.12823629  0.54344118  0.56010453  0.51922499  0.54162399  0.50068023
   0.71177998  0.72700348  0.70740638  0.71237655]
 [ 0.54516445  0.7829129   0.79186992  0.7645268   0.78281898  0.43927941
   0.74044061  0.74860627  0.70885797  0.7368943 ]
 [ 0.38184624  0.67268301  0.6887921   0.65524937  0.67286031  0.24676678
   0.66233155  0.67247387  0.63570452  0.66124425]
 [ 0.16238034  0.60566138  0.64361208  0.50659507  0.60403548  0.35129572
   0.67628979  0.67915215  0.64779658  0.67564393]
 [ 0.18623017  0.61011905  0.67212544  0.59959867  0.6081396   0.20926807
   0.61623077  0.64343786  0.57834482  0.61577181]
 [ 0.30844245  0.67491667  0.68902439  0.63734767  0.6714473   0.48414242
   0.73869048  0.78217189  0.69493462  0.74679677]
 [ 0.62306177  0.79507843  0.80371661  0.80591022  0.79590089  0.49801642
   0.74433088  0.76097561  0.72497104  0.7462269 ]
 [ 0.27028532  0.69222222  0.84692218  0.43376466  0.69378273  0.40102391
   0.68962255  0.70818815  0.69094168  0.69074025]
 [ 0.56600963  0.74141089  0.78943089  0.76453681  0.74455181  0.46529316
   0.72438458  0.72996516  0.70237586  0.72468709]
 [ 0.32649068  0.65138889  0.69622532  0.6211666   0.65477566  0.25886485
   0.63879986  0.67171893  0.62755072  0.6378715 ]
 [-0.00134306  0.54989899  0.71777003  0.33262723  0.55212103  0.00189442
   0.45917749  0.45905923  0.50719912  0.4548789 ]
 [ 0.24516114  0.66483766  0.66504065  0.6735736   0.66255107  0.24005903
   0.61280627  0.6558072   0.61085038  0.61250849]
 [ 0.15510875  0.59134804  0.60534262  0.58808213  0.59086275  0.27387901
   0.60011975  0.71533101  0.58895447  0.60518267]
 [ 0.19309746  0.61286405  0.61509872  0.58189326  0.60898859  0.39198666
   0.67097476  0.67456446  0.71480064  0.66898914]
 [ 0.33939629  0.66802891  0.68170732  0.66628848  0.66723925  0.48778604
   0.78214286  0.78205575  0.74494476  0.78164025]
 [ 0.23142842  0.61756189  0.62392567  0.62521236  0.61722012  0.48296834
   0.73450292  0.74401858  0.71933429  0.73635683]
 [ 0.49578929  0.7339191   0.77746806  0.72374446  0.73763582  0.37312232
   0.71809524  0.71782811  0.69635635  0.71661879]
 [ 0.20522813  0.58176842  0.63385598  0.58518005  0.57920558  0.44888671
   0.75418156  0.76800232  0.70950724  0.75459667]
 [ 0.22480219  0.61593839  0.64866434  0.56489834  0.61592373  0.25549055
   0.6117901   0.61730546  0.57689651  0.61156026]
 [ 0.58041831  0.79832183  0.80679443  0.79321448  0.79768378  0.49024163
   0.74729345  0.77003484  0.72072707  0.74841296]]
RF mean:
[0.35097133 0.68215886 0.71124855 0.65106715 0.68186285 0.38424329
 0.68904398 0.71210027 0.67281388 0.6890215 ]
---------------------------
---------------------------
SVM performance:
[[ 0.34549373  0.66798835  0.6844367   0.62131636  0.6550579   0.15617624
   0.55677419  0.76794425  0.32325501  0.53531907]
 [ 0.38502685  0.68963855  0.69849013  0.67803055  0.68899632  0.33251612
   0.65312104  0.70807201  0.5987443   0.6521002 ]
 [ 0.46350517  0.71952072  0.75133566  0.67117201  0.71599782  0.35275526
   0.67767316  0.67456446  0.66381236  0.66960696]
 [ 0.21307575  0.60348866  0.62171893  0.54138996  0.5820503   0.
   0.5         0.70813008  0.          0.41454728]
 [ 0.47644108  0.72531863  0.76091754  0.69826851  0.73183134  0.43095464
   0.71450843  0.71788618  0.70842808  0.71343074]
 [ 0.41502708  0.70711039  0.70807201  0.70202151  0.70562202  0.52629378
   0.7616502   0.7655633   0.75763764  0.76200686]
 [ 0.0303587   0.51288971  0.60772358  0.10780684  0.40369659  0.29631153
   0.64821429  0.64825784  0.64014707  0.64445488]
 [ 0.75720788  0.86813492  0.89471545  0.86183429  0.87781591  0.46069246
   0.72884804  0.73902439  0.72216879  0.72848777]
 [ 0.          0.5         0.68420441  0.          0.40622984  0.
   0.5         0.69384437  0.          0.40961771]
 [ 0.27913989  0.63992424  0.63902439  0.63056037  0.63496103  0.28856908
   0.64138652  0.65307782  0.61482235  0.6346404 ]
 [ 0.09050479  0.53919118  0.61974448  0.33178487  0.47427753  0.25395976
   0.6120509   0.68670151  0.48448635  0.58438592]
 [ 0.43174931  0.70338066  0.74616725  0.67002872  0.70833609  0.28642143
   0.63147285  0.68658537  0.56489371  0.62454219]
 [ 0.26354249  0.62345098  0.66469222  0.55711609  0.61172249  0.
   0.5         0.56695703  0.          0.36180507]
 [ 0.          0.5         0.64599303  0.          0.39245524  0.386555
   0.69019815  0.70081301  0.66520522  0.68436204]
 [ 0.          0.5         0.66504065  0.          0.39941176  0.
   0.5         0.61718931  0.          0.38163993]
 [ 0.          0.5         0.59326365  0.          0.37235362  0.10859231
   0.54285714  0.69152149  0.26610325  0.486773  ]
 [ 0.57711339  0.78322712  0.79907085  0.77473678  0.78696606  0.16632537
   0.57297059  0.65069686  0.40498536  0.52543055]
 [ 0.          0.5         0.84216028  0.          0.45714023  0.04280655
   0.51847059  0.60760743  0.17058302  0.42033069]
 [ 0.          0.5         0.69140534  0.          0.40876884  0.31622837
   0.6586292   0.66027875  0.65300097  0.65555474]
 [-0.00556401  0.49791005  0.65075494  0.02581989  0.40012468  0.18085179
   0.57746973  0.67700348  0.40471338  0.54301491]
 [ 0.          0.5         0.77276423  0.          0.43588745 -0.00839923
   0.49593074  0.50238095  0.17915136  0.3782993 ]
 [ 0.36949814  0.68538961  0.68385598  0.68133944  0.68261141  0.
   0.5         0.63873403  0.          0.38976028]
 [ 0.          0.5         0.58135889  0.          0.36760463  0.
   0.5         0.7344367   0.          0.42343398]
 [ 0.          0.5         0.5311266   0.          0.3468605   0.34298851
   0.66388571  0.69146341  0.60994264  0.65293482]
 [ 0.22759192  0.60326797  0.65789779  0.46134158  0.56004145  0.51619803
   0.75809524  0.75818815  0.75361443  0.7564191 ]
 [ 0.10682761  0.54977897  0.58350755  0.34991935  0.47013098  0.40016187
   0.69616546  0.71062718  0.67897213  0.69484104]
 [ 0.46866048  0.71082323  0.79175377  0.66990594  0.72800876  0.43375465
   0.71666667  0.71753775  0.68994607  0.70565835]
 [ 0.          0.5         0.64355401  0.          0.39155533  0.41451327
   0.69516063  0.73687573  0.65952661  0.6987472 ]
 [ 0.          0.5         0.62444832  0.          0.38438943  0.28364107
   0.63755461  0.65534262  0.60162188  0.62924783]
 [ 0.48907677  0.74172624  0.76109175  0.73110664  0.74247442  0.40087121
   0.6872792   0.74407666  0.65364364  0.69485196]]
SVM mean:
[0.21280923 0.60240534 0.68667635 0.35884999 0.55077933 0.24565797
 0.61790111 0.68371274 0.44898019 0.58187483]
---------------------------
---------------------------
GBM performance:
[[ 0.37488935  0.68199137  0.6916957   0.6608142   0.67734893  0.23507674
   0.59313783  0.78699187  0.37919987  0.58435249]
 [ 0.48405844  0.74245423  0.75360046  0.72158178  0.74178042  0.48152843
   0.72730543  0.77026713  0.69468733  0.73314901]
 [ 0.49787102  0.73823417  0.76562137  0.70072393  0.73714437  0.37814566
   0.68807359  0.69134727  0.66631168  0.68008218]
 [ 0.2879769   0.6338548   0.64593496  0.60407949  0.62555183  0.12419121
   0.54551282  0.72729384  0.29669888  0.50793549]
 [ 0.53800685  0.75044363  0.78943089  0.71515275  0.75816931  0.48081798
   0.73819321  0.74425087  0.72178134  0.73443708]
 [ 0.39897134  0.6979329   0.69622532  0.68544415  0.69200442  0.54112681
   0.76955326  0.77764228  0.76082443  0.77076504]
 [ 0.27112885  0.62399265  0.68164925  0.5434265   0.6119588   0.41622385
   0.70809524  0.70813008  0.70608177  0.70629581]
 [ 0.80227184  0.88612434  0.9184669   0.87916449  0.90302513  0.50265882
   0.74275327  0.76782811  0.72875684  0.7481813 ]
 [ 0.19729182  0.58273967  0.72729384  0.41703696  0.56500712  0.02817319
   0.51085323  0.69628339  0.09510241  0.43659611]
 [ 0.33076595  0.66532468  0.6655633   0.65903623  0.66248219  0.42668814
   0.70967547  0.71997677  0.68132274  0.70563495]
 [ 0.11997169  0.55309314  0.62450639  0.35848481  0.5047253   0.46020676
   0.71761652  0.76068525  0.68051505  0.72346395]
 [ 0.52165739  0.75248699  0.77979094  0.73773679  0.75807952  0.46284601
   0.72836425  0.74878049  0.70822642  0.72582412]
 [ 0.27763967  0.62843301  0.67415796  0.5440959   0.60995311  0.19347803
   0.59970601  0.6199187   0.56881565  0.59453705]
 [ 0.05793371  0.52367725  0.65092915  0.23344062  0.46150641  0.40869426
   0.69977325  0.71300813  0.66296607  0.69057847]
 [ 0.12986043  0.55178571  0.69140534  0.34631122  0.51159657  0.00670638
   0.50080769  0.61236934  0.09851412  0.40087426]
 [ 0.16244792  0.57791667  0.64849013  0.41554397  0.53621507  0.33216287
   0.63902116  0.74634146  0.54109738  0.63945621]
 [ 0.62189129  0.80704412  0.81829268  0.8026129   0.8102539   0.3387202
   0.65871324  0.71045296  0.59592137  0.65557709]
 [-0.00434783  0.49857143  0.83977933  0.          0.45642252  0.36900327
   0.67489951  0.71538908  0.63053925  0.67254415]
 [ 0.25411738  0.60801756  0.74425087  0.42706962  0.59251949  0.41608685
   0.70485866  0.72253194  0.67488474  0.70093089]
 [ 0.21571195  0.59162698  0.70348432  0.45644898  0.57420851  0.26088394
   0.61468661  0.69843206  0.50336303  0.59680403]
 [ 0.          0.5         0.77276423  0.          0.43588745 -0.00625625
   0.49692641  0.49744483  0.4834477   0.49067394]
 [ 0.39340883  0.69743506  0.69610918  0.69126711  0.69378623  0.19946674
   0.5852938   0.68420441  0.43063562  0.5545263 ]
 [ 0.12456396  0.55733007  0.6126597   0.43066697  0.52062963 -0.00456432
   0.4983871   0.73205575  0.          0.4226349 ]
 [ 0.16653667  0.58164916  0.59570267  0.51918404  0.55675952  0.49741844
   0.74841247  0.75127758  0.74420486  0.74716024]
 [ 0.30927384  0.64566105  0.68414634  0.57220007  0.62883666  0.55502439
   0.77285714  0.77264808  0.76718061  0.77054439]
 [ 0.36546612  0.67812981  0.69355401  0.6483193   0.67233603  0.42056704
   0.70440662  0.71759582  0.69084121  0.70486787]
 [ 0.43619898  0.69133194  0.78960511  0.61338746  0.70215173  0.40221754
   0.70119048  0.70098722  0.68418416  0.69690469]
 [ 0.14676767  0.56060847  0.67950058  0.37016394  0.51958777  0.43116327
   0.70066516  0.75365854  0.63974223  0.70283946]
 [ 0.3128789   0.63657051  0.71289199  0.55183384  0.62851996  0.30177331
   0.64628667  0.66515679  0.60660298  0.63677231]
 [ 0.30676301  0.64526414  0.69413473  0.58262294  0.63555712  0.38730407
   0.67564103  0.75348432  0.6100923   0.68110897]]
GBM mean:
[0.30339913 0.64299085 0.71472125 0.52959503 0.6261335  0.33491779
 0.66005557 0.71554781 0.56841807 0.64720176]
---------------------------
---------------------------
BDDAE performance:
[[-0.04505606  0.47769231  0.49166667  0.40347954  0.44911742 -0.00557719
   0.49809384  0.73095238  0.04212082  0.4302224 ]
 [ 0.43023784  0.71786325  0.71309524  0.71218641  0.71189709  0.51379432
   0.75062389  0.77380952  0.73998831  0.75508967]
 [-0.01278214  0.49413456  0.52142857  0.38556823  0.45717903  0.16945953
   0.58420306  0.58690476  0.55446244  0.57105243]
 [ 0.03962965  0.51897436  0.53809524  0.43876141  0.48843243  0.16849507
   0.57623729  0.71071429  0.40103544  0.55504638]
 [ 0.4471331   0.71617647  0.74166667  0.69657477  0.71869458  0.35595187
   0.67818182  0.67857143  0.66417689  0.67139429]
 [ 0.5833126   0.79174702  0.79166667  0.78690503  0.78999001 -0.05670293
   0.47282051  0.49761905  0.29750916  0.40509304]
 [ 0.06450127  0.53141176  0.58333333  0.40517631  0.49927722  0.07142857
   0.53571429  0.53571429  0.51212135  0.5240121 ]
 [ 0.42820775  0.68928571  0.77619048  0.63513476  0.70403883 -0.05366355
   0.47612245  0.55119048  0.08741238  0.37204847]
 [ 0.50336885  0.71578947  0.81666667  0.65255666  0.73844827  0.52695888
   0.72413793  0.82857143  0.66917382  0.75343068]
 [ 0.0675046   0.53366421  0.53452381  0.52676033  0.53064727  0.22785617
   0.61273504  0.6202381   0.59678952  0.60837547]
 [ 0.06202034  0.528       0.59047619  0.40485028  0.49472798  0.31848605
   0.64795009  0.6952381   0.59375769  0.64323954]
 [ 0.0509708   0.5228164   0.60238095  0.33399702  0.4739681   0.31875899
   0.66524064  0.66428571  0.66304698  0.65677573]
 [-0.0254334   0.48819444  0.53690476  0.29100508  0.43328208  0.33930187
   0.66909722  0.67857143  0.65858071  0.66637727]
 [ 0.06680259  0.52888889  0.63809524  0.32736366  0.4876907   0.35886032
   0.67931624  0.68095238  0.67621738  0.67820011]
 [-0.01818534  0.49285714  0.65595238  0.01889822  0.39934304  0.10510706
   0.55180288  0.60952381  0.41964357  0.52390871]
 [ 0.16096789  0.57464706  0.6297619   0.4758873   0.550306    0.19936901
   0.57946429  0.71785714  0.39841038  0.55028405]
 [ 0.58055175  0.79612245  0.79404762  0.78497669  0.78617749  0.27577202
   0.62241176  0.69166667  0.49983049  0.59579441]
 [ 0.09665293  0.54739978  0.8297619   0.23855174  0.52625956 -0.04062053
   0.48176471  0.56904762  0.09840659  0.37925312]
 [ 0.18148704  0.57718833  0.7047619   0.45339931  0.57016328  0.19240158
   0.59542334  0.60952381  0.54138104  0.57641926]
 [ 0.18227732  0.57592476  0.69761905  0.40639642  0.54610382  0.02642698
   0.510986    0.63214286  0.15046543  0.42589628]
 [ 0.02125189  0.50963563  0.77142857  0.05399055  0.45494777  0.16313709
   0.58148043  0.58214286  0.57597446  0.57908044]
 [ 0.1026898   0.55136132  0.55119048  0.54075951  0.5459929  -0.00560012
   0.49777778  0.63809524  0.0358306   0.39525134]
 [-0.0094041   0.49489796  0.53690476  0.4144023   0.4734336   0.33670372
   0.64486804  0.78095238  0.57143024  0.66047739]
 [ 0.06071729  0.53008547  0.53571429  0.5172358   0.52598513  0.32493217
   0.65868315  0.675       0.64313373  0.6587279 ]
 [ 0.05877997  0.52951389  0.56309524  0.44809868  0.50444433  0.10952381
   0.5547619   0.5547619   0.54996531  0.55239466]
 [ 0.30945659  0.65119658  0.66309524  0.62694806  0.64635109  0.24170223
   0.61811386  0.63571429  0.59345017  0.61353526]
 [ 0.47188404  0.72241715  0.78333333  0.70022231  0.73385089  0.5
   0.75        0.75        0.73421869  0.74372725]
 [ 0.02471797  0.51111111  0.61428571  0.34372211  0.47413122  0.49147745
   0.74073084  0.76309524  0.73121979  0.74436102]
 [ 0.15467402  0.57067308  0.63214286  0.5018357   0.56175623  0.39873623
   0.69427918  0.70952381  0.67509151  0.69377126]
 [ 0.30108867  0.63778966  0.6952381   0.57651879  0.63458935  0.00263618
   0.50092593  0.63928571  0.06584704  0.40286925]]
BDDAE mean:
[0.17800085 0.58424867 0.65115079 0.4700721  0.56370756 0.21917043
 0.60513161 0.65972222 0.4813564  0.57953697]
---------------------------
---------------------------
DUMMY performance:
[[0.         0.5        0.5358885  0.         0.34887973 0.
  0.5        0.7416957  0.         0.42583714]
 [0.         0.5        0.54065041 0.         0.35089896 0.
  0.5        0.61242741 0.         0.37979621]
 [0.         0.5        0.56457607 0.         0.36082605 0.
  0.5        0.51196283 0.         0.33857527]
 [0.         0.5        0.5358885  0.         0.34887973 0.
  0.5        0.70813008 0.         0.41454728]
 [0.         0.5        0.59570267 0.         0.37330933 0.
  0.5        0.52392567 0.         0.3437916 ]
 [0.         0.5        0.50958188 0.         0.3375336  0.
  0.5        0.53826945 0.         0.34988935]
 [0.         0.5        0.5981417  0.         0.37426504 0.
  0.5        0.50243902 0.         0.3344086 ]
 [0.         0.5        0.6626597  0.         0.3985422  0.
  0.5        0.58850174 0.         0.37045402]
 [0.         0.5        0.68420441 0.         0.40622984 0.
  0.5        0.69384437 0.         0.40961771]
 [0.         0.5        0.50958188 0.         0.3375336  0.
  0.5        0.5358885  0.         0.34887973]
 [0.         0.5        0.59570267 0.         0.37330933 0.
  0.5        0.6029036  0.         0.37610876]
 [0.         0.5        0.60528455 0.         0.37703062 0.
  0.5        0.60528455 0.         0.37703062]
 [0.         0.5        0.57659698 0.         0.36570504 0.
  0.5        0.56695703 0.         0.36180507]
 [0.         0.5        0.64599303 0.         0.39245524 0.
  0.5        0.5311266  0.         0.3468605 ]
 [0.         0.5        0.66504065 0.         0.39941176 0.
  0.5        0.61718931 0.         0.38163993]
 [0.         0.5        0.59326365 0.         0.37235362 0.
  0.5        0.66504065 0.         0.39941176]
 [0.         0.5        0.58135889 0.         0.36760463 0.
  0.5        0.5981417  0.         0.37426504]
 [0.         0.5        0.84216028 0.         0.45714023 0.
  0.5        0.59570267 0.         0.37330933]
 [0.         0.5        0.69140534 0.         0.40876884 0.
  0.5        0.54785134 0.         0.35393506]
 [0.         0.5        0.65551684 0.         0.3959335  0.
  0.5        0.63159117 0.         0.38707486]
 [0.         0.5        0.77276423 0.         0.43588745 0.
  0.5        0.50720093 0.         0.33649194]
 [0.         0.5        0.51434379 0.         0.33961694 0.
  0.5        0.63873403 0.         0.38976028]
 [0.         0.5        0.58135889 0.         0.36760463 0.
  0.5        0.7344367  0.         0.42343398]
 [0.         0.5        0.5311266  0.         0.3468605  0.
  0.5        0.55505226 0.         0.35690997]
 [0.         0.5        0.571777   0.         0.36376967 0.
  0.5        0.50243902 0.         0.3344086 ]
 [0.         0.5        0.54065041 0.         0.35089896 0.
  0.5        0.55981417 0.         0.35886801]
 [0.         0.5        0.67706156 0.         0.40369463 0.
  0.5        0.50243902 0.         0.3344086 ]
 [0.         0.5        0.64355401 0.         0.39155533 0.
  0.5        0.6029036  0.         0.37610876]
 [0.         0.5        0.62444832 0.         0.38438943 0.
  0.5        0.54541231 0.         0.35291819]
 [0.         0.5        0.60766551 0.         0.37795248 0.
  0.5        0.64111498 0.         0.39065542]]
DUMMY mean:
[0.         0.5        0.60846496 0.         0.37696136 0.
 0.5        0.59028068 0.         0.37004005]
---------------------------
Current folder: C:\Users\Javier\Dropbox\c_sldl_1_2_1
-------------------------------------
----- RESULTS from .csv files ------
-------------------------------------
---------------------------
ALG Means: 
-rows: alg : KNN = 0; DT = 1; RF = 2; SVM = 3; GBM = 4; BDDAE = 5; DUMMY = 5
columns:
'val_cohen','val_uar', 'val_acc', 'val_gm',  'val_f1',  'aro_cohen','aro_uar', 'aro_acc', 'aro_gm',  'aro_f1'
-------------------------------------------------------------
  v_c   v_u   v_a   v_g   v_f1  a_c   a_u   a_a   a_g   a_f1
[[0.33  0.662 0.7   0.631 0.661 0.346 0.669 0.698 0.649 0.669]
 [0.313 0.652 0.677 0.641 0.65  0.318 0.66  0.677 0.653 0.657]
 [0.351 0.682 0.711 0.651 0.682 0.384 0.689 0.712 0.673 0.689]
 [0.213 0.602 0.687 0.359 0.551 0.246 0.618 0.684 0.449 0.582]
 [0.303 0.643 0.715 0.53  0.626 0.335 0.66  0.716 0.568 0.647]
 [0.178 0.584 0.651 0.47  0.564 0.219 0.605 0.66  0.481 0.58 ]
 [0.    0.5   0.608 0.    0.377 0.    0.5   0.59  0.    0.37 ]]
-------------------------------------------------------------
Standard Deviation of each metric:
[[0.17  0.084 0.08  0.119 0.087 0.141 0.071 0.069 0.086 0.073]
 [0.154 0.076 0.075 0.084 0.077 0.12  0.063 0.059 0.068 0.063]
 [0.176 0.081 0.078 0.113 0.081 0.131 0.072 0.067 0.075 0.073]
 [0.222 0.107 0.082 0.322 0.156 0.174 0.087 0.058 0.272 0.128]
 [0.182 0.09  0.07  0.204 0.109 0.164 0.082 0.058 0.201 0.103]
 [0.194 0.094 0.101 0.184 0.111 0.176 0.084 0.079 0.225 0.117]
 [0.    0.    0.075 0.    0.028 0.    0.    0.068 0.    0.026]]
-------------------------------------------------------------
std_dev/mean [percentage]:
[[ 52.  13.  11.  19.  13.  41.  11.  10.  13.  11.]
 [ 49.  12.  11.  13.  12.  38.  10.   9.  10.  10.]
 [ 50.  12.  11.  17.  12.  34.  10.   9.  11.  11.]
 [104.  18.  12.  90.  28.  71.  14.   8.  61.  22.]
 [ 60.  14.  10.  39.  17.  49.  12.   8.  35.  16.]
 [109.  16.  16.  39.  20.  80.  14.  12.  47.  20.]
 [  0.   0.  12.   0.   7.   0.   0.  12.   0.   7.]]
