2024-04-30 18:39:37.542602: I tensorflow/stream_executor/cuda/cuda_gpu_executor.cc:975] successful NUMA node read from SysFS had negative value (-1), but there must be at least one NUMA node, so returning NUMA node zero
2024-04-30 18:39:37.594606: I tensorflow/stream_executor/cuda/cuda_gpu_executor.cc:975] successful NUMA node read from SysFS had negative value (-1), but there must be at least one NUMA node, so returning NUMA node zero
2024-04-30 18:39:37.594831: I tensorflow/stream_executor/cuda/cuda_gpu_executor.cc:975] successful NUMA node read from SysFS had negative value (-1), but there must be at least one NUMA node, so returning NUMA node zero
2024-04-30 18:39:37.595193: I tensorflow/core/platform/cpu_feature_guard.cc:193] This TensorFlow binary is optimized with oneAPI Deep Neural Network Library (oneDNN) to use the following CPU instructions in performance-critical operations:  AVX2 FMA
To enable them in other operations, rebuild TensorFlow with the appropriate compiler flags.
2024-04-30 18:39:37.595870: I tensorflow/stream_executor/cuda/cuda_gpu_executor.cc:975] successful NUMA node read from SysFS had negative value (-1), but there must be at least one NUMA node, so returning NUMA node zero
2024-04-30 18:39:37.596079: I tensorflow/stream_executor/cuda/cuda_gpu_executor.cc:975] successful NUMA node read from SysFS had negative value (-1), but there must be at least one NUMA node, so returning NUMA node zero
2024-04-30 18:39:37.596239: I tensorflow/stream_executor/cuda/cuda_gpu_executor.cc:975] successful NUMA node read from SysFS had negative value (-1), but there must be at least one NUMA node, so returning NUMA node zero
2024-04-30 18:39:38.007698: I tensorflow/stream_executor/cuda/cuda_gpu_executor.cc:975] successful NUMA node read from SysFS had negative value (-1), but there must be at least one NUMA node, so returning NUMA node zero
2024-04-30 18:39:38.007921: I tensorflow/stream_executor/cuda/cuda_gpu_executor.cc:975] successful NUMA node read from SysFS had negative value (-1), but there must be at least one NUMA node, so returning NUMA node zero
2024-04-30 18:39:38.008147: I tensorflow/stream_executor/cuda/cuda_gpu_executor.cc:975] successful NUMA node read from SysFS had negative value (-1), but there must be at least one NUMA node, so returning NUMA node zero
2024-04-30 18:39:38.008311: I tensorflow/core/common_runtime/gpu/gpu_device.cc:1532] Created device /job:localhost/replica:0/task:0/device:GPU:0 with 5965 MB memory:  -> device: 0, name: NVIDIA GeForce RTX 3070 Ti, pci bus id: 0000:2b:00.0, compute capability: 8.6
    
    
-------------------------------
participant:  1
-------------------------------
    
    
participant:  1
Window size (sec):  7.0
step (sec):  7.0
overlap:  True
perc. of overlap:  0.0
overlap duration (sec):  0.0
Nearest multiple of 16 to 7000 is: 7008
Nearest multiple of 16 to 7000 is: 7008
['gsr_chunks', 'ppg_chunks', 'val_chunks', 'aro_chunks', 'time_chunks', 'tag_chunks', 'video']
/home/marcos/Dropbox (Maestral)/c_sldl_1_2_23/functions.py:880: FutureWarning: ChainedAssignmentError: behaviour will change in pandas 3.0!

accuracy:  [0.69444444 0.66666667 0.55555556 0.72222222 0.80555556 0.55555556
 0.72222222 0.69444444 0.58333333 0.66666667]
gmean:  [0.56980288 0.50964719 0.56694671 0.58387421 0.78541907 0.49346377
 0.65712874 0.56980288 0.50964719 0.64465837]
f1_score:  [0.6302521  0.58461538 0.55417957 0.65384615 0.79259259 0.51839465
 0.6875     0.6302521  0.54042553 0.64935065]
UAR:  [0.63311688 0.5974026  0.57142857 0.65584416 0.78896104 0.51948052
 0.68181818 0.63311688 0.54220779 0.64935065]
Cohen Kappa score:  [0.29285714 0.2173913  0.13253012 0.34782609 0.58552632 0.04
 0.38356164 0.29285714 0.08783784 0.2987013 ]
arousal and valece = ok
------------- Evaluating model --------------
-------------------------------------
-------------------------------------
participant:  30
-------------------------------------
----- RESULTS ------
-------------------------------------
Window size (sec):  7.008
step (sec):  7.008
overlap:  True
perc. of overlap:  0.0
overlap duration (sec):  0.0
Number of windows / instances:  176
-rows: alg : KNN = 0; DT = 1; RF = 2; SVM = 3; GBM = 4; BDDAE = 5; DUMMY = 5
columns:
'val_cohen','val_uar', 'val_acc', 'val_gm',  'val_f1',  'aro_cohen','aro_uar', 'aro_acc', 'aro_gm',  'aro_f1'
-------------------------------------------------------------
  v_c   v_u   v_a   v_g   v_f1  a_c   a_u   a_a   a_g   a_f1
[[ 0.686  0.846  0.847  0.844  0.842  0.447  0.726  0.757  0.707  0.721]
 [ 0.547  0.769  0.778  0.762  0.768  0.454  0.731  0.761  0.721  0.73 ]
 [ 0.549  0.835  0.852  0.805  0.839  0.518  0.701  0.722  0.719  0.697]
 [ 0.374  0.671  0.733  0.579  0.657  0.092  0.537  0.681  0.178  0.468]
 [ 0.472  0.712  0.739  0.679  0.71   0.14   0.574  0.692  0.218  0.532]
 [ 0.268  0.627  0.667  0.589  0.624 -0.023  0.49   0.636  0.145  0.422]
 [ 0.     0.5    0.602  0.     0.376  0.     0.5    0.659  0.     0.397]]
participant performance loaded
    
    
-------------------------------
LAST participant's saved data: 
30
-------------------------------
    
    
Traceback (most recent call last):
  File "/home/marcos/Dropbox (Maestral)/c_sldl_1_2_23/main.py", line 129, in <module>
    print_results_from_file(print_results=True, show_plot=True)
  File "/home/marcos/Dropbox (Maestral)/c_sldl_1_2_23/functions.py", line 1377, in print_results_from_file
    knn_perm = loadtxt(current_folder+'\\'+'knn_perm.csv', delimiter=',')
  File "/usr/local/lib/python3.10/dist-packages/numpy/lib/npyio.py", line 1042, in loadtxt
    fh = np.lib._datasource.open(fname, 'rt', encoding=encoding)
  File "/usr/local/lib/python3.10/dist-packages/numpy/lib/_datasource.py", line 193, in open
    return ds.open(path, mode, encoding=encoding, newline=newline)
  File "/usr/local/lib/python3.10/dist-packages/numpy/lib/_datasource.py", line 532, in open
    raise FileNotFoundError(f"{path} not found.")
FileNotFoundError: /home/marcos/Dropbox (Maestral)/c_sldl_1_2_23\knn_perm.csv not found.
