2024-05-01 19:21:03.665437: W tensorflow/stream_executor/platform/default/dso_loader.cc:64] Could not load dynamic library 'cudart64_110.dll'; dlerror: cudart64_110.dll not found
2024-05-01 19:21:03.668242: I tensorflow/stream_executor/cuda/cudart_stub.cc:29] Ignore above cudart dlerror if you do not have a GPU set up on your machine.
2024-05-01 19:21:13.328278: W tensorflow/stream_executor/platform/default/dso_loader.cc:64] Could not load dynamic library 'nvcuda.dll'; dlerror: nvcuda.dll not found
2024-05-01 19:21:13.329799: W tensorflow/stream_executor/cuda/cuda_driver.cc:269] failed call to cuInit: UNKNOWN ERROR (303)
2024-05-01 19:21:13.336836: I tensorflow/stream_executor/cuda/cuda_diagnostics.cc:169] retrieving CUDA diagnostic information for host: MFB
2024-05-01 19:21:13.337377: I tensorflow/stream_executor/cuda/cuda_diagnostics.cc:176] hostname: MFB
2024-05-01 19:21:13.343669: I tensorflow/core/platform/cpu_feature_guard.cc:151] This TensorFlow binary is optimized with oneAPI Deep Neural Network Library (oneDNN) to use the following CPU instructions in performance-critical operations:  AVX AVX2
To enable them in other operations, rebuild TensorFlow with the appropriate compiler flags.
---------------------------
KNN performance:
[[ 0.51745102  0.75666667  0.76143791  0.75053029  0.75692157  0.37794173
   0.68277473  0.78954248  0.59508027  0.67737048]
 [ 0.30267869  0.65343254  0.65359477  0.64458605  0.64728831  0.36753271
   0.67796537  0.70980392  0.65662123  0.67977762]
 [ 0.45141359  0.7231746   0.73235294  0.71212889  0.72233999  0.40162377
   0.70208333  0.7003268   0.69676309  0.69802072]
 [ 0.39219461  0.69513889  0.7         0.68411493  0.69229099  0.14523484
   0.56666667  0.68169935  0.48836215  0.56600472]
 [ 0.41859647  0.70214286  0.72712418  0.68234513  0.70425994  0.44957707
   0.72319444  0.72810458  0.70651359  0.71897454]
 [ 0.29373379  0.64583333  0.64771242  0.63834074  0.64374066  0.57543683
   0.78680556  0.79052288  0.78109198  0.78599789]
 [ 0.34768261  0.67142857  0.69281046  0.64724766  0.6673023   0.21577289
   0.60763889  0.60915033  0.59260078  0.60117736]
 [ 0.90117902  0.93833333  0.96013072  0.9329706   0.94999742  0.50974862
   0.76467532  0.76045752  0.75208722  0.75046866]
 [ 0.40352549  0.68878788  0.76699346  0.63611891  0.69356349  0.20630837
   0.59679487  0.67777778  0.53967999  0.59634381]
 [ 0.31395118  0.65694444  0.65816993  0.64715198  0.65305654  0.19542921
   0.59541667  0.60359477  0.57086577  0.58798227]
 [ 0.21444841  0.60446429  0.62091503  0.59149142  0.60265772  0.42998998
   0.70675325  0.7372549   0.68601552  0.71090323]
 [ 0.64650802  0.81363636  0.83562092  0.80287645  0.82130406  0.60986819
   0.79930736  0.82026144  0.78825322  0.80290007]
 [ 0.42229578  0.71178571  0.72058824  0.70163996  0.70772038  0.14504523
   0.57236111  0.57941176  0.56404157  0.57002708]
 [ 0.18578351  0.58840909  0.6872549   0.4398015   0.56991308  0.35246229
   0.67472222  0.68235294  0.65159801  0.66700872]
 [ 0.22889316  0.60795455  0.68823529  0.52435669  0.60160052  0.25406152
   0.63106061  0.65980392  0.59532245  0.61748983]
 [ 0.24937416  0.62127706  0.65392157  0.59812384  0.62197509  0.40492825
   0.69042208  0.74379085  0.65865168  0.69707082]
 [ 0.5032652   0.74969156  0.76176471  0.74416181  0.75070082  0.51089263
   0.74771104  0.77222222  0.72859254  0.75107023]
 [ 0.04208207  0.52619048  0.79019608  0.18458434  0.50437758  0.37567103
   0.68553571  0.70490196  0.67189369  0.68484499]
 [ 0.39135641  0.67660256  0.7630719   0.62015952  0.68324393  0.24048121
   0.62111111  0.62581699  0.5883264   0.61493992]
 [ 0.20275357  0.59772727  0.66960784  0.50796582  0.58838763  0.22034238
   0.60124459  0.66993464  0.52793562  0.59638462]
 [-0.09879033  0.4603022   0.67581699  0.13221378  0.4384021  -0.00894216
   0.49513889  0.49444444  0.4816539   0.48877751]
 [ 0.34318295  0.67291667  0.67124183  0.64796553  0.66048345  0.17616631
   0.57927489  0.64084967  0.52213946  0.57444805]
 [ 0.02989726  0.51337662  0.54019608  0.47216129  0.50329291  0.09634154
   0.55032051  0.70457516  0.30346696  0.52785495]
 [ 0.17947878  0.59083333  0.59444444  0.57078377  0.58198944  0.36269285
   0.67930556  0.68660131  0.65955937  0.67377607]
 [ 0.39321064  0.69392857  0.70490196  0.67882758  0.69103372  0.57913591
   0.78958333  0.78986928  0.78389944  0.78781937]
 [ 0.3703477   0.68208333  0.69444444  0.65845399  0.67744448  0.40149233
   0.70244048  0.70424837  0.69645391  0.69841756]
 [ 0.57951493  0.7775      0.8248366   0.76049356  0.78740802  0.53468088
   0.76805556  0.76764706  0.75999522  0.76436025]
 [ 0.14546551  0.57126623  0.63137255  0.51952958  0.56690611  0.48489147
   0.73782468  0.75555556  0.71885129  0.7367195 ]
 [ 0.05850534  0.52808442  0.58006536  0.42706796  0.50576972  0.24301677
   0.61972222  0.63039216  0.6065455   0.61758511]
 [ 0.68584352  0.84597403  0.84705882  0.84403562  0.84202751  0.44698446
   0.72575758  0.75653595  0.70718838  0.72108462]]
KNN mean:
[0.3371941  0.66552958 0.70852941 0.61340764 0.66124665 0.34349364
 0.66938895 0.69924837 0.63600167 0.66552002]
---------------------------
---------------------------
DT performance:
[[0.51357441 0.71194444 0.70915033 0.7045853  0.70628299 0.31083868
  0.70137363 0.75130719 0.66578382 0.68216179]
 [0.39720667 0.71509921 0.71764706 0.69675669 0.71271685 0.45723142
  0.73017316 0.7496732  0.71706167 0.73080379]
 [0.42017433 0.67414683 0.6751634  0.67787593 0.66932911 0.34284711
  0.67138889 0.67124183 0.68616892 0.66785475]
 [0.11064249 0.59694444 0.59705882 0.55997601 0.59256516 0.09837798
  0.55858974 0.63529412 0.45859991 0.55082591]
 [0.40370174 0.72198052 0.73888889 0.69181025 0.72151339 0.39503944
  0.67625    0.6745098  0.69160887 0.66977247]
 [0.40467445 0.66875    0.67026144 0.68448677 0.66529089 0.59065303
  0.79541667 0.79575163 0.7645376  0.79243838]
 [0.34026317 0.66941558 0.67712418 0.65444684 0.66578011 0.31596977
  0.66944444 0.67058824 0.6211593  0.66833346]
 [0.78118481 0.89833333 0.90424837 0.92353654 0.89108148 0.53533743
  0.75090909 0.76143791 0.7763009  0.74881892]
 [0.30546848 0.63136364 0.69281046 0.5947944  0.62425594 0.22856117
  0.61711538 0.65947712 0.55724371 0.60807137]
 [0.25026116 0.65416667 0.65228758 0.62534349 0.64729689 0.26834589
  0.62       0.6245098  0.6571663  0.61858473]
 [0.19745    0.57586039 0.59052288 0.58461606 0.57239244 0.40624352
  0.70441558 0.72189542 0.69125511 0.70324385]
 [0.35901393 0.68538961 0.71111111 0.65964875 0.67595716 0.31743321
  0.69785714 0.7124183  0.67365638 0.69551007]
 [0.31349901 0.70087662 0.70816993 0.6622792  0.69646357 0.11063716
  0.56289683 0.56405229 0.56681251 0.55538271]
 [0.04078406 0.48780303 0.55163399 0.48637839 0.48329318 0.26921155
  0.64722222 0.64836601 0.62604654 0.6405786 ]
 [0.25200485 0.59636364 0.66437908 0.52182165 0.59618547 0.29060893
  0.64420996 0.65980392 0.62490689 0.633432  ]
 [0.17927458 0.58348485 0.60228758 0.57776054 0.57589858 0.28911385
  0.65660173 0.6869281  0.61212758 0.65345469]
 [0.54258567 0.78112013 0.78986928 0.75857924 0.77910086 0.51452238
  0.74657468 0.7496732  0.74221771 0.74306961]
 [0.27970212 0.6752381  0.81764706 0.59707134 0.67190009 0.33889983
  0.67355519 0.67614379 0.68412469 0.66730289]
 [0.28815312 0.63807692 0.70490196 0.65963658 0.63820746 0.47945882
  0.72986111 0.73366013 0.7171772  0.72754318]
 [0.1470879  0.59583333 0.64117647 0.56884689 0.58301233 0.19081564
  0.57943723 0.61862745 0.56263416 0.57354335]
 [0.06190942 0.53438645 0.66045752 0.43525612 0.53183097 0.03814339
  0.52986111 0.52973856 0.53266889 0.52641266]
 [0.26036341 0.61527778 0.61437908 0.64985757 0.60670445 0.17006679
  0.61044372 0.65751634 0.55775818 0.61349258]
 [0.18646899 0.61011364 0.6248366  0.60105667 0.60862217 0.13929231
  0.56576923 0.64705882 0.43927973 0.54466841]
 [0.087345   0.56097222 0.56176471 0.5062928  0.55400916 0.23909466
  0.62819444 0.63496732 0.65810604 0.62307466]
 [0.34955297 0.65517857 0.65816993 0.62867253 0.65287679 0.44366418
  0.74444444 0.74477124 0.70022359 0.74293817]
 [0.22208467 0.62277778 0.61928105 0.60509668 0.61619201 0.25866599
  0.69583333 0.69803922 0.62423412 0.69304471]
 [0.39827997 0.69590909 0.74934641 0.71132748 0.69162121 0.43041262
  0.69930556 0.69869281 0.70658688 0.68838354]
 [0.10544427 0.54329004 0.5630719  0.55121488 0.53110438 0.49897174
  0.76212662 0.76078431 0.69240389 0.75529611]
 [0.10486854 0.5534632  0.5748366  0.50722227 0.53983877 0.15948711
  0.5325     0.53986928 0.54633498 0.52492822]
 [0.54728122 0.76883117 0.77810458 0.76200885 0.76776891 0.45435783
  0.73068182 0.76143791 0.72134405 0.73044647]]
DT mean:
[0.29501018 0.64741304 0.67401961 0.62827522 0.64230309 0.31941011
 0.6644151  0.68127451 0.64251767 0.65911373]
---------------------------
---------------------------
RF performance:
[[ 0.49369799  0.75513889  0.76045752  0.76581999  0.75229054  0.37421156
   0.73777473  0.81797386  0.58837934  0.74347911]
 [ 0.47125803  0.74188492  0.74542484  0.71089162  0.7396494   0.49406858
   0.71017316  0.7375817   0.76689355  0.7113676 ]
 [ 0.42836683  0.7506746   0.75522876  0.71315871  0.74877338  0.46294178
   0.73111111  0.73235294  0.65412213  0.72951348]
 [ 0.34673893  0.66486111  0.66601307  0.61992937  0.65994407  0.1974769
   0.57647436  0.67026144  0.57175865  0.5724113 ]
 [ 0.41555564  0.70948052  0.72712418  0.698419    0.70821206  0.40808413
   0.74083333  0.74411765  0.68727932  0.73810892]
 [ 0.39147682  0.74097222  0.74411765  0.73890482  0.7347389   0.56736482
   0.78722222  0.79084967  0.74918029  0.78653003]
 [ 0.34320183  0.67831169  0.6872549   0.69612364  0.67134449  0.36774404
   0.65555556  0.65522876  0.65034705  0.64895643]
 [ 0.80912816  0.94166667  0.95457516  0.91143044  0.94622236  0.60021061
   0.78142857  0.78954248  0.73953021  0.77746272]
 [ 0.49894793  0.68924242  0.73300654  0.62333891  0.68319632  0.22998012
   0.57532051  0.66895425  0.58450862  0.56191723]
 [ 0.16163109  0.65625     0.65359477  0.64301212  0.64510918  0.3585677
   0.69347222  0.69542484  0.69040243  0.69170819]
 [ 0.1856429   0.56272727  0.58398693  0.5398323   0.55827834  0.40317027
   0.72928571  0.74934641  0.7550657   0.72737616]
 [ 0.60636163  0.79305195  0.80784314  0.758552    0.79331912  0.44857594
   0.75015152  0.76830065  0.7063911   0.75063172]
 [ 0.4515901   0.6776461   0.69771242  0.69909303  0.6772073   0.35277026
   0.64061508  0.6496732   0.6491287   0.63434458]
 [-0.01005383  0.54636364  0.61862745  0.43000008  0.52990485  0.25960134
   0.66125     0.66503268  0.65742275  0.64813898]
 [ 0.20164755  0.57424242  0.65947712  0.50835904  0.57031372  0.3285103
   0.58268398  0.63202614  0.65409098  0.57848386]
 [ 0.14351997  0.58318182  0.6120915   0.58576374  0.57834211  0.52953688
   0.70254329  0.73954248  0.65675226  0.69895876]
 [ 0.69267501  0.83698052  0.84607843  0.83534884  0.83902078  0.52482026
   0.7723539   0.77908497  0.7758543   0.77052468]
 [ 0.26438295  0.64309524  0.85196078  0.4811014   0.62996779  0.43807409
   0.7375      0.74836601  0.72300029  0.73709101]
 [ 0.45693799  0.74826923  0.79607843  0.72812266  0.74525771  0.57129254
   0.79097222  0.79183007  0.72458691  0.78986523]
 [ 0.38802156  0.68106061  0.72614379  0.56205931  0.67570621  0.1480594
   0.58046537  0.62385621  0.57141397  0.57724278]
 [-0.02495386  0.49001832  0.6875817   0.28182102  0.47223625  0.01371648
   0.49236111  0.48986928  0.50512642  0.48404726]
 [ 0.30454741  0.66041667  0.66078431  0.61833271  0.65767199  0.24380058
   0.64377706  0.6751634   0.60003445  0.64398331]
 [ 0.25116952  0.60464286  0.63627451  0.55029594  0.60156202  0.19853813
   0.59820513  0.74444444  0.51734319  0.59424908]
 [ 0.17733881  0.55944444  0.5624183   0.59229393  0.55581236  0.39563326
   0.71625     0.71535948  0.65543138  0.7121863 ]
 [ 0.40699844  0.70071429  0.71013072  0.7001087   0.69807547  0.54700232
   0.78333333  0.78431373  0.78312447  0.78258784]
 [ 0.20188652  0.57861111  0.58071895  0.54457962  0.5619464   0.3313123
   0.71299603  0.71535948  0.664688    0.70526977]
 [ 0.45857246  0.78378788  0.82026144  0.67910838  0.78775242  0.4887741
   0.76527778  0.76666667  0.81628848  0.75920251]
 [ 0.07614918  0.57278139  0.61372549  0.36460672  0.56798374  0.44753004
   0.69248377  0.70326797  0.72913743  0.68768967]
 [ 0.15216928  0.583171    0.63169935  0.59187442  0.57961372  0.2815254
   0.59865079  0.60326797  0.59068025  0.5949764 ]
 [ 0.54948504  0.83538961  0.85163399  0.80500589  0.83874003  0.51752642
   0.70113636  0.72222222  0.71873628  0.6970738 ]]
RF mean:
[0.3431364  0.67813598 0.7127342  0.63257628 0.67360643 0.38434735
 0.68805527 0.71230937 0.6712233  0.68451262]
---------------------------
---------------------------
SVM performance:
[[ 0.17923401  0.58611111  0.61405229  0.4022726   0.51692465  0.
   0.5         0.7503268   0.          0.42857527]
 [ 0.35656495  0.67172619  0.69379085  0.62900994  0.66315155  0.12783299
   0.55612554  0.64738562  0.30942586  0.49813511]
 [ 0.42794903  0.70319444  0.73267974  0.64370429  0.69279251  0.31614803
   0.65888889  0.65915033  0.6519622   0.65507525]
 [ 0.25382655  0.62333333  0.63660131  0.57585888  0.60805788  0.
   0.5         0.71568627  0.          0.41713014]
 [ 0.46104772  0.71844156  0.75555556  0.68547112  0.72243883  0.4496807
   0.72388889  0.72679739  0.7068085   0.71806125]
 [ 0.30180039  0.65        0.65359477  0.62943893  0.64237227  0.40406925
   0.70277778  0.70457516  0.69237424  0.69806449]
 [ 0.          0.5         0.59084967  0.          0.37130086  0.2916812
   0.64652778  0.64738562  0.62638494  0.63723665]
 [ 0.77694591  0.88083333  0.90849673  0.86996571  0.88672308  0.309272
   0.64363636  0.69346405  0.58347527  0.63736541]
 [ 0.          0.5         0.67647059  0.          0.40342365  0.
   0.5         0.6879085   0.          0.40745273]
 [ 0.37348659  0.68680556  0.6869281   0.67942651  0.68356969  0.10660059
   0.55111111  0.57418301  0.34607916  0.47708414]
 [ 0.          0.5         0.59640523  0.          0.37351761  0.02201765
   0.50974026  0.60816993  0.07559289  0.40136661]
 [ 0.08839344  0.53831169  0.63071895  0.20463804  0.45419133  0.
   0.5         0.61372549  0.          0.38023171]
 [ 0.00407621  0.5025      0.59019608  0.05        0.38920481  0.
   0.5         0.55686275  0.          0.35759056]
 [ 0.          0.5         0.67058824  0.          0.40133005  0.27561915
   0.63458333  0.64803922  0.57420104  0.61282519]
 [ 0.          0.5         0.67647059  0.          0.40342365  0.
   0.5         0.64215686  0.          0.39093596]
 [ 0.          0.5         0.60784314  0.          0.37798303  0.
   0.5         0.65326797  0.          0.39507389]
 [ 0.20047252  0.59073052  0.65392157  0.42659857  0.54707155  0.
   0.5         0.57973856  0.          0.36686736]
 [ 0.          0.5         0.83529412  0.          0.45508614  0.
   0.5         0.59640523  0.          0.37351761]
 [ 0.          0.5         0.69346405  0.          0.40938821 -0.0109589
   0.495       0.53398693  0.          0.34798535]
 [ 0.          0.5         0.65882353  0.          0.39714286  0.
   0.5         0.63104575  0.          0.38679803]
 [ 0.          0.5         0.77843137  0.          0.43766129 -0.01111111
   0.49444444  0.48267974  0.28705797  0.4194814 ]
 [ 0.27798451  0.63958333  0.6372549   0.60252521  0.62042524  0.
   0.5         0.64215686  0.          0.39093596]
 [ 0.          0.5         0.59640523  0.          0.37351761  0.
   0.5         0.73333333  0.          0.42299221]
 [ 0.          0.5         0.53954248  0.          0.3503663   0.32672696
   0.65638889  0.68137255  0.57875654  0.63267497]
 [ 0.          0.5         0.56862745  0.          0.36243386  0.45678253
   0.72986111  0.72712418  0.71604177  0.7222017 ]
 [ 0.          0.5         0.54509804  0.          0.35274725  0.41788019
   0.70478175  0.72647059  0.66578034  0.69567308]
 [ 0.23788919  0.6         0.73366013  0.37533661  0.57385226  0.55577506
   0.77916667  0.77810458  0.76498161  0.7726234 ]
 [ 0.          0.5         0.64771242  0.          0.39300493  0.08173854
   0.53590909  0.61339869  0.21410777  0.45107898]
 [ 0.          0.5         0.63104575  0.          0.38679803  0.
   0.5         0.55686275  0.          0.35759056]
 [ 0.3742166   0.67116883  0.73267974  0.5790852   0.65742214  0.09161338
   0.5375      0.68137255  0.17847148  0.46819148]]
SVM mean:
[0.14379625 0.568758   0.66577342 0.24511105 0.49691077 0.14037894
 0.56867773 0.64977124 0.26571672 0.49736055]
---------------------------
---------------------------
GBM performance:
[[ 0.47072402  0.72597222  0.73202614  0.70982548  0.72051572  0.25852128
   0.61        0.80196078  0.31792644  0.58468325]
 [ 0.39387209  0.67992063  0.69934641  0.65918707  0.6785261   0.38521313
   0.67753247  0.7372549   0.61084798  0.67501304]
 [ 0.45958381  0.72089286  0.74411765  0.67883778  0.71483426  0.31195158
   0.64680556  0.66013072  0.56909059  0.61894222]
 [ 0.28581923  0.64138889  0.64771242  0.62697436  0.63774734  0.02653061
   0.51        0.72124183  0.04296689  0.43519466]
 [ 0.42873707  0.71728896  0.75        0.66975263  0.72039743  0.39336638
   0.70083333  0.70490196  0.68911262  0.69838341]
 [ 0.53371882  0.77291667  0.77254902  0.74545182  0.76114949  0.56013171
   0.77777778  0.78529412  0.76602921  0.77379989]
 [ 0.38413825  0.68748377  0.71666667  0.65912726  0.6890362   0.34645277
   0.66180556  0.66437908  0.65426486  0.65616234]
 [ 0.78841024  0.89833333  0.92124183  0.90044293  0.90686884  0.59316913
   0.79318182  0.8130719   0.77472262  0.79230093]
 [ 0.36758813  0.66666667  0.77254902  0.58834737  0.67788787  0.17708771
   0.57583333  0.72189542  0.32692193  0.54800814]
 [ 0.37481097  0.68125     0.68202614  0.66192175  0.67268974  0.23436267
   0.60291667  0.61437908  0.55791544  0.58743831]
 [ 0.15233751  0.5786526   0.63071895  0.45512456  0.55752598  0.48674921
   0.73175325  0.76699346  0.70222522  0.73600783]
 [ 0.51728461  0.74987013  0.77810458  0.73394015  0.75590528  0.48020056
   0.7278355   0.75718954  0.6987665   0.73049991]
 [ 0.45581135  0.7238961   0.74901961  0.68771785  0.71699182  0.18499622
   0.59029762  0.61405229  0.53379482  0.57326979]
 [-0.01086957  0.49583333  0.65359477  0.07809263  0.41891169  0.4106962
   0.70152778  0.71470588  0.66341205  0.69036839]
 [ 0.09615023  0.54045455  0.68823529  0.2386889   0.49264185  0.17348932
   0.57608225  0.67712418  0.3678566   0.54262662]
 [ 0.04445742  0.54012987  0.6248366   0.18960331  0.46810315  0.22368428
   0.59572511  0.69248366  0.45523354  0.57531901]
 [ 0.64123727  0.81431818  0.82973856  0.7999873   0.81967623  0.45089165
   0.71196429  0.74901961  0.66884935  0.71324103]
 [ 0.03006993  0.51        0.82973856  0.05773503  0.47798754  0.41021853
   0.70607143  0.72026144  0.6971711   0.70517908]
 [ 0.25935906  0.60448718  0.74019608  0.38270522  0.58158913  0.4907064
   0.74291667  0.75130719  0.729945    0.73914164]
 [ 0.19175068  0.58598485  0.6872549   0.44720269  0.56778796  0.25394621
   0.60687229  0.69183007  0.52866436  0.58822873]
 [ 0.          0.5         0.77843137  0.          0.43766129  0.02921506
   0.50277778  0.50065359  0.4882833   0.49433719]
 [ 0.2742524   0.64375     0.64281046  0.61758911  0.63579365  0.23496487
   0.60595238  0.67647059  0.51209522  0.58725433]
 [ 0.22296276  0.59314935  0.65849673  0.48506094  0.56228416  0.03865649
   0.51480769  0.73366013  0.09296689  0.45628052]
 [ 0.10344345  0.55708333  0.56699346  0.4941354   0.53533633  0.41386427
   0.71680556  0.72581699  0.69645382  0.71437507]
 [ 0.31114407  0.65267857  0.6869281   0.59990053  0.64584483  0.51274612
   0.75625     0.75686275  0.74956588  0.75411888]
 [ 0.34411294  0.66916667  0.68169935  0.64684909  0.66501154  0.3277684
   0.67246032  0.6869281   0.64365285  0.6670471 ]
 [ 0.33369211  0.65295455  0.75620915  0.51335123  0.63787648  0.53065985
   0.77152778  0.77254902  0.75395581  0.76514291]
 [ 0.09606258  0.53928571  0.66503268  0.25401936  0.48471082  0.40718493
   0.69797078  0.73235294  0.63934187  0.68580951]
 [ 0.27146332  0.63354978  0.69901961  0.55701408  0.63155195  0.14698796
   0.57186508  0.59084967  0.52672002  0.55778016]
 [ 0.47220686  0.71194805  0.73856209  0.67887068  0.71024468  0.13983778
   0.57386364  0.69248366  0.21779715  0.53204377]]
GBM mean:
[0.30981105 0.64964356 0.71746187 0.52724855 0.63276965 0.32114171
 0.65440046 0.70760349 0.555885   0.63926659]
---------------------------
---------------------------
BDDAE performance:
[[-0.11949522  0.44055728  0.44444444  0.42012004  0.43249592 -0.009031
   0.4962963   0.71666667  0.12124657  0.45349676]
 [ 0.28047774  0.64125     0.64444444  0.63137221  0.63646801  0.46045935
   0.72694805  0.74722222  0.71329974  0.72698074]
 [-0.01456606  0.49375     0.50833333  0.45789103  0.4835633   0.08542876
   0.54179567  0.55        0.50950806  0.52986048]
 [ 0.1673869   0.58374613  0.58611111  0.56533267  0.57552136  0.08611178
   0.53615385  0.71666667  0.26220045  0.50194417]
 [ 0.45089746  0.72238095  0.73611111  0.71269796  0.72301582  0.4244385
   0.7126935   0.71111111  0.70194631  0.70658474]
 [ 0.57222222  0.78611111  0.78611111  0.77827348  0.78296808 -0.15228858
   0.4249226   0.43055556  0.37372336  0.40457279]
 [ 0.03005891  0.51571429  0.55277778  0.42260038  0.48696246 -0.10555556
   0.44722222  0.44722222  0.41286269  0.43750463]
 [ 0.3532667   0.65625     0.75        0.58420149  0.66188372 -0.01716879
   0.49220779  0.54444444  0.4180498   0.47771521]
 [ 0.43877694  0.69166667  0.78611111  0.61665513  0.70148408  0.4018721
   0.66363636  0.79444444  0.56974555  0.68065822]
 [ 0.03888889  0.51944444  0.51944444  0.51539498  0.51747392  0.16899391
   0.58359133  0.58888889  0.56858184  0.57891426]
 [ 0.2068993   0.59619048  0.63888889  0.5303383   0.58416141  0.31162515
   0.64415584  0.7         0.58336958  0.64001403]
 [-0.03240035  0.48441558  0.53333333  0.41641682  0.47227993  0.30975558
   0.66233766  0.65555556  0.65771221  0.64922147]
 [-0.04812949  0.47714286  0.51111111  0.40896793  0.46007176  0.34404538
   0.674375    0.67222222  0.66890698  0.66911375]
 [ 0.27925271  0.63125     0.70277778  0.58626969  0.63414858  0.38318616
   0.69272446  0.69166667  0.68505024  0.68813855]
 [-0.02956603  0.4875      0.61944444  0.2311561   0.44308327  0.1234883
   0.55769231  0.625       0.45950934  0.54156488]
 [ 0.06171675  0.53019481  0.575       0.43418901  0.50929118  0.1717826
   0.57083333  0.69444444  0.41706044  0.54720283]
 [ 0.64502651  0.82904762  0.825       0.82441402  0.82095859  0.19040552
   0.58666667  0.63888889  0.48936683  0.56382795]
 [ 0.15276038  0.57666667  0.80555556  0.3641134   0.56168152  0.07997535
   0.53761905  0.575       0.47292764  0.52137184]
 [ 0.2741527   0.62963636  0.70833333  0.58626886  0.63266721  0.24444815
   0.62182663  0.625       0.60737632  0.61603858]
 [ 0.14316395  0.56666667  0.675       0.41064663  0.54153561  0.01280662
   0.50468227  0.6         0.33784775  0.47173247]
 [-0.05073302  0.47946429  0.73888889  0.03340766  0.43248607  0.23333333
   0.61666667  0.61666667  0.61236259  0.61458651]
 [-0.02777778  0.48611111  0.48611111  0.46343635  0.47501604  0.06625172
   0.52859532  0.63055556  0.34369692  0.48944348]
 [ 0.07259512  0.5352381   0.56666667  0.49143678  0.52645714  0.48370934
   0.715       0.81944444  0.6679232   0.73566187]
 [ 0.01826682  0.50897833  0.51111111  0.49918102  0.50503464  0.37718204
   0.68375     0.7         0.66521987  0.68337127]
 [-0.10648286  0.44875     0.47222222  0.36588586  0.4273997   0.05
   0.525       0.525       0.50186588  0.51350574]
 [ 0.1888472   0.591875    0.61111111  0.55836401  0.58407102  0.26403644
   0.6275      0.64444444  0.59736275  0.62120245]
 [ 0.49755929  0.73958333  0.78611111  0.72096937  0.74617812  0.52777778
   0.76388889  0.76388889  0.74759194  0.7574568 ]
 [-0.16545109  0.42240803  0.50555556  0.25052574  0.39456281  0.29912729
   0.64761905  0.66666667  0.63061396  0.64630138]
 [ 0.15277422  0.57023411  0.63888889  0.50141611  0.56216826  0.40084578
   0.695       0.71388889  0.6685035   0.69215138]
 [ 0.26790889  0.62727273  0.66666667  0.5890391   0.62414087 -0.02325581
   0.48958333  0.63611111  0.14548211  0.42239105]]
BDDAE mean:
[0.15660992 0.5756499  0.62972222 0.49903274 0.56464101 0.20645957
 0.5990328  0.64805556 0.52036381 0.58608434]
---------------------------
---------------------------
DUMMY performance:
[[0.         0.5        0.53398693 0.         0.34798535 0.
  0.5        0.7503268  0.         0.42857527]
 [0.         0.5        0.55686275 0.         0.35759056 0.
  0.5        0.61372549 0.         0.38023171]
 [0.         0.5        0.55686275 0.         0.35759056 0.
  0.5        0.52843137 0.         0.3456044 ]
 [0.         0.5        0.52843137 0.         0.3456044  0.
  0.5        0.71568627 0.         0.41713014]
 [0.         0.5        0.59640523 0.         0.37351761 0.
  0.5        0.52287582 0.         0.34322344]
 [0.         0.5        0.50588235 0.         0.33584615 0.
  0.5        0.52843137 0.         0.3456044 ]
 [0.         0.5        0.59084967 0.         0.37130086 0.
  0.5        0.50588235 0.         0.33584615]
 [0.         0.5        0.67647059 0.         0.40342365 0.
  0.5        0.60196078 0.         0.37573436]
 [0.         0.5        0.67647059 0.         0.40342365 0.
  0.5        0.6879085  0.         0.40745273]
 [0.         0.5        0.51176471 0.         0.33846154 0.
  0.5        0.53398693 0.         0.34798535]
 [0.         0.5        0.59640523 0.         0.37351761 0.
  0.5        0.60196078 0.         0.37573436]
 [0.         0.5        0.60196078 0.         0.37573436 0.
  0.5        0.61372549 0.         0.38023171]
 [0.         0.5        0.59084967 0.         0.37130086 0.
  0.5        0.55686275 0.         0.35759056]
 [0.         0.5        0.67058824 0.         0.40133005 0.
  0.5        0.53398693 0.         0.34798535]
 [0.         0.5        0.67647059 0.         0.40342365 0.
  0.5        0.64215686 0.         0.39093596]
 [0.         0.5        0.60784314 0.         0.37798303 0.
  0.5        0.65326797 0.         0.39507389]
 [0.         0.5        0.58529412 0.         0.36908411 0.
  0.5        0.57973856 0.         0.36686736]
 [0.         0.5        0.83529412 0.         0.45508614 0.
  0.5        0.59640523 0.         0.37351761]
 [0.         0.5        0.69346405 0.         0.40938821 0.
  0.5        0.53954248 0.         0.3503663 ]
 [0.         0.5        0.65882353 0.         0.39714286 0.
  0.5        0.63104575 0.         0.38679803]
 [0.         0.5        0.77843137 0.         0.43766129 0.
  0.5        0.48823529 0.         0.328     ]
 [0.         0.5        0.51176471 0.         0.33846154 0.
  0.5        0.64215686 0.         0.39093596]
 [0.         0.5        0.59640523 0.         0.37351761 0.
  0.5        0.73333333 0.         0.42299221]
 [0.         0.5        0.53954248 0.         0.3503663  0.
  0.5        0.54509804 0.         0.35274725]
 [0.         0.5        0.56862745 0.         0.36243386 0.
  0.5        0.51176471 0.         0.33846154]
 [0.         0.5        0.54509804 0.         0.35274725 0.
  0.5        0.5627451  0.         0.36001221]
 [0.         0.5        0.67647059 0.         0.40342365 0.
  0.5        0.50588235 0.         0.33584615]
 [0.         0.5        0.64771242 0.         0.39300493 0.
  0.5        0.59084967 0.         0.37130086]
 [0.         0.5        0.63104575 0.         0.38679803 0.
  0.5        0.55686275 0.         0.35759056]
 [0.         0.5        0.60196078 0.         0.37573436 0.
  0.5        0.65882353 0.         0.39714286]]
DUMMY mean:
[0.         0.5        0.61160131 0.         0.37809613 0.
 0.5        0.591122   0.         0.37025062]
---------------------------
Current folder: C:\Users\mbamo\Dropbox\c_sldl_1_2_23
-------------------------------------
----- RESULTS from .csv files ------
-------------------------------------
---------------------------
ALG Means: 
-rows: alg : KNN = 0; DT = 1; RF = 2; SVM = 3; GBM = 4; BDDAE = 5; DUMMY = 5
columns:
'val_cohen','val_uar', 'val_acc', 'val_gm',  'val_f1',  'aro_cohen','aro_uar', 'aro_acc', 'aro_gm',  'aro_f1'
-------------------------------------------------------------
  v_c   v_u   v_a   v_g   v_f1  a_c   a_u   a_a   a_g   a_f1
[[0.337 0.666 0.709 0.613 0.661 0.343 0.669 0.699 0.636 0.666]
 [0.295 0.647 0.674 0.628 0.642 0.319 0.664 0.681 0.643 0.659]
 [0.343 0.678 0.713 0.633 0.674 0.384 0.688 0.712 0.671 0.685]
 [0.144 0.569 0.666 0.245 0.497 0.14  0.569 0.65  0.266 0.497]
 [0.31  0.65  0.717 0.527 0.633 0.321 0.654 0.708 0.556 0.639]
 [0.157 0.576 0.63  0.499 0.565 0.206 0.599 0.648 0.52  0.586]
 [0.    0.5   0.612 0.    0.378 0.    0.5   0.591 0.    0.37 ]]
-------------------------------------------------------------
Standard Deviation of each metric:
[[0.207 0.101 0.086 0.165 0.108 0.156 0.078 0.072 0.107 0.08 ]
 [0.165 0.083 0.08  0.096 0.084 0.14  0.071 0.065 0.083 0.072]
 [0.193 0.101 0.093 0.135 0.105 0.139 0.077 0.069 0.078 0.079]
 [0.196 0.095 0.081 0.297 0.141 0.18  0.09  0.069 0.295 0.135]
 [0.191 0.095 0.071 0.226 0.114 0.159 0.082 0.065 0.192 0.096]
 [0.21  0.102 0.111 0.161 0.111 0.182 0.089 0.089 0.162 0.101]
 [0.    0.    0.076 0.    0.028 0.    0.    0.07  0.    0.027]]
-------------------------------------------------------------
std_dev/mean [percentage]:
[[ 61.  15.  12.  27.  16.  45.  12.  10.  17.  12.]
 [ 56.  13.  12.  15.  13.  44.  11.  10.  13.  11.]
 [ 56.  15.  13.  21.  16.  36.  11.  10.  12.  12.]
 [136.  17.  12. 121.  28. 128.  16.  11. 111.  27.]
 [ 62.  15.  10.  43.  18.  50.  13.   9.  35.  15.]
 [134.  18.  18.  32.  20.  88.  15.  14.  31.  17.]
 [  0.   0.  12.   0.   7.   0.   0.  12.   0.   7.]]
