2024-03-13 16:18:46.456570: I tensorflow/core/util/port.cc:113] oneDNN custom operations are on. You may see slightly different numerical results due to floating-point round-off errors from different computation orders. To turn them off, set the environment variable `TF_ENABLE_ONEDNN_OPTS=0`.
2024-03-13 16:18:47.182595: I tensorflow/core/util/port.cc:113] oneDNN custom operations are on. You may see slightly different numerical results due to floating-point round-off errors from different computation orders. To turn them off, set the environment variable `TF_ENABLE_ONEDNN_OPTS=0`.
2024-03-13 16:18:48.627091: I tensorflow/core/platform/cpu_feature_guard.cc:210] This TensorFlow binary is optimized to use available CPU instructions in performance-critical operations.
To enable the following instructions: AVX2 FMA, in other operations, rebuild TensorFlow with the appropriate compiler flags.
---------------------------
KNN performance:
[[0.53591436 0.76672156 0.77069388 0.76400093 0.7673249  0.47770911
  0.73387907 0.80689796 0.71586649 0.73815767]
 [0.47166769 0.73793368 0.73453061 0.73481217 0.73375362 0.56043821
  0.77392049 0.79661224 0.76575666 0.77917396]
 [0.49750591 0.7450627  0.7584898  0.73729311 0.74738116 0.43692626
  0.71882692 0.71832653 0.71814607 0.71805789]
 [0.30189376 0.64977394 0.6557551  0.64223144 0.64874316 0.16922429
  0.58142857 0.68195918 0.49640838 0.57810993]
 [0.5089383  0.74592408 0.77269388 0.73216574 0.75208536 0.55989614
  0.77916667 0.78069388 0.77702794 0.77936986]
 [0.5161346  0.75782051 0.75873469 0.75541155 0.75725585 0.64337164
  0.82064134 0.82293878 0.81906749 0.82135506]
 [0.30108783 0.64395947 0.67608163 0.62094818 0.6462877  0.31594061
  0.65786538 0.65808163 0.65234066 0.65546794]
 [0.8317789  0.90951983 0.9275102  0.90736076 0.91577667 0.65452961
  0.82913793 0.83297959 0.82757281 0.82688933]
 [0.44103216 0.70452031 0.77693878 0.67343982 0.71646651 0.31438297
  0.64854342 0.71808163 0.61972061 0.65489719]
 [0.47067305 0.73491026 0.73620408 0.73148758 0.73420619 0.45144494
  0.72460052 0.72820408 0.71955559 0.72417693]
 [0.13503465 0.56651669 0.59159184 0.54878304 0.56466048 0.45385474
  0.72091954 0.7444898  0.70881474 0.7250534 ]
 [0.64752074 0.81909168 0.83518367 0.81528074 0.82342995 0.57847276
  0.78811969 0.80057143 0.78060052 0.78743811]
 [0.42442798 0.7108505  0.72220408 0.70160038 0.70993729 0.37437786
  0.68502575 0.69840816 0.67327937 0.68438832]
 [0.34351892 0.66532513 0.71465306 0.64194345 0.66976184 0.37114123
  0.68494287 0.688      0.67989347 0.68395518]
 [0.19275552 0.59273061 0.66812245 0.54050096 0.59044646 0.2675818
  0.63572156 0.6537551  0.62431343 0.63168252]
 [0.30219814 0.64727833 0.672      0.63014686 0.64797333 0.48580584
  0.73419953 0.78065306 0.71317065 0.73970936]
 [0.59087973 0.79454844 0.80281633 0.79013344 0.79446052 0.40211162
  0.69554598 0.71844898 0.67968497 0.6974813 ]
 [0.24500581 0.59865033 0.85314286 0.42255735 0.61390829 0.39310767
  0.69356732 0.71053061 0.68385651 0.69465193]
 [0.51690123 0.75296043 0.80093878 0.73584646 0.75655029 0.51301123
  0.75573828 0.76040816 0.75274446 0.75581529]
 [0.32954959 0.6579629  0.71440816 0.6230205  0.65983509 0.31296242
  0.65157223 0.69408163 0.62775489 0.65408743]
 [0.24469522 0.60653754 0.77253061 0.50721484 0.61429765 0.11447327
  0.55716667 0.55742857 0.54931415 0.55345562]
 [0.3930241  0.69680769 0.69620408 0.69405165 0.69521305 0.43288585
  0.70487411 0.75677551 0.67996862 0.71291028]
 [0.17731228 0.58605501 0.60963265 0.56665263 0.58539689 0.28861401
  0.62992113 0.75653061 0.55305371 0.63544525]
 [0.29485935 0.6472879  0.64808163 0.64482588 0.64636057 0.40946806
  0.70266145 0.71028571 0.69618513 0.70309912]
 [0.52601312 0.76008359 0.76873469 0.75492011 0.76165883 0.70645522
  0.85341667 0.85318367 0.85184485 0.85283194]
 [0.35226484 0.67546761 0.68020408 0.67043757 0.67489629 0.49824564
  0.74900794 0.75244898 0.74761733 0.74880844]
 [0.59462774 0.78816527 0.83338776 0.77526083 0.79639474 0.47280913
  0.73641667 0.73636735 0.73081091 0.73381221]
 [0.26451721 0.63275502 0.66012245 0.6189021  0.63069252 0.50873287
  0.74979626 0.77065306 0.74016696 0.75305679]
 [0.24461751 0.61892379 0.65432653 0.597823   0.61972425 0.32056149
  0.65981502 0.66608163 0.65043839 0.65728574]
 [0.68183789 0.8488738  0.84514286 0.84721118 0.84000743 0.51590804
  0.75384265 0.78461224 0.74391304 0.75689678]]
KNN mean:
[0.41260627 0.70210062 0.73703537 0.68087548 0.70382956 0.43348149
 0.71367605 0.73794966 0.69929629 0.71458403]
---------------------------
---------------------------
DT performance:
[[0.50302984 0.763296   0.76461224 0.7546485  0.76223863 0.61088657
  0.79894317 0.84097959 0.80471769 0.79185562]
 [0.51688301 0.77317095 0.77253061 0.76899066 0.7701042  0.57426783
  0.78862337 0.80293878 0.77103124 0.79031797]
 [0.40515169 0.69784296 0.70008163 0.70824255 0.69486153 0.40974447
  0.69676282 0.69644898 0.7010284  0.69476749]
 [0.39894567 0.69380032 0.69387755 0.69033633 0.69144348 0.24534755
  0.6440873  0.70440816 0.60255476 0.63866971]
 [0.47235166 0.75883545 0.77061224 0.73255081 0.75924859 0.4680518
  0.74041667 0.7402449  0.74866427 0.73944602]
 [0.3991962  0.69282051 0.69383673 0.69334746 0.69252841 0.56142205
  0.77610089 0.77465306 0.77179029 0.77354438]
 [0.38233074 0.68793708 0.70212245 0.68681449 0.68650161 0.32345104
  0.67098077 0.6717551  0.65670618 0.66936075]
 [0.81550356 0.91187611 0.91563265 0.91402212 0.90585214 0.59455644
  0.79336207 0.79877551 0.78952548 0.79077204]
 [0.42194579 0.7296341  0.77265306 0.69395615 0.73245904 0.28901135
  0.6345098  0.68771429 0.60164721 0.63275161]
 [0.48868833 0.75292308 0.75265306 0.7418647  0.75115281 0.39971682
  0.68396817 0.68416327 0.70623043 0.68272919]
 [0.14108271 0.5644468  0.58542857 0.53058831 0.5586616  0.46215923
  0.71672414 0.72191837 0.7010732  0.71322522]
 [0.4947504  0.76130164 0.77065306 0.75104136 0.75885702 0.48057771
  0.74468449 0.75877551 0.72586373 0.74422602]
 [0.3032498  0.66699321 0.67412245 0.64715028 0.66425529 0.30905809
  0.67217122 0.67779592 0.64366587 0.67001181]
 [0.15688543 0.58652982 0.62755102 0.56156268 0.58664503 0.42698029
  0.71054131 0.7122449  0.71616661 0.71075572]
 [0.25512853 0.64825089 0.69016327 0.60354151 0.64631283 0.26081346
  0.62583758 0.64555102 0.62498017 0.62392402]
 [0.34831405 0.6657266  0.67240816 0.65751328 0.66379506 0.49419326
  0.77391377 0.79669388 0.74736933 0.77283566]
 [0.60784509 0.79383826 0.80089796 0.81081374 0.79403167 0.54660589
  0.76369869 0.7784898  0.76006385 0.76655904]
 [0.25443396 0.66854236 0.81893878 0.59720467 0.65825917 0.43822485
  0.71649836 0.72408163 0.71871166 0.71404139]
 [0.54099114 0.75266106 0.78873469 0.76973104 0.75151933 0.59578022
  0.8106322  0.80877551 0.80020014 0.80771808]
 [0.25659036 0.6142389  0.65212245 0.59880817 0.61419325 0.27831381
  0.64444857 0.66195918 0.62456218 0.63907978]
 [0.07671458 0.53265244 0.66395918 0.4436584  0.53062393 0.1069439
  0.55341667 0.55342857 0.53090669 0.55148133]
 [0.27462309 0.64714103 0.64787755 0.64918878 0.64231264 0.35293642
  0.67277276 0.69836735 0.64680822 0.6695844 ]
 [0.24547815 0.63393268 0.64391837 0.60928571 0.63276846 0.2921691
  0.64270369 0.71428571 0.63171288 0.6394281 ]
 [0.26668642 0.65109309 0.65195918 0.63966773 0.65065705 0.44731493
  0.70706313 0.7102449  0.71547835 0.70457378]
 [0.45134153 0.71697828 0.71873469 0.70633926 0.71443778 0.6695738
  0.83491667 0.83481633 0.83459092 0.83447065]
 [0.25124527 0.6192958  0.62187755 0.59709961 0.61787611 0.42935011
  0.73958033 0.74016327 0.72708923 0.73693108]
 [0.51511388 0.757493   0.79110204 0.75977763 0.75561193 0.48923078
  0.73441667 0.73428571 0.74781906 0.73345398]
 [0.22683667 0.60646547 0.62420408 0.62388449 0.60052455 0.50113268
  0.75167233 0.76465306 0.73351732 0.75191804]
 [0.2311158  0.62430296 0.63791837 0.62451836 0.62118467 0.2748509
  0.65241154 0.65383673 0.65385489 0.65095445]
 [0.54438532 0.77294709 0.7844898  0.7623236  0.77197174 0.55700877
  0.78338161 0.79665306 0.77852122 0.7775561 ]]
DT mean:
[0.37489462 0.6915656  0.71352245 0.67761575 0.68936299 0.4296558
 0.71597469 0.72963673 0.70722838 0.71389812]
---------------------------
---------------------------
RF performance:
[[0.59171974 0.78906822 0.79473469 0.82554232 0.78965894 0.56403162
  0.78182606 0.84718367 0.77675085 0.78989727]
 [0.61834123 0.81055792 0.81485714 0.79382399 0.81160393 0.66079165
  0.83341822 0.84310204 0.81782891 0.83352385]
 [0.55102644 0.74874048 0.76044898 0.73240197 0.75064976 0.50757955
  0.73217949 0.7324898  0.74862296 0.73109867]
 [0.45323802 0.70362009 0.70640816 0.72689983 0.70224535 0.23397852
  0.60714286 0.70040816 0.60862158 0.60978112]
 [0.54845295 0.79260436 0.81093878 0.74674859 0.79829564 0.56053389
  0.75458333 0.75465306 0.76792325 0.75380166]
 [0.54137932 0.75712821 0.75681633 0.77086962 0.75632643 0.58670203
  0.80473569 0.80673469 0.81717328 0.80501431]
 [0.38389527 0.68674229 0.70979592 0.69069862 0.68748744 0.4205218
  0.69055128 0.69004082 0.71272751 0.68930647]
 [0.87200845 0.91898953 0.92963265 0.92857614 0.91971233 0.69172108
  0.82425287 0.83285714 0.81417725 0.82546722]
 [0.42182718 0.6796306  0.74453061 0.68870455 0.68084698 0.22987532
  0.6596166  0.72436735 0.6053988  0.66391449]
 [0.48816358 0.76497436 0.76436735 0.76400174 0.76371864 0.47556913
  0.74632726 0.75061224 0.76281873 0.74622488]
 [0.17114153 0.60850028 0.63783673 0.56915873 0.60598361 0.45640471
  0.74974138 0.76840816 0.75017147 0.75289109]
 [0.67257643 0.82112337 0.83485714 0.82349306 0.82374051 0.55938748
  0.76538625 0.77853061 0.78050507 0.7648913 ]
 [0.4301033  0.69946447 0.71032653 0.73239868 0.69737867 0.30935404
  0.67076429 0.68187755 0.67314703 0.66985608]
 [0.26865078 0.64673852 0.69028571 0.62120276 0.6497344  0.47996025
  0.73244457 0.73457143 0.69433353 0.73240274]
 [0.37138653 0.69166667 0.7404898  0.60661347 0.69427632 0.33821565
  0.6521279  0.67783673 0.64990231 0.65201261]
 [0.36299621 0.68846059 0.70220408 0.72388611 0.68773031 0.53625268
  0.7744541  0.80697959 0.75980533 0.7790117 ]
 [0.68271264 0.83881773 0.84485714 0.84989389 0.8398133  0.61189155
  0.79754926 0.80673469 0.79443258 0.79762452]
 [0.40241445 0.65260244 0.84497959 0.55402102 0.65836522 0.57442649
  0.77213054 0.78057143 0.76090576 0.77166605]
 [0.64534101 0.78959209 0.82093878 0.79080415 0.78868168 0.61161079
  0.79272644 0.79689796 0.79786345 0.79233818]
 [0.33814462 0.66845384 0.71636735 0.65009985 0.67067558 0.25965216
  0.64561462 0.68591837 0.62052416 0.64798028]
 [0.05764723 0.55477089 0.74053061 0.34096899 0.55215732 0.17533073
  0.50683333 0.50710204 0.54039906 0.50553087]
 [0.3589495  0.67779487 0.678      0.70286877 0.67431959 0.36516644
  0.69518438 0.7384898  0.66882435 0.69704802]
 [0.17157515 0.61461823 0.6357551  0.59126356 0.61467602 0.30924855
  0.65415305 0.74877551 0.62521856 0.6625203 ]
 [0.42699909 0.66336873 0.66591837 0.6803224  0.66246808 0.51167483
  0.73601491 0.73620408 0.73530679 0.7338866 ]
 [0.54999887 0.77832886 0.78461224 0.76795994 0.77897804 0.73846233
  0.84933333 0.84922449 0.83199508 0.84883416]
 [0.36971803 0.66071782 0.66595918 0.65820383 0.65899268 0.45913919
  0.76536797 0.77069388 0.75224386 0.76569228]
 [0.55207635 0.77389356 0.81097959 0.78383925 0.77548895 0.5375424
  0.75266667 0.75265306 0.773359   0.75206499]
 [0.233072   0.61792085 0.65616327 0.60807591 0.61910331 0.51385575
  0.75203311 0.76657143 0.75458615 0.75250454]
 [0.3694814  0.68289851 0.71436735 0.64259527 0.68521565 0.3130625
  0.6725252  0.67632653 0.61740824 0.67078988]
 [0.64119712 0.81697227 0.82485714 0.82702636 0.81442354 0.59869172
  0.81084002 0.82493878 0.76204075 0.8071166 ]]
RF mean:
[0.45154115 0.71995869 0.75042721 0.70643211 0.72042494 0.47302116
 0.73275083 0.75239184 0.72583385 0.73348976]
---------------------------
---------------------------
SVM performance:
[[ 0.38228488  0.68470575  0.70440816  0.64189184  0.67575892  0.27625482
   0.60517152  0.79285714  0.4581605   0.61204896]
 [ 0.38318536  0.68895026  0.69820408  0.6756771   0.68745272  0.39481815
   0.68749293  0.72861224  0.65777213  0.69115455]
 [ 0.47168904  0.72193051  0.75828571  0.67166255  0.72013212  0.38025835
   0.69119231  0.6882449   0.68073605  0.68474281]
 [ 0.29958448  0.64541372  0.66187755  0.60112702  0.63298159  0.
   0.5         0.71028571  0.          0.41528728]
 [ 0.50551481  0.73688899  0.77869388  0.70401762  0.74487187  0.44037871
   0.719       0.72228571  0.70894215  0.7165683 ]
 [ 0.42223817  0.7105641   0.71257143  0.70073541  0.70710529  0.54176761
   0.76961864  0.77277551  0.76604698  0.76994075]
 [ 0.18661404  0.5823412   0.65791837  0.42796725  0.54243397  0.36792025
   0.68397436  0.68420408  0.67847868  0.68155675]
 [ 0.80292674  0.89407865  0.9155102   0.8910788   0.90127393  0.48338046
   0.73747126  0.75657143  0.72953511  0.74072133]
 [ 0.10182781  0.53875     0.71420408  0.22776676  0.48294204 -0.00397878
   0.49852941  0.68812245  0.          0.40760579]
 [ 0.39881778  0.69910256  0.69991837  0.69438432  0.69752516  0.34644732
   0.67056237  0.68036735  0.65420488  0.66806298]
 [ 0.11003268  0.54847482  0.6317551   0.36309576  0.49679597  0.38909163
   0.67721264  0.73236735  0.61466042  0.67654594]
 [ 0.48095829  0.7276146   0.76661224  0.70491185  0.73613105  0.41759939
   0.70096633  0.73440816  0.67874365  0.70436894]
 [ 0.33338011  0.65971787  0.69012245  0.61823069  0.65380586  0.02308708
   0.51018062  0.57946939  0.08078265  0.38628314]
 [ 0.01391587  0.50546643  0.65591837  0.07139401  0.41140535  0.44744783
   0.72118559  0.72832653  0.70852242  0.71972429]
 [ 0.          0.5         0.67604082  0.          0.40334789 -0.0039501
   0.4983871   0.61567347  0.          0.38105368]
 [ 0.          0.5         0.59355102  0.          0.37245618  0.25344966
   0.60446468  0.72640816  0.46574285  0.59030391]
 [ 0.57322066  0.78161741  0.79669388  0.77474049  0.78532778  0.33645394
   0.65167488  0.71244898  0.55543732  0.63625343]
 [ 0.          0.5         0.85114286  0.          0.45977991  0.30479931
   0.64131773  0.68832653  0.58794399  0.63783831]
 [ 0.          0.5         0.69016327  0.          0.40832574  0.30604676
   0.65381271  0.654       0.650746    0.65102164]
 [ 0.14701077  0.56061906  0.68612245  0.36561182  0.52543371  0.23857701
   0.60367649  0.69404082  0.49775694  0.59223726]
 [ 0.          0.5         0.77065306  0.          0.43522243  0.02595459
   0.513       0.51502041  0.41889578  0.46797925]
 [ 0.34529649  0.67286538  0.67208163  0.66552302  0.66907402  0.00762125
   0.50294118  0.65191837  0.02425356  0.39993361]
 [ 0.          0.5         0.58355102  0.          0.36850049  0.
   0.5         0.73240816  0.          0.42275516]
 [ 0.15324977  0.57504849  0.58563265  0.51385774  0.55036411  0.4003039
   0.69483866  0.71232653  0.66704497  0.69099907]
 [ 0.20541333  0.59482759  0.64012245  0.48062885  0.56104405  0.62997333
   0.81525     0.81477551  0.81159044  0.81363339]
 [ 0.22775188  0.60878546  0.63387755  0.50053209  0.5686876   0.40316205
   0.69709596  0.71212245  0.68305054  0.69801189]
 [ 0.51752451  0.7378694   0.81306122  0.70465767  0.75413232  0.4922084
   0.74583333  0.7464898   0.73460734  0.74152758]
 [ 0.          0.5         0.63179592  0.          0.38716238  0.45822129
   0.7179584   0.75473469  0.69306579  0.72383502]
 [ 0.00644491  0.50263158  0.6237551   0.02294157  0.38885431  0.27763013
   0.63564318  0.65171429  0.60853426  0.63001208]
 [ 0.62385616  0.8157541   0.81885714  0.81270815  0.81088803  0.42981625
   0.70373867  0.75440816  0.6797656   0.711311  ]]
SVM mean:
[0.25642462 0.62313393 0.70377007 0.42783808 0.58464056 0.30215802
 0.64507303 0.70452381 0.5165007  0.6221106 ]
---------------------------
---------------------------
GBM performance:
[[ 0.45010243  0.72379227  0.73840816  0.71117887  0.72070936  0.31131531
   0.61826923  0.80489796  0.47450432  0.62877758]
 [ 0.49484169  0.74234767  0.75432653  0.72259022  0.74123369  0.50118278
   0.73132145  0.78273469  0.69446238  0.74251191]
 [ 0.45830769  0.71586991  0.75236735  0.66388301  0.71261748  0.34693426
   0.67239744  0.67612245  0.66084845  0.66904214]
 [ 0.35104341  0.67421343  0.68016327  0.66387471  0.67281617 -0.00769231
   0.49714286  0.70620408  0.          0.41386451]
 [ 0.52063287  0.74514822  0.78469388  0.71585927  0.75355662  0.47212806
   0.73260897  0.73644898  0.72324012  0.72955748]
 [ 0.56682004  0.78435897  0.78281633  0.78126261  0.78216298  0.57974429
   0.78328301  0.78865306  0.77402653  0.78382364]
 [ 0.43954644  0.70983364  0.74416327  0.68764978  0.7138395   0.46519392
   0.73489744  0.73416327  0.72566871  0.73241151]
 [ 0.84948228  0.91402072  0.93567347  0.90797714  0.92460338  0.54250866
   0.76281609  0.78477551  0.75067835  0.76689047]
 [ 0.24011237  0.59619923  0.73832653  0.44542111  0.58365634  0.06457963
   0.52481443  0.70012245  0.1914397   0.46639086]
 [ 0.39310489  0.69598077  0.698       0.68994636  0.69424965  0.44517094
   0.71908522  0.72840816  0.70444493  0.71794813]
 [ 0.1592493   0.57036078  0.64804082  0.42622474  0.5334155   0.48883693
   0.73465517  0.76857143  0.71116091  0.74224872]
 [ 0.58765923  0.77689304  0.81277551  0.75616086  0.78712781  0.49755779
   0.74331494  0.77261224  0.71419389  0.74492962]
 [ 0.307094    0.64188871  0.69028571  0.5468064   0.61996886  0.29539597
   0.64070384  0.67404082  0.58831301  0.630985  ]
 [ 0.12559911  0.55178903  0.6822449   0.30681709  0.5044308   0.41521192
   0.70415196  0.7144898   0.67941348  0.69891951]
 [ 0.06154407  0.5238525   0.68620408  0.20426162  0.45972329  0.08820561
   0.54025467  0.63759184  0.30504659  0.48332038]
 [ 0.1345867   0.56071839  0.63595918  0.37950568  0.50951619  0.46271886
   0.70272115  0.79069388  0.64318418  0.71858941]
 [ 0.70713637  0.84771757  0.86306122  0.83931319  0.85493312  0.43076894
   0.70341954  0.74453061  0.66373325  0.70727429]
 [ 0.06672424  0.52142857  0.85722449  0.11338934  0.49880812  0.47642479
   0.73050493  0.75657143  0.71075367  0.73403753]
 [ 0.17265298  0.57478992  0.72840816  0.30206986  0.54080932  0.48223295
   0.73404281  0.75273469  0.70593054  0.73260234]
 [ 0.24109857  0.60301638  0.71216327  0.48942457  0.58811315  0.26040757
   0.6112974   0.70416327  0.50366639  0.59813908]
 [ 0.          0.5         0.77065306  0.          0.43522243  0.03368586
   0.517       0.51685714  0.50708117  0.51410094]
 [ 0.34929604  0.67692308  0.67620408  0.67113719  0.67397735  0.24709108
   0.60471907  0.70853061  0.47108313  0.5867426 ]
 [ 0.17672744  0.5802381   0.6337551   0.4829193   0.55436224  0.10496522
   0.53878081  0.75053061  0.21836336  0.49721039]
 [ 0.34166258  0.66947352  0.67416327  0.65885697  0.66716058  0.4706862
   0.73209345  0.7422449   0.72364223  0.7322912 ]
 [ 0.3613226   0.66859046  0.70836735  0.58878361  0.65229661  0.66181818
   0.83116667  0.83077551  0.82608638  0.829916  ]
 [ 0.33023091  0.6602626   0.67832653  0.60894263  0.64418579  0.53175016
   0.7580748   0.77253061  0.74228715  0.76094856]
 [ 0.44727005  0.68852766  0.79697959  0.61998143  0.70601366  0.53679771
   0.76816667  0.76861224  0.76221477  0.76634499]
 [ 0.18742807  0.57988764  0.68428571  0.4067645   0.54279874  0.45205565
   0.71352434  0.76061224  0.66660278  0.71899189]
 [ 0.27188799  0.62303056  0.69036735  0.54923338  0.6189957   0.32229466
   0.66062567  0.67216327  0.64708434  0.65853931]
 [ 0.54814634  0.76678127  0.79069388  0.75333807  0.772244    0.3848527
   0.67110628  0.75653061  0.59176547  0.6731518 ]]
GBM mean:
[0.34471036 0.66293115 0.7343034  0.55645245 0.64878495 0.37882748
 0.68056534 0.73459728 0.60269734 0.67268339]
---------------------------
---------------------------
BDDAE performance:
[[-0.02641053  0.48683575  0.503       0.42756334  0.46515374  0.01977364
   0.50691268  0.741       0.08624885  0.44306058]
 [ 0.38984837  0.6968599   0.694       0.69316365  0.69269029  0.46830375
   0.7265868   0.755       0.71355472  0.73217479]
 [ 0.08725008  0.54241126  0.577       0.45155258  0.51301875  0.14113309
   0.57035256  0.572       0.53866487  0.55534988]
 [ 0.05888638  0.52890499  0.542       0.49390966  0.51725936  0.11799785
   0.55012142  0.716       0.3009068   0.5147364 ]
 [ 0.43326968  0.71125     0.731       0.69875882  0.7132887   0.38998878
   0.69407051  0.697       0.67630152  0.68733659]
 [ 0.607534    0.80364146  0.804       0.80050897  0.80272853  0.05755297
   0.52864312  0.537       0.49882336  0.51784694]
 [ 0.02763258  0.51291667  0.568       0.4045181   0.4854506   0.01342459
   0.50668267  0.508       0.46968271  0.48885062]
 [ 0.56708396  0.76553596  0.828       0.7296761   0.77655469  0.06362782
   0.53        0.602       0.31967641  0.47687101]
 [ 0.58555918  0.7569425   0.846       0.71653066  0.78593773  0.54147589
   0.73258532  0.832       0.6833275   0.76218319]
 [ 0.08922817  0.54447115  0.548       0.52974143  0.53875519  0.31873044
   0.65905797  0.661       0.65417591  0.6570673 ]
 [ 0.04509555  0.52005044  0.582       0.40945177  0.49192372  0.33584145
   0.65833333  0.699       0.61697943  0.65679201]
 [ 0.12075093  0.55458176  0.623       0.45302646  0.53359816  0.34055774
   0.67492644  0.679       0.67317782  0.66903294]
 [ 0.02514744  0.51223317  0.558       0.41148979  0.48399017  0.37338499
   0.6873113   0.694       0.67712208  0.68330233]
 [ 0.1502088   0.56340659  0.675       0.4174685   0.53832792  0.29273864
   0.64584504  0.65        0.63813144  0.64381443]
 [ 0.00953616  0.50376838  0.666       0.19189152  0.44197417  0.3160728
   0.64936333  0.701       0.60043067  0.64681142]
 [ 0.09603917  0.54425382  0.597       0.39120648  0.50146356  0.24856167
   0.60200535  0.725       0.45517773  0.58390229]
 [ 0.62554993  0.82467962  0.812       0.81913939  0.81001154  0.27773256
   0.62478297  0.685       0.52022077  0.60331091]
 [ 0.26691707  0.6154902   0.855       0.47700016  0.62308675 -0.01645733
   0.4925      0.583       0.17619248  0.39948096]
 [ 0.24380035  0.60815802  0.713       0.5324025   0.61114319  0.24593216
   0.62171717  0.635       0.58557329  0.61070806]
 [ 0.21849022  0.59817291  0.687       0.51588623  0.59178795  0.02640718
   0.51059028  0.645       0.12781651  0.41838422]
 [ 0.05340751  0.52402597  0.753       0.21132822  0.49235534  0.164
   0.582       0.582       0.5748376   0.57850804]
 [ 0.15084386  0.5755102   0.576       0.55159785  0.56399195 -0.00789859
   0.49692308  0.646       0.          0.39245666]
 [ 0.02240447  0.51079639  0.559       0.36683701  0.4700373   0.44531817
   0.70005074  0.804       0.66116313  0.71924035]
 [ 0.08529249  0.54246795  0.545       0.53664325  0.54069524  0.33727195
   0.66616162  0.677       0.65396425  0.6652084 ]
 [ 0.09652783  0.54689922  0.573       0.50762924  0.53842168  0.094
   0.547       0.547       0.54238277  0.54472502]
 [ 0.28475515  0.63933172  0.651       0.61558075  0.63390685  0.25309522
   0.62637987  0.632       0.60831309  0.61888396]
 [ 0.47199205  0.71975222  0.791       0.69241368  0.73325665  0.53
   0.765       0.765       0.75258902  0.76046807]
 [ 0.04062229  0.51883312  0.62        0.2979629   0.46603289  0.3349898
   0.66406053  0.69        0.65248893  0.66637531]
 [ 0.22384836  0.60021222  0.671       0.5165605   0.58976856  0.35350914
   0.67232323  0.688       0.65107451  0.67029194]
 [ 0.26260682  0.62026061  0.68        0.55306269  0.61407443  0.01388007
   0.50549451  0.652       0.06927053  0.40931757]]
BDDAE mean:
[0.21045728 0.59975514 0.66093333 0.51381674 0.58535619 0.23636488
 0.61325939 0.66666667 0.50594229 0.59254974]
---------------------------
---------------------------
DUMMY performance:
[[0.         0.5        0.54330612 0.         0.35203349 0.
  0.5        0.74453061 0.         0.42677092]
 [0.         0.5        0.53922449 0.         0.35031419 0.
  0.5        0.61167347 0.         0.37951047]
 [0.         0.5        0.57142857 0.         0.36361866 0.
  0.5        0.51706122 0.         0.34082504]
 [0.         0.5        0.53718367 0.         0.34945455 0.
  0.5        0.71028571 0.         0.41528728]
 [0.         0.5        0.60163265 0.         0.37562885 0.
  0.5        0.51506122 0.         0.33994784]
 [0.         0.5        0.51306122 0.         0.33907065 0.
  0.5        0.52918367 0.         0.34603691]
 [0.         0.5        0.59959184 0.         0.37483366 0.
  0.5        0.50706122 0.         0.33643907]
 [0.         0.5        0.67404082 0.         0.40263073 0.
  0.5        0.59755102 0.         0.37403846]
 [0.         0.5        0.69016327 0.         0.40832574 0.
  0.5        0.69016327 0.         0.40832574]
 [0.         0.5        0.51706122 0.         0.34082504 0.
  0.5        0.53718367 0.         0.34945455]
 [0.         0.5        0.60567347 0.         0.37719566 0.
  0.5        0.59755102 0.         0.37403846]
 [0.         0.5        0.61367347 0.         0.38028208 0.
  0.5        0.60767347 0.         0.37796726]
 [0.         0.5        0.57542857 0.         0.36524151 0.
  0.5        0.57142857 0.         0.36361866]
 [0.         0.5        0.65391837 0.         0.39536248 0.
  0.5        0.52918367 0.         0.34603691]
 [0.         0.5        0.67604082 0.         0.40334789 0.
  0.5        0.61767347 0.         0.38182529]
 [0.         0.5        0.59355102 0.         0.37245618 0.
  0.5        0.662      0.         0.39830723]
 [0.         0.5        0.58755102 0.         0.37008277 0.
  0.5        0.59155102 0.         0.37166504]
 [0.         0.5        0.85114286 0.         0.45977991 0.
  0.5        0.59555102 0.         0.37324732]
 [0.         0.5        0.69016327 0.         0.40832574 0.
  0.5        0.55330612 0.         0.356196  ]
 [0.         0.5        0.65591837 0.         0.39609713 0.
  0.5        0.63579592 0.         0.38866795]
 [0.         0.5        0.77065306 0.         0.43522243 0.
  0.5        0.50306122 0.         0.33468468]
 [0.         0.5        0.50706122 0.         0.33643907 0.
  0.5        0.64991837 0.         0.39389319]
 [0.         0.5        0.58355102 0.         0.36850049 0.
  0.5        0.73240816 0.         0.42275516]
 [0.         0.5        0.52114286 0.         0.3425908  0.
  0.5        0.54930612 0.         0.354531  ]
 [0.         0.5        0.56742857 0.         0.36199581 0.
  0.5        0.50306122 0.         0.33468468]
 [0.         0.5        0.53718367 0.         0.34945455 0.
  0.5        0.55934694 0.         0.35869832]
 [0.         0.5        0.68816327 0.         0.40762546 0.
  0.5        0.50306122 0.         0.33468468]
 [0.         0.5        0.63179592 0.         0.38716238 0.
  0.5        0.60567347 0.         0.37719566]
 [0.         0.5        0.6217551  0.         0.38337592 0.
  0.5        0.54930612 0.         0.354531  ]
 [0.         0.5        0.61367347 0.         0.38028208 0.
  0.5        0.65191837 0.         0.39462783]]
DUMMY mean:
[0.         0.5        0.61107211 0.         0.37791853 0.
 0.5        0.59095102 0.         0.37028309]
---------------------------
Current folder: C:\Users\Javier\Dropbox\c_sldl_1_2_4_bis
-------------------------------------
----- RESULTS from .csv files ------
-------------------------------------
---------------------------
ALG Means: 
-rows: alg : KNN = 0; DT = 1; RF = 2; SVM = 3; GBM = 4; BDDAE = 5; DUMMY = 5
columns:
'val_cohen','val_uar', 'val_acc', 'val_gm',  'val_f1',  'aro_cohen','aro_uar', 'aro_acc', 'aro_gm',  'aro_f1'
-------------------------------------------------------------
  v_c   v_u   v_a   v_g   v_f1  a_c   a_u   a_a   a_g   a_f1
[[0.413 0.702 0.737 0.681 0.704 0.433 0.714 0.738 0.699 0.715]
 [0.375 0.692 0.714 0.678 0.689 0.43  0.716 0.73  0.707 0.714]
 [0.452 0.72  0.75  0.706 0.72  0.473 0.733 0.752 0.726 0.733]
 [0.256 0.623 0.704 0.428 0.585 0.302 0.645 0.705 0.517 0.622]
 [0.345 0.663 0.734 0.556 0.649 0.379 0.681 0.735 0.603 0.673]
 [0.21  0.6   0.661 0.514 0.585 0.236 0.613 0.667 0.506 0.593]
 [0.    0.5   0.611 0.    0.378 0.    0.5   0.591 0.    0.37 ]]
-------------------------------------------------------------
Standard Deviation of each metric:
[[0.163 0.083 0.077 0.104 0.083 0.134 0.068 0.061 0.08  0.068]
 [0.157 0.079 0.074 0.092 0.079 0.131 0.065 0.063 0.071 0.065]
 [0.173 0.081 0.071 0.112 0.081 0.145 0.074 0.069 0.076 0.074]
 [0.225 0.11  0.08  0.305 0.15  0.182 0.09  0.06  0.265 0.126]
 [0.196 0.098 0.07  0.212 0.117 0.171 0.086 0.059 0.191 0.104]
 [0.196 0.095 0.101 0.154 0.109 0.165 0.079 0.075 0.212 0.108]
 [0.    0.    0.077 0.    0.029 0.    0.    0.069 0.    0.027]]
-------------------------------------------------------------
std_dev/mean [percentage]:
[[40. 12. 10. 15. 12. 31. 10.  8. 11. 10.]
 [42. 11. 10. 14. 11. 30.  9.  9. 10.  9.]
 [38. 11.  9. 16. 11. 31. 10.  9. 10. 10.]
 [88. 18. 11. 71. 26. 60. 14.  9. 51. 20.]
 [57. 15. 10. 38. 18. 45. 13.  8. 32. 15.]
 [93. 16. 15. 30. 19. 70. 13. 11. 42. 18.]
 [ 0.  0. 13.  0.  8.  0.  0. 12.  0.  7.]]
