2024-05-02 10:16:45.736449: W tensorflow/stream_executor/platform/default/dso_loader.cc:64] Could not load dynamic library 'cudart64_110.dll'; dlerror: cudart64_110.dll not found
2024-05-02 10:16:45.740145: I tensorflow/stream_executor/cuda/cudart_stub.cc:29] Ignore above cudart dlerror if you do not have a GPU set up on your machine.
2024-05-02 10:16:57.377259: W tensorflow/stream_executor/platform/default/dso_loader.cc:64] Could not load dynamic library 'nvcuda.dll'; dlerror: nvcuda.dll not found
2024-05-02 10:16:57.380769: W tensorflow/stream_executor/cuda/cuda_driver.cc:269] failed call to cuInit: UNKNOWN ERROR (303)
2024-05-02 10:16:57.387820: I tensorflow/stream_executor/cuda/cuda_diagnostics.cc:169] retrieving CUDA diagnostic information for host: MFB
2024-05-02 10:16:57.389154: I tensorflow/stream_executor/cuda/cuda_diagnostics.cc:176] hostname: MFB
2024-05-02 10:16:57.397941: I tensorflow/core/platform/cpu_feature_guard.cc:151] This TensorFlow binary is optimized with oneAPI Deep Neural Network Library (oneDNN) to use the following CPU instructions in performance-critical operations:  AVX AVX2
To enable them in other operations, rebuild TensorFlow with the appropriate compiler flags.
---------------------------
KNN performance:
[[0.60025501 0.79819079 0.80285714 0.79348436 0.79891206 0.47503735
  0.72597934 0.81428571 0.69702473 0.73533862]
 [0.4848812  0.74440789 0.74285714 0.74099032 0.74084669 0.51196969
  0.75281385 0.77428571 0.74314727 0.75481485]
 [0.45687897 0.72614035 0.73714286 0.71582869 0.72582964 0.56388095
  0.78280874 0.78285714 0.77665864 0.77983244]
 [0.37749521 0.68610144 0.69428571 0.67652001 0.68599022 0.19541365
  0.588      0.70285714 0.48395082 0.58334867]
 [0.51787355 0.75109058 0.77714286 0.7393911  0.75724587 0.48962776
  0.74431437 0.74571429 0.73927515 0.74298734]
 [0.50156421 0.75047945 0.75142857 0.74494681 0.74861403 0.66257648
  0.83158432 0.83142857 0.82633045 0.82947165]
 [0.39054087 0.68928571 0.71714286 0.67002023 0.69165041 0.32489329
  0.6622549  0.66285714 0.65907532 0.66113815]
 [0.86654932 0.92416008 0.94285714 0.9208864  0.93301824 0.64011596
  0.82362637 0.82571429 0.82238451 0.81939784]
 [0.41421768 0.69297727 0.77142857 0.6490579  0.70023555 0.30884462
  0.65170455 0.71142857 0.61806469 0.64977162]
 [0.43376087 0.71650327 0.71714286 0.7103173  0.71437404 0.42838896
  0.71342664 0.71714286 0.7089104  0.71300338]
 [0.23343264 0.61568432 0.64       0.60104906 0.61470177 0.43840386
  0.715      0.73714286 0.69290391 0.71309494]
 [0.64860603 0.82269397 0.83428571 0.81735475 0.82340884 0.61363302
  0.8021645  0.82       0.79386521 0.80529218]
 [0.41302097 0.70297619 0.71714286 0.69177791 0.70331483 0.35276808
  0.675      0.68857143 0.65845434 0.67222424]
 [0.36756192 0.67688634 0.72571429 0.65055659 0.67960158 0.42869041
  0.71335677 0.71714286 0.69785912 0.70822271]
 [0.28311877 0.63397563 0.70285714 0.59761214 0.63821006 0.23984316
  0.6180412  0.65714286 0.58493718 0.61330008]
 [0.33890343 0.66559524 0.69142857 0.64719196 0.66619323 0.54423813
  0.75833333 0.80285714 0.74293927 0.77025699]
 [0.57278869 0.78464286 0.79428571 0.7793323  0.78523947 0.46319977
  0.72511905 0.74857143 0.71030498 0.72856731]
 [0.17830589 0.57626437 0.83714286 0.35908444 0.57656465 0.46269551
  0.7297619  0.74571429 0.7205663  0.72969314]
 [0.48097985 0.73241667 0.79142857 0.7097249  0.73809655 0.48941171
  0.74529605 0.74571429 0.74130721 0.74270006]
 [0.28343551 0.63972332 0.69142857 0.61184331 0.63974622 0.31085437
  0.648158   0.69714286 0.60950393 0.64769   ]
 [0.10657122 0.54583333 0.72       0.3867545  0.54705373 0.09564097
  0.54787582 0.54857143 0.54199263 0.54520328]
 [0.28161848 0.64133987 0.64       0.63603135 0.63813512 0.35733825
  0.6717366  0.72285714 0.64179364 0.67442103]
 [0.20517197 0.60107143 0.62285714 0.58072103 0.59843401 0.33714111
  0.65291453 0.76285714 0.59452817 0.66188235]
 [0.19534048 0.59756514 0.6        0.59087319 0.59523989 0.43071006
  0.71362939 0.72       0.70888634 0.71419483]
 [0.53880119 0.76826754 0.77428571 0.76283411 0.76793795 0.6390932
  0.81911765 0.82       0.81620435 0.8187175 ]
 [0.43549965 0.7153025  0.72285714 0.70445211 0.71442667 0.51273794
  0.75447368 0.76       0.74887515 0.7545786 ]
 [0.56690228 0.77516667 0.82285714 0.75947223 0.78193088 0.50319561
  0.75179739 0.75142857 0.74726718 0.74967779]
 [0.24699609 0.61970204 0.66285714 0.59332544 0.61951957 0.57288273
  0.78214286 0.79714286 0.77459642 0.78490037]
 [0.22842626 0.61082251 0.66       0.56547592 0.60659256 0.36179056
  0.67949561 0.68857143 0.66274164 0.67537048]
 [0.70639155 0.86295371 0.85714286 0.86196449 0.85252698 0.5773277
  0.78478261 0.81142857 0.77807902 0.7879156 ]]
KNN mean:
[0.41186299 0.70227402 0.7387619  0.67562916 0.70278638 0.4444115
 0.71882367 0.74371429 0.70141427 0.71890027]
---------------------------
---------------------------
DT performance:
[[0.59652773 0.79703947 0.8        0.78704974 0.79642481 0.49222087
  0.73965456 0.80285714 0.70677004 0.73345624]
 [0.49965936 0.74144737 0.74285714 0.74854116 0.73934852 0.5164116
  0.75487845 0.77142857 0.74846702 0.75386719]
 [0.43633897 0.73671053 0.73714286 0.71398424 0.73308345 0.49581996
  0.71368679 0.71428571 0.74832127 0.71053844]
 [0.30608829 0.6716256  0.67714286 0.64277904 0.66772123 0.27204145
  0.645      0.69428571 0.59332041 0.63436478]
 [0.55099382 0.76154679 0.77142857 0.75406823 0.7583171  0.46891897
  0.73830947 0.73714286 0.72663112 0.73548018]
 [0.45668858 0.7159647  0.71714286 0.7257684  0.71483817 0.60528053
  0.79374355 0.79428571 0.79992398 0.79226986]
 [0.40089358 0.70952381 0.72285714 0.70974236 0.70982844 0.28975002
  0.66715686 0.66857143 0.65104075 0.66459313]
 [0.87206944 0.9272892  0.93428571 0.91692195 0.92568877 0.64223475
  0.81620879 0.82571429 0.81862035 0.81661717]
 [0.42061536 0.68912121 0.73714286 0.6607242  0.68885989 0.32923025
  0.65151515 0.69428571 0.60851115 0.64173026]
 [0.39152877 0.69281046 0.69428571 0.69678027 0.69037179 0.38156582
  0.69169892 0.69142857 0.6764844  0.68824672]
 [0.14363299 0.58643024 0.59714286 0.55738521 0.57814052 0.46843337
  0.71690476 0.73142857 0.71789536 0.71740065]
 [0.55958176 0.78404928 0.79714286 0.77964071 0.78477369 0.50910032
  0.7535631  0.76285714 0.75546483 0.75041042]
 [0.40640943 0.7002381  0.70857143 0.69699062 0.69396706 0.3076112
  0.63166667 0.64       0.64188634 0.62855132]
 [0.18108518 0.59728134 0.62571429 0.61697007 0.59093776 0.29655643
  0.66627644 0.66857143 0.63072695 0.66376941]
 [0.2676689  0.66287055 0.69142857 0.63298469 0.65595761 0.28089909
  0.63120503 0.66       0.61610659 0.63047583]
 [0.33050053 0.67333333 0.68857143 0.68467422 0.67330729 0.6011654
  0.78460145 0.80857143 0.79645995 0.78512417]
 [0.62444703 0.7797619  0.78571429 0.80870714 0.7774915  0.62734191
  0.81595238 0.82285714 0.78795807 0.81547103]
 [0.33946989 0.67132184 0.84       0.5250445  0.6652497  0.42474588
  0.69285714 0.70285714 0.69565928 0.68986977]
 [0.49229039 0.72734091 0.76571429 0.73875646 0.72479361 0.47505276
  0.74649123 0.74857143 0.73299058 0.74461719]
 [0.20737447 0.60101285 0.65142857 0.60051354 0.60044615 0.36176815
  0.68756841 0.70857143 0.67168792 0.68272006]
 [0.01927548 0.51388889 0.65714286 0.45837294 0.51043204 0.01448211
  0.50441176 0.50571429 0.48364013 0.50051321]
 [0.32577481 0.67189542 0.67142857 0.68171176 0.6703638  0.29278821
  0.6581015  0.68285714 0.62831063 0.65550377]
 [0.34563939 0.65666667 0.66571429 0.63824659 0.65402827 0.37846083
  0.70337607 0.76285714 0.64487956 0.70185161]
 [0.2908842  0.65276273 0.65142857 0.64989286 0.64966106 0.44435659
  0.71461623 0.71714286 0.69918286 0.71286806]
 [0.44601421 0.71419956 0.71714286 0.69877628 0.71015004 0.65075438
  0.81421569 0.81428571 0.81763885 0.81313686]
 [0.3395164  0.65331312 0.65714286 0.67077197 0.65176517 0.4447066
  0.72512061 0.72857143 0.71563443 0.72447383]
 [0.50889444 0.77713636 0.81142857 0.76073371 0.77550496 0.50969065
  0.76666667 0.76571429 0.76215929 0.76460896]
 [0.12002684 0.55580217 0.59142857 0.54649963 0.55268652 0.45669696
  0.7177381  0.72571429 0.70595756 0.71460924]
 [0.21306186 0.59702797 0.62       0.59831162 0.59291383 0.3178021
  0.66189693 0.66285714 0.6553508  0.65892775]
 [0.64601446 0.82972028 0.83714286 0.83288605 0.82729609 0.53846537
  0.78605072 0.8        0.7884147  0.7812099 ]]
DT mean:
[0.39129889 0.69497109 0.71885714 0.68447434 0.69214496 0.42981175
 0.71303778 0.72714286 0.70086984 0.71024257]
---------------------------
---------------------------
RF performance:
[[0.65435687 0.80608553 0.81142857 0.8137287  0.80744412 0.46444373
  0.76488604 0.85142857 0.74497655 0.77963284]
 [0.59828395 0.80328947 0.80571429 0.80648635 0.80245198 0.57009455
  0.777664   0.79428571 0.79740372 0.77967019]
 [0.52615111 0.72434211 0.73428571 0.72584077 0.72392842 0.43134821
  0.75278423 0.75428571 0.76132164 0.75123917]
 [0.41143025 0.71204958 0.71428571 0.72703221 0.71148168 0.30772633
  0.577      0.68285714 0.54152072 0.57972603]
 [0.55569811 0.78881951 0.80857143 0.75251771 0.79400938 0.5597682
  0.77307254 0.77428571 0.76265892 0.77274266]
 [0.54843282 0.74605371 0.74571429 0.76362108 0.74497415 0.62703696
  0.82127623 0.82       0.82992075 0.81918213]
 [0.42599487 0.72857143 0.74285714 0.69823781 0.72999729 0.42219386
  0.73104575 0.73142857 0.71033187 0.73018681]
 [0.89298831 0.9240695  0.93714286 0.93094539 0.92651329 0.64646141
  0.82974525 0.84       0.84060444 0.82970455]
 [0.52286478 0.72225    0.77142857 0.68920303 0.72284157 0.28828693
  0.65284091 0.70285714 0.62108673 0.64837989]
 [0.48533801 0.72238562 0.72285714 0.69725984 0.7189453  0.4548068
  0.75350125 0.75714286 0.72477069 0.75267769]
 [0.140996   0.60918248 0.63714286 0.593325   0.60964111 0.52577675
  0.72154762 0.74       0.73317305 0.72254527]
 [0.68022051 0.82864635 0.84       0.80954612 0.82993384 0.53411821
  0.76102231 0.77714286 0.76087803 0.76080863]
 [0.43247316 0.70952381 0.71714286 0.69327141 0.70822538 0.38132099
  0.71       0.72       0.68508633 0.70879613]
 [0.28792004 0.66386186 0.70857143 0.60170714 0.66279977 0.41397042
  0.68644973 0.68857143 0.69635975 0.68163844]
 [0.36377001 0.61417984 0.68285714 0.6754212  0.61547867 0.3208611
  0.67862446 0.71142857 0.65068135 0.67779162]
 [0.36636166 0.7275     0.75142857 0.73897325 0.7301584  0.63818788
  0.79945652 0.82285714 0.7945323  0.79931978]
 [0.69139915 0.84392857 0.84857143 0.82153592 0.84399495 0.63974002
  0.82880952 0.83428571 0.80885168 0.82818693]
 [0.35953251 0.6845977  0.86857143 0.52364367 0.70041621 0.51259602
  0.73928571 0.75714286 0.76003109 0.73907646]
 [0.52892192 0.77136364 0.80571429 0.68448024 0.76892306 0.60108473
  0.77404605 0.77714286 0.77712879 0.77292867]
 [0.3539965  0.64133729 0.69714286 0.65795403 0.64235578 0.41389682
  0.70121111 0.73428571 0.63791199 0.70342786]
 [0.008198   0.55949074 0.73428571 0.38685325 0.56074964 0.05408069
  0.50686275 0.50857143 0.53777267 0.49494236]
 [0.3314004  0.70653595 0.70571429 0.66327588 0.7049374  0.37874793
  0.66104819 0.71142857 0.61520128 0.66314211]
 [0.31044091 0.6502381  0.67142857 0.6251819  0.64974618 0.36567446
  0.67193162 0.77714286 0.553321   0.68348264]
 [0.35633709 0.6349684  0.63428571 0.66091996 0.63163213 0.46918073
  0.76887061 0.77428571 0.75054844 0.76902973]
 [0.54040203 0.74180921 0.74857143 0.74754604 0.74050914 0.61113082
  0.83349673 0.83428571 0.83091336 0.83207269]
 [0.40498467 0.67876999 0.68285714 0.67508643 0.67777584 0.48414106
  0.77778509 0.78285714 0.77552139 0.77797067]
 [0.51768992 0.73068182 0.77714286 0.72497427 0.72767533 0.62864825
  0.78676471 0.78571429 0.74737234 0.78496868]
 [0.24628089 0.58255295 0.63142857 0.56734781 0.580216   0.54256789
  0.7727381  0.78857143 0.73101249 0.77553948]
 [0.27021754 0.67821345 0.70857143 0.64426629 0.6795593  0.38140777
  0.65317982 0.66       0.68121347 0.64923184]
 [0.67178124 0.81131369 0.82285714 0.8434632  0.81144069 0.64855327
  0.78876812 0.81142857 0.79373606 0.7898581 ]]
RF mean:
[0.44949544 0.71822041 0.74895238 0.69812153 0.7186252  0.47726176
 0.7351905  0.75685714 0.72186143 0.73526333]
---------------------------
---------------------------
SVM performance:
[[ 0.35335849  0.67220395  0.68857143  0.63340443  0.6624753   0.10596022
   0.5383547   0.76857143  0.19832492  0.50166328]
 [ 0.36603785  0.68026316  0.69142857  0.65937933  0.67603826  0.3435078
   0.66180486  0.70857143  0.62525886  0.66430214]
 [ 0.50547096  0.73854167  0.77142857  0.69589738  0.73992003  0.40875736
   0.70555018  0.70571429  0.69803727  0.70164521]
 [ 0.31363061  0.65339267  0.66857143  0.61499952  0.64274015  0.
   0.5         0.71428571  0.          0.41666667]
 [ 0.52659284  0.74642857  0.78857143  0.716838    0.75648875  0.46498372
   0.7315553   0.73428571  0.71644665  0.72676068]
 [ 0.38854207  0.69248689  0.69714286  0.67814151  0.68884469  0.54952855
   0.77484305  0.77428571  0.76791751  0.77126347]
 [ 0.20096644  0.58809524  0.66571429  0.41456826  0.54623035  0.33774544
   0.66895425  0.66857143  0.66451679  0.66660288]
 [ 0.79295119  0.89092556  0.91142857  0.88480583  0.89570854  0.42640085
   0.70700133  0.73714286  0.68495492  0.70849027]
 [ 0.0241206   0.50909091  0.69428571  0.06030227  0.42583772  0.
   0.5         0.68571429  0.          0.40677966]
 [ 0.41784976  0.70931373  0.70857143  0.70465836  0.70689371  0.30214694
   0.64831656  0.66        0.62354255  0.6421873 ]
 [ 0.04962759  0.52117882  0.61714286  0.25382189  0.44888883  0.38162251
   0.67869048  0.72571429  0.60589571  0.66749275]
 [ 0.49542251  0.73330003  0.77428571  0.70489033  0.74105412  0.42186012
   0.69929237  0.74285714  0.66348965  0.70237538]
 [ 0.33005383  0.65702381  0.69142857  0.61621917  0.65384945 -0.00566038
   0.4975      0.56857143  0.          0.36245791]
 [ 0.          0.5         0.65142857  0.          0.39443436  0.35245994
   0.675172    0.68        0.66455833  0.67251825]
 [ 0.          0.5         0.67428571  0.          0.40268849  0.
   0.5         0.63142857  0.          0.38702359]
 [ 0.          0.5         0.59714286  0.          0.37386364  0.24195025
   0.59981884  0.72285714  0.42376388  0.57632207]
 [ 0.46959588  0.72738095  0.75142857  0.70763499  0.73024899  0.27054039
   0.62035714  0.68857143  0.47923132  0.58564918]
 [ 0.          0.5         0.84857143  0.          0.45901442  0.26351655
   0.61904762  0.68285714  0.51806902  0.59997652]
 [ 0.          0.5         0.69428571  0.          0.40974576  0.24960275
   0.6216886   0.63714286  0.58173428  0.60903011]
 [ 0.12725687  0.55144104  0.69142857  0.32551539  0.50795638  0.21906954
   0.59455128  0.68857143  0.46764188  0.57459542]
 [ 0.          0.5         0.77142857  0.          0.43548387  0.03875765
   0.51944444  0.52        0.41762463  0.47174349]
 [ 0.28314926  0.64183007  0.64        0.61088771  0.62638439  0.
   0.5         0.64857143  0.          0.39337568]
 [ 0.          0.5         0.58571429  0.          0.36931818  0.
   0.5         0.73142857  0.          0.42240437]
 [ 0.03460221  0.51698486  0.53714286  0.26462885  0.42149293  0.41604909
   0.70162281  0.72        0.67013273  0.69766916]
 [ 0.18929634  0.58736842  0.63428571  0.4446459   0.54026961  0.50975157
   0.75490196  0.75428571  0.73980915  0.74781378]
 [ 0.16622572  0.5787055   0.60857143  0.43052151  0.52121468  0.44063478
   0.71692982  0.72857143  0.70336883  0.71622448]
 [ 0.53672078  0.746       0.82        0.71512769  0.76452758  0.53773724
   0.76911765  0.76857143  0.75884406  0.76455699]
 [ 0.          0.5         0.64        0.          0.39019964  0.48572382
   0.73309524  0.76571429  0.70683076  0.73682521]
 [ 0.          0.5         0.62285714  0.          0.38377193  0.30082928
   0.64434211  0.67142857  0.57057147  0.6225184 ]
 [ 0.66166535  0.83295871  0.84        0.82950777  0.83026895  0.4688806
   0.72264493  0.77428571  0.69811196  0.73155328]]
SVM mean:
[0.24110457 0.61583048 0.6992381  0.39887987 0.57152846 0.28441189
 0.63681992 0.70028571 0.48828924 0.60828292]
---------------------------
---------------------------
GBM performance:
[[ 0.52345473  0.759375    0.77142857  0.73696964  0.75797645  0.32366687
   0.63078704  0.81428571  0.44180135  0.63334585]
 [ 0.50208453  0.74177632  0.75714286  0.7144316   0.73905002  0.43367474
   0.70011655  0.75428571  0.65391134  0.70548663]
 [ 0.51310656  0.74354167  0.77428571  0.7034472   0.74419999  0.40349993
   0.69789087  0.70857143  0.66608616  0.69003882]
 [ 0.37237505  0.68160367  0.69714286  0.64877415  0.67433406  0.
   0.5         0.71428571  0.          0.41666667]
 [ 0.51173796  0.74230769  0.78571429  0.71367452  0.75064281  0.45200845
   0.72456355  0.72857143  0.70091674  0.71857824]
 [ 0.51055919  0.7536109   0.75142857  0.74719585  0.74929081  0.61940061
   0.80752494  0.81142857  0.79843529  0.80680274]
 [ 0.39484319  0.68333333  0.73142857  0.63304048  0.68355735  0.41176318
   0.70604575  0.70571429  0.69989697  0.70336758]
 [ 0.79060499  0.88230402  0.91142857  0.87537651  0.89446652  0.55072905
   0.76951382  0.79142857  0.75766933  0.77320584]
 [ 0.25996327  0.60621212  0.74857143  0.4179226   0.59182023  0.02590534
   0.5032197   0.68        0.09824114  0.42460656]
 [ 0.46744076  0.7248366   0.72571429  0.72727558  0.72323516  0.44775027
   0.7161324   0.72857143  0.70086844  0.71380715]
 [ 0.16273568  0.57049617  0.64285714  0.45215344  0.54227309  0.50670686
   0.74297619  0.77428571  0.71339682  0.74501636]
 [ 0.62161585  0.79442224  0.82571429  0.77736036  0.8038157   0.52788127
   0.76091409  0.78571429  0.747852    0.76496568]
 [ 0.37508288  0.6875      0.71142857  0.66039674  0.67861384  0.24326586
   0.6175      0.65142857  0.56348056  0.60798837]
 [ 0.16370895  0.56788918  0.68857143  0.37713018  0.53390494  0.47191295
   0.73129945  0.74285714  0.70268298  0.72563205]
 [ 0.03703606  0.51600791  0.67428571  0.12726769  0.44439953  0.16572247
   0.56981352  0.68        0.32968888  0.51813907]
 [ 0.12439267  0.55785714  0.64        0.30848761  0.49256016  0.40019155
   0.67826087  0.76571429  0.59212885  0.68084325]
 [ 0.69203605  0.83571429  0.85142857  0.82797752  0.84139153  0.43880337
   0.7052381   0.74857143  0.65439442  0.70398973]
 [ 0.0848927   0.52833333  0.85714286  0.13026755  0.50879502  0.46891388
   0.725       0.75714286  0.70197713  0.72929   ]
 [ 0.33893639  0.65025     0.76571429  0.52592846  0.64596107  0.45448767
   0.71734649  0.73428571  0.69747049  0.71855773]
 [ 0.26183388  0.61558794  0.72        0.47583895  0.59955637  0.28191362
   0.6266545   0.70571429  0.53813826  0.61985737]
 [-0.00535117  0.49814815  0.76857143  0.          0.43455843  0.14159127
   0.56797386  0.56857143  0.57183411  0.56451139]
 [ 0.37886324  0.6874183   0.68571429  0.6733406   0.67992321  0.3044863
   0.63480034  0.72571429  0.54007616  0.62974952]
 [ 0.29248497  0.64107143  0.69142857  0.56298592  0.62821181  0.05330087
   0.51918803  0.74        0.12991222  0.4624631 ]
 [ 0.22258226  0.61044032  0.61714286  0.58244699  0.59883951  0.42310224
   0.71178728  0.72285714  0.70082344  0.7113    ]
 [ 0.39045738  0.68150219  0.71428571  0.63140149  0.67272683  0.59341089
   0.79640523  0.79714286  0.79152592  0.7949872 ]
 [ 0.38020639  0.68520489  0.7         0.65665807  0.68037903  0.45787763
   0.72533991  0.73714286  0.7128202   0.72523717]
 [ 0.42762048  0.68640152  0.79714286  0.59735944  0.69383814  0.58334103
   0.79493464  0.79428571  0.7889626   0.79349551]
 [ 0.13536498  0.55970786  0.67428571  0.36423926  0.52001789  0.45296919
   0.71452381  0.75428571  0.66717144  0.7150004 ]
 [ 0.27329266  0.62345987  0.7         0.4979131   0.60605978  0.33341077
   0.66610746  0.67142857  0.6547546   0.66273132]
 [ 0.52804514  0.75549451  0.78571429  0.73644284  0.75923265  0.42070701
   0.69039855  0.76857143  0.6306922   0.69790107]]
GBM mean:
[0.35773359 0.66906029 0.73885714 0.56279014 0.65578773 0.3797465
 0.6817419  0.73542857 0.59825367 0.67191875]
---------------------------
---------------------------
BDDAE performance:
[[-0.06745733  0.4671875   0.48285714  0.4255367   0.45414406  0.01564617
   0.50527192  0.75        0.10519161  0.45308195]
 [ 0.34594888  0.67450658  0.67285714  0.66755235  0.66935222  0.49702203
   0.74293712  0.76714286  0.73018323  0.74598263]
 [ 0.01954102  0.50875     0.55        0.41284146  0.48026227  0.12625686
   0.56228501  0.57        0.54089066  0.55522094]
 [ 0.05292376  0.52590461  0.54285714  0.47643754  0.50936204  0.12272729
   0.5485      0.72142857  0.3397662   0.52435062]
 [ 0.42590206  0.70535714  0.73428571  0.68102914  0.70704517  0.40007147
   0.7000817   0.7         0.69546199  0.69797772]
 [ 0.53199731  0.76625817  0.76571429  0.75887492  0.76281581  0.00184191
   0.50077805  0.50428571  0.47493406  0.48952179]
 [ 0.03806629  0.51904762  0.55857143  0.45206555  0.50205309  0.04881222
   0.52401961  0.52857143  0.46678572  0.49827573]
 [ 0.48036773  0.7146161   0.79714286  0.6685162   0.73190928 -0.03463774
   0.48452381  0.55428571  0.30682875  0.43530301]
 [ 0.57018907  0.75198864  0.83714286  0.71298958  0.77851076  0.44501957
   0.68636364  0.80285714  0.60382814  0.7043626 ]
 [ 0.08679218  0.54330065  0.54428571  0.53683633  0.54052952  0.20976955
   0.60402961  0.61        0.59631291  0.6025839 ]
 [ 0.18352487  0.58432386  0.64        0.52464026  0.57755318  0.2383302
   0.61240538  0.65        0.55342837  0.60021222]
 [ 0.04502287  0.51998277  0.59142857  0.40907784  0.4963488   0.35653635
   0.68380706  0.68857143  0.67833915  0.6758311 ]
 [-0.00161988  0.49978974  0.53285714  0.44345164  0.48585821  0.37513268
   0.68958333  0.69        0.68647335  0.68551213]
 [ 0.16142395  0.57146739  0.65285714  0.50484968  0.5691192   0.23774681
   0.61863227  0.62142857  0.60832041  0.61460964]
 [-0.01390643  0.49440333  0.63857143  0.20841783  0.44097439  0.24738882
   0.62036713  0.66714286  0.5777319   0.61525736]
 [ 0.08041162  0.53571429  0.59857143  0.42223648  0.50840365  0.20193593
   0.58288043  0.70714286  0.41295374  0.55367403]
 [ 0.56693505  0.79226241  0.78857143  0.77262602  0.77576322  0.25566564
   0.61614802  0.66857143  0.52979574  0.59931769]
 [ 0.21108686  0.58875193  0.84285714  0.37347612  0.58878028  0.00335991
   0.50178571  0.59        0.1713794   0.41433477]
 [ 0.16643339  0.57380952  0.68714286  0.48927049  0.57277966  0.31253641
   0.65467328  0.66571429  0.63930046  0.65179637]
 [ 0.21632612  0.59329325  0.70428571  0.48487512  0.58608826  0.02362559
   0.51215035  0.61714286  0.21671457  0.43950122]
 [ 0.00717073  0.50300926  0.75571429  0.10306442  0.45839856  0.24571429
   0.62285714  0.62285714  0.62026382  0.62163982]
 [ 0.02        0.51        0.51        0.50499874  0.50750829  0.04229772
   0.51777778  0.63142857  0.31223274  0.46973034]
 [-0.03824773  0.48158116  0.52571429  0.38533611  0.45512623  0.44219899
   0.70423117  0.8         0.66549153  0.71711083]
 [ 0.08091532  0.54004914  0.54285714  0.53358532  0.53789363  0.32459782
   0.66110197  0.66714286  0.65608282  0.66114297]
 [ 0.04899313  0.52402812  0.55        0.45720302  0.5028523   0.16285714
   0.58142857  0.58142857  0.57779925  0.57966158]
 [ 0.19311259  0.59432566  0.60857143  0.5633629   0.58573552  0.2219875
   0.60963606  0.62142857  0.58623015  0.60266776]
 [ 0.47287685  0.72291667  0.78714286  0.69923149  0.73405602  0.58857143
   0.79428571  0.79428571  0.77943004  0.78888551]
 [-0.01279769  0.49555556  0.58571429  0.33064629  0.46199668  0.4110295
   0.70059524  0.72428571  0.68651612  0.70288108]
 [ 0.15572782  0.57491259  0.62285714  0.53624668  0.57198613  0.48732797
   0.73953681  0.75142857  0.72895466  0.74092743]
 [ 0.29392411  0.63919035  0.68285714  0.60338338  0.63921886  0.05946881
   0.52346014  0.66571429  0.24102818  0.45821578]]
BDDAE mean:
[0.17738615 0.58387613 0.64447619 0.50475532 0.57308084 0.23569463
 0.6135378  0.66447619 0.52628832 0.59665235]
---------------------------
---------------------------
DUMMY performance:
[[0.         0.5        0.54285714 0.         0.35185185 0.
  0.5        0.75142857 0.         0.42900582]
 [0.         0.5        0.54285714 0.         0.35185185 0.
  0.5        0.61428571 0.         0.38048246]
 [0.         0.5        0.56857143 0.         0.36245791 0.
  0.5        0.52857143 0.         0.34573725]
 [0.         0.5        0.54       0.         0.35062893 0.
  0.5        0.71428571 0.         0.41666667]
 [0.         0.5        0.60571429 0.         0.37719298 0.
  0.5        0.51714286 0.         0.34084556]
 [0.         0.5        0.51714286 0.         0.34084556 0.
  0.5        0.52571429 0.         0.34451433]
 [0.         0.5        0.6        0.         0.375      0.
  0.5        0.50857143 0.         0.33708273]
 [0.         0.5        0.67428571 0.         0.40268849 0.
  0.5        0.60571429 0.         0.37719298]
 [0.         0.5        0.68857143 0.         0.40776836 0.
  0.5        0.68571429 0.         0.40677966]
 [0.         0.5        0.51142857 0.         0.33835269 0.
  0.5        0.53714286 0.         0.34940601]
 [0.         0.5        0.61142857 0.         0.37938596 0.
  0.5        0.59142857 0.         0.37159091]
 [0.         0.5        0.61142857 0.         0.37938596 0.
  0.5        0.61142857 0.         0.37938596]
 [0.         0.5        0.58       0.         0.36704545 0.
  0.5        0.57142857 0.         0.36363636]
 [0.         0.5        0.65142857 0.         0.39443436 0.
  0.5        0.53142857 0.         0.34696017]
 [0.         0.5        0.67428571 0.         0.40268849 0.
  0.5        0.63142857 0.         0.38702359]
 [0.         0.5        0.59714286 0.         0.37386364 0.
  0.5        0.65714286 0.         0.39655172]
 [0.         0.5        0.58285714 0.         0.36818182 0.
  0.5        0.59142857 0.         0.37159091]
 [0.         0.5        0.84857143 0.         0.45901442 0.
  0.5        0.6        0.         0.375     ]
 [0.         0.5        0.69428571 0.         0.40974576 0.
  0.5        0.55142857 0.         0.35538721]
 [0.         0.5        0.66571429 0.         0.39962011 0.
  0.5        0.63142857 0.         0.38702359]
 [0.         0.5        0.77142857 0.         0.43548387 0.
  0.5        0.50285714 0.         0.33454282]
 [0.         0.5        0.50571429 0.         0.33581277 0.
  0.5        0.64857143 0.         0.39337568]
 [0.         0.5        0.58571429 0.         0.36931818 0.
  0.5        0.73142857 0.         0.42240437]
 [0.         0.5        0.52571429 0.         0.34451433 0.
  0.5        0.54857143 0.         0.35420875]
 [0.         0.5        0.56285714 0.         0.36010101 0.
  0.5        0.48571429 0.         0.32692308]
 [0.         0.5        0.54       0.         0.35062893 0.
  0.5        0.55428571 0.         0.35656566]
 [0.         0.5        0.68857143 0.         0.40776836 0.
  0.5        0.50285714 0.         0.33454282]
 [0.         0.5        0.64       0.         0.39019964 0.
  0.5        0.59714286 0.         0.37386364]
 [0.         0.5        0.62285714 0.         0.38377193 0.
  0.5        0.55142857 0.         0.35538721]
 [0.         0.5        0.61428571 0.         0.38048246 0.
  0.5        0.65714286 0.         0.39655172]]
DUMMY mean:
[0.         0.5        0.61219048 0.         0.3783362  0.
 0.5        0.5912381  0.         0.37034099]
---------------------------
Current folder: C:\Users\mbamo\Dropbox\c_sldl_1_2_25
-------------------------------------
----- RESULTS from .csv files ------
-------------------------------------
---------------------------
ALG Means: 
-rows: alg : KNN = 0; DT = 1; RF = 2; SVM = 3; GBM = 4; BDDAE = 5; DUMMY = 5
columns:
'val_cohen','val_uar', 'val_acc', 'val_gm',  'val_f1',  'aro_cohen','aro_uar', 'aro_acc', 'aro_gm',  'aro_f1'
-------------------------------------------------------------
  v_c   v_u   v_a   v_g   v_f1  a_c   a_u   a_a   a_g   a_f1
[[0.412 0.702 0.739 0.676 0.703 0.444 0.719 0.744 0.701 0.719]
 [0.391 0.695 0.719 0.684 0.692 0.43  0.713 0.727 0.701 0.71 ]
 [0.449 0.718 0.749 0.698 0.719 0.477 0.735 0.757 0.722 0.735]
 [0.241 0.616 0.699 0.399 0.572 0.284 0.637 0.7   0.488 0.608]
 [0.358 0.669 0.739 0.563 0.656 0.38  0.682 0.735 0.598 0.672]
 [0.177 0.584 0.644 0.505 0.573 0.236 0.614 0.664 0.526 0.597]
 [0.    0.5   0.612 0.    0.378 0.    0.5   0.591 0.    0.37 ]]
-------------------------------------------------------------
Standard Deviation of each metric:
[[0.171 0.086 0.075 0.117 0.087 0.134 0.068 0.061 0.082 0.069]
 [0.175 0.085 0.078 0.095 0.086 0.137 0.067 0.067 0.076 0.068]
 [0.177 0.081 0.072 0.103 0.081 0.134 0.074 0.067 0.083 0.075]
 [0.231 0.113 0.085 0.312 0.155 0.182 0.091 0.058 0.271 0.126]
 [0.189 0.094 0.067 0.21  0.112 0.162 0.082 0.051 0.201 0.102]
 [0.192 0.092 0.103 0.149 0.103 0.169 0.083 0.078 0.179 0.103]
 [0.    0.    0.077 0.    0.029 0.    0.    0.07  0.    0.027]]
-------------------------------------------------------------
std_dev/mean [percentage]:
[[ 42.  12.  10.  17.  12.  30.   9.   8.  12.  10.]
 [ 45.  12.  11.  14.  12.  32.   9.   9.  11.  10.]
 [ 39.  11.  10.  15.  11.  28.  10.   9.  11.  10.]
 [ 96.  18.  12.  78.  27.  64.  14.   8.  55.  21.]
 [ 53.  14.   9.  37.  17.  43.  12.   7.  34.  15.]
 [108.  16.  16.  30.  18.  72.  14.  12.  34.  17.]
 [  0.   0.  13.   0.   8.   0.   0.  12.   0.   7.]]
