2024-03-10 00:09:16.571097: I tensorflow/stream_executor/cuda/cuda_gpu_executor.cc:975] successful NUMA node read from SysFS had negative value (-1), but there must be at least one NUMA node, so returning NUMA node zero
2024-03-10 00:09:16.621982: I tensorflow/stream_executor/cuda/cuda_gpu_executor.cc:975] successful NUMA node read from SysFS had negative value (-1), but there must be at least one NUMA node, so returning NUMA node zero
2024-03-10 00:09:16.622194: I tensorflow/stream_executor/cuda/cuda_gpu_executor.cc:975] successful NUMA node read from SysFS had negative value (-1), but there must be at least one NUMA node, so returning NUMA node zero
2024-03-10 00:09:16.622540: I tensorflow/core/platform/cpu_feature_guard.cc:193] This TensorFlow binary is optimized with oneAPI Deep Neural Network Library (oneDNN) to use the following CPU instructions in performance-critical operations:  AVX2 FMA
To enable them in other operations, rebuild TensorFlow with the appropriate compiler flags.
2024-03-10 00:09:16.623192: I tensorflow/stream_executor/cuda/cuda_gpu_executor.cc:975] successful NUMA node read from SysFS had negative value (-1), but there must be at least one NUMA node, so returning NUMA node zero
2024-03-10 00:09:16.623386: I tensorflow/stream_executor/cuda/cuda_gpu_executor.cc:975] successful NUMA node read from SysFS had negative value (-1), but there must be at least one NUMA node, so returning NUMA node zero
2024-03-10 00:09:16.623562: I tensorflow/stream_executor/cuda/cuda_gpu_executor.cc:975] successful NUMA node read from SysFS had negative value (-1), but there must be at least one NUMA node, so returning NUMA node zero
2024-03-10 00:09:17.034014: I tensorflow/stream_executor/cuda/cuda_gpu_executor.cc:975] successful NUMA node read from SysFS had negative value (-1), but there must be at least one NUMA node, so returning NUMA node zero
2024-03-10 00:09:17.034232: I tensorflow/stream_executor/cuda/cuda_gpu_executor.cc:975] successful NUMA node read from SysFS had negative value (-1), but there must be at least one NUMA node, so returning NUMA node zero
2024-03-10 00:09:17.034402: I tensorflow/stream_executor/cuda/cuda_gpu_executor.cc:975] successful NUMA node read from SysFS had negative value (-1), but there must be at least one NUMA node, so returning NUMA node zero
2024-03-10 00:09:17.034537: I tensorflow/core/common_runtime/gpu/gpu_device.cc:1532] Created device /job:localhost/replica:0/task:0/device:GPU:0 with 5985 MB memory:  -> device: 0, name: NVIDIA GeForce RTX 3070 Ti, pci bus id: 0000:2b:00.0, compute capability: 8.6
    
    
-------------------------------
participant:  1
-------------------------------
    
    
participant:  1
Window size (sec):  8.0
step (sec):  4.0
overlap:  True
perc. of overlap:  50.0
Nearest multiple of 16 to 8000 is: 8000
Nearest multiple of 16 to 4000 is: 4000
['gsr_chunks', 'ppg_chunks', 'val_chunks', 'aro_chunks', 'time_chunks', 'tag_chunks', 'video']
/home/marcos/Dropbox (Maestral)/c_sldl_3_1_3/functions.py:880: FutureWarning: ChainedAssignmentError: behaviour will change in pandas 3.0!
] = combined_df_copy[labels[label]].iloc[index].apply(map_labels_bipartite, args=(number_thresholds, threshold, L, H))
----- Extracting features...
Class Imbalance test (arousal)....
Multiclass distribution
Class=1, n=201 (65.686%)
Class=0, n=105 (34.314%)
Class Imbalance test (valence)....
Multiclass distribution
Class=0, n=117 (38.235%)
Class=1, n=189 (61.765%)
------------- Evaluating model --------------
------------- Evaluating model --------------
------------- Evaluating model --------------
------------- Evaluating model --------------
------------- Evaluating model --------------
arousal and valece = ok
------------- Evaluating model --------------
-------------------------------------
-------------------------------------
participant:  30
-------------------------------------
----- RESULTS ------
-------------------------------------
Window size (sec):  8.0
step (sec):  4.0
overlap:  True
perc. of overlap:  50.0
Number of windows / instances:  306
-rows: alg : KNN = 0; DT = 1; RF = 2; SVM = 3; GBM = 4; BDDAE = 5; DUMMY = 5
columns:
'val_cohen','val_uar', 'val_acc', 'val_gm',  'val_f1',  'aro_cohen','aro_uar', 'aro_acc', 'aro_gm',  'aro_f1'
-------------------------------------------------------------
  v_c   v_u   v_a   v_g   v_f1  a_c   a_u   a_a   a_g   a_f1
[[0.357 0.673 0.706 0.647 0.672 0.469 0.738 0.756 0.73  0.732]
 [0.468 0.731 0.745 0.725 0.73  0.454 0.744 0.771 0.701 0.74 ]
 [0.387 0.695 0.723 0.697 0.699 0.434 0.721 0.752 0.732 0.718]
 [0.    0.5   0.618 0.    0.382 0.    0.5   0.657 0.    0.396]
 [0.215 0.591 0.676 0.448 0.56  0.05  0.52  0.667 0.119 0.438]
 [0.    0.    0.    0.    0.    0.    0.    0.    0.    0.   ]
 [0.    0.5   0.618 0.    0.382 0.    0.5   0.657 0.    0.396]]
participant performance loaded
    
    
-------------------------------
LAST participant's saved data: 
30
-------------------------------
    
    
---------------------------
KNN performance:
[[0.36338096 0.6824802  0.68344086 0.67433675 0.67812864 0.47413416
  0.72167443 0.82376344 0.68093657 0.73380391]
 [0.28690319 0.64519433 0.64344086 0.64154613 0.64139746 0.4144157
  0.70510367 0.7283871  0.69277633 0.70541743]
 [0.38922555 0.69088738 0.70967742 0.66983717 0.68850691 0.48437729
  0.74294643 0.74182796 0.73652083 0.73941748]
 [0.33499283 0.66557248 0.6727957  0.65808931 0.6655609  0.1844923
  0.58369408 0.71526882 0.43622235 0.57695892]
 [0.49590233 0.73479532 0.77451613 0.70574956 0.74107544 0.38991762
  0.69422619 0.69634409 0.67979739 0.68871856]
 [0.36853708 0.68321429 0.68645161 0.67234656 0.67995586 0.51085713
  0.75522059 0.75752688 0.7512374  0.7542453 ]
 [0.36178757 0.67198605 0.70903226 0.63917382 0.67316125 0.11505775
  0.5575     0.55913978 0.54505538 0.55206491]
 [0.53270617 0.75857143 0.80677419 0.73733293 0.7632317  0.29202272
  0.64451754 0.66956989 0.62477962 0.64183807]
 [0.36910984 0.67621212 0.74548387 0.64229091 0.68009991 0.35800305
  0.66849206 0.74494624 0.60173143 0.67402836]
 [0.37713208 0.68839286 0.68967742 0.68151492 0.68591374 0.23131402
  0.61617647 0.61731183 0.61390916 0.61461235]
 [0.07543747 0.5369152  0.57204301 0.50228182 0.53222246 0.44223693
  0.71079622 0.74526882 0.68085885 0.71340932]
 [0.64252287 0.82123206 0.82967742 0.81720356 0.8200206  0.31642084
  0.65930356 0.67666667 0.64839072 0.65637544]
 [0.19896615 0.59945953 0.60763441 0.59454901 0.5987455  0.27289158
  0.63675034 0.64322581 0.62957058 0.63400446]
 [0.19422027 0.59454545 0.66053763 0.5351075  0.58816503 0.21130824
  0.60629727 0.60763441 0.59638362 0.60219408]
 [0.26422582 0.61876984 0.72903226 0.49276448 0.60910972 0.18391737
  0.59191786 0.62419355 0.56901014 0.58924663]
 [0.44189477 0.71514283 0.73870968 0.69749852 0.71695767 0.39070656
  0.69084416 0.7455914  0.65132554 0.68791731]
 [0.5534607  0.77587984 0.78139785 0.7728185  0.77556634 0.33884653
  0.66689159 0.68989247 0.64460493 0.66432421]
 [0.17191184 0.57153846 0.85956989 0.27966232 0.56880756 0.44899947
  0.7272211  0.73215054 0.72278431 0.72291518]
 [0.31110281 0.64408369 0.7316129  0.59094753 0.64774081 0.4566602
  0.72661401 0.73258065 0.72183778 0.72704604]
 [0.37713003 0.67721861 0.74494624 0.63830732 0.68270427 0.18838451
  0.58849681 0.64311828 0.54406708 0.58664649]
 [0.13965499 0.55603002 0.7483871  0.39330226 0.55496822 0.11793145
  0.55916667 0.55860215 0.54864576 0.55358553]
 [0.1767689  0.58875    0.58827957 0.58320872 0.58582133 0.32235154
  0.65613636 0.70537634 0.63071452 0.65841164]
 [0.02592816 0.51277024 0.53193548 0.48609561 0.5069608  0.12194714
  0.55322519 0.70193548 0.41736275 0.54937248]
 [0.29161819 0.64558824 0.64741935 0.64121316 0.64406536 0.38172655
  0.68744748 0.69935484 0.6745008  0.68738593]
 [0.43779956 0.71869748 0.72268817 0.71445913 0.71757412 0.53592549
  0.76833333 0.76784946 0.76668578 0.76730536]
 [0.15342767 0.57575105 0.58505376 0.55862274 0.57137755 0.25974592
  0.6310655  0.63397849 0.62373659 0.62679232]
 [0.48611865 0.72854978 0.79408602 0.70424577 0.74068773 0.48861319
  0.74416667 0.74462366 0.73905045 0.74231127]
 [0.24158778 0.61301834 0.66021505 0.58445619 0.61728557 0.46881137
  0.73189946 0.74763441 0.72382059 0.7329176 ]
 [0.27413094 0.63175837 0.67096774 0.60801671 0.63384686 0.31987002
  0.65816702 0.6672043  0.64086245 0.65391459]
 [0.3569975  0.67269405 0.70612903 0.64669788 0.67225576 0.46889449
  0.73764069 0.7555914  0.72951519 0.73182983]]
KNN mean:
[0.32315275 0.65652332 0.70105376 0.61878923 0.65606384 0.3396927
 0.66739776 0.6958853  0.64222316 0.6656337 ]
---------------------------
---------------------------
DT performance:
[[ 0.45299796  0.73202973  0.73268817  0.71790852  0.72908843  0.54933088
   0.80283385  0.85634409  0.78158995  0.80229421]
 [ 0.31722727  0.65273109  0.66010753  0.62662665  0.64519204  0.38939224
   0.69640484  0.71494624  0.68199457  0.69534543]
 [ 0.3330588   0.6669369   0.67967742  0.63808344  0.66770197  0.42666079
   0.73020833  0.72913978  0.7155167   0.72580875]
 [ 0.24479313  0.61042542  0.61333333  0.60112022  0.60969642  0.06128734
   0.5789412   0.65365591  0.49489948  0.5724859 ]
 [ 0.36375209  0.68128655  0.70290323  0.67547916  0.68145558  0.35324619
   0.66345238  0.66344086  0.67630866  0.65925002]
 [ 0.42200137  0.71654762  0.7188172   0.71766529  0.71551569  0.42726107
   0.70798845  0.70870968  0.71640814  0.70646528]
 [ 0.2946643   0.64736842  0.66655914  0.62295364  0.64719586  0.09976432
   0.54708333  0.54623656  0.53990927  0.54105769]
 [ 0.49663372  0.73805556  0.76784946  0.74239904  0.73436055  0.51525121
   0.78238304  0.79053763  0.77257768  0.77925158]
 [ 0.18123374  0.602114    0.67322581  0.55289117  0.59947108  0.27739372
   0.62079365  0.67311828  0.6163948   0.61812057]
 [ 0.34521417  0.69294643  0.6927957   0.70952475  0.68991535  0.31380926
   0.64758403  0.65032258  0.6532579   0.64395467]
 [ 0.1429465   0.58304094  0.60129032  0.54823642  0.57894931  0.35182342
   0.66603126  0.67655914  0.6749513   0.66275595]
 [ 0.55093906  0.76757709  0.77483871  0.76415159  0.76312976  0.32606518
   0.68199096  0.69623656  0.66093288  0.67781022]
 [ 0.15471383  0.58104216  0.5883871   0.58833166  0.5787666   0.20957026
   0.59473713  0.60387097  0.61082352  0.59397914]
 [ 0.14807362  0.58840909  0.62075269  0.5785      0.58578234  0.22590192
   0.62685399  0.62795699  0.61023689  0.6223139 ]
 [ 0.25364827  0.62559524  0.67677419  0.60795415  0.62541218  0.26743169
   0.632189    0.64645161  0.63264564  0.62764928]
 [ 0.41241013  0.71703779  0.72526882  0.67458045  0.7148498   0.32697361
   0.68588745  0.70956989  0.67518118  0.67627946]
 [ 0.60888603  0.81338612  0.81978495  0.80257034  0.81310133  0.48051583
   0.74128992  0.75182796  0.72429384  0.73968027]
 [ 0.26955632  0.62754274  0.80086022  0.57649814  0.61664296  0.46926436
   0.74784076  0.76139785  0.71751084  0.74753428]
 [ 0.27583207  0.63504329  0.69569892  0.58354311  0.62912158  0.3828082
   0.69744061  0.70311828  0.69233643  0.69550306]
 [ 0.20627267  0.59286797  0.63354839  0.5933555   0.58945146  0.26705329
   0.62995614  0.66258065  0.60684325  0.62956848]
 [ 0.14465451  0.57546584  0.68311828  0.47826355  0.57224688 -0.0392922
   0.49958333  0.49956989  0.44899212  0.49375261]
 [ 0.18268554  0.588125    0.58784946  0.58725451  0.5837969   0.24669201
   0.63204545  0.66032258  0.62062758  0.62782791]
 [ 0.13835631  0.55443062  0.5616129   0.55379315  0.549334    0.13228789
   0.58116217  0.68021505  0.52976191  0.58046377]
 [ 0.32700111  0.65739146  0.65752688  0.63879719  0.65467266  0.38012242
   0.69517817  0.70204301  0.70277144  0.69488265]
 [ 0.39838463  0.68080155  0.68591398  0.68792331  0.67897764  0.48994284
   0.74583333  0.74451613  0.72703915  0.74320667]
 [ 0.23188422  0.62692752  0.6311828   0.63727127  0.62532266  0.26008413
   0.6322901   0.64043011  0.61718791  0.62898404]
 [ 0.39359969  0.67834776  0.70516129  0.68574211  0.66957264  0.44320296
   0.708125    0.70860215  0.70750744  0.70673535]
 [ 0.15881823  0.55922249  0.59795699  0.53729663  0.55098007  0.3986571
   0.69926901  0.70580645  0.67606574  0.69545152]
 [ 0.16210528  0.5948445   0.62129032  0.58609992  0.59505013  0.25438882
   0.62935924  0.63021505  0.63594512  0.62258952]
 [ 0.46825101  0.73112706  0.74526882  0.72538594  0.73049864  0.45445163
   0.74377706  0.77096774  0.70091206  0.73954228]]
DT mean:
[0.30268652 0.65062226 0.67740143 0.63467336 0.64750842 0.32471141
 0.66828377 0.68562366 0.65404745 0.66501815]
---------------------------
---------------------------
RF performance:
[[0.40044555 0.75117566 0.75473118 0.70011195 0.75090235 0.43410104
  0.72220497 0.81021505 0.68021244 0.73148275]
 [0.317031   0.65730042 0.65967742 0.64231321 0.65513264 0.39627777
  0.69195242 0.7216129  0.65898957 0.69001303]
 [0.35293969 0.6640083  0.67333333 0.63920151 0.66070014 0.39932287
  0.73446429 0.73193548 0.73191671 0.72914727]
 [0.30365371 0.63676471 0.63978495 0.67102715 0.63451324 0.08404139
  0.60227273 0.69548387 0.46211226 0.59865845]
 [0.39526671 0.72916667 0.75193548 0.73352336 0.73137433 0.30806353
  0.69235119 0.6927957  0.68781554 0.69075717]
 [0.37558801 0.72428571 0.72548387 0.70922213 0.72322397 0.50136541
  0.73403536 0.73827957 0.75573923 0.73161833]
 [0.30167218 0.66316914 0.68946237 0.64095411 0.66328176 0.17087305
  0.56458333 0.56505376 0.56849199 0.56327206]
 [0.51049221 0.73861111 0.7911828  0.71705903 0.74713676 0.44522538
  0.74707602 0.76053763 0.74701905 0.74665586]
 [0.28603647 0.64419192 0.72193548 0.62878858 0.64606839 0.41385473
  0.63365079 0.71204301 0.62809851 0.6300002 ]
 [0.40815316 0.71190476 0.71247312 0.70279545 0.70873509 0.34763497
  0.646875   0.65064516 0.64026388 0.64343855]
 [0.19947976 0.52426901 0.56215054 0.48564642 0.51698161 0.42728398
  0.72328498 0.74806452 0.66475105 0.72520875]
 [0.58643902 0.81276582 0.8172043  0.82246136 0.8079438  0.46466366
  0.69409888 0.71548387 0.7426651  0.6943463 ]
 [0.09810978 0.55547655 0.57258065 0.56813954 0.54925364 0.278465
  0.61713532 0.62688172 0.60620606 0.61382624]
 [0.23086131 0.60613636 0.66075269 0.5751765  0.60527564 0.08181729
  0.57421043 0.5755914  0.59709336 0.57352479]
 [0.27306614 0.6240873  0.68032258 0.58127909 0.62110853 0.24688134
  0.59482855 0.63494624 0.58999483 0.59389825]
 [0.44718754 0.69071637 0.70946237 0.69391478 0.68986097 0.45174627
  0.64825758 0.70311828 0.66075917 0.64812524]
 [0.59539522 0.81381347 0.81698925 0.84021714 0.81205166 0.43877275
  0.76037449 0.77096774 0.71767339 0.75873158]
 [0.15974194 0.53997151 0.81032258 0.49163583 0.52855476 0.44100426
  0.70785538 0.71860215 0.67732419 0.70669779]
 [0.19961839 0.64458874 0.70569892 0.59158661 0.64826489 0.49702144
  0.73216306 0.73989247 0.72229141 0.73229661]
 [0.26518412 0.61965368 0.68655914 0.60694082 0.62265374 0.27648146
  0.63961722 0.66623656 0.59573902 0.63681975]
 [0.09988795 0.53090062 0.70623656 0.35878539 0.52429311 0.10167876
  0.53104167 0.53215054 0.54546427 0.52727896]
 [0.18371389 0.58145833 0.58150538 0.55264763 0.57876028 0.3536405
  0.66022727 0.69569892 0.62490996 0.6608726 ]
 [0.10455474 0.54970463 0.57172043 0.51950484 0.54695096 0.08700602
  0.48837835 0.63634409 0.49183699 0.47988654]
 [0.36945744 0.65849615 0.65731183 0.63025299 0.65496534 0.43760552
  0.6907765  0.69236559 0.65137148 0.68835847]
 [0.31318112 0.68715255 0.69258065 0.64709493 0.68586163 0.54269293
  0.73875    0.73795699 0.78445693 0.73575921]
 [0.19039392 0.61256478 0.61053763 0.6115397  0.60663186 0.34322294
  0.67588163 0.67688172 0.67286919 0.67007104]
 [0.3237498  0.69630592 0.76451613 0.66523156 0.70379803 0.4307073
  0.720625   0.72150538 0.7180525  0.72012867]
 [0.2205724  0.58098884 0.62849462 0.53745755 0.58172028 0.45008291
  0.73818601 0.7483871  0.70287085 0.73732046]
 [0.24501607 0.67911085 0.70623656 0.60545825 0.68023379 0.39661817
  0.71646534 0.7188172  0.65497194 0.71330502]
 [0.38695566 0.69451754 0.7227957  0.69668535 0.69949526 0.43448297
  0.72093074 0.75172043 0.73156058 0.71819749]]
RF mean:
[0.30479483 0.65410858 0.69279928 0.62888843 0.65285762 0.35608785
 0.67141848 0.6963405  0.65711738 0.66965658]
---------------------------
---------------------------
SVM performance:
[[ 0.22258641  0.60492889  0.63763441  0.49806707  0.56850089  0.
   0.5         0.75505376  0.          0.43018423]
 [ 0.08571732  0.54112395  0.55505376  0.47336963  0.52264755  0.04647118
   0.51973684  0.62763441  0.154755    0.42671088]
 [ 0.41017704  0.69224485  0.73215054  0.64004175  0.68902643  0.43350019
   0.71794643  0.71591398  0.71085766  0.71394391]
 [ 0.35038714  0.66906513  0.68913978  0.61798713  0.655961    0.
   0.5         0.71247312  0.          0.41602493]
 [ 0.41633573  0.69239766  0.74870968  0.6265526   0.68844576  0.45925478
   0.72815476  0.73225806  0.70202016  0.71907489]
 [ 0.33427464  0.66565476  0.67064516  0.64697108  0.65967223  0.39188496
   0.69029762  0.70580645  0.62898115  0.67107789]
 [ 0.18456239  0.58023504  0.66322581  0.35257201  0.52291239  0.19705922
   0.59875     0.59817204  0.58721572  0.5927624 ]
 [ 0.50052198  0.71388889  0.81709677  0.64845141  0.73655295  0.22713077
   0.60299708  0.66655914  0.5200149   0.5900709 ]
 [ 0.          0.5         0.69290323  0.          0.40926321  0.
   0.5         0.68645161  0.          0.40701357]
 [ 0.24193969  0.61985119  0.62387097  0.59553776  0.61044686  0.24554124
   0.62092962  0.6344086   0.59024389  0.61236372]
 [ 0.          0.5         0.60774194  0.          0.378       0.35529615
   0.66152159  0.71913978  0.58749019  0.65539969]
 [ 0.71019279  0.86117092  0.85913978  0.8592469   0.85395528  0.19378562
   0.58299442  0.67333333  0.41157097  0.53979718]
 [ 0.          0.5         0.56860215  0.          0.36245296  0.05413967
   0.52433743  0.58827957  0.18246344  0.41792076]
 [ 0.          0.5         0.65376344  0.          0.39529412  0.01670581
   0.50758929  0.53602151  0.08017837  0.36698016]
 [ 0.          0.5         0.67978495  0.          0.40466063  0.
   0.5         0.62752688  0.          0.38553341]
 [ 0.          0.5         0.5916129   0.          0.37167347  0.12077067
   0.54841991  0.69311828  0.26882923  0.49603234]
 [ 0.6392712   0.81814354  0.82376344  0.81423401  0.81840671  0.05147744
   0.52204791  0.60817204  0.15439244  0.419121  ]
 [ 0.          0.5         0.85634409  0.          0.46127387  0.
   0.5         0.59806452  0.          0.37420408]
 [ 0.          0.5         0.68967742  0.          0.40813839  0.39604039
   0.69540845  0.70569892  0.68690832  0.69604631]
 [ 0.          0.5         0.66989247  0.          0.40113876  0.
   0.5         0.63397849  0.          0.38796479]
 [ 0.          0.5         0.76473118  0.          0.43331555  0.06777603
   0.53395833  0.52677419  0.38625852  0.47406605]
 [ 0.16430416  0.5825      0.58096774  0.55846332  0.56991341  0.
   0.5         0.65376344  0.          0.39529412]
 [ 0.          0.5         0.58172043  0.          0.36774859  0.
   0.5         0.73204301  0.          0.42262001]
 [-0.00640319  0.49708333  0.52602151  0.02581989  0.35022549  0.17543426
   0.58288421  0.6144086   0.48153295  0.54829768]
 [ 0.34003343  0.66485133  0.68602151  0.62865097  0.65822815  0.59476282
   0.79770833  0.79731183  0.79562046  0.79666374]
 [ 0.00778032  0.50357143  0.54236559  0.02672612  0.35767653  0.09644447
   0.54588271  0.58172043  0.42823756  0.51169932]
 [ 0.          0.5         0.68967742  0.          0.40813839  0.52851986
   0.76458333  0.76451613  0.75689243  0.76143231]
 [ 0.          0.5         0.63397849  0.          0.38796479  0.40373411
   0.68622919  0.73494624  0.63301399  0.68667024]
 [ 0.          0.5         0.62430108  0.          0.38431773  0.26147056
   0.62465861  0.65419355  0.50852932  0.58366435]
 [ 0.          0.5         0.61774194  0.          0.38182653  0.
   0.5         0.65698925  0.          0.39646305]]
SVM mean:
[0.15338937 0.57355703 0.66927599 0.26708972 0.50725929 0.17724001
 0.58523454 0.66449104 0.34186689 0.5298366 ]
---------------------------
---------------------------
GBM performance:
[[ 0.42918367  0.71992768  0.72591398  0.70422679  0.71948569  0.37134721
   0.64821429  0.82698925  0.49889554  0.66176091]
 [ 0.39879473  0.69897584  0.70247312  0.69368564  0.69764125  0.45279743
   0.71224083  0.76763441  0.65889327  0.71874471]
 [ 0.3095445   0.63870664  0.67967742  0.57096763  0.62621115  0.44132465
   0.71949405  0.72247312  0.699549    0.71283325]
 [ 0.39980817  0.69719013  0.71526882  0.65068863  0.68815635  0.01732283
   0.50625     0.71580645  0.03535534  0.4279656 ]
 [ 0.44715623  0.71074561  0.76182796  0.65821139  0.71323827  0.44357536
   0.72113095  0.72258065  0.71194058  0.71816192]
 [ 0.45130866  0.72479167  0.72817204  0.70559786  0.7194217   0.48076789
   0.73910364  0.7444086   0.72449035  0.73527042]
 [ 0.39305773  0.68254049  0.73182796  0.62782849  0.68082065  0.1802048
   0.58416667  0.58193548  0.55131434  0.56564191]
 [ 0.47129473  0.70492063  0.80430108  0.64844431  0.72072133  0.38334999
   0.67404971  0.73795699  0.58564975  0.66374793]
 [ 0.06174711  0.5241847   0.70268817  0.1530617   0.46285454  0.01993769
   0.50761905  0.68967742  0.06324555  0.42561017]
 [ 0.36345776  0.68133929  0.68268817  0.67244044  0.67821906  0.29915097
   0.64923845  0.65645161  0.62386775  0.64075273]
 [ 0.0464617   0.51827485  0.60107527  0.27571493  0.45963616  0.48781331
   0.7362798   0.77096774  0.70746517  0.74077945]
 [ 0.57817054  0.77566454  0.81408602  0.74610465  0.78174617  0.24451325
   0.59841839  0.68268817  0.4700226   0.56401507]
 [ 0.0699193   0.53178194  0.58451613  0.33724705  0.47028263  0.2307358
   0.60812504  0.64967742  0.50458798  0.57736823]
 [ 0.03747739  0.51863636  0.65688172  0.15334743  0.44425987  0.25173901
   0.62352416  0.63430108  0.57634585  0.60635102]
 [ 0.10386986  0.54079365  0.70268817  0.23074297  0.4878262   0.21999811
   0.59425837  0.67666667  0.46875161  0.57327006]
 [ 0.20876933  0.59644624  0.65688172  0.43627702  0.55648572  0.24836186
   0.60729437  0.71946237  0.48096595  0.59182113]
 [ 0.65374027  0.82871418  0.82989247  0.82107997  0.82587707  0.5462337
   0.77452767  0.78096774  0.76659912  0.77064509]
 [ 0.          0.49814815  0.85311828  0.05        0.46033619  0.42895726
   0.70333446  0.74849462  0.64976809  0.69922254]
 [ 0.08299841  0.53166667  0.70913978  0.17534212  0.46841985  0.48128549
   0.73903725  0.75204301  0.72695892  0.74112282]
 [ 0.13290664  0.55525974  0.69290323  0.32582654  0.51607889  0.19021048
   0.58118421  0.67612903  0.43233801  0.5583452 ]
 [ 0.          0.5         0.76473118  0.          0.43331555  0.0519628
   0.52625     0.52612903  0.51578784  0.51668202]
 [ 0.20313171  0.60166667  0.60139785  0.59186249  0.59476214  0.4058261
   0.68340909  0.76096774  0.60630982  0.69084347]
 [ 0.13627803  0.56179613  0.62086022  0.39386244  0.51448982 -0.00608365
   0.5         0.73204301  0.          0.42262001]
 [ 0.31781069  0.65835259  0.66086022  0.63629868  0.64509319  0.48073946
   0.7424794   0.74193548  0.74003117  0.73951195]
 [ 0.34793092  0.67592114  0.6955914   0.63724768  0.67071629  0.51038059
   0.755625    0.75462366  0.74750767  0.75180117]
 [ 0.24946028  0.62171043  0.63688172  0.57954524  0.6084668   0.26842091
   0.63133125  0.65021505  0.60397861  0.62606867]
 [ 0.16321564  0.56380952  0.72236559  0.37052953  0.53502031  0.50239704
   0.75166667  0.75096774  0.74274761  0.7476442 ]
 [ 0.04072781  0.51420654  0.64075269  0.12906983  0.42562909  0.42337586
   0.70247976  0.73473118  0.67477956  0.70494367]
 [ 0.2197271   0.59489633  0.68322581  0.45570691  0.57216746  0.34537569
   0.66846113  0.68301075  0.62592411  0.65566381]
 [ 0.2150783   0.5914673   0.67623656  0.44809652  0.55997927  0.04996914
   0.52        0.66677419  0.11877054  0.43806848]]
GBM mean:
[0.25110091 0.61875119 0.70129749 0.46263516 0.59124529 0.31506637
 0.65030645 0.70862366 0.54376139 0.63290925]
---------------------------
---------------------------
BDDAE performance:
[[0. 0. 0. 0. 0. 0. 0. 0. 0. 0.]
 [0. 0. 0. 0. 0. 0. 0. 0. 0. 0.]
 [0. 0. 0. 0. 0. 0. 0. 0. 0. 0.]
 [0. 0. 0. 0. 0. 0. 0. 0. 0. 0.]
 [0. 0. 0. 0. 0. 0. 0. 0. 0. 0.]
 [0. 0. 0. 0. 0. 0. 0. 0. 0. 0.]
 [0. 0. 0. 0. 0. 0. 0. 0. 0. 0.]
 [0. 0. 0. 0. 0. 0. 0. 0. 0. 0.]
 [0. 0. 0. 0. 0. 0. 0. 0. 0. 0.]
 [0. 0. 0. 0. 0. 0. 0. 0. 0. 0.]
 [0. 0. 0. 0. 0. 0. 0. 0. 0. 0.]
 [0. 0. 0. 0. 0. 0. 0. 0. 0. 0.]
 [0. 0. 0. 0. 0. 0. 0. 0. 0. 0.]
 [0. 0. 0. 0. 0. 0. 0. 0. 0. 0.]
 [0. 0. 0. 0. 0. 0. 0. 0. 0. 0.]
 [0. 0. 0. 0. 0. 0. 0. 0. 0. 0.]
 [0. 0. 0. 0. 0. 0. 0. 0. 0. 0.]
 [0. 0. 0. 0. 0. 0. 0. 0. 0. 0.]
 [0. 0. 0. 0. 0. 0. 0. 0. 0. 0.]
 [0. 0. 0. 0. 0. 0. 0. 0. 0. 0.]
 [0. 0. 0. 0. 0. 0. 0. 0. 0. 0.]
 [0. 0. 0. 0. 0. 0. 0. 0. 0. 0.]
 [0. 0. 0. 0. 0. 0. 0. 0. 0. 0.]
 [0. 0. 0. 0. 0. 0. 0. 0. 0. 0.]
 [0. 0. 0. 0. 0. 0. 0. 0. 0. 0.]
 [0. 0. 0. 0. 0. 0. 0. 0. 0. 0.]
 [0. 0. 0. 0. 0. 0. 0. 0. 0. 0.]
 [0. 0. 0. 0. 0. 0. 0. 0. 0. 0.]
 [0. 0. 0. 0. 0. 0. 0. 0. 0. 0.]
 [0. 0. 0. 0. 0. 0. 0. 0. 0. 0.]]
BDDAE mean:
[0. 0. 0. 0. 0. 0. 0. 0. 0. 0.]
---------------------------
---------------------------
DUMMY performance:
[[0.         0.5        0.54903226 0.         0.35440564 0.
  0.5        0.75505376 0.         0.43018423]
 [0.         0.5        0.54236559 0.         0.35163043 0.
  0.5        0.6144086  0.         0.38055102]
 [0.         0.5        0.5783871  0.         0.3664188  0.
  0.5        0.51634409 0.         0.3404872 ]
 [0.         0.5        0.54236559 0.         0.35163043 0.
  0.5        0.71247312 0.         0.41602493]
 [0.         0.5        0.60774194 0.         0.378      0.
  0.5        0.51301075 0.         0.33903793]
 [0.         0.5        0.51634409 0.         0.3404872  0.
  0.5        0.52946237 0.         0.34613398]
 [0.         0.5        0.60129032 0.         0.37546939 0.
  0.5        0.50322581 0.         0.33472094]
 [0.         0.5        0.67978495 0.         0.40466063 0.
  0.5        0.60774194 0.         0.378     ]
 [0.         0.5        0.69290323 0.         0.40926321 0.
  0.5        0.68645161 0.         0.40701357]
 [0.         0.5        0.51634409 0.         0.3404872  0.
  0.5        0.54236559 0.         0.35163043]
 [0.         0.5        0.60774194 0.         0.378      0.
  0.5        0.59806452 0.         0.37420408]
 [0.         0.5        0.6144086  0.         0.38055102 0.
  0.5        0.61107527 0.         0.37927551]
 [0.         0.5        0.56860215 0.         0.36245296 0.
  0.5        0.56860215 0.         0.36245296]
 [0.         0.5        0.65376344 0.         0.39529412 0.
  0.5        0.52946237 0.         0.34613398]
 [0.         0.5        0.67978495 0.         0.40466063 0.
  0.5        0.62752688 0.         0.38553341]
 [0.         0.5        0.5916129  0.         0.37167347 0.
  0.5        0.66344086 0.         0.3988009 ]
 [0.         0.5        0.5783871  0.         0.3664188  0.
  0.5        0.5916129  0.         0.37167347]
 [0.         0.5        0.85634409 0.         0.46127387 0.
  0.5        0.59806452 0.         0.37420408]
 [0.         0.5        0.68967742 0.         0.40813839 0.
  0.5        0.55236559 0.         0.35579325]
 [0.         0.5        0.66989247 0.         0.40113876 0.
  0.5        0.63397849 0.         0.38796479]
 [0.         0.5        0.76473118 0.         0.43331555 0.
  0.5        0.49032258 0.         0.32898551]
 [0.         0.5        0.50322581 0.         0.33472094 0.
  0.5        0.65376344 0.         0.39529412]
 [0.         0.5        0.58172043 0.         0.36774859 0.
  0.5        0.73204301 0.         0.42262001]
 [0.         0.5        0.52946237 0.         0.34613398 0.
  0.5        0.54903226 0.         0.35440564]
 [0.         0.5        0.55569892 0.         0.35718085 0.
  0.5        0.50322581 0.         0.33472094]
 [0.         0.5        0.53913978 0.         0.35025632 0.
  0.5        0.56215054 0.         0.35981691]
 [0.         0.5        0.68967742 0.         0.40813839 0.
  0.5        0.50322581 0.         0.33472094]
 [0.         0.5        0.63397849 0.         0.38796479 0.
  0.5        0.59806452 0.         0.37420408]
 [0.         0.5        0.62430108 0.         0.38431773 0.
  0.5        0.54236559 0.         0.35163043]
 [0.         0.5        0.61774194 0.         0.38182653 0.
  0.5        0.65698925 0.         0.39646305]]
DUMMY mean:
[0.         0.5        0.61254839 0.         0.37845529 0.
 0.5        0.59153047 0.         0.37042274]
---------------------------
Current folder: /home/marcos/Dropbox (Maestral)/c_sldl_3_1_3
-------------------------------------
----- RESULTS ------
-------------------------------------
Window size (sec):  8.0
step (sec):  4.0
overlap:  True
perc. of overlap:  50.0
Number of windows / instances:  306
---------------------------
ALG Means: 
-rows: alg : KNN = 0; DT = 1; RF = 2; SVM = 3; GBM = 4; BDDAE = 5; DUMMY = 5
columns:
'val_cohen','val_uar', 'val_acc', 'val_gm',  'val_f1',  'aro_cohen','aro_uar', 'aro_acc', 'aro_gm',  'aro_f1'
-------------------------------------------------------------
  v_c   v_u   v_a   v_g   v_f1  a_c   a_u   a_a   a_g   a_f1
[[0.323 0.657 0.701 0.619 0.656 0.34  0.667 0.696 0.642 0.666]
 [0.303 0.651 0.677 0.635 0.648 0.325 0.668 0.686 0.654 0.665]
 [0.305 0.654 0.693 0.629 0.653 0.356 0.671 0.696 0.657 0.67 ]
 [0.153 0.574 0.669 0.267 0.507 0.177 0.585 0.664 0.342 0.53 ]
 [0.251 0.619 0.701 0.463 0.591 0.315 0.65  0.709 0.544 0.633]
 [0.    0.    0.    0.    0.    0.    0.    0.    0.    0.   ]
 [0.    0.5   0.613 0.    0.378 0.    0.5   0.592 0.    0.37 ]]
Elapsed time: 1136.1508154074352 minutes
Elapsed time: 18.93584692345725 hours
