2024-03-13 16:18:39.133258: I tensorflow/core/util/port.cc:113] oneDNN custom operations are on. You may see slightly different numerical results due to floating-point round-off errors from different computation orders. To turn them off, set the environment variable `TF_ENABLE_ONEDNN_OPTS=0`.
2024-03-13 16:18:39.880930: I tensorflow/core/util/port.cc:113] oneDNN custom operations are on. You may see slightly different numerical results due to floating-point round-off errors from different computation orders. To turn them off, set the environment variable `TF_ENABLE_ONEDNN_OPTS=0`.
2024-03-13 16:18:41.334087: I tensorflow/core/platform/cpu_feature_guard.cc:210] This TensorFlow binary is optimized to use available CPU instructions in performance-critical operations.
To enable the following instructions: AVX2 FMA, in other operations, rebuild TensorFlow with the appropriate compiler flags.
---------------------------
KNN performance:
[[0.53591436 0.76672156 0.77069388 0.76400093 0.7673249  0.47770911
  0.73387907 0.80689796 0.71586649 0.73815767]
 [0.47166769 0.73793368 0.73453061 0.73481217 0.73375362 0.56043821
  0.77392049 0.79661224 0.76575666 0.77917396]
 [0.49750591 0.7450627  0.7584898  0.73729311 0.74738116 0.43692626
  0.71882692 0.71832653 0.71814607 0.71805789]
 [0.30189376 0.64977394 0.6557551  0.64223144 0.64874316 0.16922429
  0.58142857 0.68195918 0.49640838 0.57810993]
 [0.5089383  0.74592408 0.77269388 0.73216574 0.75208536 0.55989614
  0.77916667 0.78069388 0.77702794 0.77936986]
 [0.5161346  0.75782051 0.75873469 0.75541155 0.75725585 0.64337164
  0.82064134 0.82293878 0.81906749 0.82135506]
 [0.30108783 0.64395947 0.67608163 0.62094818 0.6462877  0.31594061
  0.65786538 0.65808163 0.65234066 0.65546794]
 [0.8317789  0.90951983 0.9275102  0.90736076 0.91577667 0.65452961
  0.82913793 0.83297959 0.82757281 0.82688933]
 [0.44103216 0.70452031 0.77693878 0.67343982 0.71646651 0.31438297
  0.64854342 0.71808163 0.61972061 0.65489719]
 [0.47067305 0.73491026 0.73620408 0.73148758 0.73420619 0.45144494
  0.72460052 0.72820408 0.71955559 0.72417693]
 [0.13503465 0.56651669 0.59159184 0.54878304 0.56466048 0.45385474
  0.72091954 0.7444898  0.70881474 0.7250534 ]
 [0.64752074 0.81909168 0.83518367 0.81528074 0.82342995 0.57847276
  0.78811969 0.80057143 0.78060052 0.78743811]
 [0.42442798 0.7108505  0.72220408 0.70160038 0.70993729 0.37437786
  0.68502575 0.69840816 0.67327937 0.68438832]
 [0.34351892 0.66532513 0.71465306 0.64194345 0.66976184 0.37114123
  0.68494287 0.688      0.67989347 0.68395518]
 [0.19275552 0.59273061 0.66812245 0.54050096 0.59044646 0.2675818
  0.63572156 0.6537551  0.62431343 0.63168252]
 [0.30219814 0.64727833 0.672      0.63014686 0.64797333 0.48580584
  0.73419953 0.78065306 0.71317065 0.73970936]
 [0.59087973 0.79454844 0.80281633 0.79013344 0.79446052 0.40211162
  0.69554598 0.71844898 0.67968497 0.6974813 ]
 [0.24500581 0.59865033 0.85314286 0.42255735 0.61390829 0.39310767
  0.69356732 0.71053061 0.68385651 0.69465193]
 [0.51690123 0.75296043 0.80093878 0.73584646 0.75655029 0.51301123
  0.75573828 0.76040816 0.75274446 0.75581529]
 [0.32954959 0.6579629  0.71440816 0.6230205  0.65983509 0.31296242
  0.65157223 0.69408163 0.62775489 0.65408743]
 [0.24469522 0.60653754 0.77253061 0.50721484 0.61429765 0.11447327
  0.55716667 0.55742857 0.54931415 0.55345562]
 [0.3930241  0.69680769 0.69620408 0.69405165 0.69521305 0.43288585
  0.70487411 0.75677551 0.67996862 0.71291028]
 [0.17731228 0.58605501 0.60963265 0.56665263 0.58539689 0.28861401
  0.62992113 0.75653061 0.55305371 0.63544525]
 [0.29485935 0.6472879  0.64808163 0.64482588 0.64636057 0.40946806
  0.70266145 0.71028571 0.69618513 0.70309912]
 [0.52601312 0.76008359 0.76873469 0.75492011 0.76165883 0.70645522
  0.85341667 0.85318367 0.85184485 0.85283194]
 [0.35226484 0.67546761 0.68020408 0.67043757 0.67489629 0.49824564
  0.74900794 0.75244898 0.74761733 0.74880844]
 [0.59462774 0.78816527 0.83338776 0.77526083 0.79639474 0.47280913
  0.73641667 0.73636735 0.73081091 0.73381221]
 [0.26451721 0.63275502 0.66012245 0.6189021  0.63069252 0.50873287
  0.74979626 0.77065306 0.74016696 0.75305679]
 [0.24461751 0.61892379 0.65432653 0.597823   0.61972425 0.32056149
  0.65981502 0.66608163 0.65043839 0.65728574]
 [0.68183789 0.8488738  0.84514286 0.84721118 0.84000743 0.51590804
  0.75384265 0.78461224 0.74391304 0.75689678]]
KNN mean:
[0.41260627 0.70210062 0.73703537 0.68087548 0.70382956 0.43348149
 0.71367605 0.73794966 0.69929629 0.71458403]
---------------------------
---------------------------
DT performance:
[[0.54588355 0.75783926 0.75853061 0.77270797 0.75640283 0.60529183
  0.80549203 0.84689796 0.80203456 0.79996802]
 [0.48446941 0.76067278 0.76057143 0.76888626 0.75832151 0.54603932
  0.7812309  0.79485714 0.78043847 0.78157817]
 [0.39666475 0.72735856 0.73216327 0.70550842 0.72623188 0.39269691
  0.69677564 0.6962449  0.69022939 0.6953882 ]
 [0.41414605 0.69176886 0.69216327 0.69338775 0.68975755 0.29847616
  0.61619048 0.68840816 0.63808356 0.61358832]
 [0.53511064 0.74216878 0.7524898  0.74410779 0.74132854 0.48833584
  0.7468141  0.74640816 0.7224702  0.74550047]
 [0.38658933 0.70532692 0.706      0.70118998 0.70445239 0.55757999
  0.78785613 0.78669388 0.78058098 0.78553586]
 [0.33827126 0.6714761  0.68204082 0.67965139 0.67010626 0.35485349
  0.65938462 0.65971429 0.66078349 0.65769208]
 [0.81632556 0.90103053 0.90755102 0.91891655 0.89640348 0.59137119
  0.79413793 0.80073469 0.78946251 0.79213878]
 [0.43356952 0.72373599 0.76677551 0.70593143 0.72383961 0.28118991
  0.63358018 0.68571429 0.61021812 0.63309852]
 [0.48481112 0.7390641  0.73857143 0.74723733 0.73714516 0.40753014
  0.67744643 0.6782449  0.70321934 0.67660159]
 [0.10546061 0.57247312 0.59367347 0.54527673 0.56741364 0.41276269
  0.68933908 0.69991837 0.69560262 0.68757192]
 [0.51121716 0.7563554  0.76669388 0.75424329 0.75335512 0.48751536
  0.73263299 0.74469388 0.72169583 0.7295495 ]
 [0.30332933 0.64431818 0.65       0.63751365 0.64101832 0.32333923
  0.65087326 0.6557551  0.64203782 0.64893809]
 [0.21062273 0.57773229 0.62179592 0.55769832 0.57597655 0.41368339
  0.71930819 0.72044898 0.72023139 0.71900192]
 [0.26494552 0.65146502 0.69240816 0.61639969 0.648588   0.23674067
  0.60365025 0.62559184 0.60926302 0.60246857]
 [0.36038535 0.66043924 0.66632653 0.66131321 0.6575485  0.52134864
  0.76743817 0.78865306 0.76556888 0.76571532]
 [0.61402637 0.80924877 0.81497959 0.79442434 0.80885112 0.56622686
  0.7609647  0.77257143 0.7617729  0.76206805]
 [0.27742424 0.63496678 0.81085714 0.55086756 0.62947419 0.43079372
  0.70036946 0.70987755 0.71934289 0.69848178]
 [0.50627683 0.76315476 0.79077551 0.77390118 0.75787822 0.57246794
  0.79449725 0.79277551 0.79139718 0.79141157]
 [0.26662586 0.64393847 0.68012245 0.60329102 0.64350808 0.31385368
  0.63651728 0.65987755 0.63483093 0.63240072]
 [0.02928645 0.54315728 0.66804082 0.47060769 0.53563345 0.05447085
  0.5295     0.52926531 0.51580116 0.52604571]
 [0.34734881 0.66555128 0.66604082 0.65679094 0.66188268 0.33928533
  0.67214609 0.6962449  0.64078322 0.66792824]
 [0.24124795 0.6187069  0.6277551  0.61591301 0.61705723 0.24415399
  0.62302082 0.70232653 0.60716772 0.61924429]
 [0.30186753 0.62879571 0.62971429 0.62962251 0.62808985 0.41933182
  0.73176668 0.7324898  0.71573392 0.72864442]
 [0.45005169 0.7231863  0.72457143 0.69523214 0.71969794 0.64526496
  0.84091667 0.84073469 0.83715132 0.84008982]
 [0.23382546 0.60245262 0.60363265 0.60444736 0.60134127 0.43433157
  0.73706109 0.73832653 0.71904279 0.73517673]
 [0.50074113 0.74682598 0.78493878 0.75320365 0.74745303 0.46086653
  0.73441667 0.73428571 0.73517811 0.73350084]
 [0.1952138  0.61054459 0.62616327 0.61275283 0.60387396 0.46183626
  0.73909451 0.75040816 0.71892279 0.73823531]
 [0.20401927 0.62708074 0.64       0.62711924 0.62330928 0.31609181
  0.65402969 0.65391837 0.65210458 0.65116664]
 [0.55806037 0.76727504 0.7784898  0.76415058 0.76603419 0.54577866
  0.77469456 0.79244898 0.77118239 0.77064178]]
DT mean:
[0.37726059 0.68893701 0.71112789 0.67874313 0.68639913 0.42411696
 0.70970486 0.72415102 0.70507774 0.70764571]
---------------------------
---------------------------
RF performance:
[[0.59696105 0.80053799 0.80261224 0.78714246 0.79952241 0.5636889
  0.76493416 0.84706122 0.77869114 0.78254249]
 [0.5809111  0.83362893 0.83485714 0.83083795 0.83343134 0.62274251
  0.82301783 0.83489796 0.80019202 0.82352209]
 [0.51597934 0.75145544 0.76236735 0.74070741 0.75389031 0.42160576
  0.72233333 0.72244898 0.73178654 0.72116321]
 [0.3673008  0.71812214 0.72028571 0.68960007 0.71769933 0.19983059
  0.59579365 0.69428571 0.57200355 0.59870931]
 [0.54338185 0.74709468 0.76257143 0.77459585 0.74840459 0.55280373
  0.78604487 0.78681633 0.7875701  0.78575074]
 [0.5254605  0.75736538 0.75685714 0.76254464 0.75677488 0.57565454
  0.8071976  0.80865306 0.79696664 0.80686426]
 [0.39943274 0.66448881 0.68604082 0.66763977 0.66523656 0.46096782
  0.70398718 0.70387755 0.73600177 0.70232918]
 [0.8658214  0.93272616 0.9437551  0.92633871 0.93557651 0.68859817
  0.86293103 0.87134694 0.82692298 0.86423146]
 [0.39427457 0.74632003 0.78873469 0.67357798 0.74662979 0.34696013
  0.63657738 0.70608163 0.63741233 0.64161138]
 [0.55244334 0.75060897 0.75061224 0.74761004 0.74920784 0.51143676
  0.74601759 0.74836735 0.76596225 0.74554236]
 [0.25477734 0.57461658 0.60746939 0.56479699 0.57295805 0.48196897
  0.75485632 0.77044898 0.73491793 0.75759668]
 [0.65409044 0.82538342 0.83497959 0.8269075  0.82539515 0.55733869
  0.78832909 0.80089796 0.78066081 0.7889552 ]
 [0.42250274 0.73825758 0.74844898 0.70825261 0.73986634 0.34200217
  0.68948724 0.70028571 0.66796607 0.69010142]
 [0.28085073 0.60012905 0.65391837 0.62254533 0.6005807  0.40412897
  0.73679394 0.7384898  0.72007988 0.73641905]
 [0.30274279 0.62895499 0.68408163 0.64756907 0.62913621 0.34302123
  0.67795699 0.69579592 0.6472314  0.67279803]
 [0.43432648 0.70887521 0.72036735 0.70188863 0.70554694 0.57717146
  0.74698641 0.77857143 0.76634625 0.74733283]
 [0.66729561 0.84494663 0.85102041 0.8554217  0.84602203 0.63317485
  0.80238095 0.81081633 0.80217015 0.80300425]
 [0.36607169 0.63471761 0.84514286 0.53402816 0.63931542 0.55033934
  0.74373563 0.75632653 0.78219742 0.74474062]
 [0.56319529 0.79309174 0.82310204 0.78223914 0.79298475 0.59389001
  0.80009332 0.80473469 0.80562622 0.7998836 ]
 [0.37172513 0.67113321 0.71053061 0.66021083 0.67168247 0.32115969
  0.6684859  0.70616327 0.66518574 0.66703327]
 [0.14802707 0.55503312 0.75044898 0.4321219  0.55412934 0.06989917
  0.58516667 0.58542857 0.55207671 0.5808369 ]
 [0.42379837 0.67782051 0.67832653 0.71778685 0.67603535 0.40327799
  0.70546457 0.74053061 0.68606636 0.70545143]
 [0.20453025 0.63009852 0.64746939 0.58471411 0.63090717 0.29363768
  0.64518447 0.74253061 0.57769207 0.65141281]
 [0.34646916 0.65111315 0.65204082 0.67303995 0.64802146 0.53560767
  0.75125661 0.75640816 0.73146219 0.75110231]
 [0.50876794 0.75546164 0.76457143 0.78658514 0.75656299 0.73826314
  0.837      0.83685714 0.85819068 0.83634201]
 [0.29493499 0.65512511 0.66       0.66649215 0.65443556 0.52894514
  0.76347403 0.76840816 0.77961259 0.76399202]
 [0.50380234 0.76970938 0.81085714 0.76564451 0.77407432 0.60164246
  0.76083333 0.76077551 0.76974982 0.76010598]
 [0.18450637 0.62308851 0.65832653 0.64416715 0.61980569 0.55921258
  0.75626344 0.76873469 0.78668211 0.75575882]
 [0.38313623 0.66493209 0.69040816 0.66270314 0.66435055 0.35028767
  0.65752217 0.66020408 0.66022887 0.655935  ]
 [0.63862885 0.81785937 0.82497959 0.83209395 0.81542043 0.57077513
  0.79587511 0.81669388 0.79427103 0.79564582]]
RF mean:
[0.44320488 0.7174232  0.74750612 0.70899346 0.71745348 0.4800011
 0.73719936 0.75743129 0.73339745 0.73789048]
---------------------------
---------------------------
SVM performance:
[[ 0.38228488  0.68470575  0.70440816  0.64189184  0.67575892  0.27625482
   0.60517152  0.79285714  0.4581605   0.61204896]
 [ 0.38318536  0.68895026  0.69820408  0.6756771   0.68745272  0.39481815
   0.68749293  0.72861224  0.65777213  0.69115455]
 [ 0.47168904  0.72193051  0.75828571  0.67166255  0.72013212  0.38025835
   0.69119231  0.6882449   0.68073605  0.68474281]
 [ 0.29958448  0.64541372  0.66187755  0.60112702  0.63298159  0.
   0.5         0.71028571  0.          0.41528728]
 [ 0.50551481  0.73688899  0.77869388  0.70401762  0.74487187  0.44037871
   0.719       0.72228571  0.70894215  0.7165683 ]
 [ 0.42223817  0.7105641   0.71257143  0.70073541  0.70710529  0.54176761
   0.76961864  0.77277551  0.76604698  0.76994075]
 [ 0.18661404  0.5823412   0.65791837  0.42796725  0.54243397  0.36792025
   0.68397436  0.68420408  0.67847868  0.68155675]
 [ 0.80292674  0.89407865  0.9155102   0.8910788   0.90127393  0.48338046
   0.73747126  0.75657143  0.72953511  0.74072133]
 [ 0.10182781  0.53875     0.71420408  0.22776676  0.48294204 -0.00397878
   0.49852941  0.68812245  0.          0.40760579]
 [ 0.39881778  0.69910256  0.69991837  0.69438432  0.69752516  0.34644732
   0.67056237  0.68036735  0.65420488  0.66806298]
 [ 0.11003268  0.54847482  0.6317551   0.36309576  0.49679597  0.38909163
   0.67721264  0.73236735  0.61466042  0.67654594]
 [ 0.48095829  0.7276146   0.76661224  0.70491185  0.73613105  0.41759939
   0.70096633  0.73440816  0.67874365  0.70436894]
 [ 0.33338011  0.65971787  0.69012245  0.61823069  0.65380586  0.02308708
   0.51018062  0.57946939  0.08078265  0.38628314]
 [ 0.01391587  0.50546643  0.65591837  0.07139401  0.41140535  0.44744783
   0.72118559  0.72832653  0.70852242  0.71972429]
 [ 0.          0.5         0.67604082  0.          0.40334789 -0.0039501
   0.4983871   0.61567347  0.          0.38105368]
 [ 0.          0.5         0.59355102  0.          0.37245618  0.25344966
   0.60446468  0.72640816  0.46574285  0.59030391]
 [ 0.57322066  0.78161741  0.79669388  0.77474049  0.78532778  0.33645394
   0.65167488  0.71244898  0.55543732  0.63625343]
 [ 0.          0.5         0.85114286  0.          0.45977991  0.30479931
   0.64131773  0.68832653  0.58794399  0.63783831]
 [ 0.          0.5         0.69016327  0.          0.40832574  0.30604676
   0.65381271  0.654       0.650746    0.65102164]
 [ 0.14701077  0.56061906  0.68612245  0.36561182  0.52543371  0.23857701
   0.60367649  0.69404082  0.49775694  0.59223726]
 [ 0.          0.5         0.77065306  0.          0.43522243  0.02595459
   0.513       0.51502041  0.41889578  0.46797925]
 [ 0.34529649  0.67286538  0.67208163  0.66552302  0.66907402  0.00762125
   0.50294118  0.65191837  0.02425356  0.39993361]
 [ 0.          0.5         0.58355102  0.          0.36850049  0.
   0.5         0.73240816  0.          0.42275516]
 [ 0.15324977  0.57504849  0.58563265  0.51385774  0.55036411  0.4003039
   0.69483866  0.71232653  0.66704497  0.69099907]
 [ 0.20541333  0.59482759  0.64012245  0.48062885  0.56104405  0.62997333
   0.81525     0.81477551  0.81159044  0.81363339]
 [ 0.22775188  0.60878546  0.63387755  0.50053209  0.5686876   0.40316205
   0.69709596  0.71212245  0.68305054  0.69801189]
 [ 0.51752451  0.7378694   0.81306122  0.70465767  0.75413232  0.4922084
   0.74583333  0.7464898   0.73460734  0.74152758]
 [ 0.          0.5         0.63179592  0.          0.38716238  0.45822129
   0.7179584   0.75473469  0.69306579  0.72383502]
 [ 0.00644491  0.50263158  0.6237551   0.02294157  0.38885431  0.27763013
   0.63564318  0.65171429  0.60853426  0.63001208]
 [ 0.62385616  0.8157541   0.81885714  0.81270815  0.81088803  0.42981625
   0.70373867  0.75440816  0.6797656   0.711311  ]]
SVM mean:
[0.25642462 0.62313393 0.70377007 0.42783808 0.58464056 0.30215802
 0.64507303 0.70452381 0.5165007  0.6221106 ]
---------------------------
---------------------------
GBM performance:
[[ 0.45010243  0.73061045  0.74453061  0.71395961  0.72907488  0.32024567
   0.62211538  0.80689796  0.47450432  0.63408769]
 [ 0.49484169  0.74234767  0.75432653  0.72259022  0.74113314  0.49725158
   0.73298812  0.78473469  0.69073948  0.74424169]
 [ 0.45830769  0.71586991  0.75236735  0.66388301  0.71261748  0.34693426
   0.67239744  0.67612245  0.66084845  0.66904214]
 [ 0.35104341  0.67389137  0.68016327  0.66387471  0.67222536 -0.00769231
   0.49714286  0.70620408  0.          0.41386451]
 [ 0.52063287  0.74514822  0.78469388  0.71585927  0.75355662  0.47227317
   0.73260897  0.73644898  0.72040862  0.72955748]
 [ 0.56682004  0.78435897  0.78281633  0.77930129  0.78216298  0.58011916
   0.78520609  0.79065306  0.77667501  0.78577752]
 [ 0.43954644  0.70983364  0.74416327  0.68411792  0.7138395   0.46921985
   0.73489744  0.73416327  0.72566871  0.73241151]
 [ 0.84460931  0.91402072  0.93567347  0.91146099  0.92460338  0.53860356
   0.76281609  0.78477551  0.75067835  0.76689047]
 [ 0.24011237  0.59619923  0.73832653  0.44542111  0.58365634  0.06457963
   0.52481443  0.70012245  0.1914397   0.46639086]
 [ 0.38918135  0.69598077  0.698       0.68994636  0.69424965  0.44517094
   0.71691131  0.72636735  0.70444493  0.71566706]
 [ 0.15526538  0.57036078  0.64804082  0.42622474  0.5334155   0.48979307
   0.73387931  0.76861224  0.70900979  0.74130583]
 [ 0.58379067  0.77689304  0.81277551  0.75616086  0.78712781  0.49729938
   0.74664827  0.77661224  0.71691602  0.74870721]
 [ 0.307094    0.64188871  0.69028571  0.54802823  0.61996886  0.29539597
   0.64070384  0.67404082  0.58831301  0.630985  ]
 [ 0.12559911  0.55178903  0.6822449   0.30745848  0.5044308   0.41521192
   0.70415196  0.7144898   0.67941348  0.69891951]
 [ 0.06154407  0.5238525   0.68620408  0.20426162  0.45972329  0.08645819
   0.53273062  0.62955102  0.30504659  0.4753598 ]
 [ 0.12901617  0.56071839  0.63595918  0.3848975   0.50951619  0.46271886
   0.70272115  0.79069388  0.64318418  0.71858941]
 [ 0.71155724  0.84771757  0.86306122  0.84206592  0.85493312  0.43076894
   0.7016954   0.74253061  0.66373325  0.70545768]
 [ 0.06672424  0.52142857  0.85722449  0.07559289  0.49880812  0.47642479
   0.72883826  0.75457143  0.71075367  0.7322567 ]
 [ 0.17265298  0.57478992  0.72840816  0.32706986  0.54080932  0.48223295
   0.73404281  0.75273469  0.70750693  0.73260234]
 [ 0.25244451  0.60605225  0.71428571  0.47666481  0.5923909   0.26271031
   0.6112974   0.70416327  0.50366639  0.59712801]
 [ 0.          0.5         0.77065306  0.          0.43522243  0.02968586
   0.51491667  0.51481633  0.50939696  0.51207884]
 [ 0.3533281   0.67692308  0.67620408  0.67113719  0.67397735  0.24709108
   0.60334039  0.7084898   0.47029495  0.58418807]
 [ 0.17672744  0.5827381   0.63579592  0.4829193   0.55803987  0.10496522
   0.53878081  0.75053061  0.21836336  0.49721039]
 [ 0.34143858  0.66947352  0.67416327  0.65885697  0.66716058  0.47509121
   0.73436618  0.7442449   0.72101226  0.73458726]
 [ 0.3573006   0.66680475  0.70636735  0.58999849  0.65047168  0.65771807
   0.83116667  0.83077551  0.82610127  0.829916  ]
 [ 0.33893389  0.66243652  0.68036735  0.60894263  0.6468607   0.53133487
   0.75628908  0.77053061  0.74543827  0.7590743 ]
 [ 0.43954503  0.69186099  0.79897959  0.62531697  0.71074888  0.53279771
   0.76816667  0.76861224  0.76221477  0.76634499]
 [ 0.18340613  0.57988764  0.68428571  0.40608947  0.54279874  0.45205565
   0.70852434  0.75661224  0.66660278  0.71313611]
 [ 0.26615508  0.62025278  0.68832653  0.54923338  0.6157023   0.32229466
   0.66289839  0.67416327  0.64463001  0.66073004]
 [ 0.54814634  0.76414969  0.78865306  0.7561885   0.76985397  0.3848527
   0.66959113  0.75453061  0.5908134   0.67148259]]
GBM mean:
[0.34419557 0.66327596 0.73457823 0.55625074 0.64930266 0.3787869
 0.68022158 0.73425986 0.60259396 0.67226637]
---------------------------
---------------------------
BDDAE performance:
[[ 0.21373715  0.60599839  0.611       0.58981514  0.60006786  0.35485889
   0.65696466  0.784       0.59390166  0.67060119]
 [ 0.3690594   0.6852657   0.686       0.68043193  0.68255851  0.429806
   0.71076082  0.734       0.69889265  0.71272732]
 [ 0.3195243   0.65911873  0.67        0.63576818  0.65106317  0.12809501
   0.56274038  0.574       0.4808428   0.52753853]
 [ 0.13917472  0.56900161  0.574       0.52359453  0.54826304  0.00149047
   0.50055852  0.705       0.06225333  0.42512253]
 [ 0.40829571  0.70208333  0.718       0.69653622  0.70354898  0.41217128
   0.70576923  0.707       0.70375257  0.70542069]
 [ 0.63418043  0.81730692  0.817       0.81390713  0.81589373  0.375124
   0.68582898  0.692       0.6734238   0.68320269]
 [ 0.01694419  0.5075      0.557       0.40395138  0.47934516  0.02209057
   0.51082433  0.511       0.48824383  0.4997263 ]
 [ 0.52237853  0.76813659  0.781       0.76160163  0.75852106  0.18564684
   0.58791667  0.649       0.42302142  0.54441978]
 [ 0.42329382  0.67419355  0.798       0.58801275  0.69313327  0.44692799
   0.6856475   0.804       0.60962291  0.7079209 ]
 [ 0.07135513  0.53557692  0.539       0.50545797  0.52224582  0.31383857
   0.65813205  0.656       0.65263197  0.6535438 ]
 [-0.00358789  0.49827659  0.578       0.32335022  0.45187658  0.23139854
   0.605       0.665       0.52187492  0.59133322]
 [ 0.0557155   0.52494746  0.597       0.38555925  0.48994791  0.42991263
   0.71910467  0.725       0.71456641  0.71334328]
 [ 0.28356744  0.64228243  0.654       0.62108313  0.63473965  0.40394301
   0.70216238  0.708       0.69614819  0.70008857]
 [ 0.18464881  0.58406593  0.665       0.50607542  0.5762806   0.2866339
   0.64253312  0.647       0.63409665  0.64043727]
 [ 0.01268402  0.50487132  0.663       0.19337397  0.44434026  0.22065662
   0.60220713  0.664       0.53443885  0.59418485]
 [-0.01286179  0.49495659  0.552       0.32434676  0.44669896  0.25597903
   0.60432264  0.729       0.45798569  0.58771042]
 [ 0.54996228  0.78112857  0.783       0.76025368  0.76754931  0.29026858
   0.63007441  0.693       0.52113751  0.60786807]
 [ 0.29346048  0.62705882  0.856       0.48987623  0.63833136  0.24010727
   0.61875     0.644       0.59579986  0.61537674]
 [ 0.33984282  0.6531323   0.753       0.58188532  0.65723521  0.2654915
   0.63141414  0.637       0.586608    0.61195538]
 [ 0.18360027  0.5771836   0.696       0.42565474  0.55495104  0.07026686
   0.53142361  0.625       0.37088375  0.49965394]
 [ 0.18906468  0.58469791  0.776       0.37260539  0.57156865  0.174
   0.587       0.587       0.57920554  0.5832509 ]
 [ 0.17027543  0.58519408  0.586       0.55550614  0.571057    0.04474174
   0.51967033  0.613       0.39696326  0.49833819]
 [ 0.0354126   0.51691297  0.56        0.41570786  0.4886913   0.45489533
   0.7072552   0.806       0.66951909  0.72396551]
 [ 0.18456188  0.59126603  0.597       0.56484249  0.5811737   0.3073929
   0.65        0.665       0.62822753  0.64689555]
 [ 0.08656409  0.54130967  0.579       0.44727769  0.51252495  0.15
   0.575       0.575       0.54971379  0.56262966]
 [ 0.25077075  0.62181965  0.638       0.58178882  0.61058751  0.42084947
   0.71128247  0.711       0.70350182  0.70615303]
 [ 0.46606532  0.71037868  0.794       0.67416149  0.72855592  0.492
   0.746       0.746       0.74044671  0.74395067]
 [ 0.03836747  0.51711712  0.608       0.35066998  0.47720295  0.45409594
   0.70828079  0.762       0.6639139   0.71614608]
 [ 0.01697026  0.50708829  0.589       0.35074288  0.46863669  0.36581752
   0.67666667  0.697       0.64201707  0.67140477]
 [ 0.34126381  0.65361496  0.719       0.57886103  0.64961877  0.2747809
   0.62802198  0.699       0.56948905  0.62566084]]
BDDAE mean:
[0.22614305 0.60804949 0.66646667 0.52342331 0.5925403  0.28344271
 0.63537709 0.68046667 0.57210415 0.62568569]
---------------------------
---------------------------
DUMMY performance:
[[0.         0.5        0.54330612 0.         0.35203349 0.
  0.5        0.74453061 0.         0.42677092]
 [0.         0.5        0.53922449 0.         0.35031419 0.
  0.5        0.61167347 0.         0.37951047]
 [0.         0.5        0.57142857 0.         0.36361866 0.
  0.5        0.51706122 0.         0.34082504]
 [0.         0.5        0.53718367 0.         0.34945455 0.
  0.5        0.71028571 0.         0.41528728]
 [0.         0.5        0.60163265 0.         0.37562885 0.
  0.5        0.51506122 0.         0.33994784]
 [0.         0.5        0.51306122 0.         0.33907065 0.
  0.5        0.52918367 0.         0.34603691]
 [0.         0.5        0.59959184 0.         0.37483366 0.
  0.5        0.50706122 0.         0.33643907]
 [0.         0.5        0.67404082 0.         0.40263073 0.
  0.5        0.59755102 0.         0.37403846]
 [0.         0.5        0.69016327 0.         0.40832574 0.
  0.5        0.69016327 0.         0.40832574]
 [0.         0.5        0.51706122 0.         0.34082504 0.
  0.5        0.53718367 0.         0.34945455]
 [0.         0.5        0.60567347 0.         0.37719566 0.
  0.5        0.59755102 0.         0.37403846]
 [0.         0.5        0.61367347 0.         0.38028208 0.
  0.5        0.60767347 0.         0.37796726]
 [0.         0.5        0.57542857 0.         0.36524151 0.
  0.5        0.57142857 0.         0.36361866]
 [0.         0.5        0.65391837 0.         0.39536248 0.
  0.5        0.52918367 0.         0.34603691]
 [0.         0.5        0.67604082 0.         0.40334789 0.
  0.5        0.61767347 0.         0.38182529]
 [0.         0.5        0.59355102 0.         0.37245618 0.
  0.5        0.662      0.         0.39830723]
 [0.         0.5        0.58755102 0.         0.37008277 0.
  0.5        0.59155102 0.         0.37166504]
 [0.         0.5        0.85114286 0.         0.45977991 0.
  0.5        0.59555102 0.         0.37324732]
 [0.         0.5        0.69016327 0.         0.40832574 0.
  0.5        0.55330612 0.         0.356196  ]
 [0.         0.5        0.65591837 0.         0.39609713 0.
  0.5        0.63579592 0.         0.38866795]
 [0.         0.5        0.77065306 0.         0.43522243 0.
  0.5        0.50306122 0.         0.33468468]
 [0.         0.5        0.50706122 0.         0.33643907 0.
  0.5        0.64991837 0.         0.39389319]
 [0.         0.5        0.58355102 0.         0.36850049 0.
  0.5        0.73240816 0.         0.42275516]
 [0.         0.5        0.52114286 0.         0.3425908  0.
  0.5        0.54930612 0.         0.354531  ]
 [0.         0.5        0.56742857 0.         0.36199581 0.
  0.5        0.50306122 0.         0.33468468]
 [0.         0.5        0.53718367 0.         0.34945455 0.
  0.5        0.55934694 0.         0.35869832]
 [0.         0.5        0.68816327 0.         0.40762546 0.
  0.5        0.50306122 0.         0.33468468]
 [0.         0.5        0.63179592 0.         0.38716238 0.
  0.5        0.60567347 0.         0.37719566]
 [0.         0.5        0.6217551  0.         0.38337592 0.
  0.5        0.54930612 0.         0.354531  ]
 [0.         0.5        0.61367347 0.         0.38028208 0.
  0.5        0.65191837 0.         0.39462783]]
DUMMY mean:
[0.         0.5        0.61107211 0.         0.37791853 0.
 0.5        0.59095102 0.         0.37028309]
---------------------------
Current folder: C:\Users\Javier\Dropbox\c_sldl_1_2_4
-------------------------------------
----- RESULTS from .csv files ------
-------------------------------------
---------------------------
ALG Means: 
-rows: alg : KNN = 0; DT = 1; RF = 2; SVM = 3; GBM = 4; BDDAE = 5; DUMMY = 5
columns:
'val_cohen','val_uar', 'val_acc', 'val_gm',  'val_f1',  'aro_cohen','aro_uar', 'aro_acc', 'aro_gm',  'aro_f1'
-------------------------------------------------------------
  v_c   v_u   v_a   v_g   v_f1  a_c   a_u   a_a   a_g   a_f1
[[0.413 0.702 0.737 0.681 0.704 0.433 0.714 0.738 0.699 0.715]
 [0.377 0.689 0.711 0.679 0.686 0.424 0.71  0.724 0.705 0.708]
 [0.443 0.717 0.748 0.709 0.717 0.48  0.737 0.757 0.733 0.738]
 [0.256 0.623 0.704 0.428 0.585 0.302 0.645 0.705 0.517 0.622]
 [0.344 0.663 0.735 0.556 0.649 0.379 0.68  0.734 0.603 0.672]
 [0.226 0.608 0.666 0.523 0.593 0.283 0.635 0.68  0.572 0.626]
 [0.    0.5   0.611 0.    0.378 0.    0.5   0.591 0.    0.37 ]]
-------------------------------------------------------------
Standard Deviation of each metric:
[[0.163 0.083 0.077 0.104 0.083 0.134 0.068 0.061 0.08  0.068]
 [0.162 0.078 0.073 0.091 0.078 0.13  0.071 0.067 0.071 0.071]	
 [0.159 0.088 0.077 0.102 0.088 0.146 0.068 0.06  0.078 0.068]
 [0.225 0.11  0.08  0.305 0.15  0.182 0.09  0.06  0.265 0.126]
 [0.196 0.098 0.07  0.214 0.117 0.171 0.087 0.06  0.191 0.104]
 [0.179 0.088 0.092 0.147 0.102 0.137 0.067 0.068 0.136 0.081]
 [0.    0.    0.077 0.    0.029 0.    0.    0.069 0.    0.027]]
-------------------------------------------------------------
std_dev/mean [percentage]:
[[40. 12. 10. 15. 12. 31. 10.  8. 11. 10.]
 [43. 11. 10. 13. 11. 31. 10.  9. 10. 10.]
 [36. 12. 10. 14. 12. 30.  9.  8. 11.  9.]
 [88. 18. 11. 71. 26. 60. 14.  9. 51. 20.]
 [57. 15. 10. 38. 18. 45. 13.  8. 32. 15.]
 [79. 14. 14. 28. 17. 48. 11. 10. 24. 13.]
 [ 0.  0. 13.  0.  8.  0.  0. 12.  0.  7.]]
