2024-05-24 09:44:26.526026: W tensorflow/stream_executor/platform/default/dso_loader.cc:64] Could not load dynamic library 'cudart64_110.dll'; dlerror: cudart64_110.dll not found
2024-05-24 09:44:26.528862: I tensorflow/stream_executor/cuda/cudart_stub.cc:29] Ignore above cudart dlerror if you do not have a GPU set up on your machine.
2024-05-24 09:44:32.610331: W tensorflow/stream_executor/platform/default/dso_loader.cc:64] Could not load dynamic library 'nvcuda.dll'; dlerror: nvcuda.dll not found
2024-05-24 09:44:32.613174: W tensorflow/stream_executor/cuda/cuda_driver.cc:269] failed call to cuInit: UNKNOWN ERROR (303)
2024-05-24 09:44:32.618440: I tensorflow/stream_executor/cuda/cuda_diagnostics.cc:169] retrieving CUDA diagnostic information for host: MFB
2024-05-24 09:44:32.619123: I tensorflow/stream_executor/cuda/cuda_diagnostics.cc:176] hostname: MFB
2024-05-24 09:44:32.620123: I tensorflow/core/platform/cpu_feature_guard.cc:151] This TensorFlow binary is optimized with oneAPI Deep Neural Network Library (oneDNN) to use the following CPU instructions in performance-critical operations:  AVX AVX2
To enable them in other operations, rebuild TensorFlow with the appropriate compiler flags.
---------------------------
KNN performance:
[[ 0.72192972  0.86515152  0.90428571  0.85392111  0.85956048  0.8902439
   0.94285714  0.98        0.9         0.94444444]
 [ 0.62924566  0.7905303   0.89190476  0.75305485  0.81169504  0.52793028
   0.76477273  0.83809524  0.70427969  0.75749545]
 [ 0.80579689  0.90340909  0.93761905  0.8926357   0.90231583  0.24295228
   0.59262821  0.85095238  0.32760209  0.60808099]
 [ 0.49772714  0.72181818  0.82238095  0.67999156  0.74497224 -0.01744841
   0.49230769  0.8847619   0.          0.4691606 ]
 [ 0.84490611  0.94128788  0.94571429  0.93794203  0.92178995  0.48981836
   0.75694444  0.76809524  0.74105782  0.73992538]
 [ 0.52896127  0.77159091  0.83571429  0.71076838  0.75905896  0.46055975
   0.73257576  0.85        0.58480089  0.72235263]
 [ 0.11701917  0.57445055  0.89095238  0.19258201  0.54530345  0.15627178
   0.57142857  0.91904762  0.17071068  0.56189108]
 [ 0.82677127  0.93219697  0.93857143  0.92648122  0.91254392  0.71108972
   0.86886364  0.87142857  0.86580231  0.85421186]
 [ 0.23443384  0.60032051  0.82428571  0.37709475  0.60253419  0.46480029
   0.73666667  0.74952381  0.72285433  0.72693888]
 [ 0.33906471  0.65160256  0.87190476  0.44776898  0.66390863  0.47348327
   0.735       0.79761905  0.705579    0.73442238]
 [        nan         nan         nan  0.2                nan  0.25609544
   0.6355303   0.74190476  0.48463389  0.61674054]
 [ 0.46328035  0.72628205  0.88380952  0.60859677  0.72840028  0.7203602
   0.89166667  0.9052381   0.8802181   0.85759947]
 [ 0.18555042  0.59198718  0.83095238  0.27891308  0.56720643  0.37408907
   0.68461538  0.91857143  0.43587324  0.67756385]
 [ 0.06321546  0.53878205  0.79        0.24072639  0.52082479  0.
   0.5         0.93190476  0.          0.48237548]
 [ 0.70939033  0.85        0.9247619   0.82354007  0.85215034  0.45475322
   0.72954545  0.81        0.68938141  0.72212453]
 [ 0.51881891  0.73712121  0.87047619  0.65320447  0.75415034  0.17382589
   0.57878788  0.73333333  0.40644243  0.57301332]
 [        nan         nan         nan         nan         nan         nan
          nan         nan         nan         nan]
 [ 0.58868003  0.775       0.87857143  0.75065224  0.79229211 -0.00769231
   0.49615385  0.91809524  0.          0.47853389]
 [ 0.57563406  0.75        0.8847619   0.69840078  0.78230769 -0.00714286
   0.49642857  0.9252381   0.          0.48052819]
 [ 0.20556272  0.59280303  0.76190476  0.3951154   0.58032947  0.40917722
   0.70236111  0.72        0.68885181  0.70227763]
 [ 0.4500208   0.69166667  0.87095238  0.55042468  0.71076894  0.77103933
   0.88484848  0.91238095  0.87713731  0.88418017]
 [ 0.21698826  0.60871212  0.75428571  0.41103823  0.59145009  0.61923319
   0.82136364  0.83047619  0.8154871   0.80780569]
 [ 0.21516902  0.60613636  0.68619048  0.5212283   0.59908856  0.34121044
   0.68076923  0.83809524  0.52559509  0.66416829]
 [ 0.72202176  0.85757576  0.91190476  0.83858537  0.85828063  0.54857371
   0.78598485  0.8152381   0.77927104  0.76948319]
 [        nan         nan         nan  0.39636241         nan  0.
   0.5         0.8852381   0.          0.46944444]
 [ 0.60982086  0.82007576  0.87190476  0.79665337  0.80229811         nan
          nan         nan  0.2                nan]]
KNN mean:
[0.48130473 0.73471742 0.86016563 0.59742729 0.73318393 0.37721766
 0.69092084 0.84980159 0.50022313 0.6793651 ]
---------------------------
---------------------------
DT performance:
[[0.71435429 0.8655303  0.91142857 0.85435289 0.86612328 0.70993031
  0.88571429 0.96       0.79636241 0.8723545 ]
 [0.62960059 0.80227273 0.87047619 0.78704439 0.79433416 0.67040996
  0.83068182 0.87761905 0.79380125 0.82651633]
 [0.78687797 0.90757576 0.93095238 0.90622724 0.89772285 0.25030903
  0.64839744 0.81714286 0.52729099 0.6376764 ]
 [0.35420708 0.70090909 0.74761905 0.60850187 0.69194494 0.18314829
  0.57912088 0.8452381  0.37578011 0.56536093]
 [0.86210546 0.90795455 0.94619048 0.91431911 0.91184265 0.49589244
  0.745      0.7552381  0.75983937 0.73469438]
 [0.41126288 0.70227273 0.77952381 0.56243423 0.69779872 0.2727054
  0.70681818 0.80904762 0.6035646  0.68728634]
 [0.07121266 0.64203297 0.89047619 0.26707309 0.60655751 0.28533161
  0.76675824 0.89857143 0.42759172 0.67998006]
 [0.80582565 0.93333333 0.96571429 0.90674862 0.94501863 0.57243488
  0.81727273 0.83714286 0.79362447 0.80565083]
 [0.17177257 0.58397436 0.74238095 0.40222358 0.56252777 0.40480867
  0.73222222 0.74809524 0.75186474 0.72543322]
 [0.40106518 0.7474359  0.89142857 0.57700492 0.70389411 0.23987821
  0.65681818 0.72714286 0.55117447 0.6362464 ]
 [       nan        nan        nan 0.28894442        nan 0.28181504
  0.64204545 0.72333333 0.5396741  0.62081953]
 [0.52211228 0.7974359  0.87619048 0.76182075 0.77907237 0.69163696
  0.875      0.89809524 0.82486266 0.84242008]
 [0.28199023 0.68397436 0.82380952 0.46770814 0.67478058 0.11039426
  0.64010989 0.83142857 0.3773178  0.56791392]
 [0.38089313 0.74230769 0.8652381  0.70169885 0.71012801 0.01491968
  0.6021978  0.86380952 0.08864053 0.55692986]
 [0.421323   0.75544872 0.85047619 0.69629499 0.72255357 0.43522689
  0.76742424 0.82428571 0.68968688 0.75329733]
 [0.61579843 0.79924242 0.87095238 0.80072971 0.79991323 0.43097165
  0.70757576 0.78809524 0.65162594 0.69708714]
 [       nan        nan        nan        nan        nan        nan
         nan        nan        nan        nan]
 [0.45919876 0.77916667 0.85095238 0.75968322 0.76325362 0.01232349
  0.51236264 0.86285714 0.         0.49549091]
 [0.44390228 0.71856061 0.79571429 0.71046958 0.70599097 0.12406015
  0.5206044  0.88428571 0.19607689 0.50203923]
 [0.16500395 0.59015152 0.6752381  0.55606633 0.58909146 0.02248405
  0.51847222 0.53761905 0.54674721 0.50745049]
 [0.55589765 0.75378788 0.85714286 0.68433385 0.75426264 0.75089908
  0.89734848 0.91857143 0.87630797 0.89052938]
 [0.32864363 0.68939394 0.75428571 0.6329692  0.67317679 0.50826875
  0.78795455 0.81571429 0.7297775  0.78341175]
 [0.35487623 0.66863636 0.72857143 0.62449676 0.66297862 0.36302803
  0.69326923 0.85047619 0.52886817 0.69545014]
 [0.56361314 0.81060606 0.85714286 0.70789483 0.7976694  0.57769253
  0.7844697  0.85619048 0.73856757 0.78623384]
 [       nan        nan        nan 0.38894442        nan 0.219314
  0.67692308 0.88571429 0.39175518 0.6629011 ]
 [0.71023038 0.84924242 0.89714286 0.80032798 0.83709223        nan
         nan        nan 0.4               nan]]
DT mean:
[0.4787725  0.75788027 0.84256729 0.65473252 0.7455534  0.35949514
 0.70810673 0.82565476 0.5584321  0.68888225]
---------------------------
---------------------------
RF performance:
[[ 0.72423981  0.84507576  0.91095238  0.86100759  0.8557972   0.7902439
   0.89285714  0.97333333  0.8         0.89272031]
 [ 0.62487244  0.77765152  0.87047619  0.77495147  0.78517464  0.66111974
   0.88181818  0.91809524  0.8399274   0.88763538]
 [ 0.83353403  0.89886364  0.93714286  0.90983293  0.90048758  0.43035889
   0.62211538  0.84380952  0.60523502  0.63181444]
 [ 0.44394317  0.66704545  0.7552381   0.55238697  0.65473738  0.14596623
   0.51730769  0.89190476  0.23472419  0.50407106]
 [ 0.78233998  0.89128788  0.93857143  0.90549863  0.89784265  0.53670222
   0.7775      0.80285714  0.72631767  0.76959909]
 [ 0.27661482  0.68030303  0.7952381   0.62125007  0.69061397  0.31350241
   0.65643939  0.78809524  0.4948472   0.65048037]
 [ 0.37540874  0.63873626  0.9247619   0.27071068  0.61316165  0.13899014
   0.53928571  0.89857143  0.42859807  0.4978643 ]
 [ 0.85616918  0.92462121  0.95190476  0.91160463  0.92298043  0.72442629
   0.81886364  0.84333333  0.85050652  0.81242695]
 [ 0.13602114  0.60448718  0.79761905  0.39317023  0.59135924  0.50139045
   0.71222222  0.74190476  0.7540049   0.71143275]
 [ 0.43719766  0.66089744  0.85142857  0.49873771  0.63927033  0.45760125
   0.64704545  0.74714286  0.57846599  0.63870977]
 [        nan         nan         nan  0.2                nan  0.34878237
   0.59424242  0.72857143  0.5571657   0.58598155]
 [ 0.37535949  0.69679487  0.85666667  0.73224616  0.70597604  0.59163232
   0.79166667  0.88619048  0.65684739  0.77426467]
 [ 0.49115436  0.69647436  0.83714286  0.66502606  0.68300546  0.35601504
   0.66730769  0.93190476  0.36112126  0.656712  ]
 [ 0.40138687  0.61282051  0.82285714  0.47577034  0.6065888  -0.01428571
   0.48159341  0.89761905  0.          0.47254862]
 [ 0.5711317   0.76698718  0.87047619  0.6892662   0.76569672  0.40399787
   0.75568182  0.84333333  0.67724724  0.75211613]
 [ 0.66568955  0.81628788  0.87714286  0.69672094  0.80529202  0.55455683
   0.77159091  0.84333333  0.71736134  0.77832947]
 [        nan         nan         nan         nan         nan         nan
          nan         nan         nan         nan]
 [ 0.62766925  0.8125      0.89238095  0.78400084  0.81650932  0.00773956
   0.52747253  0.89        0.          0.52042099]
 [ 0.49664163  0.72424242  0.84285714  0.67805775  0.73015507 -0.02967033
   0.63186813  0.91857143  0.1         0.60314057]
 [ 0.04831165  0.59734848  0.71428571  0.55235473  0.59510117  0.23730725
   0.60069444  0.62619048  0.59994224  0.59889199]
 [ 0.56437372  0.69962121  0.84380952  0.60822626  0.71130468  0.74996314
   0.86931818  0.91904762  0.87250821  0.88441116]
 [ 0.45641015  0.64469697  0.7552381   0.4475423   0.62781089  0.65013276
   0.75045455  0.79571429  0.82504634  0.74209612]
 [ 0.37996748  0.66522727  0.73333333  0.58587384  0.65940865  0.37089746
   0.58942308  0.83142857  0.31905429  0.5853433 ]
 [ 0.65275     0.84924242  0.91190476  0.82805846  0.85941624  0.73130348
   0.77992424  0.85666667  0.81577575  0.77329867]
 [        nan         nan         nan  0.48122254         nan  0.10905923
   0.48076923  0.85190476  0.37452054  0.45904762]
 [ 0.54687059  0.8         0.89761905  0.8367355   0.81317973         nan
          nan         nan  0.3                nan]]
RF mean:
[0.51165467 0.73787882 0.85169772 0.63841011 0.73612478 0.40698887
 0.68156092 0.84456349 0.53956869 0.67430655]
---------------------------
---------------------------
SVM performance:
[[0.         0.5        0.77571429 0.         0.43670085 0.
  0.5        0.93190476 0.         0.48237548]
 [0.         0.5        0.78904762 0.         0.44097436 0.
  0.5        0.76238095 0.         0.43242735]
 [0.39429614 0.6625     0.85619048 0.46815406 0.67358547 0.
  0.5        0.84380952 0.         0.45750916]
 [0.         0.5        0.72761905 0.         0.42115385 0.
  0.5        0.89857143 0.         0.47313903]
 [0.80789296 0.875      0.9452381  0.85504434 0.90182609 0.3129665
  0.6375     0.72666667 0.56032127 0.63644786]
 [0.         0.5        0.75571429 0.         0.4302906  0.
  0.5        0.80285714 0.         0.44526496]
 [0.         0.5        0.9252381  0.         0.48052819 0.
  0.5        0.91190476 0.         0.47683361]
 [0.36255011 0.64583333 0.84285714 0.44423942 0.65460256 0.
  0.5        0.70095238 0.         0.41192308]
 [0.         0.5        0.82380952 0.         0.45155678 0.
  0.5        0.64619048 0.         0.3923913 ]
 [0.         0.5        0.87095238 0.         0.46545584 0.
  0.5        0.72761905 0.         0.42115385]
 [       nan        nan        nan 0.2               nan 0.
  0.5        0.74190476 0.         0.42582051]
 [0.         0.5        0.85047619 0.         0.45949328 0.
  0.5        0.81714286 0.         0.44957265]
 [0.         0.5        0.82380952 0.         0.45155678 0.
  0.5        0.91190476 0.         0.47683361]
 [0.         0.5        0.83714286 0.         0.45552503 0.
  0.5        0.93190476 0.         0.48237548]
 [0.         0.5        0.83047619 0.         0.4535409  0.
  0.5        0.76904762 0.         0.4345641 ]
 [0.         0.5        0.80285714 0.         0.44526496 0.
  0.5        0.75571429 0.         0.4302906 ]
 [       nan        nan        nan        nan        nan        nan
         nan        nan        nan        nan]
 [0.         0.5        0.81714286 0.         0.44957265 0.
  0.5        0.9252381  0.         0.48052819]
 [0.         0.5        0.78904762 0.         0.44097436 0.
  0.5        0.93190476 0.         0.48237548]
 [0.         0.5        0.74904762 0.         0.42815385 0.
  0.5        0.60571429 0.         0.37712451]
 [0.         0.5        0.80285714 0.         0.44526496 0.
  0.5        0.75571429 0.         0.4302906 ]
 [0.         0.5        0.76904762 0.         0.4345641  0.
  0.5        0.68761905 0.         0.40730769]
 [0.         0.5        0.70761905 0.         0.41423077 0.
  0.5        0.84380952 0.         0.45750916]
 [0.         0.5        0.78238095 0.         0.43883761 0.
  0.5        0.76238095 0.         0.43242735]
 [       nan        nan        nan 0.2               nan 0.
  0.5        0.8852381  0.         0.46944444]
 [0.         0.5        0.79571429 0.         0.44311111        nan
         nan        nan 0.2               nan]]
SVM mean:
[0.06803214 0.52971014 0.81173913 0.08669751 0.48333761 0.01304027
 0.50572917 0.80325397 0.03041285 0.45274708]
---------------------------
---------------------------
GBM performance:
[[ 0.66238267  0.79924242  0.89142857  0.78558078  0.80089683  0.7902439
   0.89285714  0.97333333  0.8         0.89272031]
 [ 0.46210566  0.6625      0.85809524  0.54423942  0.66930769  0.65527471
   0.81174242  0.89190476  0.7750129   0.8207972 ]
 [ 0.78165895  0.87386364  0.91619048  0.85682406  0.86579409  0.09506846
   0.51314103  0.83047619  0.12543535  0.47822039]
 [ 0.26566812  0.6075      0.78285714  0.38779272  0.59661779  0.
   0.5         0.89857143  0.          0.47313903]
 [ 0.79556749  0.92045455  0.95285714  0.86740039  0.92115942  0.41098355
   0.66        0.76809524  0.56515595  0.65943299]
 [ 0.02083582  0.50795455  0.7552381   0.05        0.44964957  0.00315152
   0.5030303   0.78857143  0.0492366   0.45650738]
 [-0.00714286  0.49642857  0.91857143  0.          0.4786809   0.2
   0.6         0.9252381   0.2         0.58028188]
 [ 0.82652751  0.89166667  0.94571429  0.87965456  0.9121853   0.59359486
   0.77295455  0.8452381   0.74033306  0.79130653]
 [ 0.05230352  0.5         0.82380952  0.          0.45155678  0.5414651
   0.75111111  0.78952381  0.74836551  0.76031025]
 [ 0.1902439   0.575       0.89095238  0.21213203  0.57061457  0.15680519
   0.55977273  0.7347619   0.3349935   0.54211385]
 [        nan         nan         nan  0.2                nan  0.06431777
   0.52462121  0.74952381  0.10773503  0.47215775]
 [ 0.39957363  0.66666667  0.89142857  0.48746977  0.68774868  0.69299398
   0.86666667  0.92571429  0.84479039  0.86600956]
 [ 0.29873209  0.625       0.85714286  0.39080779  0.62781909  0.
   0.5         0.91190476  0.          0.47683361]
 [-0.02086721  0.49198718  0.82380952  0.          0.45140415 -0.00714286
   0.49642857  0.9252381   0.          0.48052819]
 [ 0.47698413  0.69198718  0.87        0.58779743  0.68773932  0.21076975
   0.60227273  0.78857143  0.42646964  0.58932769]
 [ 0.44957059  0.675       0.87095238  0.55302946  0.71121368  0.3819263
   0.66931818  0.81047619  0.52078096  0.66105751]
 [        nan         nan         nan         nan         nan         nan
          nan         nan         nan         nan]
 [ 0.632665    0.76666667  0.91238095  0.71731044  0.81128205  0.
   0.5         0.9252381   0.          0.48052819]
 [ 0.59911518  0.7375      0.88380952  0.64868799  0.76730045  0.
   0.5         0.93190476  0.          0.48237548]
 [-0.0119403   0.49545455  0.74238095  0.          0.42584615  0.04332262
   0.52236111  0.5647619   0.4492377   0.50804606]
 [ 0.29565572  0.625       0.84428571  0.38830541  0.62362096  0.68907716
   0.82765152  0.89857143  0.80007651  0.84062125]
 [ 0.04177778  0.5155303   0.75428571  0.11547005  0.47884615  0.5374461
   0.75        0.81714286  0.67310944  0.74782515]
 [ 0.09709056  0.52545455  0.71428571  0.19239449  0.46778205  0.
   0.5         0.84380952  0.          0.45750916]
 [ 0.41722955  0.66515152  0.83        0.60244493  0.68897177  0.49804812
   0.71590909  0.85666667  0.62101734  0.73772715]
 [        nan         nan         nan  0.39272482         nan -0.0195122
   0.49230769  0.87190476  0.          0.46547619]
 [ 0.61042292  0.79583333  0.91095238  0.63224711  0.82163752         nan
          nan         nan  0.2                nan]]
GBM mean:
[0.36244176 0.65703662 0.85397516 0.41969255 0.65076848 0.27240975
 0.62633942 0.84446429 0.35926999 0.61336886]
---------------------------
---------------------------
BDDAE performance:
[[0. 0. 0. 0. 0. 0. 0. 0. 0. 0.]
 [0. 0. 0. 0. 0. 0. 0. 0. 0. 0.]
 [0. 0. 0. 0. 0. 0. 0. 0. 0. 0.]
 [0. 0. 0. 0. 0. 0. 0. 0. 0. 0.]
 [0. 0. 0. 0. 0. 0. 0. 0. 0. 0.]
 [0. 0. 0. 0. 0. 0. 0. 0. 0. 0.]
 [0. 0. 0. 0. 0. 0. 0. 0. 0. 0.]
 [0. 0. 0. 0. 0. 0. 0. 0. 0. 0.]
 [0. 0. 0. 0. 0. 0. 0. 0. 0. 0.]
 [0. 0. 0. 0. 0. 0. 0. 0. 0. 0.]
 [0. 0. 0. 0. 0. 0. 0. 0. 0. 0.]
 [0. 0. 0. 0. 0. 0. 0. 0. 0. 0.]
 [0. 0. 0. 0. 0. 0. 0. 0. 0. 0.]
 [0. 0. 0. 0. 0. 0. 0. 0. 0. 0.]
 [0. 0. 0. 0. 0. 0. 0. 0. 0. 0.]
 [0. 0. 0. 0. 0. 0. 0. 0. 0. 0.]
 [0. 0. 0. 0. 0. 0. 0. 0. 0. 0.]
 [0. 0. 0. 0. 0. 0. 0. 0. 0. 0.]
 [0. 0. 0. 0. 0. 0. 0. 0. 0. 0.]
 [0. 0. 0. 0. 0. 0. 0. 0. 0. 0.]
 [0. 0. 0. 0. 0. 0. 0. 0. 0. 0.]
 [0. 0. 0. 0. 0. 0. 0. 0. 0. 0.]
 [0. 0. 0. 0. 0. 0. 0. 0. 0. 0.]
 [0. 0. 0. 0. 0. 0. 0. 0. 0. 0.]
 [0. 0. 0. 0. 0. 0. 0. 0. 0. 0.]
 [0. 0. 0. 0. 0. 0. 0. 0. 0. 0.]]
BDDAE mean:
[0. 0. 0. 0. 0. 0. 0. 0. 0. 0.]
---------------------------
---------------------------
DUMMY performance:
[[0.         0.5        0.77571429 0.         0.43670085 0.
  0.5        0.93190476 0.         0.48237548]
 [0.         0.5        0.78904762 0.         0.44097436 0.
  0.5        0.76238095 0.         0.43242735]
 [0.         0.5        0.78904762 0.         0.44097436 0.
  0.5        0.84380952 0.         0.45750916]
 [0.         0.5        0.72761905 0.         0.42115385 0.
  0.5        0.89857143 0.         0.47313903]
 [0.         0.5        0.78904762 0.         0.44097436 0.
  0.5        0.67380952 0.         0.40246377]
 [0.         0.5        0.75571429 0.         0.4302906  0.
  0.5        0.80285714 0.         0.44526496]
 [0.         0.5        0.9252381  0.         0.48052819 0.
  0.5        0.91190476 0.         0.47683361]
 [0.         0.5        0.78238095 0.         0.43883761 0.
  0.5        0.70095238 0.         0.41192308]
 [0.         0.5        0.82380952 0.         0.45155678 0.
  0.5        0.64619048 0.         0.3923913 ]
 [0.         0.5        0.87095238 0.         0.46545584 0.
  0.5        0.72761905 0.         0.42115385]
 [       nan        nan        nan 0.2               nan 0.
  0.5        0.74190476 0.         0.42582051]
 [0.         0.5        0.85047619 0.         0.45949328 0.
  0.5        0.81714286 0.         0.44957265]
 [0.         0.5        0.82380952 0.         0.45155678 0.
  0.5        0.91190476 0.         0.47683361]
 [0.         0.5        0.83714286 0.         0.45552503 0.
  0.5        0.93190476 0.         0.48237548]
 [0.         0.5        0.83047619 0.         0.4535409  0.
  0.5        0.76904762 0.         0.4345641 ]
 [0.         0.5        0.80285714 0.         0.44526496 0.
  0.5        0.75571429 0.         0.4302906 ]
 [       nan        nan        nan        nan        nan        nan
         nan        nan        nan        nan]
 [0.         0.5        0.81714286 0.         0.44957265 0.
  0.5        0.9252381  0.         0.48052819]
 [0.         0.5        0.78904762 0.         0.44097436 0.
  0.5        0.93190476 0.         0.48237548]
 [0.         0.5        0.74904762 0.         0.42815385 0.
  0.5        0.60571429 0.         0.37712451]
 [0.         0.5        0.80285714 0.         0.44526496 0.
  0.5        0.75571429 0.         0.4302906 ]
 [0.         0.5        0.76904762 0.         0.4345641  0.
  0.5        0.68761905 0.         0.40730769]
 [0.         0.5        0.70761905 0.         0.41423077 0.
  0.5        0.84380952 0.         0.45750916]
 [0.         0.5        0.78238095 0.         0.43883761 0.
  0.5        0.76238095 0.         0.43242735]
 [       nan        nan        nan 0.2               nan 0.
  0.5        0.8852381  0.         0.46944444]
 [0.         0.5        0.79571429 0.         0.44311111        nan
         nan        nan 0.2               nan]]
DUMMY mean:
[0.         0.5        0.79939959 0.016      0.44380596 0.
 0.5        0.80105159 0.008      0.44299775]
---------------------------
Current folder: C:\Users\mbamo\Dropbox\c_sldl_1_3_12
-------------------------------------
----- RESULTS from .csv files ------
-------------------------------------
---------------------------
ALG Means: 
-rows: alg : KNN = 0; DT = 1; RF = 2; SVM = 3; GBM = 4; BDDAE = 5; DUMMY = 5
columns:
'val_cohen','val_uar', 'val_acc', 'val_gm',  'val_f1',  'aro_cohen','aro_uar', 'aro_acc', 'aro_gm',  'aro_f1'
-------------------------------------------------------------
  v_c   v_u   v_a   v_g   v_f1  a_c   a_u   a_a   a_g   a_f1
[[0.475 0.731 0.86  0.616 0.73  0.4   0.702 0.853 0.537 0.692]
 [0.468 0.754 0.84  0.677 0.741 0.369 0.713 0.828 0.574 0.693]
 [0.51  0.735 0.85  0.656 0.733 0.423 0.695 0.85  0.557 0.688]
 [0.071 0.531 0.812 0.08  0.485 0.014 0.506 0.802 0.025 0.453]
 [0.351 0.651 0.851 0.421 0.643 0.295 0.637 0.848 0.394 0.627]
 [0.    0.    0.    0.    0.    0.    0.    0.    0.    0.   ]
 [0.    0.5   0.8   0.    0.444 0.    0.5   0.8   0.    0.443]]
-------------------------------------------------------------
Standard Deviation of each metric:
[[0.24  0.122 0.065 0.224 0.126 0.261 0.135 0.069 0.313 0.136]
 [0.206 0.094 0.074 0.161 0.1   0.23  0.115 0.084 0.238 0.12 ]
 [0.203 0.1   0.067 0.172 0.105 0.251 0.12  0.076 0.273 0.126]
 [0.194 0.087 0.056 0.214 0.112 0.065 0.029 0.097 0.117 0.05 ]
 [0.277 0.132 0.065 0.302 0.155 0.279 0.136 0.088 0.321 0.151]
 [0.    0.    0.    0.    0.    0.    0.    0.    0.    0.   ]
 [0.    0.    0.047 0.    0.014 0.    0.    0.1   0.    0.031]]
-------------------------------------------------------------
std_dev/mean [percentage]:
[[ 50.  17.   8.  36.  17.  65.  19.   8.  58.  20.]
 [ 44.  12.   9.  24.  13.  62.  16.  10.  41.  17.]
 [ 40.  14.   8.  26.  14.  59.  17.   9.  49.  18.]
 [273.  16.   7. 266.  23. 457.   6.  12. 459.  11.]
 [ 79.  20.   8.  72.  24.  95.  21.  10.  81.  24.]
 [  0.   0.   0.   0.   0.   0.   0.   0.   0.   0.]
 [  0.   0.   6.   0.   3.   0.   0.  13.   0.   7.]]
