2024-03-13 16:19:08.260478: I tensorflow/core/util/port.cc:113] oneDNN custom operations are on. You may see slightly different numerical results due to floating-point round-off errors from different computation orders. To turn them off, set the environment variable `TF_ENABLE_ONEDNN_OPTS=0`.
2024-03-13 16:19:08.992260: I tensorflow/core/util/port.cc:113] oneDNN custom operations are on. You may see slightly different numerical results due to floating-point round-off errors from different computation orders. To turn them off, set the environment variable `TF_ENABLE_ONEDNN_OPTS=0`.
2024-03-13 16:19:10.438788: I tensorflow/core/platform/cpu_feature_guard.cc:210] This TensorFlow binary is optimized to use available CPU instructions in performance-critical operations.
To enable the following instructions: AVX2 FMA, in other operations, rebuild TensorFlow with the appropriate compiler flags.
---------------------------
KNN performance:
[[0.53433226 0.76607547 0.77182796 0.74994851 0.76147484 0.50202771
  0.74553571 0.81698925 0.72545075 0.74950525]
 [0.50243572 0.75291492 0.75139785 0.74960882 0.74965734 0.64773713
  0.8193647  0.83666667 0.81387489 0.82321425]
 [0.51539872 0.7516277  0.77075269 0.7389486  0.75510003 0.47579644
  0.73854167 0.7383871  0.73377345 0.73631318]
 [0.28825371 0.64264706 0.65043011 0.63293066 0.64148958 0.16089462
  0.57635281 0.67623656 0.50448033 0.57442222]
 [0.5235193  0.75394737 0.78430108 0.73011215 0.7560696  0.53674168
  0.76800595 0.76892473 0.76603185 0.76772059]
 [0.47550757 0.73815476 0.7383871  0.7324237  0.73576869 0.70332313
  0.85171744 0.85247312 0.85014468 0.85128896]
 [0.35722329 0.67133378 0.70548387 0.64542473 0.67312896 0.35896961
  0.679375   0.67935484 0.67246067 0.67619441]
 [0.89181455 0.93730159 0.95408602 0.93401934 0.94554554 0.61603475
  0.8126462  0.81344086 0.81017973 0.80695416]
 [0.34085402 0.65959596 0.73924731 0.62048123 0.66738394 0.32582842
  0.65619048 0.72892473 0.61484472 0.65832458]
 [0.43003145 0.71452381 0.71537634 0.70528095 0.71132379 0.36874903
  0.68282563 0.69010753 0.67210575 0.68116933]
 [0.19292177 0.59400585 0.61817204 0.57822491 0.59290389 0.46157892
  0.72895861 0.74462366 0.7173347  0.72796143]
 [0.63677141 0.81103137 0.83333333 0.80034037 0.81639976 0.5920719
  0.79551435 0.80741935 0.7881694  0.79426914]
 [0.38556044 0.69224305 0.70236559 0.68238983 0.69044765 0.22959297
  0.61219385 0.63333333 0.58241397 0.60646744]
 [0.34677133 0.66545455 0.71892473 0.63475234 0.66851103 0.40530392
  0.70283964 0.70548387 0.69357111 0.69924961]
 [0.38697864 0.68230159 0.7483871  0.65249736 0.69030704 0.34624191
  0.67325359 0.69946237 0.65650716 0.67018165]
 [0.39839281 0.69812753 0.71225806 0.68658023 0.69648061 0.47832492
  0.72707792 0.7844086  0.69653057 0.73414759]
 [0.61878148 0.80932001 0.81376344 0.80681879 0.80873138 0.48732174
  0.73672402 0.75849462 0.72438561 0.74139662]
 [0.19893627 0.59033476 0.85946237 0.31525532 0.5832524  0.43238625
  0.71243815 0.73182796 0.70343115 0.71475936]
 [0.47931603 0.73103896 0.7844086  0.71177497 0.73761725 0.50967179
  0.7531351  0.7588172  0.74631047 0.7529343 ]
 [0.29469901 0.64348485 0.7055914  0.6016068  0.64089364 0.37667299
  0.68208533 0.72505376 0.65294716 0.6835755 ]
 [0.11550963 0.55509834 0.73193548 0.37430144 0.5451365  0.05339448
  0.52666667 0.52634409 0.50590908 0.51623308]
 [0.32820497 0.664375   0.66376344 0.65808172 0.66114785 0.39269392
  0.68863636 0.7383871  0.65645233 0.68986617]
 [0.24926467 0.62240447 0.64053763 0.6087961  0.62195538 0.33616573
  0.65277503 0.76806452 0.59232802 0.6618075 ]
 [0.28190408 0.64129377 0.64096774 0.63820784 0.63922316 0.49462814
  0.74608112 0.75172043 0.73634421 0.7439996 ]
 [0.46159129 0.72999354 0.73516129 0.7264373  0.73000585 0.687104
  0.84375    0.84365591 0.8409329  0.84267245]
 [0.44900144 0.72157213 0.7288172  0.70975821 0.72069402 0.52063632
  0.75878582 0.76526882 0.75099016 0.75792996]
 [0.49526206 0.73455267 0.79784946 0.70613902 0.74355354 0.50252182
  0.75145833 0.75107527 0.74702836 0.74943532]
 [0.32737438 0.65856459 0.69655914 0.63801531 0.66103892 0.49345524
  0.74283626 0.7611828  0.73349614 0.74517776]
 [0.25272184 0.62310207 0.66086022 0.59184528 0.61977247 0.33408942
  0.66502101 0.67290323 0.64597262 0.65992728]
 [0.74997396 0.88038278 0.87935484 0.87915598 0.87437641 0.56882421
  0.78546537 0.80741935 0.77557327 0.7829635 ]]
KNN mean:
[0.41697694 0.70456014 0.74179211 0.67467193 0.70464637 0.4466261
 0.72054174 0.74454839 0.70366584 0.72000207]
---------------------------
---------------------------
DT performance:
[[0.47499944 0.74584276 0.74903226 0.75581502 0.74471629 0.60058013
  0.80419255 0.84032258 0.78663418 0.79242833]
 [0.50641102 0.77022059 0.7711828  0.76201523 0.76692491 0.53473664
  0.77202951 0.79021505 0.78005387 0.77298773]
 [0.49520987 0.75504022 0.76150538 0.7626012  0.75316818 0.49330773
  0.75294643 0.7544086  0.75701138 0.74989161]
 [0.36454684 0.68096113 0.68387097 0.67909598 0.67642958 0.17960096
  0.61297799 0.67688172 0.54951229 0.60533648]
 [0.49572684 0.74597953 0.75806452 0.73729819 0.74332603 0.51736929
  0.76553571 0.76548387 0.76480181 0.76362682]
 [0.43138921 0.69842262 0.69913978 0.70994838 0.69434806 0.652109
  0.81375175 0.81354839 0.82909788 0.81138183]
 [0.34332897 0.65668578 0.66666667 0.6505652  0.65319283 0.37902049
  0.69875    0.69946237 0.69512646 0.69741584]
 [0.77920801 0.89293651 0.90505376 0.88179616 0.89217531 0.60403136
  0.78830409 0.80365591 0.77975188 0.79084049]
 [0.42071879 0.70655123 0.75204301 0.68434721 0.70366469 0.39579759
  0.695      0.73483871 0.66537136 0.69261412]
 [0.31843325 0.649375   0.65021505 0.63447734 0.64657106 0.31800846
  0.65409664 0.66086022 0.66100151 0.65295081]
 [0.14536799 0.57039474 0.58763441 0.54557006 0.56632312 0.36199661
  0.67884615 0.68580645 0.6666387  0.67335614]
 [0.6048296  0.80204014 0.8172043  0.81768445 0.80433729 0.44920252
  0.73541334 0.75086022 0.72088222 0.73478937]
 [0.39005722 0.71663255 0.72182796 0.69881366 0.71403105 0.15134716
  0.57260648 0.58129032 0.56951981 0.56900634]
 [0.13671733 0.57931818 0.60483871 0.53278286 0.56845122 0.36888586
  0.71419993 0.7155914  0.70236059 0.71173275]
 [0.30779499 0.62833333 0.69       0.62731473 0.62667622 0.27098056
  0.65926236 0.68021505 0.63352538 0.65668846]
 [0.41480475 0.70345816 0.71494624 0.67826411 0.70266683 0.57506335
  0.78264069 0.81365591 0.77924687 0.78468125]
 [0.62065042 0.79868024 0.80387097 0.79048045 0.79842039 0.5187741
  0.75860886 0.76172043 0.78770809 0.75441724]
 [0.34364054 0.59953704 0.79430108 0.53933226 0.58966472 0.46363209
  0.69289811 0.71193548 0.72849092 0.69310698]
 [0.58652453 0.77810245 0.81064516 0.78361652 0.77895539 0.49442059
  0.7375606  0.73935484 0.7318122  0.73616703]
 [0.35652315 0.70195887 0.72634409 0.6636816  0.6953852  0.32308646
  0.64222887 0.66967742 0.64813536 0.64251514]
 [0.09590325 0.52707039 0.65354839 0.49357285 0.51860603 0.07506193
  0.518125   0.51903226 0.53271794 0.51186493]
 [0.22903889 0.660625   0.66010753 0.63941653 0.65904319 0.30191842
  0.63204545 0.65989247 0.61116386 0.62143702]
 [0.21098766 0.60332453 0.60763441 0.56894422 0.59812574 0.31348108
  0.64009113 0.71258065 0.64237815 0.63112585]
 [0.29738999 0.64633754 0.64752688 0.64061231 0.6447072  0.47317923
  0.74776382 0.75193548 0.73747315 0.74617262]
 [0.48581283 0.7362799  0.73795699 0.7370317  0.73327745 0.62830685
  0.81104167 0.81053763 0.81522712 0.80980985]
 [0.23017928 0.63202556 0.63698925 0.62490623 0.63150226 0.50858473
  0.75021547 0.74913978 0.77072364 0.74560092]
 [0.5580896  0.77958153 0.81774194 0.74761269 0.78127382 0.51777801
  0.74208333 0.74225806 0.72891336 0.73924643]
 [0.17672457 0.61744019 0.64043011 0.58174507 0.60702685 0.50084977
  0.74431511 0.7511828  0.7404028  0.74068342]
 [0.31669813 0.671563   0.68311828 0.66576975 0.66643556 0.33302604
  0.66305147 0.66408602 0.63639731 0.6614222 ]
 [0.63546791 0.79029107 0.80397849 0.78490518 0.78831251 0.60419503
  0.79887446 0.81397849 0.77647116 0.79367549]]
DT mean:
[0.39243916 0.69483366 0.71858065 0.68066724 0.6915913  0.43027774
 0.71264857 0.72748029 0.70761837 0.70956578]
---------------------------
---------------------------
RF performance:
[[0.69753838 0.84684066 0.85010753 0.79796868 0.84704451 0.48481393
  0.78673654 0.85322581 0.73111133 0.79352225]
 [0.61778337 0.7926208  0.79419355 0.79973284 0.79050915 0.58037142
  0.80877858 0.82333333 0.8110458  0.81113293]
 [0.57842969 0.75580694 0.7716129  0.74284594 0.75889583 0.36646398
  0.72505952 0.72526882 0.7394134  0.72230373]
 [0.39217585 0.67605042 0.68032258 0.70806156 0.66934305 0.23915023
  0.64200938 0.73225806 0.53795759 0.64668726]
 [0.59107063 0.76549708 0.79096774 0.7398419  0.76983254 0.55079331
  0.78761905 0.78817204 0.76221143 0.78628857]
 [0.38989347 0.75235119 0.75139785 0.74849045 0.7477664  0.616242
  0.7966334  0.79709677 0.79755159 0.79516526]
 [0.42389102 0.73618983 0.74870968 0.67497521 0.73372902 0.44324816
  0.72520833 0.72580645 0.7333798  0.72252718]
 [0.86888177 0.92730159 0.94763441 0.93617027 0.93691113 0.65789648
  0.83815789 0.84602151 0.81998444 0.83728292]
 [0.46662093 0.6967316  0.75806452 0.71188105 0.70078894 0.31091967
  0.66714286 0.73483871 0.68465788 0.67225853]
 [0.4402973  0.72294643 0.72236559 0.71737424 0.72011431 0.3992484
  0.70554097 0.71215054 0.75714532 0.70282688]
 [0.18424453 0.57719298 0.60494624 0.5377733  0.57433952 0.46659276
  0.76847728 0.78086022 0.73237508 0.76587943]
 [0.68641104 0.83847023 0.84956989 0.84779116 0.83984515 0.51586584
  0.80025253 0.81032258 0.77794318 0.79596079]
 [0.43481075 0.71129067 0.72193548 0.70631096 0.71047861 0.24458224
  0.64304568 0.65376344 0.60528842 0.63924197]
 [0.27016598 0.61977273 0.67021505 0.56724724 0.61924352 0.4317905
  0.72132703 0.72193548 0.71308954 0.71830192]
 [0.36052035 0.64746032 0.69913978 0.64501436 0.64603735 0.39170884
  0.63297049 0.66376344 0.66441938 0.63272515]
 [0.52023123 0.73287787 0.7483871  0.71637096 0.73177318 0.5414424
  0.78186147 0.81774194 0.78059657 0.78780736]
 [0.64954003 0.83063725 0.83967742 0.83878292 0.83354683 0.53380752
  0.81144287 0.81731183 0.78653252 0.81013166]
 [0.36410551 0.61502137 0.84612903 0.45085311 0.61215242 0.5148233
  0.754639   0.7711828  0.7730001  0.75665733]
 [0.55995169 0.76815296 0.82053763 0.73596956 0.77967008 0.6305561
  0.78900493 0.79473118 0.83576247 0.78925268]
 [0.35083181 0.67088745 0.71537634 0.70830519 0.66853762 0.28785325
  0.66686603 0.70150538 0.64184746 0.66600576]
 [0.04524618 0.50113872 0.68311828 0.33350569 0.48965317 0.03387154
  0.55208333 0.55182796 0.50137618 0.54665247]
 [0.36769073 0.676875   0.67677419 0.66983229 0.67516911 0.40868497
  0.705      0.74537634 0.69643079 0.70605115]
 [0.29995434 0.62545249 0.63344086 0.62884715 0.62126556 0.34049132
  0.6732735  0.76462366 0.59499456 0.67398381]
 [0.36494434 0.70190301 0.70311828 0.66923226 0.70043087 0.54621951
  0.73527796 0.73870968 0.73411571 0.73237423]
 [0.53377628 0.78306399 0.79053763 0.73461905 0.78483496 0.68042944
  0.85375    0.85290323 0.83941232 0.85237379]
 [0.38120901 0.69220938 0.69602151 0.6448728  0.69064122 0.51409741
  0.73335847 0.73913978 0.7683862  0.73243093]
 [0.5934698  0.80103896 0.84032258 0.76465427 0.80800333 0.6269064
  0.75791667 0.75774194 0.78034602 0.75634734]
 [0.31086926 0.63302233 0.66376344 0.62315123 0.62903213 0.50786017
  0.79374719 0.80655914 0.76323908 0.79558995]
 [0.32706183 0.63988437 0.67623656 0.66140337 0.64062475 0.34046744
  0.71885504 0.72526882 0.63897391 0.71866887]
 [0.66020263 0.84180622 0.84666667 0.82238371 0.83871454 0.61850069
  0.80591991 0.83032258 0.79930297 0.80846616]]
RF mean:
[0.45772732 0.71934983 0.75137634 0.69614209 0.71896429 0.46085664
 0.73939853 0.75945878 0.7267297  0.73916328]
---------------------------
---------------------------
SVM performance:
[[ 0.34813916  0.6686692   0.69043011  0.61847584  0.65605661  0.1342183
   0.54821429  0.77806452  0.23755227  0.51791492]
 [ 0.34910698  0.67279412  0.6827957   0.65476068  0.66880644  0.33353602
   0.65528309  0.70548387  0.61621557  0.65905814]
 [ 0.51537035  0.74171694  0.78086022  0.69287365  0.7427145   0.42905933
   0.7146131   0.71591398  0.70967504  0.7127296 ]
 [ 0.29254974  0.64204307  0.65989247  0.59568461  0.62862178  0.
   0.5         0.71247312  0.          0.41602493]
 [ 0.51725014  0.74225146  0.78774194  0.70392715  0.74889709  0.47543288
   0.73651786  0.73946237  0.72261642  0.73266124]
 [ 0.32795397  0.66294643  0.66612903  0.65333042  0.66037851  0.53410785
   0.76720413  0.76752688  0.76497046  0.76616746]
 [ 0.16076284  0.56894962  0.65365591  0.37741622  0.5135132   0.37191876
   0.68604167  0.68580645  0.68383933  0.68499429]
 [ 0.78662441  0.88484127  0.90827957  0.87825714  0.89229442  0.43094357
   0.70789474  0.73806452  0.6897039   0.71219668]
 [ 0.          0.5         0.69290323  0.          0.40926321  0.
   0.5         0.68645161  0.          0.40701357]
 [ 0.37806736  0.68940476  0.68956989  0.68275735  0.68637888  0.28788945
   0.64080882  0.65688172  0.59919595  0.6290972 ]
 [ 0.05633813  0.52390351  0.62075269  0.22209718  0.44259287  0.37339159
   0.67420715  0.72258065  0.61041562  0.6672315 ]
 [ 0.51636721  0.74058347  0.78731183  0.70835009  0.75103528  0.27132557
   0.62410287  0.68634409  0.54424131  0.61308743]
 [ 0.33587134  0.6610734   0.68956989  0.62347196  0.65715798  0.
   0.5         0.56860215  0.          0.36245296]
 [ 0.          0.5         0.65376344  0.          0.39529412  0.39837363
   0.69798319  0.70193548  0.69176907  0.69697839]
 [ 0.          0.5         0.67978495  0.          0.40466063  0.
   0.5         0.62752688  0.          0.38553341]
 [ 0.          0.5         0.5916129   0.          0.37167347  0.21330559
   0.58772727  0.71903226  0.40967751  0.55795167]
 [ 0.44658584  0.71419683  0.74204301  0.68439988  0.71482202  0.06741394
   0.52895299  0.6144086   0.22449616  0.43485649]
 [ 0.          0.5         0.85634409  0.          0.46127387  0.24449749
   0.61046446  0.67344086  0.51056542  0.59074707]
 [ 0.          0.5         0.68967742  0.          0.40813839  0.15009827
   0.57073772  0.60763441  0.40734108  0.51613603]
 [ 0.04436951  0.51761905  0.67645161  0.13765661  0.44346218  0.18196932
   0.57687799  0.68301075  0.38648349  0.53932955]
 [ 0.          0.5         0.76473118  0.          0.43331555 -0.01674661
   0.49145833  0.48430108  0.37139104  0.43271034]
 [ 0.27013166  0.63520833  0.63419355  0.59612954  0.61606608  0.
   0.5         0.65376344  0.          0.39529412]
 [ 0.          0.5         0.58172043  0.          0.36774859  0.
   0.5         0.73204301  0.          0.42262001]
 [-0.02352794  0.48878501  0.51634409  0.05773268  0.35371653  0.42625555
   0.70686611  0.72569892  0.67423227  0.70209399]
 [ 0.22092455  0.60224628  0.64397849  0.46577929  0.55522548  0.50406913
   0.7525      0.75182796  0.74201252  0.74792375]
 [ 0.20980176  0.59942052  0.6272043   0.46421158  0.54746662  0.43518545
   0.71584608  0.72612903  0.70113635  0.71303728]
 [ 0.50011599  0.72362915  0.81053763  0.67950773  0.74284779  0.54649244
   0.77354167  0.77376344  0.76031072  0.76783712]
 [ 0.          0.5         0.63397849  0.          0.38796479  0.46863391
   0.72285762  0.75817204  0.69421575  0.72727823]
 [ 0.          0.5         0.62430108  0.          0.38431773  0.35595398
   0.67318803  0.68967742  0.63419367  0.6635456 ]
 [ 0.69180063  0.84715577  0.85311828  0.84584807  0.84553855  0.43692673
   0.70591991  0.76172043  0.6793115   0.7148726 ]]
SVM mean:
[0.23148679 0.61091461 0.69632258 0.37808892 0.56304144 0.26847507
 0.62899364 0.69492473 0.46885208 0.59631252]
---------------------------
---------------------------
GBM performance:
[[ 0.52092787  0.75073125  0.76526882  0.73006609  0.75036601  0.34108669
   0.64157609  0.82075269  0.46429845  0.65143532]
 [ 0.4954886   0.74007353  0.75129032  0.72483689  0.73863263  0.45230786
   0.70826688  0.77075269  0.646823    0.71377681]
 [ 0.51529788  0.74171694  0.78086022  0.69259683  0.74257636  0.39225665
   0.69514881  0.69903226  0.67951951  0.6900184 ]
 [ 0.3080992   0.64795168  0.66010753  0.61992935  0.64086283  0.00890411
   0.50328283  0.71247312  0.06868867  0.42569837]
 [ 0.54857872  0.75891813  0.80075269  0.72623333  0.76526203  0.5201606
   0.75860119  0.76204301  0.74121064  0.75484891]
 [ 0.49848272  0.75047619  0.74817204  0.73817958  0.74346089  0.59395798
   0.79344888  0.80086022  0.77763809  0.79119593]
 [ 0.36566596  0.67258772  0.7155914   0.62689045  0.67073041  0.43187169
   0.71270833  0.71225806  0.70829092  0.71048784]
 [ 0.81965485  0.89075397  0.92139785  0.88511962  0.905154    0.50414919
   0.74524854  0.77075269  0.72892202  0.7481817 ]
 [ 0.24295493  0.6047619   0.74827957  0.41994984  0.59194152  0.1405306
   0.55634921  0.70580645  0.35361065  0.52645615]
 [ 0.3295088   0.66125     0.6627957   0.64546217  0.6528178   0.27949536
   0.64944853  0.66645161  0.60510105  0.64035673]
 [ 0.17548686  0.57368421  0.65043011  0.4155436   0.54292611  0.57582664
   0.77240778  0.80344086  0.74936462  0.77883071]
 [ 0.60530616  0.78955343  0.82354839  0.7681738   0.79783021  0.47329354
   0.7280303   0.75139785  0.71509715  0.72990829]
 [ 0.42788673  0.7019931   0.71913978  0.69202233  0.70103124  0.15849526
   0.57578108  0.60763441  0.51795876  0.55881555]
 [ 0.17314945  0.58272727  0.70258065  0.33915832  0.54986143  0.46140883
   0.73068102  0.74107527  0.70002852  0.72509813]
 [ 0.15338372  0.56087302  0.70946237  0.34761712  0.52691339  0.21040814
   0.5912201   0.68311828  0.45080215  0.56482888]
 [ 0.29157716  0.63034188  0.69        0.52054083  0.6064772   0.43206277
   0.6921645   0.7816129   0.61796461  0.69828773]
 [ 0.67662631  0.83320764  0.84967742  0.82397781  0.83985959  0.41130336
   0.69394962  0.73537634  0.64522608  0.69121385]
 [ 0.02686362  0.50865385  0.85301075  0.0938529   0.4801339   0.43956999
   0.70892937  0.74526882  0.678233    0.7128145 ]
 [ 0.09355738  0.55119048  0.7027957   0.20477516  0.50012602  0.51897027
   0.7521271   0.76870968  0.7303122   0.75428918]
 [ 0.2872164   0.6334632   0.72591398  0.52027243  0.62548077  0.2745981
   0.62437002  0.69935484  0.52995864  0.61918576]
 [-0.00598291  0.49791667  0.76150538  0.          0.43227177  0.22763261
   0.61354167  0.61333333  0.60266325  0.60684065]
 [ 0.27553139  0.64458333  0.64408602  0.63137094  0.64059865  0.3293768
   0.64681818  0.74548387  0.54602952  0.6447189 ]
 [ 0.27289115  0.63037959  0.67290323  0.56061915  0.61744824  0.04526109
   0.51647727  0.73860215  0.10525314  0.45616773]
 [ 0.38626303  0.68858018  0.69301075  0.67873251  0.68615092  0.5288955
   0.75779533  0.76752688  0.7467869   0.75805079]
 [ 0.33586227  0.66079509  0.68623656  0.61399502  0.65204982  0.63470485
   0.82083333  0.82053763  0.81371923  0.81940733]
 [ 0.32955307  0.66320203  0.67946237  0.62283     0.65129381  0.58429569
   0.78541263  0.80129032  0.77230051  0.78796714]
 [ 0.40018965  0.66936508  0.78741935  0.58116027  0.68224699  0.61263301
   0.79895833  0.80043011  0.79395256  0.79694409]
 [ 0.21693832  0.5882815   0.68956989  0.42047865  0.55880125  0.40791923
   0.68990103  0.73193548  0.64771977  0.69224792]
 [ 0.32144936  0.64866427  0.7255914   0.56494503  0.63739882  0.34395128
   0.66932773  0.68086022  0.64264419  0.66278292]
 [ 0.60775202  0.79204545  0.8172043   0.77993631  0.79852499  0.38008973
   0.67375541  0.76193548  0.57580029  0.67574861]]
GBM mean:
[0.35653869 0.66895742 0.73793548 0.56630888 0.65764099 0.39051391
 0.68688537 0.74000358 0.61186394 0.67955349]
---------------------------
---------------------------
BDDAE performance:
[[ 0.00422846  0.5019958   0.50806452  0.49381976  0.49987289 -0.01460652
   0.4948227   0.74677419  0.02554373  0.43322003]
 [ 0.40049398  0.7032563   0.6983871   0.69871436  0.69717729  0.46873377
   0.72960526  0.75322581  0.72028692  0.73319367]
 [-0.04906457  0.47628205  0.52580645  0.35607009  0.44118918  0.19642622
   0.5975      0.6016129   0.57939808  0.59072759]
 [-0.06195557  0.46901261  0.48225806  0.44127213  0.46100458  0.15031094
   0.56755051  0.71935484  0.327695    0.5380091 ]
 [ 0.39073474  0.6879386   0.72096774  0.66349566  0.68991129  0.38554744
   0.69322917  0.69193548  0.68500301  0.68872101]
 [ 0.5662957   0.78239583  0.78387097  0.77723949  0.78147135  0.08722616
   0.54409613  0.54516129  0.53582041  0.53997405]
 [ 0.10810226  0.55216216  0.58548387  0.51495217  0.54608719  0.02580645
   0.51290323  0.51290323  0.49850716  0.50574919]
 [ 0.53665526  0.7422619   0.81935484  0.70502766  0.76209096  0.02608149
   0.51282895  0.56935484  0.42565118  0.49527606]
 [ 0.51578275  0.7252142   0.82258065  0.67420432  0.74904134  0.53228996
   0.72925337  0.83225806  0.67213128  0.7551508 ]
 [ 0.09003061  0.54489583  0.54677419  0.54011018  0.54334303  0.28261594
   0.64033613  0.6483871   0.63095246  0.63879888]
 [ 0.07670258  0.53618421  0.58387097  0.4717193   0.5226981   0.24229766
   0.61718919  0.6483871   0.57661611  0.60933354]
 [ 0.09845036  0.54583333  0.59193548  0.49953621  0.54064215  0.25595102
   0.62675439  0.6516129   0.60693071  0.62363664]
 [ 0.00804198  0.50359788  0.51935484  0.48276757  0.49914318  0.31689449
   0.65925926  0.66451613  0.65332707  0.65677456]
 [ 0.11601292  0.55226481  0.66129032  0.41239077  0.529141    0.34545842
   0.67283177  0.67419355  0.66749654  0.67061671]
 [ 0.13607705  0.56095238  0.66774194  0.46117608  0.55251751  0.16490637
   0.58004459  0.63548387  0.50562561  0.56473466]
 [ 0.11091965  0.55221622  0.58709677  0.45721734  0.51887874  0.26426745
   0.61045296  0.72903226  0.47467326  0.59612343]
 [ 0.56522238  0.79113248  0.78225806  0.77790494  0.77668139  0.23770438
   0.60924324  0.66290323  0.52761681  0.59334434]
 [ 0.15347375  0.55974843  0.83870968  0.36957262  0.56632327 -0.0121409
   0.49486486  0.57903226  0.18736802  0.41031176]
 [ 0.27311285  0.62288862  0.71935484  0.56707913  0.63031459  0.32937086
   0.66271008  0.67258065  0.64290865  0.65746829]
 [ 0.19518022  0.5897619   0.68548387  0.50711931  0.58575868 -0.02470198
   0.48957637  0.60806452  0.10101934  0.39959186]
 [ 0.04928505  0.52503546  0.73064516  0.21765622  0.49236762  0.17741935
   0.58870968  0.58870968  0.58307821  0.58598488]
 [ 0.03548387  0.51774194  0.51774194  0.49729728  0.50763387 -0.04603101
   0.48147503  0.63064516  0.08317568  0.40123526]
 [-0.04076061  0.48098291  0.51451613  0.40264882  0.45907467  0.52154129
   0.7427451   0.82580645  0.71456151  0.75832474]
 [ 0.14719225  0.57351097  0.57580645  0.56822349  0.57151447  0.30381445
   0.65042017  0.65806452  0.64366356  0.65023687]
 [ 0.01055554  0.50483193  0.52258065  0.46120927  0.491708    0.18387097
   0.59193548  0.59193548  0.5896768   0.59083716]
 [ 0.23455981  0.61562173  0.62419355  0.59263874  0.60870405  0.23601034
   0.61492063  0.63548387  0.58964148  0.61137478]
 [ 0.44860034  0.70789474  0.78225806  0.67800865  0.72091619  0.4483871
   0.72419355  0.72419355  0.70814813  0.71752222]
 [ 0.0442986   0.52146042  0.58870968  0.43957606  0.50863092  0.45490758
   0.72286486  0.74354839  0.71315696  0.7260295 ]
 [ 0.11238681  0.55340022  0.60645161  0.50172309  0.5468525   0.40582836
   0.69821429  0.71290323  0.67978005  0.69751189]
 [ 0.22716354  0.60800439  0.6483871   0.56872812  0.60391108  0.01701757
   0.50650407  0.6483871   0.21556929  0.44300642]]
BDDAE mean:
[0.18344208 0.58694934 0.64139785 0.52663663 0.58015337 0.23210685
 0.6122345  0.66354839 0.5188341  0.596094  ]
---------------------------
---------------------------
DUMMY performance:
[[0.         0.5        0.54903226 0.         0.35440564 0.
  0.5        0.75505376 0.         0.43018423]
 [0.         0.5        0.54236559 0.         0.35163043 0.
  0.5        0.6144086  0.         0.38055102]
 [0.         0.5        0.5783871  0.         0.3664188  0.
  0.5        0.51634409 0.         0.3404872 ]
 [0.         0.5        0.54236559 0.         0.35163043 0.
  0.5        0.71247312 0.         0.41602493]
 [0.         0.5        0.60774194 0.         0.378      0.
  0.5        0.51301075 0.         0.33903793]
 [0.         0.5        0.51634409 0.         0.3404872  0.
  0.5        0.52946237 0.         0.34613398]
 [0.         0.5        0.60129032 0.         0.37546939 0.
  0.5        0.50322581 0.         0.33472094]
 [0.         0.5        0.67978495 0.         0.40466063 0.
  0.5        0.60774194 0.         0.378     ]
 [0.         0.5        0.69290323 0.         0.40926321 0.
  0.5        0.68645161 0.         0.40701357]
 [0.         0.5        0.51634409 0.         0.3404872  0.
  0.5        0.54236559 0.         0.35163043]
 [0.         0.5        0.60774194 0.         0.378      0.
  0.5        0.59806452 0.         0.37420408]
 [0.         0.5        0.6144086  0.         0.38055102 0.
  0.5        0.61107527 0.         0.37927551]
 [0.         0.5        0.56860215 0.         0.36245296 0.
  0.5        0.56860215 0.         0.36245296]
 [0.         0.5        0.65376344 0.         0.39529412 0.
  0.5        0.52946237 0.         0.34613398]
 [0.         0.5        0.67978495 0.         0.40466063 0.
  0.5        0.62752688 0.         0.38553341]
 [0.         0.5        0.5916129  0.         0.37167347 0.
  0.5        0.66344086 0.         0.3988009 ]
 [0.         0.5        0.5783871  0.         0.3664188  0.
  0.5        0.5916129  0.         0.37167347]
 [0.         0.5        0.85634409 0.         0.46127387 0.
  0.5        0.59806452 0.         0.37420408]
 [0.         0.5        0.68967742 0.         0.40813839 0.
  0.5        0.55236559 0.         0.35579325]
 [0.         0.5        0.66989247 0.         0.40113876 0.
  0.5        0.63397849 0.         0.38796479]
 [0.         0.5        0.76473118 0.         0.43331555 0.
  0.5        0.49032258 0.         0.32898551]
 [0.         0.5        0.50322581 0.         0.33472094 0.
  0.5        0.65376344 0.         0.39529412]
 [0.         0.5        0.58172043 0.         0.36774859 0.
  0.5        0.73204301 0.         0.42262001]
 [0.         0.5        0.52946237 0.         0.34613398 0.
  0.5        0.54903226 0.         0.35440564]
 [0.         0.5        0.55569892 0.         0.35718085 0.
  0.5        0.50322581 0.         0.33472094]
 [0.         0.5        0.53913978 0.         0.35025632 0.
  0.5        0.56215054 0.         0.35981691]
 [0.         0.5        0.68967742 0.         0.40813839 0.
  0.5        0.50322581 0.         0.33472094]
 [0.         0.5        0.63397849 0.         0.38796479 0.
  0.5        0.59806452 0.         0.37420408]
 [0.         0.5        0.62430108 0.         0.38431773 0.
  0.5        0.54236559 0.         0.35163043]
 [0.         0.5        0.61774194 0.         0.38182653 0.
  0.5        0.65698925 0.         0.39646305]]
DUMMY mean:
[0.         0.5        0.61254839 0.         0.37845529 0.
 0.5        0.59153047 0.         0.37042274]
---------------------------
Current folder: C:\Users\Javier\Dropbox\c_sldl_1_2_7
-------------------------------------
----- RESULTS from .csv files ------
-------------------------------------
---------------------------
ALG Means: 
-rows: alg : KNN = 0; DT = 1; RF = 2; SVM = 3; GBM = 4; BDDAE = 5; DUMMY = 5
columns:
'val_cohen','val_uar', 'val_acc', 'val_gm',  'val_f1',  'aro_cohen','aro_uar', 'aro_acc', 'aro_gm',  'aro_f1'
-------------------------------------------------------------
  v_c   v_u   v_a   v_g   v_f1  a_c   a_u   a_a   a_g   a_f1
[[0.417 0.705 0.742 0.675 0.705 0.447 0.721 0.745 0.704 0.72 ]
 [0.392 0.695 0.719 0.681 0.692 0.43  0.713 0.727 0.708 0.71 ]
 [0.458 0.719 0.751 0.696 0.719 0.461 0.739 0.759 0.727 0.739]
 [0.231 0.611 0.696 0.378 0.563 0.268 0.629 0.695 0.469 0.596]
 [0.357 0.669 0.738 0.566 0.658 0.391 0.687 0.74  0.612 0.68 ]
 [0.183 0.587 0.641 0.527 0.58  0.232 0.612 0.664 0.519 0.596]
 [0.    0.5   0.613 0.    0.378 0.    0.5   0.592 0.    0.37 ]]
-------------------------------------------------------------
Standard Deviation of each metric:
[[0.164 0.082 0.074 0.119 0.084 0.143 0.073 0.067 0.085 0.074]
 [0.164 0.081 0.075 0.092 0.084 0.144 0.072 0.07  0.078 0.073]
 [0.169 0.091 0.078 0.116 0.094 0.145 0.069 0.065 0.084 0.069]
 [0.233 0.113 0.087 0.319 0.158 0.189 0.094 0.064 0.274 0.132]
 [0.188 0.092 0.066 0.206 0.108 0.162 0.081 0.054 0.177 0.096]
 [0.189 0.091 0.106 0.126 0.099 0.169 0.08  0.074 0.2   0.104]
 [0.    0.    0.078 0.    0.029 0.    0.    0.071 0.    0.027]]
-------------------------------------------------------------
std_dev/mean [percentage]:
[[ 39.  12.  10.  18.  12.  32.  10.   9.  12.  10.]
 [ 42.  12.  10.  14.  12.  33.  10.  10.  11.  10.]
 [ 37.  13.  10.  17.  13.  31.   9.   9.  12.   9.]
 [101.  18.  12.  84.  28.  70.  15.   9.  58.  22.]
 [ 53.  14.   9.  36.  16.  41.  12.   7.  29.  14.]
 [103.  16.  17.  24.  17.  73.  13.  11.  39.  17.]
 [  0.   0.  13.   0.   8.   0.   0.  12.   0.   7.]]
