2024-08-09 05:35:54.442104: I tensorflow/core/util/port.cc:113] oneDNN custom operations are on. You may see slightly different numerical results due to floating-point round-off errors from different computation orders. To turn them off, set the environment variable `TF_ENABLE_ONEDNN_OPTS=0`.
2024-08-09 05:35:55.215848: I tensorflow/core/util/port.cc:113] oneDNN custom operations are on. You may see slightly different numerical results due to floating-point round-off errors from different computation orders. To turn them off, set the environment variable `TF_ENABLE_ONEDNN_OPTS=0`.
2024-08-09 05:35:56.821962: I tensorflow/core/platform/cpu_feature_guard.cc:210] This TensorFlow binary is optimized to use available CPU instructions in performance-critical operations.
To enable the following instructions: AVX2 FMA, in other operations, rebuild TensorFlow with the appropriate compiler flags.
    
    
-------------------------------
participant:  1
-------------------------------
    
    
participant:  1
corriendo en PC gamer:
Window size (sec):  7.0
step (sec):  3.5
overlap:  True
perc. of overlap:  50.0
overlap duration (sec):  3.5
Nearest multiple of 16 to 7000 is: 7008
Nearest multiple of 16 to 3500 is: 3504
['gsr_chunks', 'ppg_chunks', 'val_chunks', 'aro_chunks', 'time_chunks', 'tag_chunks', 'video']
----- Extracting features...
Class Imbalance test (arousal)....
Multiclass distribution
Class=1, n=325 (92.857%)
Class=0, n=25 (7.143%)
Class Imbalance test (valence)....
Multiclass distribution
Class=1, n=270 (77.143%)
Class=0, n=80 (22.857%)
------------- Evaluating model --------------
------------- Evaluating model --------------
------------- Evaluating model --------------
------------- Evaluating model --------------
------------- Evaluating model --------------
arousal and valece = ok
------------- Evaluating model --------------
-------------------------------------
-------------------------------------
participant:  1
-------------------------------------
----- RESULTS ------
-------------------------------------
Window size (sec):  7.008
step (sec):  3.504
overlap:  True
perc. of overlap:  50.0
overlap duration (sec):  3.504
Number of windows / instances:  350
-rows: alg : KNN = 0; DT = 1; RF = 2; SVM = 3; GBM = 4; BDDAE = 5; DUMMY = 5
columns:
'val_cohen','val_uar', 'val_acc', 'val_gm',  'val_f1',  'aro_cohen','aro_uar', 'aro_acc', 'aro_gm',  'aro_f1'
-------------------------------------------------------------
  v_c   v_u   v_a   v_g   v_f1  a_c   a_u   a_a   a_g   a_f1
[[0.781 0.89  0.926 0.88  0.889 0.668 0.827 0.966 0.763 0.833]
 [0.706 0.838 0.9   0.847 0.85  0.714 0.846 0.957 0.835 0.844]
 [0.841 0.863 0.917 0.888 0.877 0.845 0.829 0.969 0.785 0.845]
 [0.24  0.588 0.811 0.388 0.588 0.    0.5   0.929 0.    0.481]
 [0.689 0.809 0.903 0.787 0.843 0.764 0.84  0.974 0.814 0.881]
 [0.    0.    0.    0.    0.    0.    0.    0.    0.    0.   ]
 [0.    0.5   0.771 0.    0.435 0.    0.5   0.929 0.    0.481]]
first participant performance loaded
    
    
-------------------------------
LAST participant's saved data: 
1
-------------------------------
    
    
    
    
-------------------------------
participant:  2
-------------------------------
    
    
participant:  2
corriendo en PC gamer:
Window size (sec):  7.0
step (sec):  3.5
overlap:  True
perc. of overlap:  50.0
overlap duration (sec):  3.5
Nearest multiple of 16 to 7000 is: 7008
Nearest multiple of 16 to 3500 is: 3504
['gsr_chunks', 'ppg_chunks', 'val_chunks', 'aro_chunks', 'time_chunks', 'tag_chunks', 'video']
----- Extracting features...
Class Imbalance test (arousal)....
Multiclass distribution
Class=1, n=271 (77.429%)
Class=0, n=79 (22.571%)
Class Imbalance test (valence)....
Multiclass distribution
Class=1, n=273 (78.000%)
Class=0, n=77 (22.000%)
------------- Evaluating model --------------
------------- Evaluating model --------------
------------- Evaluating model --------------
------------- Evaluating model --------------
------------- Evaluating model --------------
arousal and valece = ok
------------- Evaluating model --------------
-------------------------------------
-------------------------------------
participant:  2
-------------------------------------
----- RESULTS ------
-------------------------------------
Window size (sec):  7.008
step (sec):  3.504
overlap:  True
perc. of overlap:  50.0
overlap duration (sec):  3.504
Number of windows / instances:  350
-rows: alg : KNN = 0; DT = 1; RF = 2; SVM = 3; GBM = 4; BDDAE = 5; DUMMY = 5
columns:
'val_cohen','val_uar', 'val_acc', 'val_gm',  'val_f1',  'aro_cohen','aro_uar', 'aro_acc', 'aro_gm',  'aro_f1'
-------------------------------------------------------------
  v_c   v_u   v_a   v_g   v_f1  a_c   a_u   a_a   a_g   a_f1
[[0.663 0.811 0.894 0.789 0.83  0.507 0.761 0.826 0.746 0.752]
 [0.612 0.807 0.86  0.785 0.802 0.704 0.833 0.88  0.812 0.826]
 [0.654 0.794 0.86  0.769 0.795 0.792 0.885 0.934 0.893 0.9  ]
 [0.111 0.538 0.797 0.215 0.511 0.    0.5   0.774 0.    0.436]
 [0.48  0.695 0.857 0.624 0.732 0.366 0.671 0.834 0.458 0.659]
 [0.    0.    0.    0.    0.    0.    0.    0.    0.    0.   ]
 [0.    0.5   0.78  0.    0.438 0.    0.5   0.774 0.    0.436]]
participant performance loaded
    
    
-------------------------------
LAST participant's saved data: 
2
-------------------------------
    
    
    
    
-------------------------------
participant:  3
-------------------------------
    
    
participant:  3
corriendo en PC gamer:
Window size (sec):  7.0
step (sec):  3.5
overlap:  True
perc. of overlap:  50.0
overlap duration (sec):  3.5
Nearest multiple of 16 to 7000 is: 7008
Nearest multiple of 16 to 3500 is: 3504
['gsr_chunks', 'ppg_chunks', 'val_chunks', 'aro_chunks', 'time_chunks', 'tag_chunks', 'video']
----- Extracting features...
Class Imbalance test (arousal)....
Multiclass distribution
Class=1, n=296 (84.571%)
Class=0, n=54 (15.429%)
Class Imbalance test (valence)....
Multiclass distribution
Class=1, n=275 (78.571%)
Class=0, n=75 (21.429%)
------------- Evaluating model --------------
------------- Evaluating model --------------
------------- Evaluating model --------------
------------- Evaluating model --------------
------------- Evaluating model --------------
arousal and valece = ok
------------- Evaluating model --------------
-------------------------------------
-------------------------------------
participant:  3
-------------------------------------
----- RESULTS ------
-------------------------------------
Window size (sec):  7.008
step (sec):  3.504
overlap:  True
perc. of overlap:  50.0
overlap duration (sec):  3.504
Number of windows / instances:  350
-rows: alg : KNN = 0; DT = 1; RF = 2; SVM = 3; GBM = 4; BDDAE = 5; DUMMY = 5
columns:
'val_cohen','val_uar', 'val_acc', 'val_gm',  'val_f1',  'aro_cohen','aro_uar', 'aro_acc', 'aro_gm',  'aro_f1'
-------------------------------------------------------------
  v_c   v_u   v_a   v_g   v_f1  a_c   a_u   a_a   a_g   a_f1
[[ 0.789  0.871  0.934  0.86   0.894  0.583  0.773  0.9    0.739  0.789]
 [ 0.756  0.898  0.929  0.893  0.898  0.458  0.708  0.843  0.719  0.706]
 [ 0.835  0.919  0.957  0.889  0.934  0.447  0.701  0.874  0.622  0.712]
 [ 0.767  0.853  0.929  0.84   0.883  0.     0.5    0.846  0.     0.458]
 [ 0.796  0.864  0.937  0.853  0.897 -0.014  0.495  0.837  0.     0.456]
 [ 0.     0.     0.     0.     0.     0.     0.     0.     0.     0.   ]
 [ 0.     0.5    0.786  0.     0.44   0.     0.5    0.846  0.     0.458]]
participant performance loaded
    
    
-------------------------------
LAST participant's saved data: 
3
-------------------------------
    
    
    
    
-------------------------------
participant:  4
-------------------------------
    
    
participant:  4
corriendo en PC gamer:
Window size (sec):  7.0
step (sec):  3.5
overlap:  True
perc. of overlap:  50.0
overlap duration (sec):  3.5
Nearest multiple of 16 to 7000 is: 7008
Nearest multiple of 16 to 3500 is: 3504
['gsr_chunks', 'ppg_chunks', 'val_chunks', 'aro_chunks', 'time_chunks', 'tag_chunks', 'video']
----- Extracting features...
Class Imbalance test (arousal)....
Multiclass distribution
Class=1, n=314 (89.714%)
Class=0, n=36 (10.286%)
Class Imbalance test (valence)....
Multiclass distribution
Class=1, n=253 (72.286%)
Class=0, n=97 (27.714%)
------------- Evaluating model --------------
------------- Evaluating model --------------
------------- Evaluating model --------------
------------- Evaluating model --------------
------------- Evaluating model --------------
arousal and valece = ok
------------- Evaluating model --------------
-------------------------------------
-------------------------------------
participant:  4
-------------------------------------
----- RESULTS ------
-------------------------------------
Window size (sec):  7.008
step (sec):  3.504
overlap:  True
perc. of overlap:  50.0
overlap duration (sec):  3.504
Number of windows / instances:  350
-rows: alg : KNN = 0; DT = 1; RF = 2; SVM = 3; GBM = 4; BDDAE = 5; DUMMY = 5
columns:
'val_cohen','val_uar', 'val_acc', 'val_gm',  'val_f1',  'aro_cohen','aro_uar', 'aro_acc', 'aro_gm',  'aro_f1'
-------------------------------------------------------------
  v_c   v_u   v_a   v_g   v_f1  a_c   a_u   a_a   a_g   a_f1
[[0.261 0.614 0.751 0.514 0.616 0.098 0.537 0.897 0.128 0.531]
 [0.342 0.694 0.737 0.655 0.682 0.221 0.601 0.84  0.451 0.609]
 [0.476 0.716 0.791 0.642 0.719 0.239 0.561 0.894 0.258 0.56 ]
 [0.043 0.516 0.731 0.097 0.45  0.    0.5   0.897 0.    0.473]
 [0.203 0.578 0.763 0.353 0.561 0.    0.5   0.897 0.    0.473]
 [0.    0.    0.    0.    0.    0.    0.    0.    0.    0.   ]
 [0.    0.5   0.723 0.    0.42  0.    0.5   0.897 0.    0.473]]
participant performance loaded
    
    
-------------------------------
LAST participant's saved data: 
4
-------------------------------
    
    
    
    
-------------------------------
participant:  5
-------------------------------
    
    
participant:  5
corriendo en PC gamer:
Window size (sec):  7.0
step (sec):  3.5
overlap:  True
perc. of overlap:  50.0
overlap duration (sec):  3.5
Nearest multiple of 16 to 7000 is: 7008
Nearest multiple of 16 to 3500 is: 3504
['gsr_chunks', 'ppg_chunks', 'val_chunks', 'aro_chunks', 'time_chunks', 'tag_chunks', 'video']
----- Extracting features...
Class Imbalance test (arousal)....
Multiclass distribution
Class=1, n=238 (68.000%)
Class=0, n=112 (32.000%)
Class Imbalance test (valence)....
Multiclass distribution
Class=1, n=273 (78.000%)
Class=0, n=77 (22.000%)
------------- Evaluating model --------------
------------- Evaluating model --------------
------------- Evaluating model --------------
------------- Evaluating model --------------
------------- Evaluating model --------------
arousal and valece = ok
------------- Evaluating model --------------
-------------------------------------
-------------------------------------
participant:  5
-------------------------------------
----- RESULTS ------
-------------------------------------
Window size (sec):  7.008
step (sec):  3.504
overlap:  True
perc. of overlap:  50.0
overlap duration (sec):  3.504
Number of windows / instances:  350
-rows: alg : KNN = 0; DT = 1; RF = 2; SVM = 3; GBM = 4; BDDAE = 5; DUMMY = 5
columns:
'val_cohen','val_uar', 'val_acc', 'val_gm',  'val_f1',  'aro_cohen','aro_uar', 'aro_acc', 'aro_gm',  'aro_f1'
-------------------------------------------------------------
  v_c   v_u   v_a   v_g   v_f1  a_c   a_u   a_a   a_g   a_f1
[[0.825 0.924 0.937 0.921 0.912 0.57  0.785 0.811 0.778 0.783]
 [0.815 0.883 0.926 0.898 0.888 0.585 0.798 0.823 0.799 0.795]
 [0.773 0.906 0.937 0.902 0.907 0.583 0.821 0.837 0.749 0.815]
 [0.809 0.898 0.937 0.889 0.904 0.521 0.761 0.789 0.748 0.757]
 [0.76  0.854 0.923 0.842 0.879 0.275 0.611 0.749 0.469 0.602]
 [0.    0.    0.    0.    0.    0.    0.    0.    0.    0.   ]
 [0.    0.5   0.78  0.    0.438 0.    0.5   0.68  0.    0.405]]
participant performance loaded
    
    
-------------------------------
LAST participant's saved data: 
5
-------------------------------
    
    
    
    
-------------------------------
participant:  6
-------------------------------
    
    
participant:  6
corriendo en PC gamer:
Window size (sec):  7.0
step (sec):  3.5
overlap:  True
perc. of overlap:  50.0
overlap duration (sec):  3.5
Nearest multiple of 16 to 7000 is: 7008
Nearest multiple of 16 to 3500 is: 3504
['gsr_chunks', 'ppg_chunks', 'val_chunks', 'aro_chunks', 'time_chunks', 'tag_chunks', 'video']
----- Extracting features...
Class Imbalance test (arousal)....
Multiclass distribution
Class=1, n=281 (80.286%)
Class=0, n=69 (19.714%)
Class Imbalance test (valence)....
Multiclass distribution
Class=1, n=260 (74.286%)
Class=0, n=90 (25.714%)
------------- Evaluating model --------------
------------- Evaluating model --------------
------------- Evaluating model --------------
------------- Evaluating model --------------
------------- Evaluating model --------------
arousal and valece = ok
------------- Evaluating model --------------
-------------------------------------
-------------------------------------
participant:  6
-------------------------------------
----- RESULTS ------
-------------------------------------
Window size (sec):  7.008
step (sec):  3.504
overlap:  True
perc. of overlap:  50.0
overlap duration (sec):  3.504
Number of windows / instances:  350
-rows: alg : KNN = 0; DT = 1; RF = 2; SVM = 3; GBM = 4; BDDAE = 5; DUMMY = 5
columns:
'val_cohen','val_uar', 'val_acc', 'val_gm',  'val_f1',  'aro_cohen','aro_uar', 'aro_acc', 'aro_gm',  'aro_f1'
-------------------------------------------------------------
  v_c   v_u   v_a   v_g   v_f1  a_c   a_u   a_a   a_g   a_f1
[[0.311 0.639 0.771 0.563 0.648 0.455 0.707 0.854 0.644 0.723]
 [0.384 0.68  0.757 0.663 0.677 0.403 0.691 0.826 0.671 0.694]
 [0.471 0.663 0.769 0.669 0.671 0.418 0.663 0.811 0.658 0.676]
 [0.    0.5   0.743 0.    0.426 0.    0.5   0.803 0.    0.445]
 [0.055 0.52  0.751 0.113 0.465 0.021 0.507 0.806 0.038 0.459]
 [0.    0.    0.    0.    0.    0.    0.    0.    0.    0.   ]
 [0.    0.5   0.743 0.    0.426 0.    0.5   0.803 0.    0.445]]
participant performance loaded
    
    
-------------------------------
LAST participant's saved data: 
6
-------------------------------
    
    
    
    
-------------------------------
participant:  7
-------------------------------
    
    
participant:  7
corriendo en PC gamer:
Window size (sec):  7.0
step (sec):  3.5
overlap:  True
perc. of overlap:  50.0
overlap duration (sec):  3.5
Nearest multiple of 16 to 7000 is: 7008
Nearest multiple of 16 to 3500 is: 3504
['gsr_chunks', 'ppg_chunks', 'val_chunks', 'aro_chunks', 'time_chunks', 'tag_chunks', 'video']
----- Extracting features...
Class Imbalance test (arousal)....
Multiclass distribution
Class=1, n=321 (91.714%)
Class=0, n=29 (8.286%)
Class Imbalance test (valence)....
Multiclass distribution
Class=1, n=325 (92.857%)
Class=0, n=25 (7.143%)
------------- Evaluating model --------------
------------- Evaluating model --------------
------------- Evaluating model --------------
------------- Evaluating model --------------
------------- Evaluating model --------------
arousal and valece = ok
------------- Evaluating model --------------
-------------------------------------
-------------------------------------
participant:  7
-------------------------------------
----- RESULTS ------
-------------------------------------
Window size (sec):  7.008
step (sec):  3.504
overlap:  True
perc. of overlap:  50.0
overlap duration (sec):  3.504
Number of windows / instances:  350
-rows: alg : KNN = 0; DT = 1; RF = 2; SVM = 3; GBM = 4; BDDAE = 5; DUMMY = 5
columns:
'val_cohen','val_uar', 'val_acc', 'val_gm',  'val_f1',  'aro_cohen','aro_uar', 'aro_acc', 'aro_gm',  'aro_f1'
-------------------------------------------------------------
  v_c   v_u   v_a   v_g   v_f1  a_c   a_u   a_a   a_g   a_f1
[[ 0.375  0.661  0.929  0.487  0.684  0.075  0.529  0.914  0.115  0.522]
 [ 0.542  0.796  0.946  0.734  0.779  0.207  0.63   0.891  0.427  0.601]
 [ 0.339  0.724  0.943  0.485  0.722  0.151  0.522  0.903  0.437  0.516]
 [ 0.     0.5    0.929  0.     0.481  0.     0.5    0.917  0.     0.478]
 [-0.007  0.497  0.923  0.     0.48   0.     0.5    0.917  0.     0.478]
 [ 0.     0.     0.     0.     0.     0.     0.     0.     0.     0.   ]
 [ 0.     0.5    0.929  0.     0.481  0.     0.5    0.917  0.     0.478]]
participant performance loaded
    
    
-------------------------------
LAST participant's saved data: 
7
-------------------------------
    
    
    
    
-------------------------------
participant:  8
-------------------------------
    
    
participant:  8
corriendo en PC gamer:
Window size (sec):  7.0
step (sec):  3.5
overlap:  True
perc. of overlap:  50.0
overlap duration (sec):  3.5
Nearest multiple of 16 to 7000 is: 7008
Nearest multiple of 16 to 3500 is: 3504
['gsr_chunks', 'ppg_chunks', 'val_chunks', 'aro_chunks', 'time_chunks', 'tag_chunks', 'video']
----- Extracting features...
Class Imbalance test (arousal)....
Multiclass distribution
Class=1, n=250 (71.429%)
Class=0, n=100 (28.571%)
Class Imbalance test (valence)....
Multiclass distribution
Class=1, n=271 (77.429%)
Class=0, n=79 (22.571%)
------------- Evaluating model --------------
------------- Evaluating model --------------
------------- Evaluating model --------------
------------- Evaluating model --------------
------------- Evaluating model --------------
arousal and valece = ok
------------- Evaluating model --------------
-------------------------------------
-------------------------------------
participant:  8
-------------------------------------
----- RESULTS ------
-------------------------------------
Window size (sec):  7.008
step (sec):  3.504
overlap:  True
perc. of overlap:  50.0
overlap duration (sec):  3.504
Number of windows / instances:  350
-rows: alg : KNN = 0; DT = 1; RF = 2; SVM = 3; GBM = 4; BDDAE = 5; DUMMY = 5
columns:
'val_cohen','val_uar', 'val_acc', 'val_gm',  'val_f1',  'aro_cohen','aro_uar', 'aro_acc', 'aro_gm',  'aro_f1'
-------------------------------------------------------------
  v_c   v_u   v_a   v_g   v_f1  a_c   a_u   a_a   a_g   a_f1
[[0.826 0.907 0.94  0.904 0.913 0.658 0.833 0.86  0.827 0.829]
 [0.746 0.86  0.909 0.878 0.867 0.645 0.834 0.866 0.811 0.833]
 [0.82  0.882 0.929 0.911 0.893 0.735 0.839 0.877 0.857 0.847]
 [0.745 0.833 0.923 0.813 0.871 0.494 0.719 0.817 0.676 0.742]
 [0.77  0.851 0.929 0.836 0.884 0.481 0.691 0.82  0.617 0.717]
 [0.    0.    0.    0.    0.    0.    0.    0.    0.    0.   ]
 [0.    0.5   0.774 0.    0.436 0.    0.5   0.714 0.    0.417]]
participant performance loaded
    
    
-------------------------------
LAST participant's saved data: 
8
-------------------------------
    
    
    
    
-------------------------------
participant:  9
-------------------------------
    
    
participant:  9
corriendo en PC gamer:
Window size (sec):  7.0
step (sec):  3.5
overlap:  True
perc. of overlap:  50.0
overlap duration (sec):  3.5
Nearest multiple of 16 to 7000 is: 7008
Nearest multiple of 16 to 3500 is: 3504
['gsr_chunks', 'ppg_chunks', 'val_chunks', 'aro_chunks', 'time_chunks', 'tag_chunks', 'video']
----- Extracting features...
Class Imbalance test (arousal)....
Multiclass distribution
Class=1, n=229 (65.429%)
Class=0, n=121 (34.571%)
Class Imbalance test (valence)....
Multiclass distribution
Class=1, n=285 (81.429%)
Class=0, n=65 (18.571%)
------------- Evaluating model --------------
------------- Evaluating model --------------
------------- Evaluating model --------------
------------- Evaluating model --------------
------------- Evaluating model --------------
arousal and valece = ok
------------- Evaluating model --------------
-------------------------------------
-------------------------------------
participant:  9
-------------------------------------
----- RESULTS ------
-------------------------------------
Window size (sec):  7.008
step (sec):  3.504
overlap:  True
perc. of overlap:  50.0
overlap duration (sec):  3.504
Number of windows / instances:  350
-rows: alg : KNN = 0; DT = 1; RF = 2; SVM = 3; GBM = 4; BDDAE = 5; DUMMY = 5
columns:
'val_cohen','val_uar', 'val_acc', 'val_gm',  'val_f1',  'aro_cohen','aro_uar', 'aro_acc', 'aro_gm',  'aro_f1'
-------------------------------------------------------------
  v_c   v_u   v_a   v_g   v_f1  a_c   a_u   a_a   a_g   a_f1
[[ 0.299  0.622  0.837  0.454  0.638  0.381  0.692  0.714  0.682  0.687]
 [ 0.218  0.637  0.777  0.6    0.629  0.37   0.676  0.709  0.66   0.673]
 [ 0.238  0.626  0.806  0.394  0.635  0.444  0.71   0.743  0.685  0.713]
 [ 0.     0.5    0.814  0.     0.449  0.     0.5    0.654  0.     0.395]
 [-0.01   0.496  0.809  0.     0.447  0.266  0.615  0.714  0.518  0.61 ]
 [ 0.     0.     0.     0.     0.     0.     0.     0.     0.     0.   ]
 [ 0.     0.5    0.814  0.     0.449  0.     0.5    0.654  0.     0.395]]
participant performance loaded
    
    
-------------------------------
LAST participant's saved data: 
9
-------------------------------
    
    
    
    
-------------------------------
participant:  10
-------------------------------
    
    
participant:  10
corriendo en PC gamer:
Window size (sec):  7.0
step (sec):  3.5
overlap:  True
perc. of overlap:  50.0
overlap duration (sec):  3.5
Nearest multiple of 16 to 7000 is: 7008
Nearest multiple of 16 to 3500 is: 3504
['gsr_chunks', 'ppg_chunks', 'val_chunks', 'aro_chunks', 'time_chunks', 'tag_chunks', 'video']
----- Extracting features...
Class Imbalance test (arousal)....
Multiclass distribution
Class=1, n=255 (72.857%)
Class=0, n=95 (27.143%)
Class Imbalance test (valence)....
Multiclass distribution
Class=1, n=305 (87.143%)
Class=0, n=45 (12.857%)
------------- Evaluating model --------------
------------- Evaluating model --------------
------------- Evaluating model --------------
------------- Evaluating model --------------
------------- Evaluating model --------------
arousal and valece = ok
------------- Evaluating model --------------
-------------------------------------
-------------------------------------
participant:  10
-------------------------------------
----- RESULTS ------
-------------------------------------
Window size (sec):  7.008
step (sec):  3.504
overlap:  True
perc. of overlap:  50.0
overlap duration (sec):  3.504
Number of windows / instances:  350
-rows: alg : KNN = 0; DT = 1; RF = 2; SVM = 3; GBM = 4; BDDAE = 5; DUMMY = 5
columns:
'val_cohen','val_uar', 'val_acc', 'val_gm',  'val_f1',  'aro_cohen','aro_uar', 'aro_acc', 'aro_gm',  'aro_f1'
-------------------------------------------------------------
  v_c   v_u   v_a   v_g   v_f1  a_c   a_u   a_a   a_g   a_f1
[[0.249 0.614 0.863 0.445 0.619 0.392 0.676 0.789 0.619 0.689]
 [0.463 0.699 0.863 0.652 0.689 0.287 0.662 0.731 0.624 0.656]
 [0.362 0.659 0.874 0.664 0.681 0.347 0.681 0.774 0.615 0.691]
 [0.    0.5   0.871 0.    0.466 0.    0.5   0.729 0.    0.421]
 [0.    0.5   0.871 0.    0.466 0.231 0.593 0.774 0.359 0.577]
 [0.    0.    0.    0.    0.    0.    0.    0.    0.    0.   ]
 [0.    0.5   0.871 0.    0.466 0.    0.5   0.729 0.    0.421]]
participant performance loaded
    
    
-------------------------------
LAST participant's saved data: 
10
-------------------------------
    
    
    
    
-------------------------------
participant:  11
-------------------------------
    
    
participant:  11
corriendo en PC gamer:
Window size (sec):  7.0
step (sec):  3.5
overlap:  True
perc. of overlap:  50.0
overlap duration (sec):  3.5
Nearest multiple of 16 to 7000 is: 7008
Nearest multiple of 16 to 3500 is: 3504
['gsr_chunks', 'ppg_chunks', 'val_chunks', 'aro_chunks', 'time_chunks', 'tag_chunks', 'video']
----- Extracting features...
Class Imbalance test (arousal)....
Multiclass distribution
Class=1, n=263 (75.143%)
Class=0, n=87 (24.857%)
Class Imbalance test (valence)....
Multiclass distribution
Class=1, n=329 (94.000%)
Class=0, n=21 (6.000%)
------------- Evaluating model --------------
------------- Evaluating model --------------
------------- Evaluating model --------------
------------- Evaluating model --------------
------------- Evaluating model --------------
arousal and valece = ok
------------- Evaluating model --------------
-------------------------------------
-------------------------------------
participant:  11
-------------------------------------
----- RESULTS ------
-------------------------------------
Window size (sec):  7.008
step (sec):  3.504
overlap:  True
perc. of overlap:  50.0
overlap duration (sec):  3.504
Number of windows / instances:  350
-rows: alg : KNN = 0; DT = 1; RF = 2; SVM = 3; GBM = 4; BDDAE = 5; DUMMY = 5
columns:
'val_cohen','val_uar', 'val_acc', 'val_gm',  'val_f1',  'aro_cohen','aro_uar', 'aro_acc', 'aro_gm',  'aro_f1'
-------------------------------------------------------------
  v_c   v_u   v_a   v_g   v_f1  a_c   a_u   a_a   a_g   a_f1
[[0.24  0.606 0.934 0.337 0.616 0.344 0.662 0.769 0.62  0.67 ]
 [0.151 0.608 0.894 0.424 0.589 0.203 0.59  0.674 0.59  0.583]
 [0.233 0.572 0.914 0.339 0.564 0.193 0.604 0.74  0.539 0.607]
 [0.    0.5   0.94  0.    0.485 0.    0.5   0.751 0.    0.429]
 [0.061 0.522 0.937 0.071 0.517 0.036 0.506 0.754 0.035 0.441]
 [0.    0.    0.    0.    0.    0.    0.    0.    0.    0.   ]
 [0.    0.5   0.94  0.    0.485 0.    0.5   0.751 0.    0.429]]
participant performance loaded
    
    
-------------------------------
LAST participant's saved data: 
11
-------------------------------
    
    
    
    
-------------------------------
participant:  12
-------------------------------
    
    
participant:  12
corriendo en PC gamer:
Window size (sec):  7.0
step (sec):  3.5
overlap:  True
perc. of overlap:  50.0
overlap duration (sec):  3.5
Nearest multiple of 16 to 7000 is: 7008
Nearest multiple of 16 to 3500 is: 3504
['gsr_chunks', 'ppg_chunks', 'val_chunks', 'aro_chunks', 'time_chunks', 'tag_chunks', 'video']
----- Extracting features...
Class Imbalance test (arousal)....
Multiclass distribution
Class=1, n=288 (82.286%)
Class=0, n=62 (17.714%)
Class Imbalance test (valence)....
Multiclass distribution
Class=1, n=297 (84.857%)
Class=0, n=53 (15.143%)
------------- Evaluating model --------------
------------- Evaluating model --------------
------------- Evaluating model --------------
------------- Evaluating model --------------
------------- Evaluating model --------------
arousal and valece = ok
------------- Evaluating model --------------
-------------------------------------
-------------------------------------
participant:  12
-------------------------------------
----- RESULTS ------
-------------------------------------
Window size (sec):  7.008
step (sec):  3.504
overlap:  True
perc. of overlap:  50.0
overlap duration (sec):  3.504
Number of windows / instances:  350
-rows: alg : KNN = 0; DT = 1; RF = 2; SVM = 3; GBM = 4; BDDAE = 5; DUMMY = 5
columns:
'val_cohen','val_uar', 'val_acc', 'val_gm',  'val_f1',  'aro_cohen','aro_uar', 'aro_acc', 'aro_gm',  'aro_f1'
-------------------------------------------------------------
  v_c   v_u   v_a   v_g   v_f1  a_c   a_u   a_a   a_g   a_f1
[[0.596 0.777 0.906 0.746 0.796 0.598 0.8   0.88  0.788 0.799]
 [0.576 0.77  0.88  0.784 0.763 0.47  0.752 0.863 0.704 0.756]
 [0.635 0.753 0.903 0.783 0.778 0.636 0.762 0.883 0.744 0.777]
 [0.    0.5   0.849 0.    0.459 0.    0.5   0.823 0.    0.451]
 [0.477 0.695 0.9   0.583 0.73  0.    0.5   0.823 0.    0.451]
 [0.    0.    0.    0.    0.    0.    0.    0.    0.    0.   ]
 [0.    0.5   0.849 0.    0.459 0.    0.5   0.823 0.    0.451]]
participant performance loaded
    
    
-------------------------------
LAST participant's saved data: 
12
-------------------------------
    
    
    
    
-------------------------------
participant:  13
-------------------------------
    
    
participant:  13
corriendo en PC gamer:
Window size (sec):  7.0
step (sec):  3.5
overlap:  True
perc. of overlap:  50.0
overlap duration (sec):  3.5
Nearest multiple of 16 to 7000 is: 7008
Nearest multiple of 16 to 3500 is: 3504
['gsr_chunks', 'ppg_chunks', 'val_chunks', 'aro_chunks', 'time_chunks', 'tag_chunks', 'video']
----- Extracting features...
Class Imbalance test (arousal)....
Multiclass distribution
Class=1, n=320 (91.429%)
Class=0, n=30 (8.571%)
Class Imbalance test (valence)....
Multiclass distribution
Class=1, n=284 (81.143%)
Class=0, n=66 (18.857%)
------------- Evaluating model --------------
------------- Evaluating model --------------
------------- Evaluating model --------------
------------- Evaluating model --------------
------------- Evaluating model --------------
arousal and valece = ok
------------- Evaluating model --------------
-------------------------------------
-------------------------------------
participant:  13
-------------------------------------
----- RESULTS ------
-------------------------------------
Window size (sec):  7.008
step (sec):  3.504
overlap:  True
perc. of overlap:  50.0
overlap duration (sec):  3.504
Number of windows / instances:  350
-rows: alg : KNN = 0; DT = 1; RF = 2; SVM = 3; GBM = 4; BDDAE = 5; DUMMY = 5
columns:
'val_cohen','val_uar', 'val_acc', 'val_gm',  'val_f1',  'aro_cohen','aro_uar', 'aro_acc', 'aro_gm',  'aro_f1'
-------------------------------------------------------------
  v_c   v_u   v_a   v_g   v_f1  a_c   a_u   a_a   a_g   a_f1
[[0.519 0.743 0.874 0.693 0.755 0.408 0.671 0.923 0.56  0.7  ]
 [0.541 0.751 0.854 0.733 0.754 0.329 0.669 0.891 0.563 0.657]
 [0.478 0.696 0.84  0.671 0.706 0.416 0.709 0.937 0.689 0.732]
 [0.    0.5   0.811 0.    0.448 0.    0.5   0.914 0.    0.478]
 [0.08  0.528 0.82  0.132 0.499 0.048 0.517 0.917 0.058 0.503]
 [0.    0.    0.    0.    0.    0.    0.    0.    0.    0.   ]
 [0.    0.5   0.811 0.    0.448 0.    0.5   0.914 0.    0.478]]
participant performance loaded
    
    
-------------------------------
LAST participant's saved data: 
13
-------------------------------
    
    
    
    
-------------------------------
participant:  14
-------------------------------
    
    
participant:  14
corriendo en PC gamer:
Window size (sec):  7.0
step (sec):  3.5
overlap:  True
perc. of overlap:  50.0
overlap duration (sec):  3.5
Nearest multiple of 16 to 7000 is: 7008
Nearest multiple of 16 to 3500 is: 3504
['gsr_chunks', 'ppg_chunks', 'val_chunks', 'aro_chunks', 'time_chunks', 'tag_chunks', 'video']
----- Extracting features...
Class Imbalance test (arousal)....
Multiclass distribution
Class=1, n=311 (88.857%)
Class=0, n=39 (11.143%)
Class Imbalance test (valence)....
Multiclass distribution
Class=1, n=350 (100.000%)
------------- Evaluating model --------------
------------- Evaluating model --------------
------------- Evaluating model --------------
------------- Evaluating model --------------
-----------Exception ----------------

All the 10 fits failed.
It is very likely that your model is misconfigured.
You can try to debug the error by setting error_score='raise'.

Below are more details about the failures:
--------------------------------------------------------------------------------
10 fits failed with the following error:
Traceback (most recent call last):
  File "C:\Users\Javier\AppData\Local\Packages\PythonSoftwareFoundation.Python.3.12_qbz5n2kfra8p0\LocalCache\local-packages\Python312\site-packages\sklearn\model_selection\_validation.py", line 895, in _fit_and_score
    estimator.fit(X_train, y_train, **fit_params)
  File "C:\Users\Javier\AppData\Local\Packages\PythonSoftwareFoundation.Python.3.12_qbz5n2kfra8p0\LocalCache\local-packages\Python312\site-packages\sklearn\base.py", line 1474, in wrapper
    return fit_method(estimator, *args, **kwargs)
           ^^^^^^^^^^^^^^^^^^^^^^^^^^^^^^^^^^^^^^
  File "C:\Users\Javier\AppData\Local\Packages\PythonSoftwareFoundation.Python.3.12_qbz5n2kfra8p0\LocalCache\local-packages\Python312\site-packages\sklearn\pipeline.py", line 475, in fit
    self._final_estimator.fit(Xt, y, **last_step_params["fit"])
  File "C:\Users\Javier\AppData\Local\Packages\PythonSoftwareFoundation.Python.3.12_qbz5n2kfra8p0\LocalCache\local-packages\Python312\site-packages\sklearn\base.py", line 1474, in wrapper
    return fit_method(estimator, *args, **kwargs)
           ^^^^^^^^^^^^^^^^^^^^^^^^^^^^^^^^^^^^^^
  File "C:\Users\Javier\AppData\Local\Packages\PythonSoftwareFoundation.Python.3.12_qbz5n2kfra8p0\LocalCache\local-packages\Python312\site-packages\sklearn\svm\_base.py", line 199, in fit
    y = self._validate_targets(y)
        ^^^^^^^^^^^^^^^^^^^^^^^^^
  File "C:\Users\Javier\AppData\Local\Packages\PythonSoftwareFoundation.Python.3.12_qbz5n2kfra8p0\LocalCache\local-packages\Python312\site-packages\sklearn\svm\_base.py", line 743, in _validate_targets
    raise ValueError(
ValueError: The number of classes has to be greater than one; got 1 class

-------------------------------------
    
    
-------------------------------
LAST participant's saved data: 
14
-------------------------------
    
    
    
    
-------------------------------
participant:  15
-------------------------------
    
    
participant:  15
corriendo en PC gamer:
Window size (sec):  7.0
step (sec):  3.5
overlap:  True
perc. of overlap:  50.0
overlap duration (sec):  3.5
Nearest multiple of 16 to 7000 is: 7008
Nearest multiple of 16 to 3500 is: 3504
['gsr_chunks', 'ppg_chunks', 'val_chunks', 'aro_chunks', 'time_chunks', 'tag_chunks', 'video']
----- Extracting features...
Class Imbalance test (arousal)....
Multiclass distribution
Class=1, n=325 (92.857%)
Class=0, n=25 (7.143%)
Class Imbalance test (valence)....
Multiclass distribution
Class=1, n=293 (83.714%)
Class=0, n=57 (16.286%)
------------- Evaluating model --------------
------------- Evaluating model --------------
------------- Evaluating model --------------
------------- Evaluating model --------------
------------- Evaluating model --------------
arousal and valece = ok
------------- Evaluating model --------------
-------------------------------------
-------------------------------------
participant:  15
-------------------------------------
----- RESULTS ------
-------------------------------------
Window size (sec):  7.008
step (sec):  3.504
overlap:  True
perc. of overlap:  50.0
overlap duration (sec):  3.504
Number of windows / instances:  350
-rows: alg : KNN = 0; DT = 1; RF = 2; SVM = 3; GBM = 4; BDDAE = 5; DUMMY = 5
columns:
'val_cohen','val_uar', 'val_acc', 'val_gm',  'val_f1',  'aro_cohen','aro_uar', 'aro_acc', 'aro_gm',  'aro_f1'
-------------------------------------------------------------
  v_c   v_u   v_a   v_g   v_f1  a_c   a_u   a_a   a_g   a_f1
[[ 0.322  0.633  0.854  0.498  0.652 -0.017  0.494  0.917  0.     0.478]
 [ 0.422  0.714  0.846  0.63   0.714  0.165  0.573  0.877  0.316  0.567]
 [ 0.449  0.734  0.86   0.681  0.737  0.1    0.585  0.931  0.208  0.61 ]
 [ 0.     0.5    0.837  0.     0.456  0.     0.5    0.929  0.     0.481]
 [ 0.     0.5    0.837  0.     0.456 -0.004  0.498  0.926  0.     0.481]
 [ 0.     0.     0.     0.     0.     0.     0.     0.     0.     0.   ]
 [ 0.     0.5    0.837  0.     0.456  0.     0.5    0.929  0.     0.481]]
participant performance loaded
    
    
-------------------------------
LAST participant's saved data: 
15
-------------------------------
    
    
    
    
-------------------------------
participant:  16
-------------------------------
    
    
participant:  16
corriendo en PC gamer:
Window size (sec):  7.0
step (sec):  3.5
overlap:  True
perc. of overlap:  50.0
overlap duration (sec):  3.5
Nearest multiple of 16 to 7000 is: 7008
Nearest multiple of 16 to 3500 is: 3504
['gsr_chunks', 'ppg_chunks', 'val_chunks', 'aro_chunks', 'time_chunks', 'tag_chunks', 'video']
----- Extracting features...
Class Imbalance test (arousal)....
Multiclass distribution
Class=1, n=272 (77.714%)
Class=0, n=78 (22.286%)
Class Imbalance test (valence)....
Multiclass distribution
Class=1, n=287 (82.000%)
Class=0, n=63 (18.000%)
------------- Evaluating model --------------
------------- Evaluating model --------------
------------- Evaluating model --------------
------------- Evaluating model --------------
------------- Evaluating model --------------
arousal and valece = ok
------------- Evaluating model --------------
-------------------------------------
-------------------------------------
participant:  16
-------------------------------------
----- RESULTS ------
-------------------------------------
Window size (sec):  7.008
step (sec):  3.504
overlap:  True
perc. of overlap:  50.0
overlap duration (sec):  3.504
Number of windows / instances:  350
-rows: alg : KNN = 0; DT = 1; RF = 2; SVM = 3; GBM = 4; BDDAE = 5; DUMMY = 5
columns:
'val_cohen','val_uar', 'val_acc', 'val_gm',  'val_f1',  'aro_cohen','aro_uar', 'aro_acc', 'aro_gm',  'aro_f1'
-------------------------------------------------------------
  v_c   v_u   v_a   v_g   v_f1  a_c   a_u   a_a   a_g   a_f1
[[0.628 0.774 0.906 0.742 0.812 0.336 0.642 0.811 0.546 0.658]
 [0.458 0.772 0.871 0.757 0.776 0.572 0.791 0.866 0.739 0.795]
 [0.549 0.76  0.88  0.757 0.772 0.542 0.774 0.863 0.722 0.782]
 [0.18  0.568 0.84  0.261 0.559 0.    0.5   0.777 0.    0.437]
 [0.395 0.643 0.863 0.524 0.67  0.091 0.533 0.791 0.139 0.494]
 [0.    0.    0.    0.    0.    0.    0.    0.    0.    0.   ]
 [0.    0.5   0.82  0.    0.451 0.    0.5   0.777 0.    0.437]]
participant performance loaded
    
    
-------------------------------
LAST participant's saved data: 
16
-------------------------------
    
    
    
    
-------------------------------
participant:  17
-------------------------------
    
    
participant:  17
corriendo en PC gamer:
Window size (sec):  7.0
step (sec):  3.5
overlap:  True
perc. of overlap:  50.0
overlap duration (sec):  3.5
Nearest multiple of 16 to 7000 is: 7008
Nearest multiple of 16 to 3500 is: 3504
['gsr_chunks', 'ppg_chunks', 'val_chunks', 'aro_chunks', 'time_chunks', 'tag_chunks', 'video']
----- Extracting features...
Class Imbalance test (arousal)....
Multiclass distribution
Class=1, n=266 (76.000%)
Class=0, n=84 (24.000%)
Class Imbalance test (valence)....
Multiclass distribution
Class=1, n=280 (80.000%)
Class=0, n=70 (20.000%)
------------- Evaluating model --------------
------------- Evaluating model --------------
------------- Evaluating model --------------
------------- Evaluating model --------------
------------- Evaluating model --------------
arousal and valece = ok
------------- Evaluating model --------------
-------------------------------------
-------------------------------------
participant:  17
-------------------------------------
----- RESULTS ------
-------------------------------------
Window size (sec):  7.008
step (sec):  3.504
overlap:  True
perc. of overlap:  50.0
overlap duration (sec):  3.504
Number of windows / instances:  350
-rows: alg : KNN = 0; DT = 1; RF = 2; SVM = 3; GBM = 4; BDDAE = 5; DUMMY = 5
columns:
'val_cohen','val_uar', 'val_acc', 'val_gm',  'val_f1',  'aro_cohen','aro_uar', 'aro_acc', 'aro_gm',  'aro_f1'
-------------------------------------------------------------
  v_c   v_u   v_a   v_g   v_f1  a_c   a_u   a_a   a_g   a_f1
[[0.484 0.73  0.843 0.696 0.74  0.302 0.634 0.774 0.536 0.644]
 [0.546 0.784 0.86  0.762 0.786 0.532 0.74  0.809 0.741 0.733]
 [0.655 0.791 0.871 0.83  0.797 0.593 0.773 0.837 0.718 0.771]
 [0.    0.5   0.8   0.    0.444 0.    0.5   0.76  0.    0.432]
 [0.128 0.55  0.82  0.205 0.521 0.092 0.538 0.771 0.176 0.497]
 [0.    0.    0.    0.    0.    0.    0.    0.    0.    0.   ]
 [0.    0.5   0.8   0.    0.444 0.    0.5   0.76  0.    0.432]]
participant performance loaded
    
    
-------------------------------
LAST participant's saved data: 
17
-------------------------------
    
    
    
    
-------------------------------
participant:  18
-------------------------------
    
    
participant:  18
corriendo en PC gamer:
Window size (sec):  7.0
step (sec):  3.5
overlap:  True
perc. of overlap:  50.0
overlap duration (sec):  3.5
Nearest multiple of 16 to 7000 is: 7008
Nearest multiple of 16 to 3500 is: 3504
['gsr_chunks', 'ppg_chunks', 'val_chunks', 'aro_chunks', 'time_chunks', 'tag_chunks', 'video']
----- Extracting features...
Class Imbalance test (arousal)....
Multiclass distribution
Class=1, n=348 (99.429%)
Class=0, n=2 (0.571%)
Class Imbalance test (valence)....
Multiclass distribution
Class=1, n=350 (100.000%)
------------- Evaluating model --------------
------------- Evaluating model --------------
------------- Evaluating model --------------
------------- Evaluating model --------------
-----------Exception ----------------

All the 10 fits failed.
It is very likely that your model is misconfigured.
You can try to debug the error by setting error_score='raise'.

Below are more details about the failures:
--------------------------------------------------------------------------------
10 fits failed with the following error:
Traceback (most recent call last):
  File "C:\Users\Javier\AppData\Local\Packages\PythonSoftwareFoundation.Python.3.12_qbz5n2kfra8p0\LocalCache\local-packages\Python312\site-packages\sklearn\model_selection\_validation.py", line 895, in _fit_and_score
    estimator.fit(X_train, y_train, **fit_params)
  File "C:\Users\Javier\AppData\Local\Packages\PythonSoftwareFoundation.Python.3.12_qbz5n2kfra8p0\LocalCache\local-packages\Python312\site-packages\sklearn\base.py", line 1474, in wrapper
    return fit_method(estimator, *args, **kwargs)
           ^^^^^^^^^^^^^^^^^^^^^^^^^^^^^^^^^^^^^^
  File "C:\Users\Javier\AppData\Local\Packages\PythonSoftwareFoundation.Python.3.12_qbz5n2kfra8p0\LocalCache\local-packages\Python312\site-packages\sklearn\pipeline.py", line 475, in fit
    self._final_estimator.fit(Xt, y, **last_step_params["fit"])
  File "C:\Users\Javier\AppData\Local\Packages\PythonSoftwareFoundation.Python.3.12_qbz5n2kfra8p0\LocalCache\local-packages\Python312\site-packages\sklearn\base.py", line 1474, in wrapper
    return fit_method(estimator, *args, **kwargs)
           ^^^^^^^^^^^^^^^^^^^^^^^^^^^^^^^^^^^^^^
  File "C:\Users\Javier\AppData\Local\Packages\PythonSoftwareFoundation.Python.3.12_qbz5n2kfra8p0\LocalCache\local-packages\Python312\site-packages\sklearn\svm\_base.py", line 199, in fit
    y = self._validate_targets(y)
        ^^^^^^^^^^^^^^^^^^^^^^^^^
  File "C:\Users\Javier\AppData\Local\Packages\PythonSoftwareFoundation.Python.3.12_qbz5n2kfra8p0\LocalCache\local-packages\Python312\site-packages\sklearn\svm\_base.py", line 743, in _validate_targets
    raise ValueError(
ValueError: The number of classes has to be greater than one; got 1 class

-------------------------------------
    
    
-------------------------------
LAST participant's saved data: 
18
-------------------------------
    
    
    
    
-------------------------------
participant:  19
-------------------------------
    
    
participant:  19
corriendo en PC gamer:
Window size (sec):  7.0
step (sec):  3.5
overlap:  True
perc. of overlap:  50.0
overlap duration (sec):  3.5
Nearest multiple of 16 to 7000 is: 7008
Nearest multiple of 16 to 3500 is: 3504
['gsr_chunks', 'ppg_chunks', 'val_chunks', 'aro_chunks', 'time_chunks', 'tag_chunks', 'video']
----- Extracting features...
Class Imbalance test (arousal)....
Multiclass distribution
Class=1, n=350 (100.000%)
Class Imbalance test (valence)....
Multiclass distribution
Class=1, n=268 (76.571%)
Class=0, n=82 (23.429%)
------------- Evaluating model --------------
------------- Evaluating model --------------
------------- Evaluating model --------------
------------- Evaluating model --------------
-----------Exception ----------------

All the 10 fits failed.
It is very likely that your model is misconfigured.
You can try to debug the error by setting error_score='raise'.

Below are more details about the failures:
--------------------------------------------------------------------------------
10 fits failed with the following error:
Traceback (most recent call last):
  File "C:\Users\Javier\AppData\Local\Packages\PythonSoftwareFoundation.Python.3.12_qbz5n2kfra8p0\LocalCache\local-packages\Python312\site-packages\sklearn\model_selection\_validation.py", line 895, in _fit_and_score
    estimator.fit(X_train, y_train, **fit_params)
  File "C:\Users\Javier\AppData\Local\Packages\PythonSoftwareFoundation.Python.3.12_qbz5n2kfra8p0\LocalCache\local-packages\Python312\site-packages\sklearn\base.py", line 1474, in wrapper
    return fit_method(estimator, *args, **kwargs)
           ^^^^^^^^^^^^^^^^^^^^^^^^^^^^^^^^^^^^^^
  File "C:\Users\Javier\AppData\Local\Packages\PythonSoftwareFoundation.Python.3.12_qbz5n2kfra8p0\LocalCache\local-packages\Python312\site-packages\sklearn\pipeline.py", line 475, in fit
    self._final_estimator.fit(Xt, y, **last_step_params["fit"])
  File "C:\Users\Javier\AppData\Local\Packages\PythonSoftwareFoundation.Python.3.12_qbz5n2kfra8p0\LocalCache\local-packages\Python312\site-packages\sklearn\base.py", line 1474, in wrapper
    return fit_method(estimator, *args, **kwargs)
           ^^^^^^^^^^^^^^^^^^^^^^^^^^^^^^^^^^^^^^
  File "C:\Users\Javier\AppData\Local\Packages\PythonSoftwareFoundation.Python.3.12_qbz5n2kfra8p0\LocalCache\local-packages\Python312\site-packages\sklearn\svm\_base.py", line 199, in fit
    y = self._validate_targets(y)
        ^^^^^^^^^^^^^^^^^^^^^^^^^
  File "C:\Users\Javier\AppData\Local\Packages\PythonSoftwareFoundation.Python.3.12_qbz5n2kfra8p0\LocalCache\local-packages\Python312\site-packages\sklearn\svm\_base.py", line 743, in _validate_targets
    raise ValueError(
ValueError: The number of classes has to be greater than one; got 1 class

-------------------------------------
    
    
-------------------------------
LAST participant's saved data: 
19
-------------------------------
    
    
    
    
-------------------------------
participant:  20
-------------------------------
    
    
participant:  20
corriendo en PC gamer:
Window size (sec):  7.0
step (sec):  3.5
overlap:  True
perc. of overlap:  50.0
overlap duration (sec):  3.5
Nearest multiple of 16 to 7000 is: 7008
Nearest multiple of 16 to 3500 is: 3504
['gsr_chunks', 'ppg_chunks', 'val_chunks', 'aro_chunks', 'time_chunks', 'tag_chunks', 'video']
----- Extracting features...
Class Imbalance test (arousal)....
Multiclass distribution
Class=1, n=320 (91.429%)
Class=0, n=30 (8.571%)
Class Imbalance test (valence)....
Multiclass distribution
Class=1, n=283 (80.857%)
Class=0, n=67 (19.143%)
------------- Evaluating model --------------
------------- Evaluating model --------------
------------- Evaluating model --------------
------------- Evaluating model --------------
------------- Evaluating model --------------
arousal and valece = ok
------------- Evaluating model --------------
-------------------------------------
-------------------------------------
participant:  20
-------------------------------------
----- RESULTS ------
-------------------------------------
Window size (sec):  7.008
step (sec):  3.504
overlap:  True
perc. of overlap:  50.0
overlap duration (sec):  3.504
Number of windows / instances:  350
-rows: alg : KNN = 0; DT = 1; RF = 2; SVM = 3; GBM = 4; BDDAE = 5; DUMMY = 5
columns:
'val_cohen','val_uar', 'val_acc', 'val_gm',  'val_f1',  'aro_cohen','aro_uar', 'aro_acc', 'aro_gm',  'aro_f1'
-------------------------------------------------------------
  v_c   v_u   v_a   v_g   v_f1  a_c   a_u   a_a   a_g   a_f1
[[0.527 0.743 0.866 0.708 0.761 0.124 0.545 0.914 0.172 0.547]
 [0.551 0.749 0.84  0.723 0.747 0.171 0.614 0.874 0.411 0.592]
 [0.543 0.777 0.866 0.762 0.781 0.047 0.569 0.903 0.34  0.571]
 [0.    0.5   0.809 0.    0.447 0.    0.5   0.914 0.    0.478]
 [0.234 0.601 0.834 0.448 0.603 0.    0.5   0.914 0.    0.478]
 [0.    0.    0.    0.    0.    0.    0.    0.    0.    0.   ]
 [0.    0.5   0.809 0.    0.447 0.    0.5   0.914 0.    0.478]]
participant performance loaded
    
    
-------------------------------
LAST participant's saved data: 
20
-------------------------------
    
    
    
    
-------------------------------
participant:  21
-------------------------------
    
    
participant:  21
corriendo en PC gamer:
Window size (sec):  7.0
step (sec):  3.5
overlap:  True
perc. of overlap:  50.0
overlap duration (sec):  3.5
Nearest multiple of 16 to 7000 is: 7008
Nearest multiple of 16 to 3500 is: 3504
['gsr_chunks', 'ppg_chunks', 'val_chunks', 'aro_chunks', 'time_chunks', 'tag_chunks', 'video']
----- Extracting features...
Class Imbalance test (arousal)....
Multiclass distribution
Class=1, n=288 (82.286%)
Class=0, n=62 (17.714%)
Class Imbalance test (valence)....
Multiclass distribution
Class=1, n=350 (100.000%)
------------- Evaluating model --------------
------------- Evaluating model --------------
------------- Evaluating model --------------
------------- Evaluating model --------------
-----------Exception ----------------

All the 10 fits failed.
It is very likely that your model is misconfigured.
You can try to debug the error by setting error_score='raise'.

Below are more details about the failures:
--------------------------------------------------------------------------------
10 fits failed with the following error:
Traceback (most recent call last):
  File "C:\Users\Javier\AppData\Local\Packages\PythonSoftwareFoundation.Python.3.12_qbz5n2kfra8p0\LocalCache\local-packages\Python312\site-packages\sklearn\model_selection\_validation.py", line 895, in _fit_and_score
    estimator.fit(X_train, y_train, **fit_params)
  File "C:\Users\Javier\AppData\Local\Packages\PythonSoftwareFoundation.Python.3.12_qbz5n2kfra8p0\LocalCache\local-packages\Python312\site-packages\sklearn\base.py", line 1474, in wrapper
    return fit_method(estimator, *args, **kwargs)
           ^^^^^^^^^^^^^^^^^^^^^^^^^^^^^^^^^^^^^^
  File "C:\Users\Javier\AppData\Local\Packages\PythonSoftwareFoundation.Python.3.12_qbz5n2kfra8p0\LocalCache\local-packages\Python312\site-packages\sklearn\pipeline.py", line 475, in fit
    self._final_estimator.fit(Xt, y, **last_step_params["fit"])
  File "C:\Users\Javier\AppData\Local\Packages\PythonSoftwareFoundation.Python.3.12_qbz5n2kfra8p0\LocalCache\local-packages\Python312\site-packages\sklearn\base.py", line 1474, in wrapper
    return fit_method(estimator, *args, **kwargs)
           ^^^^^^^^^^^^^^^^^^^^^^^^^^^^^^^^^^^^^^
  File "C:\Users\Javier\AppData\Local\Packages\PythonSoftwareFoundation.Python.3.12_qbz5n2kfra8p0\LocalCache\local-packages\Python312\site-packages\sklearn\svm\_base.py", line 199, in fit
    y = self._validate_targets(y)
        ^^^^^^^^^^^^^^^^^^^^^^^^^
  File "C:\Users\Javier\AppData\Local\Packages\PythonSoftwareFoundation.Python.3.12_qbz5n2kfra8p0\LocalCache\local-packages\Python312\site-packages\sklearn\svm\_base.py", line 743, in _validate_targets
    raise ValueError(
ValueError: The number of classes has to be greater than one; got 1 class

-------------------------------------
    
    
-------------------------------
LAST participant's saved data: 
21
-------------------------------
    
    
    
    
-------------------------------
participant:  22
-------------------------------
    
    
participant:  22
corriendo en PC gamer:
Window size (sec):  7.0
step (sec):  3.5
overlap:  True
perc. of overlap:  50.0
overlap duration (sec):  3.5
Nearest multiple of 16 to 7000 is: 7008
Nearest multiple of 16 to 3500 is: 3504
['gsr_chunks', 'ppg_chunks', 'val_chunks', 'aro_chunks', 'time_chunks', 'tag_chunks', 'video']
----- Extracting features...
Class Imbalance test (arousal)....
Multiclass distribution
Class=1, n=328 (93.714%)
Class=0, n=22 (6.286%)
Class Imbalance test (valence)....
Multiclass distribution
Class=1, n=274 (78.286%)
Class=0, n=76 (21.714%)
------------- Evaluating model --------------
------------- Evaluating model --------------
------------- Evaluating model --------------
------------- Evaluating model --------------
------------- Evaluating model --------------
arousal and valece = ok
------------- Evaluating model --------------
-------------------------------------
-------------------------------------
participant:  22
-------------------------------------
----- RESULTS ------
-------------------------------------
Window size (sec):  7.008
step (sec):  3.504
overlap:  True
perc. of overlap:  50.0
overlap duration (sec):  3.504
Number of windows / instances:  350
-rows: alg : KNN = 0; DT = 1; RF = 2; SVM = 3; GBM = 4; BDDAE = 5; DUMMY = 5
columns:
'val_cohen','val_uar', 'val_acc', 'val_gm',  'val_f1',  'aro_cohen','aro_uar', 'aro_acc', 'aro_gm',  'aro_f1'
-------------------------------------------------------------
  v_c   v_u   v_a   v_g   v_f1  a_c   a_u   a_a   a_g   a_f1
[[ 0.404  0.678  0.829  0.603  0.696 -0.008  0.497  0.931  0.     0.482]
 [ 0.43   0.722  0.797  0.687  0.709  0.19   0.582  0.903  0.286  0.569]
 [ 0.472  0.714  0.826  0.67   0.731  0.099  0.586  0.937  0.199  0.592]
 [ 0.     0.5    0.783  0.     0.439  0.     0.5    0.937  0.     0.484]
 [ 0.322  0.618  0.829  0.448  0.629  0.044  0.498  0.934  0.     0.483]
 [ 0.     0.     0.     0.     0.     0.     0.     0.     0.     0.   ]
 [ 0.     0.5    0.783  0.     0.439  0.     0.5    0.937  0.     0.484]]
participant performance loaded
    
    
-------------------------------
LAST participant's saved data: 
22
-------------------------------
    
    
    
    
-------------------------------
participant:  23
-------------------------------
    
    
participant:  23
corriendo en PC gamer:
Window size (sec):  7.0
step (sec):  3.5
overlap:  True
perc. of overlap:  50.0
overlap duration (sec):  3.5
Nearest multiple of 16 to 7000 is: 7008
Nearest multiple of 16 to 3500 is: 3504
['gsr_chunks', 'ppg_chunks', 'val_chunks', 'aro_chunks', 'time_chunks', 'tag_chunks', 'video']
----- Extracting features...
Class Imbalance test (arousal)....
Multiclass distribution
Class=1, n=213 (60.857%)
Class=0, n=137 (39.143%)
Class Imbalance test (valence)....
Multiclass distribution
Class=1, n=261 (74.571%)
Class=0, n=89 (25.429%)
------------- Evaluating model --------------
------------- Evaluating model --------------
------------- Evaluating model --------------
------------- Evaluating model --------------
------------- Evaluating model --------------
arousal and valece = ok
------------- Evaluating model --------------
-------------------------------------
-------------------------------------
participant:  23
-------------------------------------
----- RESULTS ------
-------------------------------------
Window size (sec):  7.008
step (sec):  3.504
overlap:  True
perc. of overlap:  50.0
overlap duration (sec):  3.504
Number of windows / instances:  350
-rows: alg : KNN = 0; DT = 1; RF = 2; SVM = 3; GBM = 4; BDDAE = 5; DUMMY = 5
columns:
'val_cohen','val_uar', 'val_acc', 'val_gm',  'val_f1',  'aro_cohen','aro_uar', 'aro_acc', 'aro_gm',  'aro_f1'
-------------------------------------------------------------
  v_c   v_u   v_a   v_g   v_f1  a_c   a_u   a_a   a_g   a_f1
[[0.045 0.521 0.689 0.342 0.51  0.303 0.654 0.663 0.65  0.65 ]
 [0.131 0.589 0.683 0.534 0.583 0.386 0.683 0.7   0.675 0.679]
 [0.13  0.503 0.654 0.372 0.492 0.3   0.654 0.68  0.606 0.654]
 [0.    0.5   0.746 0.    0.427 0.    0.5   0.609 0.    0.378]
 [0.    0.5   0.746 0.    0.427 0.229 0.602 0.677 0.485 0.576]
 [0.    0.    0.    0.    0.    0.    0.    0.    0.    0.   ]
 [0.    0.5   0.746 0.    0.427 0.    0.5   0.609 0.    0.378]]
participant performance loaded
    
    
-------------------------------
LAST participant's saved data: 
23
-------------------------------
    
    
    
    
-------------------------------
participant:  24
-------------------------------
    
    
participant:  24
corriendo en PC gamer:
Window size (sec):  7.0
step (sec):  3.5
overlap:  True
perc. of overlap:  50.0
overlap duration (sec):  3.5
Nearest multiple of 16 to 7000 is: 7008
Nearest multiple of 16 to 3500 is: 3504
['gsr_chunks', 'ppg_chunks', 'val_chunks', 'aro_chunks', 'time_chunks', 'tag_chunks', 'video']
----- Extracting features...
Class Imbalance test (arousal)....
Multiclass distribution
Class=1, n=264 (75.429%)
Class=0, n=86 (24.571%)
Class Imbalance test (valence)....
Multiclass distribution
Class=1, n=280 (80.000%)
Class=0, n=70 (20.000%)
------------- Evaluating model --------------
------------- Evaluating model --------------
------------- Evaluating model --------------
------------- Evaluating model --------------
------------- Evaluating model --------------
arousal and valece = ok
------------- Evaluating model --------------
-------------------------------------
-------------------------------------
participant:  24
-------------------------------------
----- RESULTS ------
-------------------------------------
Window size (sec):  7.008
step (sec):  3.504
overlap:  True
perc. of overlap:  50.0
overlap duration (sec):  3.504
Number of windows / instances:  350
-rows: alg : KNN = 0; DT = 1; RF = 2; SVM = 3; GBM = 4; BDDAE = 5; DUMMY = 5
columns:
'val_cohen','val_uar', 'val_acc', 'val_gm',  'val_f1',  'aro_cohen','aro_uar', 'aro_acc', 'aro_gm',  'aro_f1'
-------------------------------------------------------------
  v_c   v_u   v_a   v_g   v_f1  a_c   a_u   a_a   a_g   a_f1
[[0.318 0.632 0.823 0.532 0.651 0.67  0.838 0.874 0.829 0.833]
 [0.356 0.698 0.791 0.66  0.685 0.78  0.844 0.891 0.829 0.851]
 [0.463 0.7   0.846 0.633 0.704 0.792 0.898 0.937 0.871 0.911]
 [0.    0.5   0.8   0.    0.444 0.    0.5   0.754 0.    0.43 ]
 [0.076 0.512 0.803 0.113 0.47  0.811 0.891 0.934 0.884 0.905]
 [0.    0.    0.    0.    0.    0.    0.    0.    0.    0.   ]
 [0.    0.5   0.8   0.    0.444 0.    0.5   0.754 0.    0.43 ]]
participant performance loaded
    
    
-------------------------------
LAST participant's saved data: 
24
-------------------------------
    
    
    
    
-------------------------------
participant:  25
-------------------------------
    
    
participant:  25
corriendo en PC gamer:
Window size (sec):  7.0
step (sec):  3.5
overlap:  True
perc. of overlap:  50.0
overlap duration (sec):  3.5
Nearest multiple of 16 to 7000 is: 7008
Nearest multiple of 16 to 3500 is: 3504
['gsr_chunks', 'ppg_chunks', 'val_chunks', 'aro_chunks', 'time_chunks', 'tag_chunks', 'video']
----- Extracting features...
Class Imbalance test (arousal)....
Multiclass distribution
Class=1, n=243 (69.429%)
Class=0, n=107 (30.571%)
Class Imbalance test (valence)....
Multiclass distribution
Class=1, n=269 (76.857%)
Class=0, n=81 (23.143%)
------------- Evaluating model --------------
------------- Evaluating model --------------
------------- Evaluating model --------------
------------- Evaluating model --------------
------------- Evaluating model --------------
arousal and valece = ok
------------- Evaluating model --------------
-------------------------------------
-------------------------------------
participant:  25
-------------------------------------
----- RESULTS ------
-------------------------------------
Window size (sec):  7.008
step (sec):  3.504
overlap:  True
perc. of overlap:  50.0
overlap duration (sec):  3.504
Number of windows / instances:  350
-rows: alg : KNN = 0; DT = 1; RF = 2; SVM = 3; GBM = 4; BDDAE = 5; DUMMY = 5
columns:
'val_cohen','val_uar', 'val_acc', 'val_gm',  'val_f1',  'aro_cohen','aro_uar', 'aro_acc', 'aro_gm',  'aro_f1'
-------------------------------------------------------------
  v_c   v_u   v_a   v_g   v_f1  a_c   a_u   a_a   a_g   a_f1
[[0.373 0.677 0.794 0.623 0.684 0.647 0.835 0.843 0.831 0.822]
 [0.467 0.756 0.814 0.732 0.746 0.643 0.807 0.843 0.784 0.809]
 [0.507 0.811 0.869 0.707 0.81  0.697 0.847 0.869 0.821 0.845]
 [0.    0.5   0.769 0.    0.435 0.343 0.646 0.769 0.546 0.65 ]
 [0.09  0.528 0.766 0.233 0.497 0.345 0.643 0.766 0.53  0.648]
 [0.    0.    0.    0.    0.    0.    0.    0.    0.    0.   ]
 [0.    0.5   0.769 0.    0.435 0.    0.5   0.694 0.    0.41 ]]
participant performance loaded
    
    
-------------------------------
LAST participant's saved data: 
25
-------------------------------
    
    
    
    
-------------------------------
participant:  26
-------------------------------
    
    
participant:  26
corriendo en PC gamer:
Window size (sec):  7.0
step (sec):  3.5
overlap:  True
perc. of overlap:  50.0
overlap duration (sec):  3.5
Nearest multiple of 16 to 7000 is: 7008
Nearest multiple of 16 to 3500 is: 3504
['gsr_chunks', 'ppg_chunks', 'val_chunks', 'aro_chunks', 'time_chunks', 'tag_chunks', 'video']
----- Extracting features...
Class Imbalance test (arousal)....
Multiclass distribution
Class=1, n=296 (84.571%)
Class=0, n=54 (15.429%)
Class Imbalance test (valence)....
Multiclass distribution
Class=1, n=246 (70.286%)
Class=0, n=104 (29.714%)
------------- Evaluating model --------------
------------- Evaluating model --------------
------------- Evaluating model --------------
------------- Evaluating model --------------
------------- Evaluating model --------------
arousal and valece = ok
------------- Evaluating model --------------
-------------------------------------
-------------------------------------
participant:  26
-------------------------------------
----- RESULTS ------
-------------------------------------
Window size (sec):  7.008
step (sec):  3.504
overlap:  True
perc. of overlap:  50.0
overlap duration (sec):  3.504
Number of windows / instances:  350
-rows: alg : KNN = 0; DT = 1; RF = 2; SVM = 3; GBM = 4; BDDAE = 5; DUMMY = 5
columns:
'val_cohen','val_uar', 'val_acc', 'val_gm',  'val_f1',  'aro_cohen','aro_uar', 'aro_acc', 'aro_gm',  'aro_f1'
-------------------------------------------------------------
  v_c   v_u   v_a   v_g   v_f1  a_c   a_u   a_a   a_g   a_f1
[[0.275 0.634 0.703 0.595 0.631 0.302 0.645 0.846 0.524 0.645]
 [0.339 0.684 0.726 0.658 0.672 0.254 0.654 0.811 0.596 0.646]
 [0.382 0.651 0.729 0.632 0.657 0.374 0.678 0.863 0.433 0.687]
 [0.    0.5   0.703 0.    0.413 0.    0.5   0.846 0.    0.458]
 [0.224 0.593 0.746 0.394 0.574 0.    0.5   0.846 0.    0.458]
 [0.    0.    0.    0.    0.    0.    0.    0.    0.    0.   ]
 [0.    0.5   0.703 0.    0.413 0.    0.5   0.846 0.    0.458]]
participant performance loaded
    
    
-------------------------------
LAST participant's saved data: 
26
-------------------------------
    
    
    
    
-------------------------------
participant:  27
-------------------------------
    
    
participant:  27
corriendo en PC gamer:
Window size (sec):  7.0
step (sec):  3.5
overlap:  True
perc. of overlap:  50.0
overlap duration (sec):  3.5
Nearest multiple of 16 to 7000 is: 7008
Nearest multiple of 16 to 3500 is: 3504
['gsr_chunks', 'ppg_chunks', 'val_chunks', 'aro_chunks', 'time_chunks', 'tag_chunks', 'video']
----- Extracting features...
Class Imbalance test (arousal)....
Multiclass distribution
Class=1, n=271 (77.429%)
Class=0, n=79 (22.571%)
Class Imbalance test (valence)....
Multiclass distribution
Class=1, n=271 (77.429%)
Class=0, n=79 (22.571%)
------------- Evaluating model --------------
------------- Evaluating model --------------
------------- Evaluating model --------------
------------- Evaluating model --------------
------------- Evaluating model --------------
arousal and valece = ok
------------- Evaluating model --------------
-------------------------------------
-------------------------------------
participant:  27
-------------------------------------
----- RESULTS ------
-------------------------------------
Window size (sec):  7.008
step (sec):  3.504
overlap:  True
perc. of overlap:  50.0
overlap duration (sec):  3.504
Number of windows / instances:  350
-rows: alg : KNN = 0; DT = 1; RF = 2; SVM = 3; GBM = 4; BDDAE = 5; DUMMY = 5
columns:
'val_cohen','val_uar', 'val_acc', 'val_gm',  'val_f1',  'aro_cohen','aro_uar', 'aro_acc', 'aro_gm',  'aro_f1'
-------------------------------------------------------------
  v_c   v_u   v_a   v_g   v_f1  a_c   a_u   a_a   a_g   a_f1
[[0.702 0.84  0.903 0.822 0.849 0.43  0.717 0.797 0.696 0.713]
 [0.689 0.836 0.886 0.81  0.836 0.613 0.818 0.88  0.818 0.822]
 [0.66  0.818 0.883 0.828 0.824 0.657 0.791 0.866 0.779 0.797]
 [0.529 0.724 0.869 0.653 0.754 0.    0.5   0.774 0.    0.436]
 [0.606 0.773 0.889 0.736 0.799 0.018 0.506 0.777 0.035 0.448]
 [0.    0.    0.    0.    0.    0.    0.    0.    0.    0.   ]
 [0.    0.5   0.774 0.    0.436 0.    0.5   0.774 0.    0.436]]
participant performance loaded
    
    
-------------------------------
LAST participant's saved data: 
27
-------------------------------
    
    
    
    
-------------------------------
participant:  28
-------------------------------
    
    
participant:  28
corriendo en PC gamer:
Window size (sec):  7.0
step (sec):  3.5
overlap:  True
perc. of overlap:  50.0
overlap duration (sec):  3.5
Nearest multiple of 16 to 7000 is: 7008
Nearest multiple of 16 to 3500 is: 3504
['gsr_chunks', 'ppg_chunks', 'val_chunks', 'aro_chunks', 'time_chunks', 'tag_chunks', 'video']
----- Extracting features...
Class Imbalance test (arousal)....
Multiclass distribution
Class=1, n=310 (88.571%)
Class=0, n=40 (11.429%)
Class Imbalance test (valence)....
Multiclass distribution
Class=1, n=331 (94.571%)
Class=0, n=19 (5.429%)
------------- Evaluating model --------------
------------- Evaluating model --------------
------------- Evaluating model --------------
------------- Evaluating model --------------
------------- Evaluating model --------------
arousal and valece = ok
------------- Evaluating model --------------
-------------------------------------
-------------------------------------
participant:  28
-------------------------------------
----- RESULTS ------
-------------------------------------
Window size (sec):  7.008
step (sec):  3.504
overlap:  True
perc. of overlap:  50.0
overlap duration (sec):  3.504
Number of windows / instances:  350
-rows: alg : KNN = 0; DT = 1; RF = 2; SVM = 3; GBM = 4; BDDAE = 5; DUMMY = 5
columns:
'val_cohen','val_uar', 'val_acc', 'val_gm',  'val_f1',  'aro_cohen','aro_uar', 'aro_acc', 'aro_gm',  'aro_f1'
-------------------------------------------------------------
  v_c   v_u   v_a   v_g   v_f1  a_c   a_u   a_a   a_g   a_f1
[[0.05  0.518 0.934 0.071 0.516 0.047 0.515 0.874 0.1   0.506]
 [0.193 0.632 0.926 0.279 0.6   0.069 0.518 0.783 0.271 0.51 ]
 [0.15  0.568 0.94  0.21  0.568 0.013 0.545 0.869 0.185 0.545]
 [0.    0.5   0.946 0.    0.486 0.    0.5   0.886 0.    0.47 ]
 [0.062 0.525 0.949 0.071 0.52  0.    0.5   0.886 0.    0.47 ]
 [0.    0.    0.    0.    0.    0.    0.    0.    0.    0.   ]
 [0.    0.5   0.946 0.    0.486 0.    0.5   0.886 0.    0.47 ]]
participant performance loaded
    
    
-------------------------------
LAST participant's saved data: 
28
-------------------------------
    
    
    
    
-------------------------------
participant:  29
-------------------------------
    
    
participant:  29
corriendo en PC gamer:
Window size (sec):  7.0
step (sec):  3.5
overlap:  True
perc. of overlap:  50.0
overlap duration (sec):  3.5
Nearest multiple of 16 to 7000 is: 7008
Nearest multiple of 16 to 3500 is: 3504
['gsr_chunks', 'ppg_chunks', 'val_chunks', 'aro_chunks', 'time_chunks', 'tag_chunks', 'video']
----- Extracting features...
Class Imbalance test (arousal)....
Multiclass distribution
Class=1, n=350 (100.000%)
Class Imbalance test (valence)....
Multiclass distribution
Class=1, n=325 (92.857%)
Class=0, n=25 (7.143%)
------------- Evaluating model --------------
------------- Evaluating model --------------
------------- Evaluating model --------------
------------- Evaluating model --------------
-----------Exception ----------------

All the 10 fits failed.
It is very likely that your model is misconfigured.
You can try to debug the error by setting error_score='raise'.

Below are more details about the failures:
--------------------------------------------------------------------------------
10 fits failed with the following error:
Traceback (most recent call last):
  File "C:\Users\Javier\AppData\Local\Packages\PythonSoftwareFoundation.Python.3.12_qbz5n2kfra8p0\LocalCache\local-packages\Python312\site-packages\sklearn\model_selection\_validation.py", line 895, in _fit_and_score
    estimator.fit(X_train, y_train, **fit_params)
  File "C:\Users\Javier\AppData\Local\Packages\PythonSoftwareFoundation.Python.3.12_qbz5n2kfra8p0\LocalCache\local-packages\Python312\site-packages\sklearn\base.py", line 1474, in wrapper
    return fit_method(estimator, *args, **kwargs)
           ^^^^^^^^^^^^^^^^^^^^^^^^^^^^^^^^^^^^^^
  File "C:\Users\Javier\AppData\Local\Packages\PythonSoftwareFoundation.Python.3.12_qbz5n2kfra8p0\LocalCache\local-packages\Python312\site-packages\sklearn\pipeline.py", line 475, in fit
    self._final_estimator.fit(Xt, y, **last_step_params["fit"])
  File "C:\Users\Javier\AppData\Local\Packages\PythonSoftwareFoundation.Python.3.12_qbz5n2kfra8p0\LocalCache\local-packages\Python312\site-packages\sklearn\base.py", line 1474, in wrapper
    return fit_method(estimator, *args, **kwargs)
           ^^^^^^^^^^^^^^^^^^^^^^^^^^^^^^^^^^^^^^
  File "C:\Users\Javier\AppData\Local\Packages\PythonSoftwareFoundation.Python.3.12_qbz5n2kfra8p0\LocalCache\local-packages\Python312\site-packages\sklearn\svm\_base.py", line 199, in fit
    y = self._validate_targets(y)
        ^^^^^^^^^^^^^^^^^^^^^^^^^
  File "C:\Users\Javier\AppData\Local\Packages\PythonSoftwareFoundation.Python.3.12_qbz5n2kfra8p0\LocalCache\local-packages\Python312\site-packages\sklearn\svm\_base.py", line 743, in _validate_targets
    raise ValueError(
ValueError: The number of classes has to be greater than one; got 1 class

-------------------------------------
    
    
-------------------------------
LAST participant's saved data: 
29
-------------------------------
    
    
    
    
-------------------------------
participant:  30
-------------------------------
    
    
participant:  30
corriendo en PC gamer:
Window size (sec):  7.0
step (sec):  3.5
overlap:  True
perc. of overlap:  50.0
overlap duration (sec):  3.5
Nearest multiple of 16 to 7000 is: 7008
Nearest multiple of 16 to 3500 is: 3504
['gsr_chunks', 'ppg_chunks', 'val_chunks', 'aro_chunks', 'time_chunks', 'tag_chunks', 'video']
----- Extracting features...
Class Imbalance test (arousal)....
Multiclass distribution
Class=1, n=330 (94.286%)
Class=0, n=20 (5.714%)
Class Imbalance test (valence)....
Multiclass distribution
Class=1, n=276 (78.857%)
Class=0, n=74 (21.143%)
------------- Evaluating model --------------
------------- Evaluating model --------------
------------- Evaluating model --------------
------------- Evaluating model --------------
------------- Evaluating model --------------
arousal and valece = ok
------------- Evaluating model --------------
-------------------------------------
-------------------------------------
participant:  30
-------------------------------------
----- RESULTS ------
-------------------------------------
Window size (sec):  7.008
step (sec):  3.504
overlap:  True
perc. of overlap:  50.0
overlap duration (sec):  3.504
Number of windows / instances:  350
-rows: alg : KNN = 0; DT = 1; RF = 2; SVM = 3; GBM = 4; BDDAE = 5; DUMMY = 5
columns:
'val_cohen','val_uar', 'val_acc', 'val_gm',  'val_f1',  'aro_cohen','aro_uar', 'aro_acc', 'aro_gm',  'aro_f1'
-------------------------------------------------------------
  v_c   v_u   v_a   v_g   v_f1  a_c   a_u   a_a   a_g   a_f1
[[ 0.649  0.835  0.88   0.827  0.824 -0.016  0.494  0.931  0.     0.482]
 [ 0.555  0.779  0.877  0.711  0.797  0.184  0.535  0.92   0.138  0.519]
 [ 0.68   0.827  0.9    0.795  0.837  0.072  0.497  0.937  0.141  0.484]
 [ 0.346  0.634  0.834  0.521  0.659  0.     0.5    0.943  0.     0.485]
 [ 0.119  0.549  0.8    0.199  0.518  0.     0.5    0.943  0.     0.485]
 [ 0.     0.     0.     0.     0.     0.     0.     0.     0.     0.   ]
 [ 0.     0.5    0.789  0.     0.441  0.     0.5    0.943  0.     0.485]]
participant performance loaded
    
    
-------------------------------
LAST participant's saved data: 
30
-------------------------------
    
    
---------------------------
KNN performance:
[[ 0.78068978  0.89027778  0.92571429  0.88034994  0.88934219  0.66849594
   0.82722538  0.96571429  0.76260086  0.832526  ]
 [ 0.6626003   0.81094577  0.89428571  0.7888629   0.82981318  0.50670007
   0.76147487  0.82571429  0.7455763   0.75215236]
 [ 0.78885302  0.87123016  0.93428571  0.86044291  0.89370874  0.58322914
   0.77316092  0.9         0.73925224  0.78948069]
 [ 0.26113715  0.61435043  0.75142857  0.51356818  0.61642058  0.09762027
   0.53687836  0.89714286  0.12844571  0.53096455]
 [ 0.82473615  0.92427249  0.93714286  0.92106994  0.91192058  0.56986568
   0.78535079  0.81142857  0.77767291  0.78331337]
 [ 0.31101949  0.63910256  0.77142857  0.56325963  0.64754858  0.45528275
   0.70726601  0.85428571  0.64393962  0.72293652]
 [ 0.37487572  0.66131629  0.92857143  0.48673628  0.68428765  0.07490601
   0.52869318  0.91428571  0.11456078  0.52247521]
 [ 0.82593665  0.90744048  0.94        0.90383833  0.91281977  0.65847772
   0.833       0.86        0.82734888  0.82879416]
 [ 0.29933162  0.62173645  0.83714286  0.45405008  0.63767852  0.38138566
   0.69234696  0.71428571  0.68192858  0.68747277]
 [ 0.24872741  0.61370968  0.86285714  0.44463949  0.61945544  0.39229884
   0.67640171  0.78857143  0.61871341  0.68867633]
 [ 0.23983461  0.60596591  0.93428571  0.33658518  0.6160279   0.34383861
   0.66203704  0.76857143  0.62048563  0.66959211]
 [ 0.59574344  0.7766092   0.90571429  0.74558345  0.79636137  0.59833351
   0.79997947  0.88        0.78848718  0.79881071]
 [ 0.51927843  0.74328818  0.87428571  0.69264011  0.75532353  0.40810132
   0.67083333  0.92285714  0.55970194  0.69995556]
 [ 0.32180835  0.63281609  0.85428571  0.49832592  0.65249616 -0.01739323
   0.49379735  0.91714286  0.          0.47831032]
 [ 0.62780149  0.77411741  0.90571429  0.74247442  0.8120513   0.33621789
   0.64212963  0.81142857  0.54577915  0.65811435]
 [ 0.48439075  0.73035714  0.84285714  0.69613893  0.74015205  0.30229427
   0.63384972  0.77428571  0.53627656  0.64394334]
 [ 0.52671616  0.7432266   0.86571429  0.70799298  0.76117674  0.12374325
   0.5453125   0.91428571  0.17229581  0.54738301]
 [ 0.40403803  0.67784392  0.82857143  0.60278849  0.69615176 -0.00792079
   0.4969697   0.93142857  0.          0.48222125]
 [ 0.04542245  0.52126068  0.68857143  0.34217825  0.51005863  0.30251295
   0.65422078  0.66285714  0.65027882  0.64998426]
 [ 0.31837282  0.63214286  0.82285714  0.5317113   0.65057611  0.67044459
   0.83767806  0.87428571  0.82869734  0.8334711 ]
 [ 0.37321415  0.67702991  0.79428571  0.62335454  0.68354406  0.64721112
   0.83481818  0.84285714  0.83129376  0.8221191 ]
 [ 0.27514163  0.63365909  0.70285714  0.59547094  0.63113932  0.3018589
   0.64454023  0.84571429  0.52448967  0.64525361]
 [ 0.70179958  0.84034392  0.90285714  0.82153338  0.84889509  0.42954059
   0.7166336   0.79714286  0.6959941   0.71272281]
 [ 0.04950495  0.51751337  0.93428571  0.07071068  0.5162789   0.0468424
   0.51532258  0.87428571  0.1         0.50622159]
 [ 0.64853365  0.83498677  0.88        0.82701167  0.82363584 -0.01584158
   0.49393939  0.93142857  0.          0.48222125]]
KNN mean:
[0.46038031 0.71582172 0.8608     0.62605272 0.72547456 0.35432183
 0.67055439 0.8512     0.51575277 0.67076465]
---------------------------
---------------------------
DT performance:
[[0.70625175 0.83842593 0.9        0.84663585 0.84972527 0.71391495
  0.84588068 0.95714286 0.83488698 0.84438204]
 [0.6116731  0.80671296 0.86       0.78502748 0.80172696 0.704329
  0.83253968 0.88       0.81196201 0.82633492]
 [0.75640562 0.89755291 0.92857143 0.89299716 0.89802797 0.45775224
  0.70775862 0.84285714 0.71863201 0.70612731]
 [0.34221474 0.69364103 0.73714286 0.65487956 0.68205294 0.22098767
  0.60075605 0.84       0.4508554  0.60872607]
 [0.8154184  0.88339947 0.92571429 0.89817687 0.88820726 0.58516735
  0.79803195 0.82285714 0.79885334 0.7952205 ]
 [0.38360032 0.68034188 0.75714286 0.66297763 0.67716952 0.40284398
  0.69053777 0.82571429 0.67102995 0.6937456 ]
 [0.54174667 0.79602273 0.94571429 0.73431708 0.77894948 0.20722637
  0.63025568 0.89142857 0.42669125 0.60090545]
 [0.74649988 0.85978836 0.90857143 0.87776943 0.86731723 0.64452634
  0.834      0.86571429 0.81126002 0.83328843]
 [0.2184512  0.63706897 0.77714286 0.59969022 0.62863013 0.37037437
  0.67604262 0.70857143 0.65982103 0.67326989]
 [0.46312632 0.69908602 0.86285714 0.65239858 0.68948174 0.2868752
  0.6622906  0.73142857 0.62449739 0.65587008]
 [0.15128263 0.60828598 0.89428571 0.42420088 0.58902672 0.2033232
  0.59008191 0.67428571 0.58965269 0.58314466]
 [0.57648318 0.76982759 0.88       0.78441382 0.76275401 0.47031248
  0.75223727 0.86285714 0.70402623 0.75573303]
 [0.54082399 0.75073892 0.85428571 0.73292345 0.75443406 0.32864345
  0.66875    0.89142857 0.56330318 0.65692415]
 [0.42242657 0.71385057 0.84571429 0.62968793 0.71396081 0.16509352
  0.57291667 0.87714286 0.31622086 0.56734923]
 [0.4583548  0.77175698 0.87142857 0.75700172 0.77575629 0.57216511
  0.79077381 0.86571429 0.73853799 0.79495033]
 [0.54553619 0.78392857 0.86       0.76231766 0.78587476 0.53176839
  0.73965456 0.80857143 0.74061887 0.73287886]
 [0.55087423 0.74858374 0.84       0.72267529 0.74717722 0.17076649
  0.6140625  0.87428571 0.41143807 0.59217765]
 [0.43022532 0.7218254  0.79714286 0.68699101 0.70898794 0.18950096
  0.58248106 0.90285714 0.28594925 0.56902513]
 [0.13084666 0.58858618 0.68285714 0.53399562 0.58278598 0.38583117
  0.68285048 0.7        0.67485304 0.67929279]
 [0.35590531 0.69821429 0.79142857 0.65976943 0.68498424 0.77978049
  0.84405271 0.89142857 0.82878203 0.85144309]
 [0.46655429 0.75617877 0.81428571 0.73184451 0.74635905 0.64315925
  0.80694697 0.84285714 0.78413829 0.80909538]
 [0.33886791 0.68429545 0.72571429 0.65783491 0.67246452 0.25382902
  0.65431034 0.81142857 0.59611755 0.6459666 ]
 [0.68917975 0.83630952 0.88571429 0.80951022 0.83591579 0.61273697
  0.81845238 0.88       0.81826041 0.82213826]
 [0.19251051 0.63199643 0.92571429 0.27850724 0.60031837 0.06864333
  0.51814516 0.78285714 0.27097497 0.51036982]
 [0.5553342  0.77919974 0.87714286 0.71097834 0.79661025 0.1840434
  0.53484848 0.92       0.13813066 0.51893969]]
DT mean:
[0.47962374 0.74542474 0.84594286 0.69950088 0.74074794 0.40614379
 0.69794632 0.83805714 0.61077974 0.69309196]
---------------------------
---------------------------
RF performance:
[[0.84079149 0.86273148 0.91714286 0.8877911  0.87724502 0.8448035
  0.82869318 0.96857143 0.78484352 0.84493752]
 [0.65404456 0.79441138 0.86       0.76886844 0.79458369 0.79161952
  0.88531746 0.93428571 0.89300952 0.89959675]
 [0.83451632 0.91937831 0.95714286 0.88871853 0.93412438 0.44713463
  0.70143678 0.87428571 0.62228755 0.71224662]
 [0.47576089 0.71610256 0.79142857 0.64200221 0.71891671 0.2391934
  0.56140793 0.89428571 0.25826204 0.56026973]
 [0.77306967 0.90578704 0.93714286 0.90189637 0.9071054  0.58333912
  0.82066864 0.83714286 0.74886288 0.81525943]
 [0.4711814  0.66260684 0.76857143 0.66865808 0.67104467 0.41758622
  0.66334154 0.81142857 0.65798063 0.67643663]
 [0.33939705 0.72414773 0.94285714 0.48541662 0.72167654 0.15124216
  0.52239583 0.90285714 0.43702176 0.51587809]
 [0.82029063 0.88244048 0.92857143 0.91094519 0.89274784 0.73468412
  0.839      0.87714286 0.85662783 0.84696602]
 [0.23777188 0.62633415 0.80571429 0.39421499 0.63471825 0.44361195
  0.71010059 0.74285714 0.68501434 0.71326725]
 [0.36174794 0.65860215 0.87428571 0.66383638 0.68053233 0.34699361
  0.68116239 0.77428571 0.61462612 0.69065115]
 [0.2329883  0.57192235 0.91428571 0.33881493 0.56388331 0.19330862
  0.60384615 0.74       0.53873844 0.60654245]
 [0.6348418  0.75333333 0.90285714 0.7827725  0.77765246 0.63585817
  0.76198686 0.88285714 0.74407711 0.7770944 ]
 [0.47766502 0.69626437 0.84       0.67083239 0.70621307 0.41550444
  0.70885417 0.93714286 0.68901018 0.73168737]
 [0.44882902 0.73402299 0.86       0.68120234 0.73710938 0.10019211
  0.58546402 0.93142857 0.20790019 0.61023719]
 [0.54894229 0.75972906 0.88       0.75663642 0.77194694 0.54211934
  0.77387566 0.86285714 0.72173112 0.78218709]
 [0.65489141 0.79107143 0.87142857 0.83045781 0.79675644 0.59332459
  0.77345085 0.83714286 0.71752275 0.7705348 ]
 [0.54268091 0.77662151 0.86571429 0.76239156 0.78050884 0.04721188
  0.56927083 0.90285714 0.34000091 0.57074238]
 [0.47233617 0.71405423 0.82571429 0.66999741 0.73051345 0.09860911
  0.58560606 0.93714286 0.19915638 0.59184068]
 [0.12999812 0.50258191 0.65428571 0.37188888 0.4924581  0.3004587
  0.65397935 0.68       0.60647623 0.65421591]
 [0.46276097 0.7        0.84571429 0.63308847 0.70370395 0.791563
  0.8977208  0.93714286 0.87143137 0.91127763]
 [0.50687319 0.81127137 0.86857143 0.70734205 0.80973461 0.6970338
  0.84694697 0.86857143 0.82134933 0.84492066]
 [0.38165132 0.65120455 0.72857143 0.63213228 0.65706283 0.37386614
  0.67816092 0.86285714 0.43288624 0.68671563]
 [0.66040204 0.8176918  0.88285714 0.82751804 0.82423036 0.65715646
  0.79090608 0.86571429 0.77948485 0.79661396]
 [0.14960428 0.56751337 0.94       0.2099558  0.56772621 0.0133348
  0.54475806 0.86857143 0.18547159 0.54517566]
 [0.67980039 0.82728175 0.9        0.79539921 0.83688426 0.0720372
  0.4969697  0.93714286 0.14142136 0.48375768]]
RF mean:
[0.51171348 0.73708424 0.86251429 0.67531112 0.74356316 0.42127146
 0.69941283 0.86674286 0.58220777 0.70556211]
---------------------------
---------------------------
SVM performance:
[[0.24025901 0.5875     0.81142857 0.38801394 0.58845086 0.
  0.5        0.92857143 0.         0.48145303]
 [0.11135363 0.53839286 0.79714286 0.21457314 0.51051398 0.
  0.5        0.77428571 0.         0.43637993]
 [0.76697893 0.85337302 0.92857143 0.84023074 0.88271419 0.
  0.5        0.84571429 0.         0.45817308]
 [0.04305991 0.51555556 0.73142857 0.09657889 0.44984015 0.
  0.5        0.89714286 0.         0.47286296]
 [0.80923554 0.89775132 0.93714286 0.88897676 0.90399308 0.52075166
  0.76053195 0.78857143 0.74830794 0.75683281]
 [0.         0.5        0.74285714 0.         0.42622951 0.
  0.5        0.80285714 0.         0.4453125 ]
 [0.         0.5        0.92857143 0.         0.48145303 0.
  0.5        0.91714286 0.         0.47838016]
 [0.74541828 0.83296958 0.92285714 0.8129952  0.87105216 0.49402537
  0.719      0.81714286 0.67611173 0.74197521]
 [0.         0.5        0.81428571 0.         0.44878472 0.
  0.5        0.65428571 0.         0.39549304]
 [0.         0.5        0.87142857 0.         0.46561772 0.
  0.5        0.72857143 0.         0.42144809]
 [0.         0.5        0.94       0.         0.4845259  0.
  0.5        0.75142857 0.         0.42900582]
 [0.         0.5        0.84857143 0.         0.45901442 0.
  0.5        0.82285714 0.         0.45138889]
 [0.         0.5        0.81142857 0.         0.44791667 0.
  0.5        0.91428571 0.         0.47761194]
 [0.         0.5        0.83714286 0.         0.45564904 0.
  0.5        0.92857143 0.         0.48145303]
 [0.18029496 0.56791872 0.84       0.26069538 0.55938897 0.
  0.5        0.77714286 0.         0.43727599]
 [0.         0.5        0.8        0.         0.44444444 0.
  0.5        0.76       0.         0.43178213]
 [0.         0.5        0.80857143 0.         0.44704861 0.
  0.5        0.91428571 0.         0.47761194]
 [0.         0.5        0.78285714 0.         0.4390681  0.
  0.5        0.93714286 0.         0.48375768]
 [0.         0.5        0.74571429 0.         0.42715494 0.
  0.5        0.60857143 0.         0.37828947]
 [0.         0.5        0.8        0.         0.44444444 0.
  0.5        0.75428571 0.         0.42993125]
 [0.         0.5        0.76857143 0.         0.43455843 0.34269273
  0.6465     0.76857143 0.54641241 0.64985927]
 [0.         0.5        0.70285714 0.         0.41271186 0.
  0.5        0.84571429 0.         0.45817308]
 [0.5286736  0.72390873 0.86857143 0.65329849 0.75423424 0.
  0.5        0.77428571 0.         0.43637993]
 [0.         0.5        0.94571429 0.         0.48604007 0.
  0.5        0.88571429 0.         0.46969697]
 [0.3459528  0.6337963  0.83428571 0.52076486 0.65864818 0.
  0.5        0.94285714 0.         0.48529412]]
SVM mean:
[0.15084907 0.56604664 0.8328     0.1870451  0.53533991 0.05429879
 0.52504128 0.8216     0.07883328 0.48263289]
---------------------------
---------------------------
GBM performance:
[[ 0.68879456  0.80949074  0.90285714  0.78740636  0.84254886  0.76439768
   0.84010417  0.97428571  0.81353013  0.88147841]
 [ 0.47978328  0.69540344  0.85714286  0.6238428   0.73217733  0.36649726
   0.67096561  0.83428571  0.45753316  0.65911069]
 [ 0.79570078  0.86415344  0.93714286  0.85292838  0.89721397 -0.01388889
   0.495       0.83714286  0.          0.45562233]
 [ 0.20303823  0.57829915  0.76285714  0.35266223  0.56108406  0.
   0.5         0.89714286  0.          0.47286296]
 [ 0.75985421  0.85406746  0.92285714  0.84154872  0.87925881  0.27462535
   0.61127306  0.74857143  0.4686681   0.6019775 ]
 [ 0.05482257  0.52029915  0.75142857  0.11289168  0.46479744  0.02105263
   0.50714286  0.80571429  0.03779645  0.45852935]
 [-0.00736196  0.496875    0.92285714  0.          0.47984568  0.
   0.5         0.91714286  0.          0.47838016]
 [ 0.77045935  0.85076058  0.92857143  0.83568711  0.88415458  0.4806456
   0.691       0.82        0.61704792  0.71749037]
 [-0.0097561   0.49642857  0.80857143  0.          0.44696323  0.26590767
   0.61546823  0.71428571  0.51766767  0.61037462]
 [ 0.          0.5         0.87142857  0.          0.46561772  0.23136333
   0.59304274  0.77428571  0.35881442  0.57731859]
 [ 0.06138614  0.5219697   0.93714286  0.07071068  0.51704712  0.0361204
   0.50625     0.75428571  0.03535534  0.44083084]
 [ 0.47699381  0.695       0.9         0.58261882  0.72977333  0.
   0.5         0.82285714  0.          0.45138889]
 [ 0.07981951  0.52803777  0.82        0.13207352  0.49894983  0.04776119
   0.51666667  0.91714286  0.05773503  0.50333559]
 [ 0.          0.5         0.83714286  0.          0.45564904 -0.0039604
   0.49848485  0.92571429  0.          0.48068481]
 [ 0.39526299  0.6429803   0.86285714  0.52379022  0.67031701  0.09104686
   0.53303571  0.79142857  0.13880759  0.49423203]
 [ 0.12816213  0.55        0.82        0.20463804  0.52071753  0.09224442
   0.5383547   0.77142857  0.17581037  0.49730189]
 [ 0.23400733  0.60131363  0.83428571  0.44840348  0.60336894  0.
   0.5         0.91428571  0.          0.47761194]
 [ 0.32205065  0.61772487  0.82857143  0.44801465  0.62918667  0.0438008
   0.49848485  0.93428571  0.          0.48298946]
 [ 0.          0.5         0.74571429  0.          0.42715494  0.2292661
   0.60188145  0.67714286  0.48483804  0.57580729]
 [ 0.0758665   0.5125      0.80285714  0.11338934  0.46998208  0.8106005
   0.8914708   0.93428571  0.88391605  0.90477074]
 [ 0.09005456  0.52824074  0.76571429  0.23294148  0.49718017  0.34462898
   0.64286364  0.76571429  0.53007923  0.64755393]
 [ 0.22421406  0.59327273  0.74571429  0.39425867  0.57411255  0.
   0.5         0.84571429  0.          0.45817308]
 [ 0.60628332  0.77294974  0.88857143  0.7364536   0.79918866  0.0180602
   0.50625     0.77714286  0.03535534  0.44820495]
 [ 0.06240536  0.525       0.94857143  0.07071068  0.52009772  0.
   0.5         0.88571429  0.          0.46969697]
 [ 0.11927818  0.54904101  0.8         0.19852962  0.51757029  0.
   0.5         0.94285714  0.          0.48529412]]
GBM mean:
[0.26444478 0.61215232 0.84811429 0.34254    0.6033583  0.16400679
 0.57030957 0.83931429 0.22451819 0.54924086]
---------------------------
---------------------------
BDDAE performance:
[[0. 0. 0. 0. 0. 0. 0. 0. 0. 0.]
 [0. 0. 0. 0. 0. 0. 0. 0. 0. 0.]
 [0. 0. 0. 0. 0. 0. 0. 0. 0. 0.]
 [0. 0. 0. 0. 0. 0. 0. 0. 0. 0.]
 [0. 0. 0. 0. 0. 0. 0. 0. 0. 0.]
 [0. 0. 0. 0. 0. 0. 0. 0. 0. 0.]
 [0. 0. 0. 0. 0. 0. 0. 0. 0. 0.]
 [0. 0. 0. 0. 0. 0. 0. 0. 0. 0.]
 [0. 0. 0. 0. 0. 0. 0. 0. 0. 0.]
 [0. 0. 0. 0. 0. 0. 0. 0. 0. 0.]
 [0. 0. 0. 0. 0. 0. 0. 0. 0. 0.]
 [0. 0. 0. 0. 0. 0. 0. 0. 0. 0.]
 [0. 0. 0. 0. 0. 0. 0. 0. 0. 0.]
 [0. 0. 0. 0. 0. 0. 0. 0. 0. 0.]
 [0. 0. 0. 0. 0. 0. 0. 0. 0. 0.]
 [0. 0. 0. 0. 0. 0. 0. 0. 0. 0.]
 [0. 0. 0. 0. 0. 0. 0. 0. 0. 0.]
 [0. 0. 0. 0. 0. 0. 0. 0. 0. 0.]
 [0. 0. 0. 0. 0. 0. 0. 0. 0. 0.]
 [0. 0. 0. 0. 0. 0. 0. 0. 0. 0.]
 [0. 0. 0. 0. 0. 0. 0. 0. 0. 0.]
 [0. 0. 0. 0. 0. 0. 0. 0. 0. 0.]
 [0. 0. 0. 0. 0. 0. 0. 0. 0. 0.]
 [0. 0. 0. 0. 0. 0. 0. 0. 0. 0.]
 [0. 0. 0. 0. 0. 0. 0. 0. 0. 0.]]
BDDAE mean:
[0. 0. 0. 0. 0. 0. 0. 0. 0. 0.]
---------------------------
---------------------------
DUMMY performance:
[[0.         0.5        0.77142857 0.         0.43548387 0.
  0.5        0.92857143 0.         0.48145303]
 [0.         0.5        0.78       0.         0.43817204 0.
  0.5        0.77428571 0.         0.43637993]
 [0.         0.5        0.78571429 0.         0.43996416 0.
  0.5        0.84571429 0.         0.45817308]
 [0.         0.5        0.72285714 0.         0.41953552 0.
  0.5        0.89714286 0.         0.47286296]
 [0.         0.5        0.78       0.         0.43817204 0.
  0.5        0.68       0.         0.40473407]
 [0.         0.5        0.74285714 0.         0.42622951 0.
  0.5        0.80285714 0.         0.4453125 ]
 [0.         0.5        0.92857143 0.         0.48145303 0.
  0.5        0.91714286 0.         0.47838016]
 [0.         0.5        0.77428571 0.         0.43637993 0.
  0.5        0.71428571 0.         0.41666667]
 [0.         0.5        0.81428571 0.         0.44878472 0.
  0.5        0.65428571 0.         0.39549304]
 [0.         0.5        0.87142857 0.         0.46561772 0.
  0.5        0.72857143 0.         0.42144809]
 [0.         0.5        0.94       0.         0.4845259  0.
  0.5        0.75142857 0.         0.42900582]
 [0.         0.5        0.84857143 0.         0.45901442 0.
  0.5        0.82285714 0.         0.45138889]
 [0.         0.5        0.81142857 0.         0.44791667 0.
  0.5        0.91428571 0.         0.47761194]
 [0.         0.5        0.83714286 0.         0.45564904 0.
  0.5        0.92857143 0.         0.48145303]
 [0.         0.5        0.82       0.         0.45052083 0.
  0.5        0.77714286 0.         0.43727599]
 [0.         0.5        0.8        0.         0.44444444 0.
  0.5        0.76       0.         0.43178213]
 [0.         0.5        0.80857143 0.         0.44704861 0.
  0.5        0.91428571 0.         0.47761194]
 [0.         0.5        0.78285714 0.         0.4390681  0.
  0.5        0.93714286 0.         0.48375768]
 [0.         0.5        0.74571429 0.         0.42715494 0.
  0.5        0.60857143 0.         0.37828947]
 [0.         0.5        0.8        0.         0.44444444 0.
  0.5        0.75428571 0.         0.42993125]
 [0.         0.5        0.76857143 0.         0.43455843 0.
  0.5        0.69428571 0.         0.40974576]
 [0.         0.5        0.70285714 0.         0.41271186 0.
  0.5        0.84571429 0.         0.45817308]
 [0.         0.5        0.77428571 0.         0.43637993 0.
  0.5        0.77428571 0.         0.43637993]
 [0.         0.5        0.94571429 0.         0.48604007 0.
  0.5        0.88571429 0.         0.46969697]
 [0.         0.5        0.78857143 0.         0.44086022 0.
  0.5        0.94285714 0.         0.48529412]]
DUMMY mean:
[0.         0.5        0.80582857 0.         0.44560522 0.
 0.5        0.81017143 0.         0.44593206]
---------------------------
Current folder: C:\Users\Javier\Dropbox\c_sldl_1_3_15
-------------------------------------
----- RESULTS from .csv files ------
-------------------------------------
---------------------------
ALG Means: 
-rows: alg : KNN = 0; DT = 1; RF = 2; SVM = 3; GBM = 4; BDDAE = 5; DUMMY = 5
columns:
'val_cohen','val_uar', 'val_acc', 'val_gm',  'val_f1',  'aro_cohen','aro_uar', 'aro_acc', 'aro_gm',  'aro_f1'
-------------------------------------------------------------
  v_c   v_u   v_a   v_g   v_f1  a_c   a_u   a_a   a_g   a_f1
[[0.46  0.716 0.861 0.626 0.725 0.354 0.671 0.851 0.516 0.671]
 [0.48  0.745 0.846 0.7   0.741 0.406 0.698 0.838 0.611 0.693]
 [0.512 0.737 0.863 0.675 0.744 0.421 0.699 0.867 0.582 0.706]
 [0.151 0.566 0.833 0.187 0.535 0.054 0.525 0.822 0.079 0.483]
 [0.264 0.612 0.848 0.343 0.603 0.164 0.57  0.839 0.225 0.549]
 [0.    0.    0.    0.    0.    0.    0.    0.    0.    0.   ]
 [0.    0.5   0.806 0.    0.446 0.    0.5   0.81  0.    0.446]]
-------------------------------------------------------------
Standard Deviation of each metric:
[[0.226 0.116 0.071 0.203 0.116 0.227 0.115 0.071 0.291 0.118]
 [0.185 0.082 0.068 0.137 0.088 0.204 0.101 0.07  0.198 0.106]
 [0.2   0.105 0.07  0.183 0.108 0.254 0.117 0.07  0.233 0.12 ]
 [0.263 0.121 0.069 0.3   0.15  0.15  0.07  0.088 0.215 0.092]
 [0.27  0.123 0.065 0.299 0.152 0.231 0.106 0.079 0.28  0.126]
 [0.    0.    0.    0.    0.    0.    0.    0.    0.    0.   ]
 [0.    0.    0.061 0.    0.018 0.    0.    0.097 0.    0.03 ]]
-------------------------------------------------------------
std_dev/mean [percentage]:
[[ 49.  16.   8.  32.  16.  64.  17.   8.  56.  18.]
 [ 39.  11.   8.  20.  12.  50.  14.   8.  32.  15.]
 [ 39.  14.   8.  27.  15.  60.  17.   8.  40.  17.]
 [174.  21.   8. 160.  28. 276.  13.  11. 273.  19.]
 [102.  20.   8.  87.  25. 141.  19.   9. 125.  23.]
 [  0.   0.   0.   0.   0.   0.   0.   0.   0.   0.]
 [  0.   0.   8.   0.   4.   0.   0.  12.   0.   7.]]
-------------------------------------
Current folder: C:\Users\Javier\Dropbox\c_sldl_1_3_15
-------------------------------------
----- RESULTS ------
-------------------------------------
Window size (sec):  7.008
step (sec):  3.504
overlap:  True
perc. of overlap:  50.0
overlap duration (sec):  3.504
Number of windows / instances:  350
Elapsed time: 331.0702246546745 minutes
Elapsed time: 5.517837077577909 hours
