2024-05-23 10:02:47.977229: W tensorflow/stream_executor/platform/default/dso_loader.cc:64] Could not load dynamic library 'cudart64_110.dll'; dlerror: cudart64_110.dll not found
2024-05-23 10:02:47.980030: I tensorflow/stream_executor/cuda/cudart_stub.cc:29] Ignore above cudart dlerror if you do not have a GPU set up on your machine.
2024-05-23 10:02:51.913367: W tensorflow/stream_executor/platform/default/dso_loader.cc:64] Could not load dynamic library 'nvcuda.dll'; dlerror: nvcuda.dll not found
2024-05-23 10:02:51.914866: W tensorflow/stream_executor/cuda/cuda_driver.cc:269] failed call to cuInit: UNKNOWN ERROR (303)
2024-05-23 10:02:51.923482: I tensorflow/stream_executor/cuda/cuda_diagnostics.cc:169] retrieving CUDA diagnostic information for host: MFB
2024-05-23 10:02:51.924207: I tensorflow/stream_executor/cuda/cuda_diagnostics.cc:176] hostname: MFB
2024-05-23 10:02:51.925006: I tensorflow/core/platform/cpu_feature_guard.cc:151] This TensorFlow binary is optimized with oneAPI Deep Neural Network Library (oneDNN) to use the following CPU instructions in performance-critical operations:  AVX AVX2
To enable them in other operations, rebuild TensorFlow with the appropriate compiler flags.
---------------------------
KNN performance:
[[ 0.48696581  0.73194444  0.88        0.57370892  0.73161765         nan
          nan         nan  0.7                nan]
 [ 0.39561966  0.68194444  0.87        0.47827582  0.68736025         nan
          nan         nan  0.6                nan]
 [ 0.84615385  0.9         0.96        0.88284271  0.92156863         nan
          nan         nan  0.2                nan]
 [ 0.39299833  0.67291667  0.84        0.50181498  0.68038399         nan
          nan         nan  0.6                nan]
 [ 0.71176113  0.8625      0.9         0.8463073   0.85198395 -0.03254148
   0.50347222  0.78        0.08819171  0.46146156]
 [        nan         nan         nan  0.7                nan         nan
          nan         nan  0.3                nan]
 [        nan         nan         nan  0.7                nan         nan
          nan         nan  0.8                nan]
 [ 0.88461538  0.96388889  0.97        0.95927249  0.94117647  0.58646266
   0.82619048  0.86        0.76390474  0.783324  ]
 [        nan         nan         nan  0.9                nan         nan
          nan         nan  0.3                nan]
 [ 0.06239316         nan         nan  0.1                nan         nan
          nan         nan  0.6                nan]
 [-0.01111111  0.49444444  0.89        0.          0.47076023         nan
          nan         nan  0.9                nan]
 [        nan         nan         nan         nan         nan         nan
          nan         nan         nan         nan]
 [ 0.72411156  0.86319444  0.95        0.76425211  0.85887169 -0.01111111
   0.49444444  0.89        0.          0.47076023]
 [        nan         nan         nan         nan         nan         nan
          nan         nan         nan         nan]
 [        nan         nan         nan         nan         nan         nan
          nan         nan         nan         nan]
 [ 0.31004274  0.66527778  0.86        0.42656847  0.64269436         nan
          nan         nan  0.6                nan]
 [ 0.22307692  0.61944444  0.89        0.26499158  0.58651531         nan
          nan         nan  0.7                nan]
 [        nan         nan         nan  0.6                nan         nan
          nan         nan  0.4                nan]
 [        nan         nan         nan  0.1                nan  0.29134615
   0.64513889  0.84        0.36614378  0.62853672]
 [-0.05149573  0.47569444  0.82        0.          0.44885191  0.42638889
   0.71319444  0.91        0.46614378  0.69974415]
 [        nan         nan         nan  0.3                nan         nan
          nan         nan  0.4                nan]
 [ 0.45042735  0.73888889  0.91        0.4942809   0.70846233         nan
          nan         nan  0.48247261         nan]]
KNN mean:
[0.4173507  0.72251157 0.895      0.5048587  0.7108539  0.25210902
 0.6364881  0.856      0.4877293  0.60876533]
---------------------------
---------------------------
DT performance:
[[0.47647224 0.79027778 0.88       0.64133488 0.74875           nan
         nan        nan 0.6942809         nan]
 [0.37411156 0.725      0.88       0.50299824 0.71707344        nan
         nan        nan 0.4               nan]
 [0.78461538 0.86944444 0.95       0.80641294 0.86893705        nan
         nan        nan 0.38819171        nan]
 [0.42978983 0.78333333 0.85       0.57674919 0.77370098        nan
         nan        nan 0.7               nan]
 [0.49387652 0.71875    0.86       0.63796103 0.72432921 0.19918929
  0.57916667 0.81       0.3246768  0.56971319]
 [       nan        nan        nan 0.8               nan        nan
         nan        nan 0.58819171        nan]
 [       nan        nan        nan 0.3               nan        nan
         nan        nan 0.5               nan]
 [0.72579186 0.93333333 0.96       0.8474642  0.89651058 0.5330287
  0.75952381 0.83       0.60800533 0.7407598 ]
 [       nan        nan        nan 0.8               nan        nan
         nan        nan 0.58284271        nan]
 [0.33931624        nan        nan 0.5942809         nan        nan
         nan        nan 0.5               nan]
 [0.24700855 0.67777778 0.9        0.4        0.67217062        nan
         nan        nan 0.8               nan]
 [       nan        nan        nan        nan        nan        nan
         nan        nan        nan        nan]
 [0.63198381 0.90694444 0.95       0.72278513 0.88148607 0.46239316
  0.72777778 0.91       0.68284271 0.69177847]
 [       nan        nan        nan        nan        nan        nan
         nan        nan        nan        nan]
 [       nan        nan        nan        nan        nan        nan
         nan        nan        nan        nan]
 [0.48696581 0.79027778 0.89       0.61513028 0.76756536        nan
         nan        nan 0.5               nan]
 [0.33348416 0.71597222 0.87       0.47103442 0.64561834        nan
         nan        nan 0.5               nan]
 [       nan        nan        nan 0.3               nan        nan
         nan        nan 0.4               nan]
 [       nan        nan        nan 0.                nan 0.55837269
  0.80833333 0.92       0.71127934 0.78505547]
 [0.2023372  0.52361111 0.76       0.35470559 0.50173381 0.30356963
  0.68611111 0.86       0.53520305 0.62924665]
 [       nan        nan        nan 0.27638342        nan        nan
         nan        nan 0.2745356         nan]
 [0.66923077 0.85763889 0.93       0.75927249 0.82972136        nan
         nan        nan 0.2942809         nan]]
DT mean:
[0.47653722 0.77436343 0.89       0.5477112  0.75229973 0.4113107
 0.71218254 0.866      0.52549109 0.68331072]
---------------------------
---------------------------
RF performance:
[[ 0.52899798  0.77013889  0.88        0.59620003  0.73620098         nan
          nan         nan  0.6                nan]
 [ 0.1903565   0.67569444  0.86        0.40756514  0.64762169         nan
          nan         nan  0.6                nan]
 [ 0.70769231  0.94444444  0.97        0.93570226  0.94117647         nan
          nan         nan  0.1                nan]
 [ 0.44738276  0.66666667  0.8         0.56534206  0.663345           nan
          nan         nan  0.6                nan]
 [ 0.58522267  0.7625      0.87        0.71291187  0.74852038  0.19727184
   0.64097222  0.84        0.0942809   0.60347867]
 [        nan         nan         nan  0.7                nan         nan
          nan         nan  0.5                nan]
 [        nan         nan         nan  0.6                nan         nan
          nan         nan  0.8                nan]
 [ 0.82579186  0.95277778  0.95        0.91817487  0.90992647  0.56009109
   0.78035714  0.85        0.73685049  0.75563492]
 [        nan         nan         nan  0.9                nan         nan
          nan         nan  0.3942809          nan]
 [ 0.27777778         nan         nan  0.48247261         nan         nan
          nan         nan  0.6                nan]
 [ 0.08888889  0.53333333  0.88        0.08819171  0.51754386         nan
          nan         nan  0.9                nan]
 [        nan         nan         nan         nan         nan         nan
          nan         nan         nan         nan]
 [ 0.63522267  0.88194444  0.94        0.83113537  0.8635694   0.59160382
   0.83333333  0.94        0.68164966  0.7999656 ]
 [        nan         nan         nan         nan         nan         nan
          nan         nan         nan         nan]
 [        nan         nan         nan         nan         nan         nan
          nan         nan         nan         nan]
 [ 0.58461538  0.73263889  0.9         0.52084937  0.71316004         nan
          nan         nan  0.6                nan]
 [ 0.52307692  0.59722222  0.85        0.55318329  0.59081527         nan
          nan         nan  0.6                nan]
 [        nan         nan         nan  0.5                nan         nan
          nan         nan  0.3942809          nan]
 [ 0.03504274         nan         nan  0.2                nan  0.60872695
   0.82638889  0.92        0.66234382  0.82266254]
 [-0.00736208  0.54027778  0.82        0.22504617  0.53123925  0.56696833
   0.77777778  0.9         0.57675352  0.74618378]
 [        nan         nan         nan  0.2                nan         nan
          nan         nan  0.3942809          nan]
 [ 0.76923077  0.84652778  0.91        0.58284271  0.79847136         nan
          nan         nan  0.3                nan]]
RF mean:
[0.44228122 0.74201389 0.88583333 0.55366408 0.72179918 0.5049324
 0.77176587 0.89       0.53340637 0.7455851 ]
---------------------------
---------------------------
SVM performance:
[[0.         0.5        0.83       0.         0.45321637        nan
         nan        nan 0.7               nan]
 [0.         0.5        0.83       0.         0.45321637        nan
         nan        nan 0.7               nan]
 [0.         0.5        0.84       0.         0.45614035        nan
         nan        nan 0.2               nan]
 [0.         0.5        0.79       0.         0.44117647        nan
         nan        nan 0.6               nan]
 [0.         0.5        0.81       0.         0.44736842 0.
  0.5        0.85       0.         0.45906433]
 [       nan        nan        nan 0.7               nan        nan
         nan        nan 0.3               nan]
 [       nan        nan        nan 0.7               nan        nan
         nan        nan 0.8               nan]
 [0.         0.5        0.85       0.         0.45906433 0.
  0.5        0.79       0.         0.44117647]
 [       nan        nan        nan        nan        nan        nan
         nan        nan 0.2               nan]
 [       nan        nan        nan 0.1               nan        nan
         nan        nan 0.6               nan]
 [0.         0.5        0.9        0.         0.47368421        nan
         nan        nan        nan        nan]
 [       nan        nan        nan        nan        nan        nan
         nan        nan        nan        nan]
 [0.         0.5        0.86       0.         0.4619883  0.
  0.5        0.9        0.         0.47368421]
 [       nan        nan        nan        nan        nan        nan
         nan        nan        nan        nan]
 [       nan        nan        nan        nan        nan        nan
         nan        nan        nan        nan]
 [0.         0.5        0.87       0.         0.46491228        nan
         nan        nan 0.6               nan]
 [0.         0.5        0.87       0.         0.46491228        nan
         nan        nan 0.7               nan]
 [       nan        nan        nan 0.6               nan        nan
         nan        nan 0.4               nan]
 [       nan        nan        nan 0.1               nan 0.
  0.5        0.84       0.         0.45614035]
 [0.         0.5        0.86       0.         0.4619883  0.
  0.5        0.87       0.         0.46491228]
 [       nan        nan        nan 0.3               nan        nan
         nan        nan 0.3               nan]
 [0.         0.5        0.85       0.         0.45906433        nan
         nan        nan 0.3               nan]]
SVM mean:
[0.         0.5        0.84666667 0.13888889 0.458061   0.
 0.5        0.85       0.35555556 0.45899553]
---------------------------
---------------------------
GBM performance:
[[ 0.24946581  0.62083333  0.82        0.33113537  0.57291667         nan
          nan         nan  0.6                nan]
 [ 0.29676113  0.61875     0.86        0.30756514  0.60204893         nan
          nan         nan  0.5                nan]
 [ 0.74615385  0.86944444  0.95        0.83570226  0.86893705         nan
          nan         nan  0.2                nan]
 [ 0.32211538  0.64375     0.84        0.30756514  0.61254085         nan
          nan         nan  0.6                nan]
 [ 0.18618421  0.6         0.82        0.25968522  0.56250731  0.
   0.5         0.85        0.          0.45906433]
 [        nan         nan         nan  0.8                nan         nan
          nan         nan  0.4                nan]
 [        nan         nan         nan  0.7                nan         nan
          nan         nan  0.6                nan]
 [ 0.30271493  0.67777778  0.85        0.38247261  0.59912496  0.277191
   0.64910714  0.82        0.39653968  0.6198366 ]
 [        nan         nan         nan         nan         nan         nan
          nan         nan  0.2                nan]
 [        nan         nan         nan  0.4                nan         nan
          nan         nan  0.5                nan]
 [-0.02222222  0.48888889  0.88        0.          0.46783626         nan
          nan         nan         nan         nan]
 [        nan         nan         nan         nan         nan         nan
          nan         nan         nan         nan]
 [ 0.4957996   0.73194444  0.9         0.5292437   0.71112487  0.4008547
   0.72777778  0.91        0.48856181  0.69177847]
 [        nan         nan         nan         nan         nan         nan
          nan         nan         nan         nan]
 [        nan         nan         nan         nan         nan         nan
          nan         nan         nan         nan]
 [ 0.39807692  0.72638889  0.89        0.52084937  0.68483402         nan
          nan         nan  0.6                nan]
 [ 0.03076923  0.50763889  0.85        0.07071068  0.49140007         nan
          nan         nan  0.7                nan]
 [        nan         nan         nan  0.5                nan         nan
          nan         nan  0.4                nan]
 [        nan         nan         nan  0.2                nan  0.60769231
   0.79444444  0.93        0.67712362  0.79669763]
 [-0.03760684  0.48263889  0.83        0.          0.45287238  0.31196581
   0.63888889  0.89        0.36499158  0.61953904]
 [        nan         nan         nan  0.1                nan         nan
          nan         nan  0.3                nan]
 [ 0.58461538  0.81319444  0.93        0.66499158  0.79669763         nan
          nan         nan  0.2                nan]]
GBM mean:
[0.29606895 0.6484375  0.86833333 0.3838845  0.61857008 0.31954076
 0.66204365 0.88       0.42928982 0.63738321]
---------------------------
---------------------------
BDDAE performance:
[[0. 0. 0. 0. 0. 0. 0. 0. 0. 0.]
 [0. 0. 0. 0. 0. 0. 0. 0. 0. 0.]
 [0. 0. 0. 0. 0. 0. 0. 0. 0. 0.]
 [0. 0. 0. 0. 0. 0. 0. 0. 0. 0.]
 [0. 0. 0. 0. 0. 0. 0. 0. 0. 0.]
 [0. 0. 0. 0. 0. 0. 0. 0. 0. 0.]
 [0. 0. 0. 0. 0. 0. 0. 0. 0. 0.]
 [0. 0. 0. 0. 0. 0. 0. 0. 0. 0.]
 [0. 0. 0. 0. 0. 0. 0. 0. 0. 0.]
 [0. 0. 0. 0. 0. 0. 0. 0. 0. 0.]
 [0. 0. 0. 0. 0. 0. 0. 0. 0. 0.]
 [0. 0. 0. 0. 0. 0. 0. 0. 0. 0.]
 [0. 0. 0. 0. 0. 0. 0. 0. 0. 0.]
 [0. 0. 0. 0. 0. 0. 0. 0. 0. 0.]
 [0. 0. 0. 0. 0. 0. 0. 0. 0. 0.]
 [0. 0. 0. 0. 0. 0. 0. 0. 0. 0.]
 [0. 0. 0. 0. 0. 0. 0. 0. 0. 0.]
 [0. 0. 0. 0. 0. 0. 0. 0. 0. 0.]
 [0. 0. 0. 0. 0. 0. 0. 0. 0. 0.]
 [0. 0. 0. 0. 0. 0. 0. 0. 0. 0.]
 [0. 0. 0. 0. 0. 0. 0. 0. 0. 0.]
 [0. 0. 0. 0. 0. 0. 0. 0. 0. 0.]]
BDDAE mean:
[0. 0. 0. 0. 0. 0. 0. 0. 0. 0.]
---------------------------
---------------------------
DUMMY performance:
[[0.         0.5        0.83       0.         0.45321637        nan
         nan        nan 0.7               nan]
 [0.         0.5        0.83       0.         0.45321637        nan
         nan        nan 0.7               nan]
 [0.         0.5        0.84       0.         0.45614035        nan
         nan        nan 0.2               nan]
 [0.         0.5        0.79       0.         0.44117647        nan
         nan        nan 0.6               nan]
 [0.         0.5        0.81       0.         0.44736842 0.
  0.5        0.85       0.         0.45906433]
 [       nan        nan        nan 0.7               nan        nan
         nan        nan 0.3               nan]
 [       nan        nan        nan 0.7               nan        nan
         nan        nan 0.8               nan]
 [0.         0.5        0.85       0.         0.45906433 0.
  0.5        0.79       0.         0.44117647]
 [       nan        nan        nan 0.9               nan        nan
         nan        nan 0.2               nan]
 [       nan        nan        nan 0.1               nan        nan
         nan        nan 0.6               nan]
 [0.         0.5        0.9        0.         0.47368421        nan
         nan        nan 0.9               nan]
 [       nan        nan        nan        nan        nan        nan
         nan        nan        nan        nan]
 [0.         0.5        0.86       0.         0.4619883  0.
  0.5        0.9        0.         0.47368421]
 [       nan        nan        nan        nan        nan        nan
         nan        nan        nan        nan]
 [       nan        nan        nan        nan        nan        nan
         nan        nan        nan        nan]
 [0.         0.5        0.87       0.         0.46491228        nan
         nan        nan 0.6               nan]
 [0.         0.5        0.87       0.         0.46491228        nan
         nan        nan 0.7               nan]
 [       nan        nan        nan 0.6               nan        nan
         nan        nan 0.4               nan]
 [       nan        nan        nan 0.1               nan 0.
  0.5        0.84       0.         0.45614035]
 [0.         0.5        0.86       0.         0.4619883  0.
  0.5        0.87       0.         0.46491228]
 [       nan        nan        nan 0.3               nan        nan
         nan        nan 0.3               nan]
 [0.         0.5        0.85       0.         0.45906433        nan
         nan        nan 0.3               nan]]
DUMMY mean:
[0.         0.5        0.84666667 0.17894737 0.458061   0.
 0.5        0.85       0.38421053 0.45899553]
---------------------------
Current folder: C:\Users\mbamo\Dropbox\c_sldl_1_3_8
-------------------------------------
----- RESULTS from .csv files ------
-------------------------------------
---------------------------
ALG Means: 
-rows: alg : KNN = 0; DT = 1; RF = 2; SVM = 3; GBM = 4; BDDAE = 5; DUMMY = 5
columns:
'val_cohen','val_uar', 'val_acc', 'val_gm',  'val_f1',  'aro_cohen','aro_uar', 'aro_acc', 'aro_gm',  'aro_f1'
-------------------------------------------------------------
  v_c   v_u   v_a   v_g   v_f1  a_c   a_u   a_a   a_g   a_f1
[[0.567 0.791 0.91  0.642 0.775 0.242 0.634 0.86  0.33  0.604]
 [0.513 0.771 0.882 0.641 0.751 0.375 0.688 0.852 0.538 0.658]
 [0.51  0.784 0.895 0.672 0.763 0.479 0.758 0.883 0.522 0.726]
 [0.    0.5   0.845 0.    0.458 0.    0.5   0.852 0.    0.46 ]
 [0.237 0.623 0.85  0.293 0.581 0.248 0.629 0.868 0.313 0.598]
 [0.    0.    0.    0.    0.    0.    0.    0.    0.    0.   ]
 [0.    0.5   0.845 0.    0.458 0.    0.5   0.852 0.    0.46 ]]
-------------------------------------------------------------
Standard Deviation of each metric:
[[0.364 0.187 0.058 0.377 0.192 0.27  0.141 0.049 0.306 0.141]
 [0.198 0.165 0.081 0.181 0.159 0.131 0.068 0.038 0.134 0.064]
 [0.312 0.156 0.053 0.268 0.146 0.163 0.071 0.04  0.254 0.074]
 [0.    0.    0.021 0.    0.006 0.    0.    0.04  0.    0.012]
 [0.193 0.094 0.031 0.194 0.092 0.15  0.082 0.035 0.186 0.085]
 [0.    0.    0.    0.    0.    0.    0.    0.    0.    0.   ]
 [0.    0.    0.021 0.    0.006 0.    0.    0.04  0.    0.012]]
-------------------------------------------------------------
std_dev/mean [percentage]:
[[ 64.  24.   6.  59.  25. 111.  22.   6.  93.  23.]
 [ 39.  21.   9.  28.  21.  35.  10.   4.  25.  10.]
 [ 61.  20.   6.  40.  19.  34.   9.   5.  49.  10.]
 [  0.   0.   2.   0.   1.   0.   0.   5.   0.   3.]
 [ 82.  15.   4.  66.  16.  61.  13.   4.  60.  14.]
 [  0.   0.   0.   0.   0.   0.   0.   0.   0.   0.]
 [  0.   0.   2.   0.   1.   0.   0.   5.   0.   3.]]
