2024-05-01 19:29:35.492152: W tensorflow/stream_executor/platform/default/dso_loader.cc:64] Could not load dynamic library 'cudart64_110.dll'; dlerror: cudart64_110.dll not found
2024-05-01 19:29:35.497716: I tensorflow/stream_executor/cuda/cudart_stub.cc:29] Ignore above cudart dlerror if you do not have a GPU set up on your machine.
2024-05-01 19:29:43.338836: W tensorflow/stream_executor/platform/default/dso_loader.cc:64] Could not load dynamic library 'nvcuda.dll'; dlerror: nvcuda.dll not found
2024-05-01 19:29:43.345549: W tensorflow/stream_executor/cuda/cuda_driver.cc:269] failed call to cuInit: UNKNOWN ERROR (303)
2024-05-01 19:29:43.351646: I tensorflow/stream_executor/cuda/cuda_diagnostics.cc:169] retrieving CUDA diagnostic information for host: MFB
2024-05-01 19:29:43.352570: I tensorflow/stream_executor/cuda/cuda_diagnostics.cc:176] hostname: MFB
2024-05-01 19:29:43.367059: I tensorflow/core/platform/cpu_feature_guard.cc:151] This TensorFlow binary is optimized with oneAPI Deep Neural Network Library (oneDNN) to use the following CPU instructions in performance-critical operations:  AVX AVX2
To enable them in other operations, rebuild TensorFlow with the appropriate compiler flags.
---------------------------
KNN performance:
[[ 0.42027735  0.70853147  0.71594203  0.6993816   0.70782163  0.41922266
   0.70846405  0.79746377  0.63974512  0.70108281]
 [ 0.45649825  0.72802448  0.7298913   0.72050305  0.72495455  0.45110099
   0.72246032  0.74710145  0.69957752  0.72169993]
 [ 0.47961627  0.73464036  0.7509058   0.71684012  0.73455985  0.38082261
   0.6902972   0.69257246  0.682427    0.68748289]
 [ 0.21601992  0.60837413  0.61231884  0.59884543  0.60514001  0.12263066
   0.55567227  0.65398551  0.49170958  0.55391727]
 [ 0.5312846   0.75769841  0.78460145  0.73604658  0.75971699  0.45742482
   0.72805944  0.73043478  0.72197387  0.72669539]
 [ 0.48407053  0.74204545  0.74202899  0.73967564  0.74116241  0.55013567
   0.77287296  0.77699275  0.76430236  0.77189793]
 [ 0.32993661  0.66119048  0.68405797  0.64286563  0.66137515  0.28900148
   0.64382284  0.64619565  0.63115794  0.63923195]
 [ 0.89431176  0.946875    0.95380435  0.94530137  0.94702244  0.51376872
   0.75880952  0.76304348  0.75522616  0.75508795]
 [ 0.40089366  0.69101891  0.75525362  0.65628176  0.69455937  0.32029537
   0.65772059  0.71358696  0.62804976  0.65745045]
 [ 0.44864822  0.72432984  0.725       0.71853455  0.72214174  0.40728528
   0.70334499  0.70380435  0.69591395  0.6994502 ]
 [ 0.15230812  0.57865079  0.59166667  0.55948146  0.57101816  0.42906764
   0.7071978   0.7298913   0.6854181   0.70859525]
 [ 0.61769911  0.80373016  0.82246377  0.79496686  0.80712954  0.52293281
   0.76246032  0.77192029  0.74978333  0.75715482]
 [ 0.44438768  0.72100122  0.73858696  0.69880181  0.71605778  0.24242792
   0.62074925  0.63387681  0.60533638  0.61698885]
 [ 0.3519721   0.66861111  0.72681159  0.60281009  0.66729635  0.40382535
   0.70101981  0.70434783  0.69293764  0.69892732]
 [ 0.18717059  0.5875      0.66684783  0.53102496  0.58851385  0.11485159
   0.55742063  0.58985507  0.52912633  0.55231207]
 [ 0.30561623  0.64904762  0.67065217  0.62482504  0.64512992  0.4541244
   0.71166667  0.77228261  0.67869855  0.72160014]
 [ 0.57689543  0.78679487  0.79456522  0.77729426  0.78512639  0.42296066
   0.70357143  0.73025362  0.6791207   0.70531259]
 [ 0.1926544   0.57833333  0.82735507  0.37381791  0.58615773  0.29558918
   0.64642857  0.67083333  0.62723113  0.64372238]
 [ 0.46171971  0.72342437  0.78061594  0.69658225  0.72753972  0.42177098
   0.71195804  0.71413043  0.70446266  0.7087095 ]
 [ 0.19752932  0.59090278  0.66268116  0.53624715  0.5910657   0.16046495
   0.57702381  0.62898551  0.5283046   0.57270237]
 [ 0.14008416  0.55961988  0.75996377  0.31789825  0.54595091 -0.00990331
   0.49507576  0.4942029   0.48288699  0.48964587]
 [ 0.25802594  0.62931235  0.62844203  0.62121777  0.62507853  0.20432262
   0.59847222  0.64583333  0.56131181  0.59380643]
 [ 0.11281136  0.55375458  0.58134058  0.51059362  0.54375942  0.26917293
   0.62558357  0.73876812  0.57179967  0.63142821]
 [ 0.01515537  0.50743007  0.51141304  0.4994984   0.50524736  0.37489211
   0.68422078  0.69601449  0.67252544  0.68443287]
 [ 0.46251578  0.73050949  0.73804348  0.72182859  0.72867111  0.60904429
   0.80416667  0.80507246  0.79515261  0.8013994 ]
 [ 0.36064892  0.67874126  0.6875      0.65434571  0.67157136  0.49478637
   0.74606643  0.75181159  0.73627729  0.74409808]
 [ 0.56947286  0.76938025  0.82264493  0.74705722  0.78103164  0.52662851
   0.76363636  0.76322464  0.75868882  0.76136083]
 [ 0.31366378  0.65659722  0.68695652  0.63837152  0.65450829  0.47831042
   0.73492063  0.75144928  0.72505378  0.73659819]
 [ 0.07993895  0.53535714  0.5865942   0.47843868  0.52857758  0.38784896
   0.6913986   0.70054348  0.67850103  0.68977877]
 [ 0.73154132  0.87238095  0.86902174  0.86978557  0.86468818  0.46586034
   0.73027778  0.7634058   0.71560441  0.73039196]]
KNN mean:
[0.37311228 0.6827936  0.7202657  0.64763876 0.68108579 0.3726889
 0.68382798 0.70939614 0.66294348 0.68209876]
---------------------------
---------------------------
DT performance:
[[0.47525011 0.73888695 0.74275362 0.73970834 0.73697738 0.32198438
  0.71856209 0.80652174 0.64218143 0.72164738]
 [0.49991451 0.75211538 0.7509058  0.74598144 0.74917571 0.4607426
  0.73452381 0.74655797 0.71765801 0.73105267]
 [0.39541004 0.70551948 0.70344203 0.70762937 0.69820279 0.28825219
  0.6458042  0.6451087  0.67340176 0.63878057]
 [0.21613349 0.62727855 0.62916667 0.59743918 0.61786425 0.25031612
  0.6126313  0.68786232 0.58735818 0.6149245 ]
 [0.51897126 0.74746032 0.76413043 0.7321092  0.74806014 0.51710444
  0.74213287 0.74257246 0.7579899  0.73900256]
 [0.34068545 0.69128788 0.69166667 0.69489441 0.68988421 0.5004249
  0.73930653 0.7432971  0.71559983 0.73878571]
 [0.36417077 0.66277778 0.67934783 0.64348071 0.66101449 0.26747969
  0.62718531 0.62481884 0.62316711 0.61963223]
 [0.81959646 0.91744048 0.93224638 0.89973432 0.92227025 0.61816728
  0.81190476 0.81394928 0.80599085 0.80795493]
 [0.33096575 0.66200105 0.70815217 0.63077979 0.66119978 0.27925629
  0.64640231 0.6759058  0.62918817 0.63627576]
 [0.46867268 0.75967366 0.75978261 0.74724562 0.7568084  0.29350086
  0.65862471 0.66105072 0.63862454 0.65449646]
 [0.09046172 0.54722222 0.55706522 0.54346832 0.53728243 0.45085507
  0.68296703 0.69547101 0.72820483 0.68364263]
 [0.56088165 0.79714286 0.80905797 0.76010175 0.79578209 0.43670923
  0.71904762 0.73387681 0.70176738 0.71699363]
 [0.39356084 0.69739316 0.7009058  0.70911993 0.69173576 0.25220155
  0.63593906 0.64528986 0.61151468 0.63034256]
 [0.08650936 0.54215278 0.59492754 0.5403444  0.54370463 0.36196447
  0.65323427 0.65       0.64237934 0.64711166]
 [0.14811001 0.58973214 0.62898551 0.54851598 0.58144414 0.11868289
  0.56880952 0.58695652 0.55971231 0.56158142]
 [0.38295193 0.68642857 0.69619565 0.71800758 0.68336313 0.38539358
  0.68625    0.73007246 0.66704076 0.68986622]
 [0.62487264 0.82294261 0.83115942 0.79300689 0.82373377 0.4579144
  0.73095238 0.73913043 0.70102834 0.7283    ]
 [0.28869703 0.6575     0.8182971  0.53225357 0.64770936 0.44547179
  0.73428571 0.74710145 0.73059997 0.73200545]
 [0.3728833  0.69086134 0.74184783 0.66696561 0.68634757 0.43834517
  0.72839161 0.72554348 0.70435835 0.71839256]
 [0.33176125 0.65104167 0.65869565 0.66945235 0.63881336 0.21221036
  0.61946429 0.65326087 0.57513987 0.61482761]
 [0.01033211 0.56345029 0.68822464 0.45207097 0.54978489 0.07740593
  0.52727273 0.52771739 0.55187853 0.52043831]
 [0.22514701 0.62167832 0.62047101 0.6355704  0.61652251 0.14620097
  0.59694444 0.63242754 0.53858813 0.59309031]
 [0.16949041 0.54166056 0.55996377 0.57477532 0.53748085 0.2787339
  0.62656396 0.7        0.61238334 0.62213226]
 [0.13855908 0.57701049 0.57971014 0.55579417 0.57210273 0.3601943
  0.70217782 0.70507246 0.67402747 0.6978005 ]
 [0.40812945 0.67878122 0.68387681 0.65632656 0.67286581 0.53477017
  0.77613636 0.7759058  0.77401781 0.7728439 ]
 [0.38772498 0.68423077 0.68876812 0.69100128 0.67590252 0.34950066
  0.65973776 0.65869565 0.67408165 0.65693046]
 [0.48172631 0.73715861 0.76322464 0.71420258 0.73004565 0.42990022
  0.73409091 0.73315217 0.7297551  0.72767102]
 [0.1790155  0.57402778 0.60253623 0.57097459 0.57036392 0.45224645
  0.7252381  0.73025362 0.69331707 0.72188699]
 [0.15295655 0.58625    0.61702899 0.53950971 0.5793011  0.23228812
  0.62013986 0.62065217 0.61480122 0.6138988 ]
 [0.59739564 0.78809524 0.80126812 0.7832657  0.78799577 0.53359171
  0.76756944 0.79311594 0.75077867 0.76731519]]
DT mean:
[0.34869791 0.67664007 0.70012681 0.659791   0.67212465 0.35839366
 0.68107636 0.69771135 0.66755115 0.67732081]
---------------------------
---------------------------
RF performance:
[[0.56630583 0.75987762 0.76322464 0.78498964 0.75819579 0.4621811
  0.70395425 0.8057971  0.70942552 0.71012738]
 [0.57315507 0.77775058 0.7807971  0.76468814 0.77746685 0.50875635
  0.7747619  0.78967391 0.769515   0.7746269 ]
 [0.44910294 0.69641359 0.70471014 0.72642747 0.69474325 0.3783562
  0.65824592 0.65851449 0.69591499 0.65313373]
 [0.32163922 0.6736655  0.67644928 0.66593324 0.67072749 0.24695167
  0.58130252 0.6673913  0.55389559 0.58630422]
 [0.53259283 0.7531746  0.76865942 0.75017057 0.7511449  0.42238009
  0.74055944 0.74311594 0.744543   0.73874754]
 [0.55173332 0.74431818 0.74257246 0.75305824 0.74043376 0.56006864
  0.80716783 0.80615942 0.78229381 0.80421634]
 [0.38851432 0.7218254  0.73043478 0.6701242  0.71698168 0.33282606
  0.66182984 0.66141304 0.66217684 0.65829294]
 [0.81346951 0.93104167 0.94112319 0.91842389 0.93303791 0.52418333
  0.78634921 0.79655797 0.79623566 0.78668596]
 [0.43472946 0.7176208  0.76847826 0.66639077 0.71510319 0.35047362
  0.65191702 0.69202899 0.62950464 0.64629439]
 [0.50014691 0.69900932 0.69963768 0.72337894 0.69567081 0.40548156
  0.72067016 0.72916667 0.72828867 0.71987674]
 [0.1120502  0.59349206 0.60851449 0.57220716 0.58627298 0.43522848
  0.72906593 0.74257246 0.70141158 0.72647468]
 [0.63398704 0.82166667 0.83532609 0.8187156  0.82209945 0.4843108
  0.72706349 0.73786232 0.72890446 0.72072828]
 [0.38244306 0.70612332 0.71322464 0.69973616 0.70510847 0.318383
  0.64422078 0.65018116 0.63383584 0.64072589]
 [0.21516556 0.61847222 0.67083333 0.55776802 0.61270841 0.43633489
  0.68770396 0.69221014 0.70201728 0.67716578]
 [0.32964685 0.65625    0.7048913  0.59701127 0.65646143 0.16747479
  0.64015873 0.67047101 0.53554248 0.63657723]
 [0.34823776 0.68436508 0.69963768 0.65311868 0.68454584 0.55070291
  0.72333333 0.7634058  0.7377292  0.72520717]
 [0.7225649  0.82190476 0.82771739 0.8412154  0.81994551 0.47941602
  0.73722222 0.74710145 0.76586816 0.73523019]
 [0.1959319  0.60333333 0.81503623 0.35554881 0.60314648 0.49153894
  0.7034127  0.73405797 0.70797529 0.70558635]
 [0.48949904 0.74343487 0.80144928 0.72882999 0.75113351 0.48826159
  0.77853147 0.78496377 0.75519869 0.77757704]
 [0.34993728 0.67784722 0.7125     0.66096799 0.67228556 0.24828635
  0.6272619  0.66666667 0.57359757 0.61922467]
 [0.09022289 0.55587719 0.74257246 0.30906209 0.55413577 0.01449903
  0.53598485 0.53550725 0.48111048 0.53314978]
 [0.28990375 0.68039044 0.67880435 0.65745022 0.67778598 0.3195568
  0.65326389 0.69547101 0.57466225 0.65215163]
 [0.19225915 0.5647558  0.57681159 0.58627124 0.55511821 0.15019152
  0.61358543 0.73351449 0.56453116 0.61873316]
 [0.2662585  0.66375291 0.66684783 0.64897323 0.66212186 0.42407683
  0.72848152 0.7307971  0.72588594 0.72641528]
 [0.49995256 0.73464535 0.74746377 0.71191154 0.73237958 0.56839171
  0.83484848 0.83496377 0.79688144 0.83353228]
 [0.18651726 0.65384615 0.65869565 0.62224935 0.64879782 0.43023911
  0.74810606 0.75126812 0.73120717 0.74839019]
 [0.56038447 0.73358718 0.78496377 0.77741154 0.73648967 0.60258727
  0.76780303 0.76721014 0.73827135 0.76483357]
 [0.13268357 0.64125    0.67608696 0.57325242 0.63369951 0.49962369
  0.73849206 0.74710145 0.74961277 0.73625993]
 [0.20380074 0.58446429 0.62844203 0.57228951 0.58292308 0.26068403
  0.60188811 0.6076087  0.61639005 0.59866792]
 [0.61553281 0.82777778 0.83478261 0.81622795 0.82547101 0.42737852
  0.76263889 0.79692029 0.73106473 0.7636557 ]]
RF mean:
[0.39827896 0.7013978  0.73202295 0.67279344 0.69920453 0.3996275
 0.7023275  0.7246558  0.68744972 0.70061976]
---------------------------
---------------------------
SVM performance:
[[ 0.18921912  0.59079837  0.61503623  0.46134306  0.5493677   0.
   0.5         0.75108696  0.          0.42890244]
 [ 0.34961914  0.67257576  0.68315217  0.65572101  0.66945581  0.20232302
   0.59039683  0.65923913  0.48589614  0.57154537]
 [ 0.50397013  0.73894605  0.77210145  0.68729882  0.73490981  0.32736527
   0.66477273  0.66286232  0.6550459   0.65888657]
 [ 0.29981232  0.64596154  0.6625      0.6060556   0.63534388  0.
   0.5         0.70452899  0.          0.41332083]
 [ 0.5129805   0.7415873   0.78478261  0.70487346  0.74718925  0.49089012
   0.74402681  0.74764493  0.73088087  0.74072008]
 [ 0.42626126  0.71363636  0.71286232  0.70740848  0.71052367  0.46893317
   0.73371212  0.73514493  0.72701765  0.7314262 ]
 [ 0.00460829  0.50198413  0.59094203  0.0321208   0.37980418  0.28955301
   0.64484266  0.64565217  0.63363846  0.64014766]
 [ 0.76275306  0.86919643  0.89855072  0.85997971  0.87965314  0.41033772
   0.7         0.72536232  0.68361628  0.7022753 ]
 [ 0.          0.5         0.68369565  0.          0.40600375  0.
   0.5         0.68369565  0.          0.40600375]
 [ 0.40690983  0.70381702  0.70362319  0.69526049  0.69959935  0.20311703
   0.59851399  0.61974638  0.5375205   0.57910242]
 [ 0.00327869  0.50142857  0.5951087   0.03162278  0.38140736  0.21160144
   0.59659341  0.65398551  0.43000396  0.55046599]
 [ 0.34021561  0.65468254  0.72083333  0.56864365  0.64435846  0.14571604
   0.56515873  0.64184783  0.33998881  0.51194489]
 [ 0.07764148  0.53428571  0.60742754  0.24308887  0.44739089  0.
   0.5         0.57373188  0.          0.3645211 ]
 [ 0.          0.5         0.64981884  0.          0.39380567  0.36427756
   0.68222611  0.68369565  0.66870441  0.6760526 ]
 [ 0.          0.5         0.67536232  0.          0.40307692  0.
   0.5         0.62880435  0.          0.38601598]
 [ 0.          0.5         0.59094203  0.          0.37140825  0.10076457
   0.540625    0.68768116  0.20494334  0.47646649]
 [ 0.35698468  0.66619048  0.71358696  0.59188544  0.65426523  0.00327869
   0.50142857  0.59094203  0.03162278  0.37978792]
 [ 0.          0.5         0.8442029   0.          0.4577167   0.
   0.5         0.6076087   0.          0.37788598]
 [ 0.          0.5         0.69202899  0.          0.40893058  0.02334522
   0.5108042   0.55253623  0.15554263  0.40208618]
 [-0.02416162  0.49020833  0.64112319  0.          0.39044309  0.15035932
   0.56319444  0.66702899  0.36896666  0.52154367]
 [ 0.          0.5         0.77228261  0.          0.43569403 -0.0272951
   0.48636364  0.48496377  0.07956759  0.34932913]
 [ 0.29515993  0.64851399  0.64456522  0.62064077  0.63303904  0.
   0.5         0.64981884  0.          0.39380567]
 [ 0.          0.5         0.58224638  0.          0.3679548   0.
   0.5         0.7384058   0.          0.42471254]
 [ 0.          0.5         0.52318841  0.          0.34339768  0.29924716
   0.64247752  0.67481884  0.556145    0.61741297]
 [ 0.02263421  0.51        0.57391304  0.06324555  0.38131646  0.45788836
   0.72878788  0.72916667  0.71263935  0.72206383]
 [ 0.02377367  0.51094406  0.55724638  0.10274124  0.38635414  0.44996376
   0.72226107  0.73043478  0.70928252  0.72066537]
 [ 0.42011654  0.68232668  0.78550725  0.60112275  0.69122867  0.51847038
   0.75984848  0.75887681  0.74651343  0.7542603 ]
 [ 0.          0.5         0.63731884  0.          0.38919028  0.46929473
   0.72111111  0.75960145  0.68246105  0.72364019]
 [ 0.          0.5         0.62445652  0.          0.38438013  0.07763877
   0.53597902  0.57807971  0.27727878  0.44505792]
 [ 0.61217     0.79706349  0.82282609  0.7830437   0.80329596  0.37568056
   0.67111111  0.7509058   0.58298815  0.6707945 ]]
SVM mean:
[0.18613156 0.58913823 0.67870773 0.30053654 0.52601683 0.20042503
 0.59680785 0.66926329 0.36667548 0.5446948 ]
---------------------------
---------------------------
GBM performance:
[[ 0.49725451  0.75276807  0.76268116  0.74070487  0.75282026  0.27949442
   0.61666667  0.81014493  0.35911748  0.60191995]
 [ 0.4712091   0.73117133  0.74257246  0.71315287  0.73194936  0.47031344
   0.71960317  0.75996377  0.69019204  0.72759142]
 [ 0.47809     0.72652847  0.75960145  0.67630906  0.72271256  0.37008752
   0.68178904  0.69202899  0.6575177   0.67241298]
 [ 0.31119304  0.66030303  0.66721014  0.6476045   0.65193175  0.19239312
   0.56848739  0.74257246  0.36227032  0.53694043]
 [ 0.54213278  0.75404762  0.79746377  0.7213051   0.7634044   0.46402536
   0.73114802  0.73405797  0.72898474  0.72975118]
 [ 0.58610427  0.79280303  0.79257246  0.7886758   0.79133016  0.5723703
   0.7780303   0.78532609  0.76204219  0.77693896]
 [ 0.40416069  0.69293651  0.72554348  0.66542873  0.69588959  0.40203367
   0.70198135  0.70072464  0.68140223  0.69634004]
 [ 0.78729871  0.86988095  0.90742754  0.86602129  0.88704065  0.64629436
   0.81539683  0.83532609  0.80539967  0.82109586]
 [ 0.2230995   0.59330357  0.72536232  0.42801341  0.57795172  0.0397316
   0.51643908  0.67518116  0.19358581  0.46218247]
 [ 0.39661556  0.69434732  0.69565217  0.67527519  0.68394327  0.39685015
   0.69280303  0.70869565  0.66154854  0.68770998]
 [ 0.1029397   0.55285714  0.6         0.44090729  0.52697603  0.43197736
   0.70032967  0.72952899  0.66763938  0.70143974]
 [ 0.5977864   0.78746032  0.81394928  0.77234932  0.79078063  0.47417866
   0.73674603  0.7682971   0.70824973  0.73831553]
 [ 0.34615422  0.6468254   0.69184783  0.5760062   0.6360576   0.24279888
   0.61413087  0.64927536  0.55276857  0.60267544]
 [ 0.13105248  0.56041667  0.6798913   0.32378364  0.52429929  0.5097499
   0.74871795  0.7548913   0.73060679  0.74119691]
 [ 0.05457772  0.53080357  0.68423913  0.15967593  0.4758073   0.01596977
   0.50583333  0.61195652  0.25761082  0.44654103]
 [ 0.11063395  0.55412698  0.62807971  0.30338317  0.49033402  0.34708532
   0.65520833  0.74710145  0.57320533  0.655272  ]
 [ 0.71179424  0.84778388  0.85706522  0.84439288  0.84832538  0.37848234
   0.68507937  0.73007246  0.61584044  0.68058646]
 [ 0.16445183  0.55833333  0.86123188  0.21547005  0.55204571  0.48919221
   0.73301587  0.76902174  0.71099545  0.7407305 ]
 [ 0.12976124  0.55501576  0.70833333  0.28988767  0.51937832  0.44754432
   0.72300699  0.7384058   0.69366174  0.71879759]
 [ 0.30389777  0.63201389  0.71684783  0.56078468  0.63292553  0.21743611
   0.5985119   0.67463768  0.51144044  0.58947206]
 [-0.0078125   0.49722222  0.76793478  0.          0.43429159  0.0810412
   0.53181818  0.53188406  0.52704773  0.52746683]
 [ 0.30915808  0.65955711  0.65778986  0.64849913  0.65567098  0.18031488
   0.57631944  0.69221014  0.35443091  0.53800322]
 [ 0.11621997  0.55335775  0.61086957  0.41965494  0.51216842  0.02892488
   0.51078431  0.73822464  0.07917308  0.44919521]
 [ 0.33506048  0.65795455  0.66268116  0.64918052  0.6560498   0.52243653
   0.76064935  0.77282609  0.75003152  0.76149473]
 [ 0.32890265  0.6521029   0.68387681  0.56362641  0.63401681  0.58528639
   0.79280303  0.79257246  0.78803861  0.79062115]
 [ 0.38067479  0.68185315  0.7009058   0.6358879   0.66698581  0.39553887
   0.70141608  0.70561594  0.68835308  0.70011273]
 [ 0.46805744  0.70848214  0.80199275  0.63806849  0.7185252   0.55126297
   0.7719697   0.77083333  0.76354679  0.76794023]
 [ 0.18005462  0.58888889  0.69221014  0.39303012  0.55984379  0.45503819
   0.71444444  0.75543478  0.67372928  0.71585656]
 [ 0.24051005  0.60378968  0.68804348  0.46909198  0.58261743  0.21002344
   0.60636364  0.62463768  0.55185584  0.58990536]
 [ 0.52949326  0.75436508  0.78061594  0.73815075  0.75415748  0.38506999
   0.67388889  0.75471014  0.56830945  0.66291689]]
GBM mean:
[0.34101755 0.66171001 0.72881643 0.55214406 0.64767436 0.35943154
 0.67211274 0.72520531 0.58895319 0.66104745]
---------------------------
---------------------------
BDDAE performance:
[[ 0.0868814   0.54265734  0.55416667  0.51055285  0.53184155 -0.00162963
   0.5         0.7375      0.0665442   0.44157047]
 [ 0.27187224  0.63723776  0.63541667  0.63271123  0.63314695  0.47868063
   0.73103448  0.75833333  0.71625081  0.73647259]
 [ 0.0461484   0.52275132  0.54166667  0.48279862  0.51274636  0.18133221
   0.58913043  0.59791667  0.53079069  0.56488871]
 [ 0.03735699  0.51870629  0.53125     0.48601383  0.50840206  0.04961668
   0.52079832  0.68125     0.3205811   0.49434773]
 [ 0.40235245  0.69446461  0.72291667  0.67204962  0.69551202  0.29783098
   0.64965217  0.64791667  0.64476336  0.64624391]
 [ 0.55        0.775       0.775       0.7667958   0.77153777  0.04828589
   0.52447552  0.52916667  0.51295002  0.52027011]
 [-0.02172022  0.49035714  0.53958333  0.35811184  0.45139808  0.11837168
   0.55930435  0.55833333  0.55230709  0.55519884]
 [ 0.22329639  0.5984375   0.7         0.5037887   0.59273972 -0.03243091
   0.48702359  0.54791667  0.32942694  0.45410153]
 [ 0.4267978   0.68939394  0.78541667  0.62520589  0.70116261  0.45485477
   0.69181818  0.80625     0.61309229  0.71040053]
 [ 0.1091744   0.55478261  0.55416667  0.54850859  0.55114602  0.22118902
   0.60944056  0.61666667  0.59861135  0.60717812]
 [ 0.02924403  0.51497278  0.55208333  0.46136032  0.50233364  0.27033817
   0.62714286  0.66666667  0.57350422  0.61930955]
 [ 0.12537662  0.55644283  0.62083333  0.45484763  0.53412873  0.39568444
   0.70254083  0.70416667  0.69964314  0.69585449]
 [ 0.06492784  0.53142857  0.55833333  0.50115428  0.5267371   0.28900435
   0.64535714  0.65208333  0.63884628  0.64194843]
 [ 0.08302252  0.53548387  0.63333333  0.40168245  0.51032065  0.32934497
   0.66513043  0.66458333  0.65884863  0.66165043]
 [-0.01573798  0.4921875   0.61875     0.28221605  0.45537697  0.18585968
   0.59        0.64583333  0.52091926  0.57759035]
 [ 0.10209862  0.55035714  0.58125     0.49771198  0.53724956  0.19705014
   0.58125     0.71458333  0.38505954  0.55036855]
 [ 0.59538408  0.80464286  0.80208333  0.78556268  0.78992993  0.21524951
   0.59785714  0.65416667  0.47517956  0.56447509]
 [ 0.11232186  0.54843206  0.84583333  0.23632186  0.53735164  0.02422022
   0.51052632  0.59166667  0.29989169  0.45373791]
 [ 0.23662597  0.60787879  0.69583333  0.55277278  0.61046289  0.22112944
   0.60996503  0.61458333  0.6025528   0.60804009]
 [ 0.13280344  0.55749526  0.65833333  0.42744181  0.53583997  0.05105526
   0.52277778  0.62291667  0.2843974   0.46820041]
 [ 0.02823453  0.51154791  0.75416667  0.16860899  0.47658401  0.175
   0.5875      0.5875      0.58457381  0.58611782]
 [ 0.01222184  0.50652174  0.50625     0.49232239  0.49934593  0.06884266
   0.53017078  0.63333333  0.35443568  0.49457237]
 [ 0.11381046  0.55571429  0.57916667  0.5307654   0.55162564  0.50422932
   0.72428571  0.82708333  0.68356641  0.74702632]
 [ 0.13179145  0.56591304  0.56666667  0.55817378  0.56230131  0.3061425
   0.64973545  0.66666667  0.63220727  0.64864352]
 [ 0.05136911  0.52619048  0.55208333  0.45251751  0.50265228  0.15416667
   0.57708333  0.57708333  0.57444995  0.5758417 ]
 [ 0.23099616  0.61276224  0.62708333  0.58299648  0.60508442  0.27656896
   0.63653846  0.64375     0.62602362  0.63491742]
 [ 0.39635267  0.68393939  0.76041667  0.64972326  0.69469348  0.5375
   0.76875     0.76875     0.74800786  0.76076907]
 [ 0.02722285  0.51318786  0.57708333  0.44402928  0.50168386  0.41891242
   0.70326679  0.72916667  0.68626672  0.70593348]
 [ 0.15247756  0.57333333  0.61666667  0.54093894  0.57184217  0.34007253
   0.66765734  0.67708333  0.65509269  0.66623342]
 [ 0.27281412  0.6314882   0.66875     0.59186113  0.62630652  0.06162185
   0.525       0.67083333  0.21559491  0.46548481]]
BDDAE mean:
[0.16718392 0.58012362 0.63715278 0.50665153 0.5693828  0.22793648
 0.6095071  0.65979167 0.52614598 0.59524626]
---------------------------
---------------------------
DUMMY performance:
[[0.         0.5        0.54003623 0.         0.35062849 0.
  0.5        0.75108696 0.         0.42890244]
 [0.         0.5        0.54438406 0.         0.35245388 0.
  0.5        0.61177536 0.         0.37950542]
 [0.         0.5        0.56539855 0.         0.36110716 0.
  0.5        0.52735507 0.         0.34519949]
 [0.         0.5        0.54003623 0.         0.35062849 0.
  0.5        0.70452899 0.         0.41332083]
 [0.         0.5        0.60344203 0.         0.37626655 0.
  0.5        0.51485507 0.         0.33979408]
 [0.         0.5        0.50652174 0.         0.33619048 0.
  0.5        0.53568841 0.         0.34880309]
 [0.         0.5        0.59094203 0.         0.37140825 0.
  0.5        0.51068841 0.         0.33799228]
 [0.         0.5        0.67101449 0.         0.40152497 0.
  0.5        0.59927536 0.         0.37464712]
 [0.         0.5        0.68369565 0.         0.40600375 0.
  0.5        0.68369565 0.         0.40600375]
 [0.         0.5        0.51068841 0.         0.33799228 0.
  0.5        0.54438406 0.         0.35245388]
 [0.         0.5        0.5951087  0.         0.37302768 0.
  0.5        0.57789855 0.         0.36622807]
 [0.         0.5        0.61177536 0.         0.37950542 0.
  0.5        0.60344203 0.         0.37626655]
 [0.         0.5        0.58224638 0.         0.3679548  0.
  0.5        0.57373188 0.         0.3645211 ]
 [0.         0.5        0.64981884 0.         0.39380567 0.
  0.5        0.52735507 0.         0.34519949]
 [0.         0.5        0.67536232 0.         0.40307692 0.
  0.5        0.62880435 0.         0.38601598]
 [0.         0.5        0.59094203 0.         0.37140825 0.
  0.5        0.66231884 0.         0.39842105]
 [0.         0.5        0.5865942  0.         0.36968152 0.
  0.5        0.59094203 0.         0.37140825]
 [0.         0.5        0.8442029  0.         0.4577167  0.
  0.5        0.6076087  0.         0.37788598]
 [0.         0.5        0.69202899 0.         0.40893058 0.
  0.5        0.54873188 0.         0.35427928]
 [0.         0.5        0.65398551 0.         0.39534413 0.
  0.5        0.62880435 0.         0.38601598]
 [0.         0.5        0.77228261 0.         0.43569403 0.
  0.5        0.50217391 0.         0.3342577 ]
 [0.         0.5        0.51068841 0.         0.33799228 0.
  0.5        0.64981884 0.         0.39380567]
 [0.         0.5        0.58224638 0.         0.3679548  0.
  0.5        0.7384058  0.         0.42471254]
 [0.         0.5        0.52318841 0.         0.34339768 0.
  0.5        0.55289855 0.         0.35598625]
 [0.         0.5        0.56539855 0.         0.36110716 0.
  0.5        0.50217391 0.         0.3342577 ]
 [0.         0.5        0.54873188 0.         0.35427928 0.
  0.5        0.54003623 0.         0.35062849]
 [0.         0.5        0.67952899 0.         0.40454034 0.
  0.5        0.49347826 0.         0.33039216]
 [0.         0.5        0.63731884 0.         0.38919028 0.
  0.5        0.5951087  0.         0.37302768]
 [0.         0.5        0.62445652 0.         0.38438013 0.
  0.5        0.54873188 0.         0.35427928]
 [0.         0.5        0.61177536 0.         0.37950542 0.
  0.5        0.65815217 0.         0.39688259]]
DUMMY mean:
[0.         0.5        0.60979469 0.         0.37742325 0.
 0.5        0.59046498 0.         0.37003647]
---------------------------
Current folder: C:\Users\mbamo\Dropbox\c_sldl_1_2_24
-------------------------------------
----- RESULTS from .csv files ------
-------------------------------------
---------------------------
ALG Means: 
-rows: alg : KNN = 0; DT = 1; RF = 2; SVM = 3; GBM = 4; BDDAE = 5; DUMMY = 5
columns:
'val_cohen','val_uar', 'val_acc', 'val_gm',  'val_f1',  'aro_cohen','aro_uar', 'aro_acc', 'aro_gm',  'aro_f1'
-------------------------------------------------------------
  v_c   v_u   v_a   v_g   v_f1  a_c   a_u   a_a   a_g   a_f1
[[0.373 0.683 0.72  0.648 0.681 0.373 0.684 0.709 0.663 0.682]
 [0.349 0.677 0.7   0.66  0.672 0.358 0.681 0.698 0.668 0.677]
 [0.398 0.701 0.732 0.673 0.699 0.4   0.702 0.725 0.687 0.701]
 [0.186 0.589 0.679 0.301 0.526 0.2   0.597 0.669 0.367 0.545]
 [0.341 0.662 0.729 0.552 0.648 0.359 0.672 0.725 0.589 0.661]
 [0.167 0.58  0.637 0.507 0.569 0.228 0.61  0.66  0.526 0.595]
 [0.    0.5   0.61  0.    0.377 0.    0.5   0.59  0.    0.37 ]]
-------------------------------------------------------------
Standard Deviation of each metric:
[[0.196 0.099 0.093 0.132 0.101 0.143 0.072 0.066 0.081 0.072]
 [0.181 0.09  0.087 0.098 0.092 0.131 0.065 0.065 0.068 0.066]
 [0.185 0.083 0.076 0.126 0.085 0.135 0.07  0.065 0.083 0.07 ]
 [0.227 0.109 0.09  0.322 0.159 0.189 0.093 0.068 0.293 0.138]
 [0.197 0.096 0.073 0.211 0.114 0.171 0.087 0.062 0.183 0.102]
 [0.161 0.079 0.092 0.133 0.086 0.156 0.075 0.072 0.166 0.092]
 [0.    0.    0.076 0.    0.028 0.    0.    0.069 0.    0.027]]
-------------------------------------------------------------
std_dev/mean [percentage]:
[[ 53.  14.  13.  20.  15.  38.  11.   9.  12.  11.]
 [ 52.  13.  12.  15.  14.  37.  10.   9.  10.  10.]
 [ 46.  12.  10.  19.  12.  34.  10.   9.  12.  10.]
 [122.  19.  13. 107.  30.  94.  16.  10.  80.  25.]
 [ 58.  15.  10.  38.  18.  48.  13.   9.  31.  15.]
 [ 96.  14.  14.  26.  15.  68.  12.  11.  32.  15.]
 [  0.   0.  12.   0.   7.   0.   0.  12.   0.   7.]]
