2024-03-20 08:56:00.978459: I tensorflow/core/util/port.cc:113] oneDNN custom operations are on. You may see slightly different numerical results due to floating-point round-off errors from different computation orders. To turn them off, set the environment variable `TF_ENABLE_ONEDNN_OPTS=0`.
2024-03-20 08:56:04.992278: I tensorflow/core/util/port.cc:113] oneDNN custom operations are on. You may see slightly different numerical results due to floating-point round-off errors from different computation orders. To turn them off, set the environment variable `TF_ENABLE_ONEDNN_OPTS=0`.
2024-03-20 08:56:15.734550: I tensorflow/core/platform/cpu_feature_guard.cc:210] This TensorFlow binary is optimized to use available CPU instructions in performance-critical operations.
To enable the following instructions: AVX2 FMA, in other operations, rebuild TensorFlow with the appropriate compiler flags.
    
    
-------------------------------
participant:  1
-------------------------------
    
    
participant:  1
corriendo en PC gamer:
Window size (sec):  30.0
step (sec):  30.0
overlap:  True
perc. of overlap:  0.0
overlap duration (sec):  0.0
Nearest multiple of 16 to 30000 is: 30000
Nearest multiple of 16 to 30000 is: 30000
['gsr_chunks', 'ppg_chunks', 'val_chunks', 'aro_chunks', 'time_chunks', 'tag_chunks', 'video']

[1m1/1[0m [32m━━━━━━━━━━━━━━━━━━━━[0m[37m[0m [1m0s[0m 125ms/step
predicted [0.8353307  0.922209   0.1418984  0.7774547  0.6619303  0.7117254
 0.91866195 0.7868142 ]
predicted [1 1 0 1 1 1 1 1]
expected [ True  True  True  True False  True False False]
accuracy: 0.5
confusion matrix: 
[[0 3]
 [1 4]]
              precision    recall  f1-score   support

       False       0.00      0.00      0.00         3
        True       0.57      0.80      0.67         5

    accuracy                           0.50         8
   macro avg       0.29      0.40      0.33         8
weighted avg       0.36      0.50      0.42         8

macro avg f1-score: 0.3333333333333333
macro avg (UAR): 0.4
Sensitivity:  0.0
Specificity:  0.8
g-mean:  0.0
-------- Model Performance ----------: 
accuracy:  [0.75  0.5   0.625 0.5   0.5   0.375 0.625 0.5   0.5   0.5  ]
gmean:  [0.57735027 0.4472136  0.51639778 0.4472136  0.4472136  0.
 0.63245553 0.4472136  0.4472136  0.        ]
f1_score:  [0.66666667 0.46666667 0.56363636 0.46666667 0.46666667 0.27272727
 0.61904762 0.46666667 0.46666667 0.33333333]
UAR:  [0.66666667 0.46666667 0.56666667 0.46666667 0.46666667 0.3
 0.63333333 0.46666667 0.46666667 0.4       ]
Cohen Kappa score:  [ 0.38461538 -0.06666667  0.14285714 -0.06666667 -0.06666667 -0.42857143
  0.25       -0.06666667 -0.06666667 -0.23076923]
arousal and valece = ok
------------- Evaluating model --------------
-------------------------------------
-------------------------------------
participant:  30
-------------------------------------
----- RESULTS ------
-------------------------------------
Window size (sec):  30.0
step (sec):  30.0
overlap:  True
perc. of overlap:  0.0
overlap duration (sec):  0.0
Number of windows / instances:  37
-rows: alg : KNN = 0; DT = 1; RF = 2; SVM = 3; GBM = 4; BDDAE = 5; DUMMY = 5
columns:
'val_cohen','val_uar', 'val_acc', 'val_gm',  'val_f1',  'aro_cohen','aro_uar', 'aro_acc', 'aro_gm',  'aro_f1'
-------------------------------------------------------------
  v_c   v_u   v_a   v_g   v_f1  a_c   a_u   a_a   a_g   a_f1
[[ 0.76   0.9    0.867  0.881  0.863  0.163  0.592  0.65   0.312  0.523]
 [ 0.427  0.8    0.833  0.628  0.763  0.167  0.783  0.767  0.602  0.743]
 [ 0.577  0.8    0.808  0.61   0.763  0.283  0.692  0.742  0.535  0.656]
 [ 0.     0.5    0.65   0.     0.391  0.     0.5    0.65   0.     0.391]
 [ 0.587  0.8    0.833  0.658  0.763  0.65   0.683  0.758  0.723  0.651]
 [-0.022  0.49   0.538  0.396  0.479 -0.101  0.45   0.488  0.311  0.428]
 [ 0.     0.5    0.65   0.     0.391  0.     0.5    0.65   0.     0.391]]
participant performance loaded
    
    
-------------------------------
LAST participant's saved data: 
30
-------------------------------
    
    
---------------------------
KNN performance:
[[ 0.06        0.525       0.53333333  0.38284271  0.48               nan
   0.60833333  0.75        0.28164966  0.55261905]
 [ 0.32        0.65        0.625       0.48284271  0.57833333  0.35666667
   0.68333333  0.75833333  0.48284271  0.64571429]
 [ 0.5         0.75        0.79166667  0.59142136  0.71285714  0.48
   0.75        0.75        0.66213203  0.71666667]
 [ 0.08        0.55        0.54166667  0.40355339  0.50166667  0.08333333
   0.54166667  0.69166667  0.2         0.5002381 ]
 [ 0.8         0.9         0.9         0.8         0.86666667  0.29
   0.65        0.64166667  0.61213203  0.63333333]
 [ 0.21        0.6         0.59166667  0.59142136  0.59        0.55
   0.775       0.775       0.65        0.73666667]
 [ 0.3         0.65833333  0.71666667  0.40236034  0.58904762 -0.23
   0.375       0.4         0.17071068  0.33166667]
 [ 0.75        0.875       0.91666667  0.77071068  0.85619048  0.61
   0.825       0.80833333  0.75151672  0.77666667]
 [ 0.16666667  0.58333333  0.73333333  0.2         0.51809524  0.05
   0.525       0.625       0.2         0.47452381]
 [ 0.53        0.775       0.75833333  0.74497475  0.75        0.14
   0.575       0.56666667  0.49142136  0.54333333]
 [ 0.18333333  0.6         0.65        0.42307101  0.57166667  0.15
   0.58333333  0.65833333  0.32307101  0.52904762]
 [ 0.65        0.83333333  0.84166667  0.76449237  0.80666667  0.39
   0.7         0.70833333  0.62307101  0.67333333]
 [ 0.45        0.725       0.725       0.51213203  0.65166667  0.2
   0.61666667  0.6         0.46986706  0.55      ]
 [-0.02666667  0.49166667  0.56666667  0.22307101  0.44119048  0.27
   0.625       0.625       0.49142136  0.58166667]
 [ 0.21666667  0.60833333  0.725       0.27071068  0.54571429  0.54
   0.78333333  0.76666667  0.66449237  0.72285714]
 [-0.14333333  0.425       0.49166667  0.24142136  0.40119048  0.03333333
   0.51666667  0.65        0.14142136  0.45238095]
 [ 0.44        0.725       0.71666667  0.65355339  0.7         0.21666667
   0.60833333  0.675       0.41213203  0.58119048]
 [        nan  0.71666667  0.825       0.5         0.69142857  0.45666667
   0.73333333  0.725       0.63284271  0.695     ]
 [ 0.22333333  0.60833333  0.675       0.44142136  0.59452381  0.04
   0.53333333  0.54166667  0.35236034  0.47166667]
 [ 0.23333333  0.625       0.71666667  0.35236034  0.57238095 -0.01666667
   0.49166667  0.575       0.24142136  0.45452381]
 [        nan  0.58333333  0.74166667  0.2         0.52095238  0.16
   0.575       0.575       0.46213203  0.54166667]
 [ 0.05        0.525       0.54166667  0.32071068  0.48        0.2
   0.61666667  0.675       0.26329932  0.50952381]
 [ 0.25        0.625       0.64166667  0.55236034  0.60666667         nan
   0.56666667  0.73333333  0.2         0.51809524]
 [-0.19333333  0.40833333  0.43333333  0.19142136  0.36        0.4
   0.70833333  0.725       0.56449237  0.665     ]
 [ 0.15        0.575       0.63333333  0.27071068  0.50238095  0.49
   0.75        0.75833333  0.61213203  0.70666667]
 [ 0.05        0.525       0.55        0.27071068  0.45833333  0.26
   0.625       0.6         0.50355339  0.56833333]
 [ 0.44        0.725       0.8         0.47071068  0.66571429  0.28
   0.65        0.65        0.48284271  0.58666667]
 [ 0.03333333  0.525       0.575       0.25236034  0.465       0.3
   0.65        0.725       0.41213203  0.60404762]
 [ 0.09        0.54166667  0.58333333  0.32071068  0.49285714  0.25
   0.61666667  0.7         0.34142136  0.56285714]
 [ 0.76        0.9         0.86666667  0.88080604  0.86333333  0.16333333
   0.59166667  0.65        0.31213203  0.52285714]]
KNN mean:
[0.27047619 0.63861111 0.68027778 0.44942874 0.59448413 0.25404762
 0.62833333 0.66944444 0.43362144 0.58029365]
---------------------------
---------------------------
DT performance:
[[ 0.14        0.65        0.61666667  0.38284271  0.55666667  0.2
   0.55        0.675       0.22103434  0.4752381 ]
 [ 0.19        0.58333333  0.575       0.42844571  0.53166667  0.23333333
   0.675       0.73333333  0.50472067  0.63619048]
 [ 0.25666667  0.625       0.64166667  0.44142136  0.57785714  0.29
   0.65        0.64166667  0.55355339  0.59666667]
 [-0.13        0.45        0.41666667  0.17071068  0.35        0.1
   0.49166667  0.625       0.3         0.46690476]
 [ 0.54        0.775       0.74166667  0.70472067  0.71333333  0.3
   0.7         0.71666667  0.50355339  0.66666667]
 [ 0.12        0.625       0.64166667  0.38284271  0.61666667  0.15
   0.575       0.59166667  0.32071068  0.53666667]
 [ 0.02        0.6         0.64166667  0.44915638  0.57619048 -0.05
   0.4         0.425       0.27071068  0.38166667]
 [ 0.6         0.74166667  0.81666667  0.68164966  0.70571429  0.29
   0.63333333  0.64166667  0.56449237  0.60166667]
 [ 0.16        0.65        0.65        0.39915638  0.55619048 -0.2
   0.35833333  0.45        0.22844571  0.36166667]
 [ 0.22        0.575       0.58333333  0.51213203  0.56833333 -0.01
   0.575       0.6         0.33284271  0.51333333]
 [ 0.03666667  0.44166667  0.48333333  0.23400999  0.40333333  0.
   0.55833333  0.59166667  0.22844571  0.515     ]
 [ 0.62        0.79166667  0.79166667  0.77307101  0.74333333  0.37
   0.725       0.71666667  0.52307101  0.68666667]
 [ 0.39        0.73333333  0.73333333  0.64378169  0.67        0.04
   0.39166667  0.39166667  0.39142136  0.35333333]
 [ 0.00666667  0.46666667  0.53333333  0.25689141  0.40904762  0.39
   0.75        0.775       0.45355339  0.7       ]
 [ 0.3         0.58333333  0.64166667  0.37071068  0.53833333 -0.05333333
   0.53333333  0.525       0.32307101  0.465     ]
 [-0.29333333  0.3         0.35833333  0.17071068  0.29333333  0.16666667
   0.6         0.60833333  0.40236034  0.53666667]
 [ 0.59        0.75833333  0.75833333  0.58520305  0.70666667  0.22
   0.69166667  0.7         0.44142136  0.66166667]
 [        nan  0.8         0.85        0.68164966  0.78285714  0.38
   0.7         0.73333333  0.56213203  0.67285714]
 [ 0.09333333  0.6         0.65833333  0.42307101  0.57285714  0.25
   0.625       0.63333333  0.46213203  0.55333333]
 [ 0.59        0.80833333  0.84166667  0.69378169  0.77238095  0.41666667
   0.59166667  0.6         0.52307101  0.57166667]
 [        nan  0.7         0.76666667  0.46329932  0.65619048  0.3
   0.65        0.66666667  0.57071068  0.63333333]
 [ 0.35        0.7         0.7         0.49142136  0.66833333  0.13
   0.65        0.65        0.41565965  0.55333333]
 [ 0.47        0.725       0.725       0.56213203  0.7                nan
   0.68333333  0.75833333  0.53938469  0.62238095]
 [ 0.09        0.61666667  0.575       0.38284271  0.535       0.59
   0.75        0.76666667  0.68284271  0.72285714]
 [ 0.29666667  0.66666667  0.68333333  0.56213203  0.61285714  0.03
   0.525       0.525       0.43284271  0.49166667]
 [ 0.25        0.625       0.64166667  0.40355339  0.565       0.03
   0.5         0.5         0.29142136  0.45166667]
 [ 0.45666667  0.65833333  0.75833333  0.4         0.61904762  0.13
   0.6         0.6         0.33284271  0.56333333]
 [ 0.06333333  0.525       0.54166667  0.31213203  0.50333333  0.06
   0.575       0.60833333  0.39915638  0.52619048]
 [ 0.21666667  0.64166667  0.66666667  0.45236034  0.59333333  0.07333333
   0.54166667  0.625       0.21213203  0.46952381]
 [ 0.42666667  0.8         0.83333333  0.62844571  0.76333333  0.16666667
   0.78333333  0.76666667  0.60236034  0.74333333]]
DT mean:
[0.2525     0.64055556 0.66222222 0.4681426  0.59537302 0.17218391
 0.60111111 0.62805556 0.41966988 0.55768254]
---------------------------
---------------------------
RF performance:
[[ 0.42        0.775       0.75833333  0.63284271  0.73666667         nan
   0.65833333  0.775       0.38164966  0.6097619 ]
 [ 0.22        0.775       0.76666667  0.51449237  0.71166667  0.26666667
   0.6         0.65833333  0.49378169  0.55619048]
 [ 0.45666667  0.65833333  0.70833333  0.39142136  0.63119048  0.43
   0.775       0.76666667  0.68284271  0.74666667]
 [ 0.03        0.55        0.54166667  0.44142136  0.47333333  0.28333333
   0.55833333  0.71666667  0.3         0.5097619 ]
 [ 0.75        0.84166667  0.81666667  0.78164966  0.78        0.15
   0.65        0.65        0.46213203  0.63166667]
 [ 0.4         0.6         0.625       0.42071068  0.55166667  0.4
   0.675       0.675       0.54142136  0.615     ]
 [ 0.25        0.625       0.65833333  0.43938469  0.59119048  0.17
   0.45        0.46666667  0.38284271  0.41      ]
 [ 0.71666667  0.86666667  0.89166667  0.96329932  0.84666667  0.45
   0.65        0.65833333  0.67543135  0.61      ]
 [ 0.24666667  0.6         0.70833333  0.45236034  0.56571429  0.05666667
   0.58333333  0.66666667  0.40925175  0.51738095]
 [ 0.2         0.5         0.50833333  0.52426407  0.475      -0.06
   0.475       0.5         0.22071068  0.43666667]
 [ 0.26666667  0.61666667  0.675       0.56009536  0.58119048  0.55
   0.64166667  0.7         0.69378169  0.625     ]
 [ 0.56        0.825       0.81666667  0.32071068  0.80666667  0.21666667
   0.65        0.725       0.46986706  0.60285714]
 [ 0.34        0.66666667  0.65833333  0.39378169  0.60666667  0.01666667
   0.41666667  0.44166667  0.46986706  0.395     ]
 [ 0.15        0.36666667  0.49166667  0.1         0.32119048  0.59
   0.675       0.69166667  0.58284271  0.635     ]
 [ 0.16666667  0.65833333  0.69166667  0.33164966  0.605       0.15666667
   0.61666667  0.61666667  0.39711971  0.57333333]
 [-0.29333333  0.43333333  0.46666667  0.34915638  0.40833333  0.26666667
   0.65        0.66666667  0.46449237  0.595     ]
 [ 0.49        0.83333333  0.825       0.76449237  0.80333333  0.47
   0.55833333  0.61666667  0.39057774  0.51119048]
 [        nan  0.71666667  0.825       0.5         0.6952381   0.39
   0.65        0.68333333  0.55355339  0.58952381]
 [ 0.36666667  0.73333333  0.75        0.49142136  0.705       0.35
   0.85833333  0.86666667  0.62071068  0.83333333]
 [ 0.46666667  0.65        0.70833333  0.65472067  0.59619048  0.29
   0.59166667  0.65        0.37307101  0.54785714]
 [        nan  0.55        0.70833333  0.48164966  0.46095238  0.09
   0.5         0.50833333  0.38284271  0.47      ]
 [ 0.39        0.65        0.66666667  0.49142136  0.62666667  0.36666667
   0.725       0.74166667  0.33400999  0.64619048]
 [ 0.4         0.55833333  0.65        0.22844571  0.49619048         nan
   0.60833333  0.70833333  0.48164966  0.55309524]
 [ 0.22        0.58333333  0.60833333  0.37844571  0.55833333  0.49
   0.88333333  0.86666667  0.79378169  0.86      ]
 [ 0.05666667  0.575       0.58333333  0.29142136  0.52333333  0.49
   0.675       0.675       0.60355339  0.63666667]
 [-0.05        0.55        0.56666667  0.46213203  0.50166667  0.24
   0.475       0.46666667  0.43284271  0.45166667]
 [ 0.41666667  0.63333333  0.725       0.33400999  0.60404762  0.49
   0.7         0.69166667  0.43284271  0.68      ]
 [ 0.13333333  0.48333333  0.475       0.35236034  0.44166667  0.34
   0.64166667  0.66666667  0.39915638  0.59285714]
 [ 0.1         0.61666667  0.65        0.39142136  0.59833333  0.26666667
   0.53333333  0.59166667  0.43400999  0.48833333]
 [ 0.57666667  0.8         0.80833333  0.61009536  0.76333333  0.28333333
   0.69166667  0.74166667  0.53520305  0.65619048]]
RF mean:
[0.30166667 0.64305556 0.67777778 0.46830925 0.60221429 0.30357143
 0.62722222 0.66166667 0.47986132 0.58620635]
---------------------------
---------------------------
SVM performance:
[[ 0.          0.5         0.55        0.          0.35333333         nan
   0.55        0.75833333  0.1         0.48      ]
 [ 0.          0.5         0.575       0.          0.36285714  0.
   0.5         0.65        0.          0.39142857]
 [ 0.          0.5         0.6         0.          0.37238095  0.08
   0.55        0.51666667  0.14142136  0.39166667]
 [ 0.          0.5         0.55        0.          0.35333333  0.
   0.5         0.725       0.          0.42      ]
 [ 0.          0.5         0.65        0.          0.39142857  0.
   0.5         0.55        0.          0.35333333]
 [ 0.          0.5         0.55        0.          0.35333333  0.2
   0.6         0.58333333  0.2         0.45833333]
 [ 0.          0.5         0.625       0.          0.38190476  0.
   0.5         0.51666667  0.          0.33833333]
 [ 0.          0.5         0.7         0.          0.41047619  0.
   0.5         0.6         0.          0.37238095]
 [ 0.          0.5         0.7         0.          0.41047619  0.
   0.5         0.675       0.          0.40095238]
 [ 0.          0.5         0.55        0.          0.35333333  0.2
   0.6         0.58333333  0.2         0.45833333]
 [ 0.          0.5         0.65        0.          0.39142857  0.
   0.5         0.625       0.          0.38190476]
 [ 0.          0.5         0.625       0.          0.38190476  0.
   0.5         0.625       0.          0.38190476]
 [ 0.          0.5         0.6         0.          0.37238095  0.
   0.5         0.575       0.          0.36285714]
 [ 0.          0.5         0.675       0.          0.40095238 -0.01
   0.5         0.48333333  0.07071068  0.35      ]
 [ 0.          0.5         0.675       0.          0.40095238  0.
   0.5         0.65        0.          0.39142857]
 [ 0.          0.5         0.625       0.          0.38190476  0.
   0.5         0.65        0.          0.39142857]
 [ 0.          0.5         0.575       0.          0.36285714  0.
   0.5         0.6         0.          0.37238095]
 [        nan  0.75        0.875       0.5         0.71428571  0.
   0.5         0.575       0.          0.36285714]
 [ 0.          0.5         0.675       0.          0.40095238  0.
   0.5         0.575       0.          0.36285714]
 [ 0.          0.5         0.675       0.          0.40095238  0.
   0.5         0.625       0.          0.38190476]
 [        nan  0.65        0.825       0.3         0.6         0.05
   0.525       0.51666667  0.1         0.38333333]
 [ 0.          0.5         0.55        0.          0.35333333  0.
   0.5         0.65        0.          0.39142857]
 [ 0.          0.5         0.6         0.          0.37238095         nan
   0.55        0.75833333  0.1         0.48      ]
 [ 0.          0.5         0.575       0.          0.36285714  0.
   0.5         0.575       0.          0.36285714]
 [ 0.          0.5         0.625       0.          0.38190476 -0.05
   0.475       0.48333333  0.          0.32333333]
 [ 0.          0.5         0.55        0.          0.35333333  0.
   0.5         0.55        0.          0.35333333]
 [ 0.          0.5         0.7         0.          0.41047619  0.08
   0.55        0.51666667  0.14142136  0.39166667]
 [ 0.          0.5         0.625       0.          0.38190476  0.
   0.5         0.625       0.          0.38190476]
 [ 0.          0.5         0.625       0.          0.38190476  0.
   0.5         0.625       0.          0.38190476]
 [ 0.          0.5         0.65        0.          0.39142857  0.
   0.5         0.65        0.          0.39142857]]
SVM mean:
[0.         0.51333333 0.63416667 0.02666667 0.39803175 0.01964286
 0.51333333 0.60305556 0.03511845 0.38818254]
---------------------------
---------------------------
GBM performance:
[[ 0.28        0.65        0.63333333  0.51213203  0.59               nan
   0.6         0.75        0.25773503  0.5247619 ]
 [ 0.17        0.58333333  0.575       0.40236034  0.50166667  0.13333333
   0.59166667  0.66666667  0.29378169  0.51738095]
 [ 0.39        0.675       0.70833333  0.49142136  0.61285714  0.24
   0.6         0.59166667  0.46213203  0.53      ]
 [ 0.          0.5         0.48333333  0.17071068  0.38333333  0.15
   0.575       0.75        0.3         0.52214286]
 [ 0.6         0.83333333  0.825       0.78164966  0.81333333  0.2
   0.6         0.61666667  0.49142136  0.55      ]
 [ 0.36        0.675       0.675       0.62426407  0.65833333  0.2
   0.65        0.65        0.54142136  0.62      ]
 [ 0.16666667  0.59166667  0.65        0.30236034  0.54452381 -0.23
   0.4         0.41666667  0.24142136  0.37333333]
 [ 0.46666667  0.74166667  0.81666667  0.55236034  0.70571429  0.39
   0.70833333  0.71666667  0.54378169  0.65833333]
 [ 0.12333333  0.525       0.65        0.15236034  0.44857143 -0.13333333
   0.46666667  0.56666667  0.07071068  0.40071429]
 [-0.04        0.475       0.49166667  0.45355339  0.43666667  0.09
   0.475       0.48333333  0.34142136  0.43      ]
 [ 0.12        0.55833333  0.59166667  0.31009536  0.48833333  0.26666667
   0.60833333  0.69166667  0.34142136  0.56119048]
 [ 0.52        0.79166667  0.81666667  0.64057774  0.75285714  0.26666667
   0.64166667  0.68333333  0.56009536  0.62333333]
 [ 0.45666667  0.70833333  0.71666667  0.55355339  0.65833333  0.05666667
   0.575       0.61666667  0.39142136  0.54619048]
 [-0.06666667  0.49166667  0.61666667  0.08164966  0.40690476  0.44
   0.75        0.775       0.62426407  0.71666667]
 [ 0.05        0.54166667  0.65        0.1         0.47904762  0.
   0.5         0.55833333  0.25236034  0.45285714]
 [-0.38333333  0.3         0.38333333  0.          0.25952381  0.26666667
   0.64166667  0.7         0.42307101  0.56666667]
 [ 0.7         0.85833333  0.86666667  0.79378169  0.83333333  0.22
   0.61666667  0.65        0.46986706  0.57785714]
 [        nan  0.7         0.8         0.5         0.68571429  0.44
   0.675       0.7         0.56213203  0.63952381]
 [-0.1         0.54166667  0.64166667  0.24142136  0.49071429  0.12
   0.56666667  0.58333333  0.29915638  0.48333333]
 [ 0.59        0.80833333  0.84166667  0.69378169  0.77238095  0.11666667
   0.55        0.625       0.34142136  0.50119048]
 [        nan  0.65        0.79166667  0.4         0.58761905  0.15
   0.575       0.60833333  0.39142136  0.53      ]
 [ 0.2         0.675       0.675       0.42071068  0.63166667  0.05
   0.58333333  0.65        0.25236034  0.49238095]
 [ 0.14        0.59166667  0.64166667  0.41213203  0.56285714         nan
   0.55        0.70833333  0.15773503  0.47761905]
 [ 0.25        0.58333333  0.6         0.47307101  0.52166667  0.64
   0.825       0.81666667  0.78284271  0.80666667]
 [ 0.18666667  0.63333333  0.65        0.53284271  0.56619048  0.08
   0.65        0.625       0.52426407  0.6       ]
 [ 0.25        0.6         0.60833333  0.49142136  0.585      -0.19
   0.425       0.44166667  0.25        0.36833333]
 [ 0.36666667  0.60833333  0.75        0.45        0.5552381   0.13
   0.575       0.575       0.38284271  0.50666667]
 [-0.12333333  0.43333333  0.5         0.07071068  0.38738095  0.22
   0.60833333  0.64166667  0.42844571  0.56952381]
 [ 0.3         0.63333333  0.66666667  0.43164966  0.57952381  0.01666667
   0.53333333  0.61666667  0.14142136  0.45404762]
 [ 0.58666667  0.8         0.83333333  0.65773503  0.76333333  0.65
   0.68333333  0.75833333  0.72307101  0.65071429]]
GBM mean:
[0.23428571 0.62527778 0.67166667 0.42327689 0.57542063 0.17785714
 0.59333333 0.64111111 0.39478137 0.54171429]
---------------------------
---------------------------
BDDAE performance:
[[-0.075       0.4625      0.4625      0.37095987  0.43992063  0.16857143
   0.58333333  0.7         0.44437962  0.57353313]
 [-0.04712836  0.48        0.475       0.39916147  0.44712843  0.11463635
   0.55666667  0.5375      0.52371084  0.52513709]
 [ 0.00507649  0.50333333  0.5375      0.41632895  0.48901876  0.
   0.5         0.5         0.44255245  0.48001443]
 [-0.25        0.375       0.375       0.33648644  0.36349206  0.10285714
   0.55833333  0.6375      0.38493452  0.53325341]
 [ 0.44325864  0.73333333  0.725       0.68077495  0.70498557  0.225
   0.6125      0.6125      0.58155151  0.59731602]
 [ 0.225       0.6125      0.6125      0.52638029  0.57922078 -0.2
   0.4         0.4         0.24266856  0.35883117]
 [ 0.04813654  0.52333333  0.5625      0.36331341  0.48714119  0.15
   0.575       0.575       0.54315406  0.5596176 ]
 [ 0.39380952  0.71666667  0.75        0.64864063  0.67767566  0.35601056
   0.68        0.7         0.65027185  0.67008658]
 [ 0.28285714  0.65        0.775       0.41783459  0.61742924  0.23115708
   0.60333333  0.6875      0.36422954  0.55596737]
 [ 0.075       0.5375      0.5375      0.5037897   0.52160173  0.325
   0.6625      0.6625      0.59797287  0.64022367]
 [-0.22246032  0.38        0.425       0.21411217  0.34913087  0.04549451
   0.51333333  0.55        0.48255999  0.51209235]
 [ 0.03309524  0.52        0.55        0.41363295  0.49955822  0.45960784
   0.74666667  0.725       0.72707835  0.71722222]
 [ 0.0869281   0.54333333  0.5375      0.51301607  0.52579365  0.01503956
   0.51        0.4625      0.41844022  0.4415873 ]
 [-0.10622711  0.45        0.5125      0.25385655  0.421443    0.2
   0.6         0.6         0.5539058   0.58632035]
 [-0.0958802   0.45        0.4625      0.3243978   0.41523088  0.42078947
   0.71666667  0.7125      0.68185963  0.69119769]
 [-0.04610644  0.48333333  0.5125      0.35663905  0.45816572 -0.01736264
   0.49333333  0.55        0.31715173  0.47179487]
 [ 0.20463119  0.61333333  0.6         0.55565841  0.57871573  0.15938339
   0.57333333  0.625       0.43626103  0.54139638]
 [ 0.15373626  0.61428571  0.7         0.42828322  0.54972361  0.13810924
   0.58666667  0.575       0.49983269  0.5471645 ]
 [-0.03263543  0.48666667  0.525       0.35021769  0.45901876  0.15402034
   0.57333333  0.575       0.52540853  0.55113997]
 [ 0.2274359   0.60666667  0.675       0.43046089  0.57406593 -0.10842491
   0.44666667  0.525       0.20573594  0.41086247]
 [-0.24619048  0.36666667  0.55        0.          0.34763903  0.1
   0.55        0.55        0.51426114  0.53801587]
 [ 0.2         0.6         0.6         0.55        0.57545455 -0.08558608
   0.45666667  0.5375      0.16727954  0.40489954]
 [ 0.01787115  0.51        0.5375      0.40985642  0.483779    0.22
   0.59166667  0.7875      0.28284271  0.57069597]
 [ 0.08304869  0.54666667  0.55        0.47753197  0.51494949  0.25943223
   0.63        0.6625      0.56943068  0.61959596]
 [ 0.06184407  0.53        0.5375      0.48081113  0.51258297  0.075
   0.5375      0.5375      0.47586368  0.51525253]
 [ 0.075       0.5375      0.5375      0.46931626  0.51912698  0.3
   0.65        0.65        0.61655444  0.63541126]
 [ 0.32793651  0.68333333  0.725       0.5912336   0.64806971  0.325
   0.6625      0.6625      0.61565965  0.64004329]
 [-0.03967141  0.47666667  0.5125      0.39116252  0.46296537  0.36377613
   0.67        0.7125      0.62517422  0.66705628]
 [ 0.17692308  0.59333333  0.625       0.48952833  0.56703297  0.41817927
   0.72        0.725       0.70309364  0.70487013]
 [-0.02152015  0.49        0.5375      0.39622716  0.47887446 -0.10085434
   0.45        0.4875      0.31088677  0.42830281]]
BDDAE mean:
[0.06462562 0.53586508 0.5675     0.42532042 0.5089645  0.16049455
 0.58033333 0.6075     0.48349021 0.55629674]
---------------------------
---------------------------
DUMMY performance:
[[0.         0.5        0.55       0.         0.35333333        nan
  0.55       0.75833333 0.1        0.48      ]
 [0.         0.5        0.575      0.         0.36285714 0.
  0.5        0.65       0.         0.39142857]
 [0.         0.5        0.6        0.         0.37238095 0.
  0.5        0.45       0.         0.30833333]
 [0.         0.5        0.55       0.         0.35333333 0.
  0.5        0.725      0.         0.42      ]
 [0.         0.5        0.65       0.         0.39142857 0.
  0.5        0.55       0.         0.35333333]
 [0.         0.5        0.55       0.         0.35333333 0.
  0.5        0.51666667 0.         0.33833333]
 [0.         0.5        0.625      0.         0.38190476 0.
  0.5        0.45       0.         0.30833333]
 [0.         0.5        0.7        0.         0.41047619 0.
  0.5        0.6        0.         0.37238095]
 [0.         0.5        0.7        0.         0.41047619 0.
  0.5        0.675      0.         0.40095238]
 [0.         0.5        0.55       0.         0.35333333 0.
  0.5        0.51666667 0.         0.33833333]
 [0.         0.5        0.65       0.         0.39142857 0.
  0.5        0.625      0.         0.38190476]
 [0.         0.5        0.625      0.         0.38190476 0.
  0.5        0.625      0.         0.38190476]
 [0.         0.5        0.6        0.         0.37238095 0.
  0.5        0.575      0.         0.36285714]
 [0.         0.5        0.675      0.         0.40095238 0.
  0.5        0.45       0.         0.30833333]
 [0.         0.5        0.675      0.         0.40095238 0.
  0.5        0.65       0.         0.39142857]
 [0.         0.5        0.625      0.         0.38190476 0.
  0.5        0.65       0.         0.39142857]
 [0.         0.5        0.575      0.         0.36285714 0.
  0.5        0.6        0.         0.37238095]
 [       nan 0.75       0.875      0.5        0.71428571 0.
  0.5        0.575      0.         0.36285714]
 [0.         0.5        0.675      0.         0.40095238 0.
  0.5        0.575      0.         0.36285714]
 [0.         0.5        0.675      0.         0.40095238 0.
  0.5        0.625      0.         0.38190476]
 [       nan 0.65       0.825      0.3        0.6        0.
  0.5        0.51666667 0.         0.33833333]
 [0.         0.5        0.55       0.         0.35333333 0.
  0.5        0.65       0.         0.39142857]
 [0.         0.5        0.6        0.         0.37238095        nan
  0.55       0.75833333 0.1        0.48      ]
 [0.         0.5        0.575      0.         0.36285714 0.
  0.5        0.575      0.         0.36285714]
 [0.         0.5        0.625      0.         0.38190476 0.
  0.5        0.45       0.         0.30833333]
 [0.         0.5        0.55       0.         0.35333333 0.
  0.5        0.55       0.         0.35333333]
 [0.         0.5        0.7        0.         0.41047619 0.
  0.5        0.45       0.         0.30833333]
 [0.         0.5        0.625      0.         0.38190476 0.
  0.5        0.625      0.         0.38190476]
 [0.         0.5        0.625      0.         0.38190476 0.
  0.5        0.625      0.         0.38190476]
 [0.         0.5        0.65       0.         0.39142857 0.
  0.5        0.65       0.         0.39142857]]
DUMMY mean:
[0.         0.51333333 0.63416667 0.02666667 0.39803175 0.
 0.50333333 0.58972222 0.00666667 0.3702381 ]
---------------------------
Current folder: C:\Users\Javier\Dropbox\c_sldl_1_2_20
-------------------------------------
----- RESULTS from .csv files ------
-------------------------------------
---------------------------
ALG Means: 
-rows: alg : KNN = 0; DT = 1; RF = 2; SVM = 3; GBM = 4; BDDAE = 5; DUMMY = 5
columns:
'val_cohen','val_uar', 'val_acc', 'val_gm',  'val_f1',  'aro_cohen','aro_uar', 'aro_acc', 'aro_gm',  'aro_f1'
-------------------------------------------------------------
  v_c   v_u   v_a   v_g   v_f1  a_c   a_u   a_a   a_g   a_f1
[[0.279 0.643 0.679 0.456 0.598 0.25  0.629 0.665 0.44  0.581]
 [0.244 0.629 0.649 0.457 0.582 0.16  0.593 0.618 0.404 0.548]
 [0.293 0.642 0.669 0.469 0.603 0.308 0.631 0.661 0.484 0.591]
 [0.    0.5   0.622 0.    0.381 0.019 0.511 0.596 0.029 0.382]
 [0.236 0.622 0.665 0.418 0.571 0.169 0.592 0.633 0.403 0.542]
 [0.065 0.536 0.568 0.425 0.509 0.16  0.58  0.608 0.483 0.556]
 [0.    0.5   0.622 0.    0.381 0.    0.5   0.58  0.    0.363]]
-------------------------------------------------------------
Standard Deviation of each metric:
[[0.266 0.135 0.125 0.205 0.141 0.193 0.1   0.087 0.171 0.103]
 [0.228 0.119 0.117 0.158 0.118 0.168 0.107 0.099 0.125 0.104]
 [0.231 0.125 0.114 0.174 0.127 0.162 0.11  0.103 0.132 0.112]
 [0.    0.    0.05  0.    0.019 0.057 0.03  0.059 0.063 0.03 ]
 [0.26  0.132 0.121 0.22  0.143 0.205 0.093 0.093 0.165 0.1  ]
 [0.172 0.092 0.095 0.13  0.087 0.167 0.085 0.09  0.146 0.091]
 [0.    0.    0.05  0.    0.019 0.    0.    0.078 0.    0.032]]
-------------------------------------------------------------
std_dev/mean [percentage]:
[[ 95.  21.  18.  45.  24.  77.  16.  13.  39.  18.]
 [ 93.  19.  18.  35.  20. 105.  18.  16.  31.  19.]
 [ 79.  19.  17.  37.  21.  53.  17.  16.  27.  19.]
 [  0.   0.   8.   0.   5. 296.   6.  10. 217.   8.]
 [110.  21.  18.  53.  25. 121.  16.  15.  41.  18.]
 [266.  17.  17.  31.  17. 104.  15.  15.  30.  16.]
 [  0.   0.   8.   0.   5.   0.   0.  13.   0.   9.]]
-------------------------------------
Current folder: C:\Users\Javier\Dropbox\c_sldl_1_2_20
-------------------------------------
----- RESULTS ------
-------------------------------------
Window size (sec):  30.0
step (sec):  30.0
overlap:  True
perc. of overlap:  0.0
overlap duration (sec):  0.0
Number of windows / instances:  37
Elapsed time: 857.295522459348 minutes
Elapsed time: 14.288258707655801 hours
