2024-03-07 18:28:16.182922: I tensorflow/core/util/port.cc:113] oneDNN custom operations are on. You may see slightly different numerical results due to floating-point round-off errors from different computation orders. To turn them off, set the environment variable `TF_ENABLE_ONEDNN_OPTS=0`.
2024-03-07 18:28:16.914621: I tensorflow/core/util/port.cc:113] oneDNN custom operations are on. You may see slightly different numerical results due to floating-point round-off errors from different computation orders. To turn them off, set the environment variable `TF_ENABLE_ONEDNN_OPTS=0`.
2024-03-07 18:28:18.396072: I tensorflow/core/platform/cpu_feature_guard.cc:210] This TensorFlow binary is optimized to use available CPU instructions in performance-critical operations.
To enable the following instructions: AVX2 FMA, in other operations, rebuild TensorFlow with the appropriate compiler flags.
    
    
-------------------------------
participant:  1
-------------------------------
    
    
participant:  1
corriendo en PC gamer:
Window size (sec):  5.0
step (sec):  2.5
overlap:  True
perc. of overlap:  50.0
Nearest multiple of 16 to 5000 is: 4992
Nearest multiple of 16 to 2500 is: 2496
['gsr_chunks', 'ppg_chunks', 'val_chunks', 'aro_chunks', 'time_chunks', 'tag_chunks', 'video']
C:\Users\Javier\Dropbox\c_sldl_3_1_6\functions.py:880: FutureWarning: ChainedAssignmentError: behaviour will change in pandas 3.0!
You are setting values through chained assignment. Currently this works in certain cases, but when using Copy-on-Write (which will become the default behaviour in pandas 3.0) this will never work to update the original DataFrame or Series, because the intermediate object on which we are setting values will behave as a copy.
----- Extracting features...
C:\Users\Javier\AppData\Local\Packages\PythonSoftwareFoundation.Python.3.12_qbz5n2kfra8p0\LocalCache\local-packages\Python312\site-packages\heartpy\analysis.py:522: UserWarning: Short signal.

---------Warning:---------
too few peak-peak intervals for (reliable) frequency domain measure computation, frequency output measures are still computed but treat them with caution!

HF is usually computed over a minimum of 1 minute of good signal. LF is usually computed over a minimum of 2 minutes of good signal.VLF is usually computed over a minimum of 5 minutes of good signal.The LF/HF ratio is usually computed over minimum 24 hours, although an absolute minimum of 5 min has also been suggested.

For more info see: 
Shaffer, F., Ginsberg, J.P. (2017), An Overview of Heart Rate Variability Metrics and Norms.

Task Force of Pacing and Electrophysiology (1996), Heart Rate Variability, in: European Heart Journal, vol.17, issue 3, pp354-381

This warning will not repeat
  warnings.warn(msg, UserWarning)
C:\Users\Javier\AppData\Local\Packages\PythonSoftwareFoundation.Python.3.12_qbz5n2kfra8p0\LocalCache\local-packages\Python312\site-packages\heartpy\analysis.py:677: UserWarning: 
The maximal number of iterations maxit (set to 20 by the program)
allowed for finding a smoothing spline with fp=s has been reached: s
too small.
There is an approximation returned but the corresponding weighted sum
of squared residuals does not satisfy the condition abs(fp-s)/s < tol.
  interp = UnivariateSpline(x, rrlist, k=3)
C:\Users\Javier\AppData\Local\Packages\PythonSoftwareFoundation.Python.3.12_qbz5n2kfra8p0\LocalCache\local-packages\Python312\site-packages\heartpy\analysis.py:532: UserWarning: 
The maximal number of iterations maxit (set to 20 by the program)
allowed for finding a smoothing spline with fp=s has been reached: s
too small.
There is an approximation returned but the corresponding weighted sum
of squared residuals does not satisfy the condition abs(fp-s)/s < tol.
  interpolation_func = UnivariateSpline(rr_x, rr_list, k=degree_smoothing_spline)
Class Imbalance test (arousal)....
Multiclass distribution
Class=1, n=324 (65.191%)
Class=0, n=173 (34.809%)
Class Imbalance test (valence)....
Multiclass distribution
Class=0, n=192 (38.632%)
Class=1, n=305 (61.368%)
------------- Evaluating model --------------
------------- Evaluating model --------------
------------- Evaluating model --------------
------------- Evaluating model --------------
------------- Evaluating model --------------
arousal and valece = ok
------------- Evaluating model --------------
-------------------------------------
-------------------------------------
participant:  30
-------------------------------------
----- RESULTS ------
-------------------------------------
Window size (sec):  4.992
step (sec):  2.496
overlap:  True
perc. of overlap:  50.0
Number of windows / instances:  497
-rows: alg : KNN = 0; DT = 1; RF = 2; SVM = 3; GBM = 4; BDDAE = 5; DUMMY = 5
columns:
'val_cohen','val_uar', 'val_acc', 'val_gm',  'val_f1',  'aro_cohen','aro_uar', 'aro_acc', 'aro_gm',  'aro_f1'
-------------------------------------------------------------
  v_c   v_u   v_a   v_g   v_f1  a_c   a_u   a_a   a_g   a_f1
[[0.35  0.673 0.696 0.661 0.674 0.352 0.673 0.708 0.658 0.673]
 [0.4   0.717 0.729 0.689 0.715 0.379 0.682 0.708 0.677 0.679]
 [0.43  0.723 0.747 0.69  0.726 0.384 0.675 0.71  0.68  0.675]
 [0.    0.5   0.614 0.    0.38  0.    0.5   0.652 0.    0.395]
 [0.318 0.642 0.714 0.55  0.632 0.086 0.535 0.672 0.229 0.468]
 [0.    0.    0.    0.    0.    0.    0.    0.    0.    0.   ]
 [0.    0.5   0.614 0.    0.38  0.    0.5   0.652 0.    0.395]]
participant performance loaded
    
    
-------------------------------
LAST participant's saved data: 
30
-------------------------------
    
    
---------------------------
KNN performance:
[[ 0.26260889  0.63241557  0.62987755  0.63076536  0.62942379  0.41237009
   0.70287351  0.72616327  0.69215046  0.70472493]
 [        nan         nan         nan         nan         nan         nan
          nan         nan         nan         nan]
 [        nan         nan         nan         nan         nan         nan
          nan         nan         nan         nan]
 [ 0.28824323  0.63952964  0.66995918  0.61686104  0.63970694  0.19612765
   0.59817949  0.5977551   0.59418024  0.59594355]
 [ 0.52432981  0.74597259  0.80657143  0.72040203  0.75870781  0.44077032
   0.71997126  0.73065306  0.71446879  0.71893827]
 [ 0.3091494   0.64348915  0.73220408  0.58732985  0.64652399  0.34919167
   0.66383403  0.74620408  0.61245706  0.66766375]
 [ 0.31238149  0.65569231  0.65738776  0.65041806  0.65414463  0.24135622
   0.62036108  0.62383673  0.61727038  0.62009405]
 [-0.08562883  0.45880306  0.49914286  0.40567317  0.44969667  0.39651448
   0.69241379  0.72020408  0.67435896  0.69494626]
 [        nan         nan         nan         nan         nan         nan
          nan         nan         nan         nan]
 [        nan         nan         nan         nan         nan         nan
          nan         nan         nan         nan]
 [ 0.23624125  0.61051136  0.69195918  0.55642525  0.61167599  0.13475654
   0.56744765  0.59546939  0.5461878   0.5642336 ]
 [        nan         nan         nan         nan         nan         nan
          nan         nan         nan         nan]
 [ 0.10065418  0.53999169  0.83697959  0.25539081  0.53448965  0.38397254
   0.69046798  0.70428571  0.68474862  0.69102573]
 [ 0.23080181  0.61081031  0.67        0.57554754  0.61211221  0.22846801
   0.6095209   0.65363265  0.58227568  0.60991572]
 [ 0.04424442  0.52363207  0.7244898   0.28988404  0.5059505   0.09512587
   0.54758333  0.54722449  0.54401942  0.54563252]
 [ 0.11642894  0.55833333  0.55726531  0.55308896  0.55514555  0.22892632
   0.61064134  0.66404082  0.57783082  0.61067623]
 [ 0.06860384  0.53450328  0.55134694  0.52099858  0.5328974   0.13108717
   0.5632623   0.69028571  0.47259401  0.55780388]
 [        nan         nan         nan         nan         nan         nan
          nan         nan         nan         nan]
 [ 0.21008398  0.60449957  0.60963265  0.58995136  0.59939004  0.28281194
   0.64226792  0.64359184  0.64012609  0.64001758]
 [ 0.52995828  0.75052521  0.80873469  0.73132249  0.76288924  0.4644509
   0.73208333  0.73244898  0.72802672  0.73056589]
 [ 0.25809072  0.62636442  0.66420408  0.60618166  0.62761066  0.35363864
   0.67239955  0.69840816  0.65707575  0.67423883]
 [ 0.1958765   0.59292492  0.63583673  0.5585674   0.59108419  0.28602417
   0.64209748  0.6497551   0.63471215  0.64130004]
 [ 0.35004907  0.67268676  0.69644898  0.66124604  0.67350391  0.35151656
   0.67304293  0.70828571  0.65757072  0.67320592]]
KNN mean:
[0.23247747 0.61180501 0.67306122 0.55941492 0.6108796  0.29277112
 0.64402635 0.67248499 0.62529728 0.64358393]
---------------------------
---------------------------
DT performance:
[[ 0.39786598  0.69486814  0.69579592  0.70008608  0.69375554  0.32341385
   0.66628183  0.68012245  0.64410007  0.66385482]
 [ 0.36064355  0.70453721  0.72016327  0.69359033  0.70468641  0.23737034
   0.60792308  0.6095102   0.61469007  0.60585714]
 [ 0.4049621   0.68624359  0.6862449   0.69658629  0.68555612  0.34602969
   0.65452279  0.65404082  0.67912363  0.65250366]
 [ 0.22613293  0.61049456  0.62359184  0.60150626  0.60666523  0.16025784
   0.55821154  0.55767347  0.56920629  0.55642176]
 [ 0.50187099  0.75250668  0.78257143  0.730375    0.75051123  0.49805431
   0.76491379  0.77477551  0.76981788  0.7647743 ]
 [ 0.22830944  0.63363095  0.68995918  0.61354082  0.63330372  0.27365671
   0.64218312  0.6882449   0.61686449  0.63835674]
 [ 0.31850512  0.65833333  0.65987755  0.67694327  0.65741136  0.33010241
   0.66326644  0.66420408  0.6473854   0.6618645 ]
 [ 0.02099261  0.52373939  0.53530612  0.52334932  0.51762878  0.32930732
   0.67451149  0.68604082  0.65802186  0.67422911]
 [ 0.16586646  0.57625765  0.58342857  0.57898208  0.57352404  0.22192559
   0.59086617  0.59567347  0.5767463   0.58684487]
 [ 0.21375221  0.59766414  0.63583673  0.57530549  0.59404629  0.19421642
   0.59924362  0.60138776  0.58554319  0.59511041]
 [ 0.19408965  0.62059381  0.65987755  0.60929816  0.61723347  0.33199015
   0.63314658  0.65371429  0.65574157  0.62829261]
 [ 0.58716202  0.78289409  0.78857143  0.78063653  0.78158229  0.49931477
   0.75667898  0.76261224  0.74997977  0.75430078]
 [ 0.23479008  0.58907807  0.78477551  0.5075062   0.58567757  0.44039972
   0.72129721  0.73444898  0.70827947  0.72165946]
 [ 0.17896065  0.59805593  0.62983673  0.57015258  0.59625644  0.2383166
   0.61922574  0.66004082  0.58196434  0.62111828]
 [-0.01141475  0.52068458  0.642       0.47473151  0.51854571  0.11502023
   0.56133333  0.5615102   0.55946198  0.56012502]
 [ 0.19834572  0.60537821  0.60542857  0.58659421  0.60363046  0.28066536
   0.63620117  0.67020408  0.60057894  0.63439414]
 [-0.00336437  0.51846059  0.52918367  0.49942459  0.51590501  0.09819677
   0.53650092  0.63591837  0.49756556  0.53359558]
 [ 0.47262106  0.72276086  0.72436735  0.72667784  0.71928562  0.43627529
   0.71433333  0.71420408  0.71788455  0.712958  ]
 [ 0.2410726   0.60149573  0.60163265  0.60496807  0.59762728  0.31021443
   0.65930135  0.67004082  0.65618838  0.65803835]
 [ 0.45815017  0.70643732  0.75861224  0.69055849  0.70898306  0.39660411
   0.69058333  0.69040816  0.69497799  0.68883704]
 [ 0.11288472  0.55582526  0.58726531  0.53137675  0.55395066  0.34445345
   0.68534239  0.70040816  0.65857947  0.6850548 ]
 [ 0.22397703  0.59859083  0.62155102  0.59086731  0.59498715  0.27929337
   0.63176459  0.63363265  0.62566731  0.63024711]
 [ 0.39995658  0.71673599  0.72861224  0.68857553  0.71452853  0.37883492
   0.68163993  0.70787755  0.67713101  0.67884717]]
DT mean:
[0.26635359 0.63370726 0.66410825 0.6196362  0.631534   0.30712668
 0.64996838 0.66550843 0.64110867 0.64814285]
---------------------------
---------------------------
RF performance:
[[ 0.35861628  0.69489544  0.69412245  0.67801316  0.69284713  0.36293989
   0.68471703  0.70616327  0.6937163   0.68561685]
 [ 0.45033395  0.71169994  0.73436735  0.70175298  0.71512713  0.34724668
   0.66545513  0.66591837  0.67084601  0.66392378]
 [ 0.42753419  0.70585897  0.70608163  0.70318469  0.70479352  0.35395892
   0.7264067   0.72840816  0.70147957  0.72570569]
 [ 0.23277029  0.65075771  0.668       0.63796143  0.64823187  0.15539872
   0.5814359   0.58146939  0.57460886  0.57953481]
 [ 0.49573937  0.74386698  0.79053061  0.71678397  0.75160184  0.51159867
   0.72307471  0.7364898   0.72387685  0.72334535]
 [ 0.28921791  0.62884279  0.71004082  0.60723175  0.63227825  0.36831455
   0.65957983  0.72820408  0.60519397  0.66563263]
 [ 0.33507532  0.64808333  0.64955102  0.68779412  0.64685824  0.28102667
   0.64427412  0.64583673  0.63502908  0.64312455]
 [-0.01577462  0.52745331  0.56334694  0.48669677  0.52268033  0.33817665
   0.65718391  0.67612245  0.6890334   0.65891903]
 [ 0.13615986  0.55636289  0.57763265  0.56983635  0.55323771  0.28143516
   0.62590499  0.64183673  0.6021907   0.62294008]
 [ 0.12015025  0.58044972  0.64183673  0.54536899  0.57870962  0.12317261
   0.59976697  0.60334694  0.57123622  0.59764532]
 [ 0.20475395  0.61208222  0.67204082  0.55343704  0.61140297  0.26317654
   0.64058291  0.66995918  0.63063755  0.63940937]
 [ 0.60380724  0.79650246  0.80873469  0.81445274  0.79941957  0.49825497
   0.75816913  0.77073469  0.71790902  0.75832493]
 [ 0.18150715  0.55879707  0.81685714  0.37222088  0.55114426  0.31830162
   0.69647783  0.71012245  0.71329824  0.69464322]
 [ 0.20486426  0.62072285  0.67232653  0.58403253  0.61926559  0.27509131
   0.65591309  0.69636735  0.61337227  0.65839978]
 [ 0.03112567  0.52736167  0.72236735  0.39695817  0.52202788  0.07508061
   0.55125     0.55122449  0.56322855  0.54599103]
 [ 0.20597723  0.58696795  0.58734694  0.60358218  0.58537833  0.27084499
   0.64359031  0.69416327  0.62367563  0.6459674 ]
 [ 0.08025935  0.5215312   0.53926531  0.50723638  0.52027985  0.0988345
   0.55462124  0.6862449   0.49545232  0.55441197]
 [ 0.41529016  0.70992872  0.72036735  0.68357424  0.71089874  0.56112448
   0.79058333  0.79057143  0.75827894  0.79037959]
 [ 0.27176464  0.63005079  0.6335102   0.60507091  0.62819577  0.29687712
   0.66872294  0.67379592  0.61661068  0.66775882]
 [ 0.40168399  0.70397934  0.75661224  0.683764    0.70661229  0.44461696
   0.75008333  0.7504898   0.74653906  0.74893476]
 [ 0.10293816  0.57894943  0.618       0.53647548  0.57669079  0.34374732
   0.66096633  0.68236735  0.67595613  0.66213012]
 [ 0.21449494  0.60580551  0.64195918  0.58191991  0.60528274  0.30477452
   0.62368248  0.6337551   0.64327151  0.62179936]
 [ 0.43008821  0.72269383  0.74657143  0.68970357  0.72601787  0.38412205
   0.67499907  0.7102449   0.68012245  0.67453524]]
RF mean:
[0.26862512 0.63581061 0.68136823 0.60639358 0.63517314 0.31557024
 0.66249745 0.68407986 0.6498071  0.66213364]
---------------------------
---------------------------
SVM performance:
[[ 0.27376901  0.63685996  0.63979592  0.63316423  0.63574894  0.35540479
   0.66606961  0.71636735  0.6217269   0.66742427]
 [        nan         nan         nan         nan         nan         nan
          nan         nan         nan         nan]
 [        nan         nan         nan         nan         nan         nan
          nan         nan         nan         nan]
 [ 0.06139613  0.52603902  0.61771429  0.23712715  0.4370806   0.09851087
   0.54908333  0.54759184  0.53275341  0.54029529]
 [ 0.52351536  0.72775735  0.82069388  0.67185287  0.75031196  0.33000143
   0.65913793  0.69232653  0.62895583  0.65782603]
 [-0.00391198  0.49852941  0.68816327  0.          0.40760859  0.01261918
   0.50477941  0.69216327  0.04962961  0.42001903]
 [ 0.16455246  0.5808141   0.58938776  0.51987278  0.5552342   0.31273204
   0.66079215  0.65004082  0.64098481  0.64513519]
 [ 0.          0.5         0.60567347  0.          0.37719566  0.3918055
   0.68364943  0.72620408  0.64584903  0.68668543]
 [        nan         nan         nan         nan         nan         nan
          nan         nan         nan         nan]
 [        nan         nan         nan         nan         nan         nan
          nan         nan         nan         nan]
 [ 0.          0.5         0.67604082  0.          0.40334789  0.
   0.5         0.61767347  0.          0.38182529]
 [        nan         nan         nan         nan         nan         nan
          nan         nan         nan         nan]
 [ 0.          0.5         0.85114286  0.          0.45977991  0.16406964
   0.58008621  0.61167347  0.50183863  0.56040141]
 [ 0.          0.5         0.65591837  0.          0.39609713  0.
   0.5         0.63579592  0.          0.38866795]
 [ 0.          0.5         0.77065306  0.          0.43522243  0.1176811
   0.55858333  0.55971429  0.51885407  0.53994201]
 [ 0.13617481  0.56854487  0.56534694  0.52197056  0.5439383   0.
   0.5         0.64991837  0.          0.39389319]
 [ 0.          0.5         0.58355102  0.          0.36850049  0.
   0.5         0.73240816  0.          0.42275516]
 [        nan         nan         nan         nan         nan         nan
          nan         nan         nan         nan]
 [ 0.00928115  0.50434783  0.54122449  0.04170288  0.35871773  0.22746496
   0.61357023  0.62146939  0.6041596   0.61116455]
 [ 0.26976084  0.6148687   0.73644898  0.51131371  0.61564267  0.44813403
   0.72383333  0.72436735  0.71723799  0.72127696]
 [ 0.          0.5         0.63179592  0.          0.38716238  0.23490725
   0.60491794  0.67636735  0.48603759  0.57882286]
 [ 0.          0.5         0.6217551   0.          0.38337592  0.13882639
   0.56400966  0.60571429  0.36426657  0.48610823]
 [ 0.          0.5         0.61367347  0.          0.38028208  0.
   0.5         0.65191837  0.          0.39462783]]
SVM mean:
[0.08438457 0.53869184 0.65935174 0.18452966 0.46442629 0.16659748
 0.58050074 0.65363025 0.37131141 0.53511004]
---------------------------
---------------------------
GBM performance:
[[ 0.31887429  0.66030174  0.65979592  0.65387632  0.65617634  0.3608585
   0.66508065  0.7182449   0.61136765  0.66339052]
 [        nan         nan         nan         nan         nan         nan
          nan         nan         nan         nan]
 [        nan         nan         nan         nan         nan         nan
          nan         nan         nan         nan]
 [ 0.30960356  0.64197973  0.698       0.56911963  0.63306467  0.22592207
   0.61105769  0.60991837  0.59786381  0.60402978]
 [ 0.50911079  0.72169675  0.8124898   0.66671763  0.74145005  0.40167326
   0.68954023  0.73636735  0.6303077   0.68502631]
 [ 0.13969678  0.55568277  0.71436735  0.34753765  0.52226673  0.05635322
   0.52168943  0.6982449   0.16661912  0.45855615]
 [ 0.35638935  0.67648077  0.68183673  0.64668337  0.66662504  0.3182882
   0.65941719  0.66795918  0.64260642  0.65560549]
 [ 0.07164634  0.53072156  0.61991837  0.29284312  0.46447934  0.373341
   0.67215517  0.7222449   0.61904547  0.67224753]
 [        nan         nan         nan         nan         nan         nan
          nan         nan         nan         nan]
 [        nan         nan         nan         nan         nan         nan
          nan         nan         nan         nan]
 [ 0.03694602  0.51411542  0.67804082  0.18119366  0.4451678   0.04402109
   0.51851443  0.6257551   0.19814448  0.43437886]
 [        nan         nan         nan         nan         nan         nan
          nan         nan         nan         nan]
 [ 0.02517353  0.5095515   0.84706122  0.07559289  0.4834026   0.4066656
   0.69431034  0.72844898  0.66428874  0.69569897]
 [ 0.05999991  0.52412452  0.66604082  0.2132488   0.4561614   0.17783976
   0.5711614   0.67995918  0.39851029  0.53330488]
 [ 0.          0.5         0.77065306  0.          0.43522243  0.15076957
   0.57333333  0.57359184  0.5662004   0.56968148]
 [ 0.20540623  0.60300641  0.60146939  0.58161422  0.59192831  0.17633125
   0.57283775  0.69608163  0.38235152  0.53408555]
 [ 0.04355393  0.51977422  0.57959184  0.3627416   0.47213168  0.00710111
   0.50245726  0.73240816  0.02773501  0.42970854]
 [        nan         nan         nan         nan         nan         nan
          nan         nan         nan         nan]
 [ 0.18259223  0.59167596  0.6115102   0.52037656  0.56644059  0.30774715
   0.65094396  0.66804082  0.62238082  0.64463966]
 [ 0.17767334  0.57080707  0.7224898   0.39207821  0.54801157  0.53295076
   0.76425     0.76469388  0.75931947  0.7626379 ]
 [-0.00824742  0.49652778  0.62579592  0.02204793  0.38884945  0.27648295
   0.6267841   0.686       0.54856202  0.61841762]
 [ 0.27080721  0.62181192  0.69416327  0.53703779  0.61290047  0.3559434
   0.67261852  0.696       0.6244695   0.66468798]
 [ 0.31824799  0.64166242  0.71440816  0.54973224  0.63193315  0.08577762
   0.53462567  0.67212245  0.22906085  0.46832462]]
GBM mean:
[0.17749848 0.5811718  0.68809604 0.38896715 0.54801245 0.2504745
 0.61769277 0.68682833 0.48757843 0.59378952]
---------------------------
---------------------------
BDDAE performance:
[[0. 0. 0. 0. 0. 0. 0. 0. 0. 0.]
 [0. 0. 0. 0. 0. 0. 0. 0. 0. 0.]
 [0. 0. 0. 0. 0. 0. 0. 0. 0. 0.]
 [0. 0. 0. 0. 0. 0. 0. 0. 0. 0.]
 [0. 0. 0. 0. 0. 0. 0. 0. 0. 0.]
 [0. 0. 0. 0. 0. 0. 0. 0. 0. 0.]
 [0. 0. 0. 0. 0. 0. 0. 0. 0. 0.]
 [0. 0. 0. 0. 0. 0. 0. 0. 0. 0.]
 [0. 0. 0. 0. 0. 0. 0. 0. 0. 0.]
 [0. 0. 0. 0. 0. 0. 0. 0. 0. 0.]
 [0. 0. 0. 0. 0. 0. 0. 0. 0. 0.]
 [0. 0. 0. 0. 0. 0. 0. 0. 0. 0.]
 [0. 0. 0. 0. 0. 0. 0. 0. 0. 0.]
 [0. 0. 0. 0. 0. 0. 0. 0. 0. 0.]
 [0. 0. 0. 0. 0. 0. 0. 0. 0. 0.]
 [0. 0. 0. 0. 0. 0. 0. 0. 0. 0.]
 [0. 0. 0. 0. 0. 0. 0. 0. 0. 0.]
 [0. 0. 0. 0. 0. 0. 0. 0. 0. 0.]
 [0. 0. 0. 0. 0. 0. 0. 0. 0. 0.]
 [0. 0. 0. 0. 0. 0. 0. 0. 0. 0.]
 [0. 0. 0. 0. 0. 0. 0. 0. 0. 0.]
 [0. 0. 0. 0. 0. 0. 0. 0. 0. 0.]
 [0. 0. 0. 0. 0. 0. 0. 0. 0. 0.]]
BDDAE mean:
[0. 0. 0. 0. 0. 0. 0. 0. 0. 0.]
---------------------------
---------------------------
DUMMY performance:
[[0.         0.5        0.53922449 0.         0.35031419 0.
  0.5        0.61167347 0.         0.37951047]
 [0.         0.5        0.60163265 0.         0.37562885 0.
  0.5        0.51506122 0.         0.33994784]
 [0.         0.5        0.51306122 0.         0.33907065 0.
  0.5        0.52918367 0.         0.34603691]
 [0.         0.5        0.59959184 0.         0.37483366 0.
  0.5        0.50706122 0.         0.33643907]
 [0.         0.5        0.67404082 0.         0.40263073 0.
  0.5        0.59755102 0.         0.37403846]
 [0.         0.5        0.69016327 0.         0.40832574 0.
  0.5        0.69016327 0.         0.40832574]
 [0.         0.5        0.51706122 0.         0.34082504 0.
  0.5        0.53718367 0.         0.34945455]
 [0.         0.5        0.60567347 0.         0.37719566 0.
  0.5        0.59755102 0.         0.37403846]
 [0.         0.5        0.57542857 0.         0.36524151 0.
  0.5        0.57142857 0.         0.36361866]
 [0.         0.5        0.65391837 0.         0.39536248 0.
  0.5        0.52918367 0.         0.34603691]
 [0.         0.5        0.67604082 0.         0.40334789 0.
  0.5        0.61767347 0.         0.38182529]
 [0.         0.5        0.58755102 0.         0.37008277 0.
  0.5        0.59155102 0.         0.37166504]
 [0.         0.5        0.85114286 0.         0.45977991 0.
  0.5        0.59555102 0.         0.37324732]
 [0.         0.5        0.65591837 0.         0.39609713 0.
  0.5        0.63579592 0.         0.38866795]
 [0.         0.5        0.77065306 0.         0.43522243 0.
  0.5        0.50306122 0.         0.33468468]
 [0.         0.5        0.50706122 0.         0.33643907 0.
  0.5        0.64991837 0.         0.39389319]
 [0.         0.5        0.58355102 0.         0.36850049 0.
  0.5        0.73240816 0.         0.42275516]
 [0.         0.5        0.56742857 0.         0.36199581 0.
  0.5        0.50306122 0.         0.33468468]
 [0.         0.5        0.53718367 0.         0.34945455 0.
  0.5        0.55934694 0.         0.35869832]
 [0.         0.5        0.68816327 0.         0.40762546 0.
  0.5        0.50306122 0.         0.33468468]
 [0.         0.5        0.63179592 0.         0.38716238 0.
  0.5        0.60567347 0.         0.37719566]
 [0.         0.5        0.6217551  0.         0.38337592 0.
  0.5        0.54930612 0.         0.354531  ]
 [0.         0.5        0.61367347 0.         0.38028208 0.
  0.5        0.65191837 0.         0.39462783]]
DUMMY mean:
[0.         0.5        0.62007453 0.         0.38125193 0.
 0.5        0.58192902 0.         0.36689599]
---------------------------
Current folder: C:\Users\Javier\Dropbox\c_sldl_3_1_6
-------------------------------------
----- RESULTS ------
-------------------------------------
Window size (sec):  4.992
step (sec):  2.496
overlap:  True
perc. of overlap:  50.0
Number of windows / instances:  497
---------------------------
ALG Means: 
-rows: alg : KNN = 0; DT = 1; RF = 2; SVM = 3; GBM = 4; BDDAE = 5; DUMMY = 5
columns:
'val_cohen','val_uar', 'val_acc', 'val_gm',  'val_f1',  'aro_cohen','aro_uar', 'aro_acc', 'aro_gm',  'aro_f1'
-------------------------------------------------------------
  v_c   v_u   v_a   v_g   v_f1  a_c   a_u   a_a   a_g   a_f1
[[0.232 0.612 0.673 0.559 0.611 0.293 0.644 0.672 0.625 0.644]
 [0.266 0.634 0.664 0.62  0.632 0.307 0.65  0.666 0.641 0.648]
 [0.269 0.636 0.681 0.606 0.635 0.316 0.662 0.684 0.65  0.662]
 [0.084 0.539 0.659 0.185 0.464 0.167 0.581 0.654 0.371 0.535]
 [0.177 0.581 0.688 0.389 0.548 0.25  0.618 0.687 0.488 0.594]
 [0.    0.    0.    0.    0.    0.    0.    0.    0.    0.   ]
 [0.    0.5   0.62  0.    0.381 0.    0.5   0.582 0.    0.367]]
Elapsed time: 7.217204030354818 minutes
Elapsed time: 0.12028673383924696 hours
