2024-03-07 18:17:19.037913: I tensorflow/core/util/port.cc:113] oneDNN custom operations are on. You may see slightly different numerical results due to floating-point round-off errors from different computation orders. To turn them off, set the environment variable `TF_ENABLE_ONEDNN_OPTS=0`.
2024-03-07 18:17:19.825982: I tensorflow/core/util/port.cc:113] oneDNN custom operations are on. You may see slightly different numerical results due to floating-point round-off errors from different computation orders. To turn them off, set the environment variable `TF_ENABLE_ONEDNN_OPTS=0`.
2024-03-07 18:17:21.411339: I tensorflow/core/platform/cpu_feature_guard.cc:210] This TensorFlow binary is optimized to use available CPU instructions in performance-critical operations.
To enable the following instructions: AVX2 FMA, in other operations, rebuild TensorFlow with the appropriate compiler flags.
    
    
-------------------------------
participant:  1
-------------------------------
    
    
participant:  1
corriendo en PC gamer:
Window size (sec):  5.0
step (sec):  5.0
overlap:  True
perc. of overlap:  0.0
Nearest multiple of 16 to 5000 is: 4992
Nearest multiple of 16 to 5000 is: 4992
['gsr_chunks', 'ppg_chunks', 'val_chunks', 'aro_chunks', 'time_chunks', 'tag_chunks', 'video']
C:\Users\Javier\Dropbox\c_sldl_3_1_4\functions.py:880: FutureWarning: ChainedAssignmentError: behaviour will change in pandas 3.0!

---------Warning:---------
too few peak-peak intervals for (reliable) frequency domain measure computation, frequency output measures are still computed but treat them with caution!

HF is usually computed over a minimum of 1 minute of good signal. LF is usually computed over a minimum of 2 minutes of good signal.VLF is usually computed over a minimum of 5 minutes of good signal.The LF/HF ratio is usually computed over minimum 24 hours, although an absolute minimum of 5 min has also been suggested.

For more info see: 
Shaffer, F., Ginsberg, J.P. (2017), An Overview of Heart Rate Variability Metrics and Norms.

Task Force of Pacing and Electrophysiology (1996), Heart Rate Variability, in: European Heart Journal, vol.17, issue 3, pp354-381

This warning will not repeat
  warnings.warn(msg, UserWarning)
C:\Users\Javier\AppData\Local\Packages\PythonSoftwareFoundation.Python.3.12_qbz5n2kfra8p0\LocalCache\local-packages\Python312\site-packages\heartpy\analysis.py:677: UserWarning: 
The maximal number of iterations maxit (set to 20 by the program)
allowed for finding a smoothing spline with fp=s has been reached: s
too small.
There is an approximation returned but the corresponding weighted sum
of squared residuals does not satisfy the condition abs(fp-s)/s < tol.
  interp = UnivariateSpline(x, rrlist, k=3)
C:\Users\Javier\AppData\Local\Packages\PythonSoftwareFoundation.Python.3.12_qbz5n2kfra8p0\LocalCache\local-packages\Python312\site-packages\heartpy\analysis.py:532: UserWarning: 
The maximal number of iterations maxit (set to 20 by the program)
allowed for finding a smoothing spline with fp=s has been reached: s
too small.
There is an approximation returned but the corresponding weighted sum
of squared residuals does not satisfy the condition abs(fp-s)/s < tol.
  interpolation_func = UnivariateSpline(rr_x, rr_list, k=degree_smoothing_spline)
Class Imbalance test (arousal)....
Multiclass distribution
Class=1, n=164 (65.339%)
Class=0, n=87 (34.661%)
Class Imbalance test (valence)....
Multiclass distribution
Class=0, n=98 (39.044%)
Class=1, n=153 (60.956%)
------------- Evaluating model --------------
------------- Evaluating model --------------
------------- Evaluating model --------------
------------- Evaluating model --------------
------------- Evaluating model --------------
arousal and valece = ok
------------- Evaluating model --------------
-------------------------------------
-------------------------------------
participant:  30
-------------------------------------
----- RESULTS ------
-------------------------------------
Window size (sec):  4.992
step (sec):  4.992
overlap:  True
perc. of overlap:  0.0
Number of windows / instances:  251
-rows: alg : KNN = 0; DT = 1; RF = 2; SVM = 3; GBM = 4; BDDAE = 5; DUMMY = 5
columns:
'val_cohen','val_uar', 'val_acc', 'val_gm',  'val_f1',  'aro_cohen','aro_uar', 'aro_acc', 'aro_gm',  'aro_f1'
-------------------------------------------------------------
  v_c   v_u   v_a   v_g   v_f1  a_c   a_u   a_a   a_g   a_f1
[[0.322 0.659 0.678 0.649 0.659 0.224 0.611 0.657 0.582 0.608]
 [0.316 0.653 0.669 0.642 0.652 0.278 0.65  0.681 0.636 0.644]
 [0.396 0.665 0.689 0.657 0.662 0.282 0.612 0.646 0.623 0.596]
 [0.    0.5   0.61  0.    0.379 0.    0.5   0.653 0.    0.395]
 [0.379 0.675 0.733 0.608 0.67  0.166 0.568 0.697 0.335 0.525]
 [0.    0.    0.    0.    0.    0.    0.    0.    0.    0.   ]
 [0.    0.5   0.61  0.    0.379 0.    0.5   0.653 0.    0.395]]
participant performance loaded
    
    
-------------------------------
LAST participant's saved data: 
30
-------------------------------
    
    
---------------------------
KNN performance:
[[ 0.24828373  0.62497919  0.62569231  0.61722688  0.62000162  0.29776146
   0.64458333  0.67338462  0.62189527  0.64383607]
 [ 0.48148992  0.73272727  0.75738462  0.71797039  0.73773882  0.32082258
   0.6599359   0.662       0.62737021  0.64566307]
 [        nan         nan         nan         nan         nan         nan
          nan         nan         nan         nan]
 [ 0.16379734  0.57822511  0.614       0.53119747  0.5698649   0.05110741
   0.52564103  0.52538462  0.51721683  0.52119558]
 [ 0.42066902  0.69787582  0.76523077  0.64824957  0.69948185  0.40726498
   0.70331169  0.71753846  0.68672159  0.69913823]
 [ 0.30555716  0.63809524  0.72907692  0.57463455  0.64492433  0.13911228
   0.56269841  0.67723077  0.44349209  0.55647774]
 [ 0.2657655   0.63301282  0.63384615  0.61774279  0.6258259   0.11064261
   0.55547369  0.55815385  0.54213809  0.5494202 ]
 [-0.06983436  0.46840278  0.49830769  0.42254676  0.45794565  0.37071974
   0.67991342  0.70953846  0.64791171  0.67684749]
 [        nan         nan         nan         nan         nan         nan
          nan         nan         nan         nan]
 [        nan         nan         nan         nan         nan         nan
          nan         nan         nan         nan]
 [ 0.15884152  0.56909722  0.66969231  0.47224932  0.56343944  0.06999128
   0.53333333  0.57784615  0.46556212  0.52486324]
 [        nan         nan         nan         nan         nan         nan
          nan         nan         nan         nan]
 [ 0.05288678  0.51856061  0.82076923  0.14755949  0.50419182  0.25933284
   0.63006494  0.64492308  0.6165585   0.62654963]
 [ 0.32887331  0.65508578  0.70923077  0.62001492  0.65868268  0.20245609
   0.5965482   0.64876923  0.56289997  0.59796229]
 [-0.04243694  0.48342105  0.70507692  0.1545791   0.45390158 -0.04117461
   0.47948718  0.48184615  0.46095372  0.4714543 ]
 [ 0.20215099  0.60096154  0.60107692  0.59846854  0.59965478  0.25562924
   0.62301879  0.67769231  0.57632794  0.61903344]
 [-0.06714885  0.46774892  0.48184615  0.44293579  0.46111237  0.19284954
   0.58258145  0.72876923  0.46923062  0.57982783]
 [        nan         nan         nan         nan         nan         nan
          nan         nan         nan         nan]
 [ 0.09448461  0.54725691  0.55430769  0.53291468  0.54257722  0.12478057
   0.56340743  0.56553846  0.55167143  0.55745413]
 [ 0.37829164  0.6751634   0.75692308  0.61562451  0.67815938  0.44740745
   0.72307692  0.72507692  0.71243673  0.71954724]
 [ 0.40776723  0.69673611  0.73323077  0.67973455  0.70110991  0.16434268
   0.57708333  0.62476923  0.52919653  0.57359212]
 [ 0.10633364  0.55159722  0.59323077  0.51007373  0.54632515  0.19723723
   0.59632035  0.61030769  0.57082462  0.59034763]
 [ 0.32160581  0.65923611  0.67769231  0.64919862  0.65855826  0.22428795
   0.61076389  0.65738462  0.58236337  0.60849233]]
KNN mean:
[0.20874323 0.59989906 0.66258974 0.53071787 0.59574976 0.21080952
 0.60262463 0.63700855 0.56582063 0.59787237]
---------------------------
---------------------------
DT performance:
[[ 0.22767954  0.649667    0.65323077  0.60278979  0.64701129  0.39769163
   0.69819444  0.71661538  0.66127311  0.69711605]
 [ 0.38415095  0.6830303   0.69692308  0.68094821  0.6793068   0.41000174
   0.66923077  0.66938462  0.64323187  0.66344306]
 [ 0.26881291  0.65480769  0.65369231  0.63747982  0.65228299  0.301215
   0.6534632   0.65753846  0.64464056  0.6504926 ]
 [ 0.23521097  0.60214286  0.62169231  0.57481857  0.59772164  0.06572733
   0.50865385  0.51        0.51049814  0.50545715]
 [ 0.3972974   0.72591912  0.76507692  0.70703671  0.72748757  0.30261584
   0.66004329  0.66938462  0.65041252  0.6584794 ]
 [ 0.18212233  0.58130836  0.64953846  0.51996985  0.58072439  0.22732068
   0.61220822  0.64953846  0.59265853  0.60317516]
 [ 0.21654336  0.60192308  0.60169231  0.58909414  0.59955587  0.13131844
   0.572669    0.57353846  0.54988238  0.56904165]
 [-0.03696417  0.46090278  0.49061538  0.43508272  0.45293017  0.18740562
   0.58601732  0.60123077  0.5671706   0.58443616]
 [ 0.04155821  0.5275974   0.53415385  0.49115826  0.52374462  0.21124621
   0.60177489  0.61323077  0.61179096  0.6001415 ]
 [ 0.00296723  0.52575572  0.57292308  0.49286112  0.52348085  0.12772452
   0.55855395  0.56138462  0.51997828  0.5539294 ]
 [ 0.29063164  0.62502042  0.66523077  0.60941838  0.61938274  0.09203622
   0.58486111  0.60553846  0.55693078  0.58084126]
 [ 0.46913859  0.75686147  0.76476923  0.74140757  0.75520954  0.49800745
   0.73032468  0.74153846  0.74837353  0.72965069]
 [ 0.10032316  0.59637446  0.78123077  0.29135103  0.59301541  0.35929381
   0.66335498  0.67707692  0.6437152   0.66381327]
 [ 0.08931557  0.54556781  0.60153846  0.50725805  0.53964224  0.21763452
   0.60614788  0.62923077  0.60001236  0.6016413 ]
 [ 0.01100911  0.49298246  0.63769231  0.41333983  0.48294794 -0.00667819
   0.50064103  0.50153846  0.49987757  0.49777322]
 [ 0.01914847  0.51089744  0.51015385  0.49285422  0.50502879  0.14202867
   0.58161765  0.60615385  0.59377785  0.57111022]
 [-0.03723828  0.45742424  0.46584615  0.48740631  0.45465371  0.05060987
   0.53780284  0.64169231  0.42264213  0.52576142]
 [ 0.32223759  0.65670996  0.66138462  0.6498821   0.65362002  0.46900186
   0.72596154  0.72876923  0.71880177  0.71898189]
 [ 0.11132534  0.56878538  0.56569231  0.56765395  0.56248726  0.16742823
   0.60181901  0.60184615  0.6041797   0.59643522]
 [ 0.33246887  0.64203431  0.68876923  0.66800387  0.63792401  0.39906667
   0.675       0.67723077  0.65918891  0.67212014]
 [ 0.09179954  0.56173611  0.59384615  0.5612888   0.55707611  0.26533026
   0.620625    0.63769231  0.61668673  0.61461923]
 [ 0.1538256   0.58263889  0.60953846  0.54920042  0.57746956  0.11791838
   0.55221861  0.55369231  0.52471189  0.54536596]
 [ 0.31599424  0.65305556  0.66923077  0.64151644  0.65161369  0.27815875
   0.64965278  0.68123077  0.63621031  0.64380246]]
DT mean:
[0.18214601 0.59404969 0.62845485 0.56138348 0.59018771 0.23530885
 0.61525374 0.63065552 0.5989846  0.61076645]
---------------------------
---------------------------
RF performance:
[[ 0.26726891  0.62580336  0.626       0.58646674  0.61288509  0.42299642
   0.64472222  0.67661538  0.61353285  0.64442153]
 [ 0.41230366  0.71181818  0.72507692  0.71249659  0.71312253  0.23029661
   0.66891026  0.66953846  0.68671952  0.66402747]
 [ 0.40220716  0.71346154  0.71307692  0.67089904  0.71106065  0.33904437
   0.67298535  0.67769231  0.61631977  0.67121811]
 [ 0.12698502  0.59305195  0.60615385  0.60566558  0.58724694  0.00100521
   0.55160256  0.55323077  0.56904727  0.54930227]
 [ 0.52364876  0.72653186  0.78107692  0.7098277   0.73504056  0.34097658
   0.67114719  0.68169231  0.70420356  0.66551155]
 [ 0.23507684  0.5866655   0.65353846  0.57133196  0.58460149  0.26409805
   0.5596697   0.65292308  0.55640351  0.5568091 ]
 [ 0.31245889  0.64871795  0.64938462  0.62268668  0.64476494  0.0799136
   0.59810606  0.59738462  0.60714224  0.59038315]
 [ 0.13142591  0.48784722  0.534       0.50764145  0.47260566  0.25484185
   0.65049784  0.67753846  0.64487988  0.64980861]
 [ 0.11223364  0.53339827  0.55446154  0.51516822  0.52900159  0.1393897
   0.57683983  0.586       0.56221503  0.57486018]
 [ 0.08807355  0.55872141  0.61292308  0.48409664  0.55697125  0.14222653
   0.56070596  0.56138462  0.52812393  0.55684705]
 [ 0.20308638  0.54330065  0.60615385  0.44981481  0.54116739  0.14945535
   0.53236111  0.56984615  0.48764113  0.52988567]
 [ 0.58049832  0.77406926  0.78446154  0.78213896  0.77297297  0.41970028
   0.70359307  0.72138462  0.69779362  0.70601302]
 [ 0.04502172  0.59437229  0.82892308  0.2414272   0.60059445  0.32079542
   0.66504329  0.68092308  0.65968193  0.66499514]
 [ 0.16258263  0.58562092  0.63276923  0.57804791  0.58669313  0.15123647
   0.62487745  0.66938462  0.54899283  0.62077896]
 [-0.06233767  0.50135965  0.70938462  0.20768548  0.48593996  0.15277468
   0.50865385  0.51        0.50566248  0.50214435]
 [ 0.07136753  0.55961538  0.56138462  0.56428582  0.5580154   0.17352616
   0.61399101  0.66969231  0.52229089  0.60803318]
 [-0.11191939  0.46850649  0.49369231  0.40251092  0.45463897  0.0285108
   0.51946533  0.66492308  0.35644538  0.52000441]
 [ 0.31868496  0.66298701  0.67353846  0.65434271  0.66126309  0.53586319
   0.73717949  0.73723077  0.72069426  0.73494404]
 [ 0.09454233  0.55090743  0.55753846  0.58982412  0.54720112  0.18146158
   0.58525641  0.59353846  0.60339914  0.58036415]
 [ 0.44690896  0.70857843  0.75692308  0.62666458  0.70984596  0.40868413
   0.74230769  0.74476923  0.72434679  0.73853436]
 [ 0.09016807  0.56486111  0.62569231  0.49246992  0.56048333  0.27477666
   0.63756944  0.66523077  0.58690735  0.6368108 ]
 [ 0.10228503  0.58423611  0.62538462  0.50833495  0.58156109  0.25085667
   0.6297619   0.63707692  0.60950919  0.62372042]
 [ 0.39631216  0.66520833  0.68892308  0.6569519   0.66205264  0.28157675
   0.61184641  0.64553846  0.62263878  0.59564549]]
RF mean:
[0.21516884 0.6065061  0.65219398 0.55394695 0.60303175 0.24104378
 0.62030841 0.64537124 0.59715615 0.61674187]
---------------------------
---------------------------
SVM performance:
[[ 0.03871011  0.51784882  0.55784615  0.30844203  0.44933034 -0.00784314
   0.49666667  0.60953846  0.          0.37856584]
 [ 0.21921335  0.5969697   0.67323077  0.41842122  0.55252979  0.36865651
   0.68397436  0.686       0.66353584  0.67541397]
 [        nan         nan         nan         nan         nan         nan
          nan         nan         nan         nan]
 [ 0.          0.5         0.59369231  0.          0.3724828   0.04845194
   0.52435897  0.51784615  0.40400357  0.46464568]
 [ 0.42325504  0.68525327  0.78923077  0.56210917  0.68355413  0.23661341
   0.60813853  0.65784615  0.53156348  0.59470698]
 [ 0.          0.5         0.68523077  0.          0.40657908  0.
   0.5         0.68923077  0.          0.40796335]
 [ 0.14731816  0.57211538  0.58184615  0.48404969  0.5343261  -0.02083885
   0.48951049  0.514       0.23327824  0.40690323]
 [ 0.          0.5         0.60953846  0.          0.37864402  0.27818436
   0.62612554  0.68538462  0.53294901  0.60892604]
 [        nan         nan         nan         nan         nan         nan
          nan         nan         nan         nan]
 [        nan         nan         nan         nan         nan         nan
          nan         nan         nan         nan]
 [ 0.          0.5         0.66938462  0.          0.400917    0.
   0.5         0.61753846  0.          0.3816928 ]
 [        nan         nan         nan         nan         nan         nan
          nan         nan         nan         nan]
 [ 0.          0.5         0.84061538  0.          0.4567029   0.
   0.5         0.58969231  0.          0.37088024]
 [ 0.          0.5         0.64538462  0.          0.3922062   0.
   0.5         0.64138462  0.          0.3907544 ]
 [ 0.          0.5         0.76892308  0.          0.43463988  0.01486068
   0.50769231  0.514       0.03922323  0.3510804 ]
 [ 0.04123798  0.52083333  0.51430769  0.40290795  0.47574243  0.
   0.5         0.64938462  0.          0.393658  ]
 [ 0.          0.5         0.58169231  0.          0.36767511  0.
   0.5         0.72907692  0.          0.42160911]
 [        nan         nan         nan         nan         nan         nan
          nan         nan         nan         nan]
 [ 0.          0.5         0.54184615  0.          0.35132928  0.
   0.5         0.55384615  0.          0.35639001]
 [ 0.03550076  0.51397059  0.67323077  0.18713179  0.45968801  0.41524497
   0.70673077  0.70892308  0.69227487  0.70170188]
 [ 0.          0.5         0.63753846  0.          0.38931475  0.
   0.5         0.61353846  0.          0.38016841]
 [ 0.          0.5         0.61753846  0.          0.3816928   0.
   0.5         0.55784615  0.          0.35807692]
 [ 0.          0.5         0.60953846  0.          0.37864402  0.
   0.5         0.65338462  0.          0.3951098 ]]
SVM mean:
[0.05029085 0.52261062 0.64392308 0.13128121 0.43699992 0.07407388
 0.5357332  0.6215812  0.17204601 0.44656928]
---------------------------
---------------------------
GBM performance:
[[ 0.16203963  0.58039044  0.58953846  0.56717457  0.5769515   0.32412734
   0.64618056  0.70476923  0.56832765  0.63119874]
 [ 0.51889365  0.74393939  0.78507692  0.7074064   0.74998004  0.41202167
   0.70448718  0.70907692  0.67020243  0.69559156]
 [        nan         nan         nan         nan         nan         nan
          nan         nan         nan         nan]
 [ 0.20879187  0.59582251  0.65769231  0.45526832  0.56261772  0.04779603
   0.52403846  0.52538462  0.47463831  0.50853395]
 [ 0.47646751  0.70471814  0.79707692  0.63915945  0.7136911   0.35557729
   0.66458874  0.70923077  0.60413602  0.65886617]
 [ 0.04899676  0.51959617  0.67323077  0.23378519  0.47340379  0.11633704
   0.54852941  0.70092308  0.28275605  0.51269162]
 [ 0.36532156  0.68141026  0.68553846  0.66864639  0.67607263  0.26061605
   0.62879204  0.63707692  0.59502257  0.61592135]
 [ 0.00495843  0.50208333  0.60538462  0.09379606  0.40091702  0.28456416
   0.61824675  0.67323077  0.56332142  0.60440826]
 [        nan         nan         nan         nan         nan         nan
          nan         nan         nan         nan]
 [        nan         nan         nan         nan         nan         nan
          nan         nan         nan         nan]
 [ 0.02405219  0.51897467  0.66953846  0.15101083  0.45686141 -0.00284409
   0.50875     0.61353846  0.19483162  0.43200847]
 [        nan         nan         nan         nan         nan         nan
          nan         nan         nan         nan]
 [ 0.02537313  0.51011905  0.84061538  0.048795    0.47317194  0.28574566
   0.63396104  0.67707692  0.58150731  0.62877793]
 [ 0.12232034  0.55191993  0.67723077  0.28279389  0.49755488  0.18169204
   0.58055556  0.68507692  0.37562842  0.54168253]
 [ 0.          0.5         0.76892308  0.          0.43463988  0.12375649
   0.56217949  0.56169231  0.54421938  0.5546013 ]
 [ 0.19813666  0.59967949  0.59769231  0.56742945  0.58264758  0.08910382
   0.53735703  0.66138462  0.27499931  0.48358465]
 [-0.00562245  0.49748918  0.55784615  0.26714498  0.4373566   0.
   0.5         0.72907692  0.          0.42160911]
 [        nan         nan         nan         nan         nan         nan
          nan         nan         nan         nan]
 [ 0.07756405  0.53402015  0.54646154  0.50866078  0.52550681  0.22311396
   0.61308691  0.63276923  0.56715932  0.60105681]
 [ 0.22327053  0.59207516  0.72523077  0.45261953  0.58080313  0.50293065
   0.75448718  0.75676923  0.74202357  0.75201636]
 [ 0.          0.5         0.63753846  0.          0.38931475  0.27778055
   0.62902778  0.68923077  0.55149766  0.61818698]
 [ 0.06761872  0.52902778  0.61753846  0.30363535  0.48108494  0.34027805
   0.66390693  0.68923077  0.61522416  0.65292692]
 [ 0.37897814  0.67486111  0.73261538  0.60809111  0.67036669  0.16583333
   0.56823938  0.69738462  0.33454269  0.52472279]]
GBM mean:
[0.16095337 0.57422926 0.67582051 0.36418985 0.53794125 0.22157945
 0.6048008  0.66960684 0.47444655 0.57991031]
---------------------------
---------------------------
BDDAE performance:
[[0. 0. 0. 0. 0. 0. 0. 0. 0. 0.]
 [0. 0. 0. 0. 0. 0. 0. 0. 0. 0.]
 [0. 0. 0. 0. 0. 0. 0. 0. 0. 0.]
 [0. 0. 0. 0. 0. 0. 0. 0. 0. 0.]
 [0. 0. 0. 0. 0. 0. 0. 0. 0. 0.]
 [0. 0. 0. 0. 0. 0. 0. 0. 0. 0.]
 [0. 0. 0. 0. 0. 0. 0. 0. 0. 0.]
 [0. 0. 0. 0. 0. 0. 0. 0. 0. 0.]
 [0. 0. 0. 0. 0. 0. 0. 0. 0. 0.]
 [0. 0. 0. 0. 0. 0. 0. 0. 0. 0.]
 [0. 0. 0. 0. 0. 0. 0. 0. 0. 0.]
 [0. 0. 0. 0. 0. 0. 0. 0. 0. 0.]
 [0. 0. 0. 0. 0. 0. 0. 0. 0. 0.]
 [0. 0. 0. 0. 0. 0. 0. 0. 0. 0.]
 [0. 0. 0. 0. 0. 0. 0. 0. 0. 0.]
 [0. 0. 0. 0. 0. 0. 0. 0. 0. 0.]
 [0. 0. 0. 0. 0. 0. 0. 0. 0. 0.]
 [0. 0. 0. 0. 0. 0. 0. 0. 0. 0.]
 [0. 0. 0. 0. 0. 0. 0. 0. 0. 0.]
 [0. 0. 0. 0. 0. 0. 0. 0. 0. 0.]
 [0. 0. 0. 0. 0. 0. 0. 0. 0. 0.]
 [0. 0. 0. 0. 0. 0. 0. 0. 0. 0.]
 [0. 0. 0. 0. 0. 0. 0. 0. 0. 0.]]
BDDAE mean:
[0. 0. 0. 0. 0. 0. 0. 0. 0. 0.]
---------------------------
---------------------------
DUMMY performance:
[[0.         0.5        0.55384615 0.         0.35639001 0.
  0.5        0.61353846 0.         0.38016841]
 [0.         0.5        0.59769231 0.         0.37408537 0.
  0.5        0.514      0.         0.33944998]
 [0.         0.5        0.506      0.         0.33589379 0.
  0.5        0.53384615 0.         0.34795547]
 [0.         0.5        0.59369231 0.         0.3724828  0.
  0.5        0.502      0.         0.33411569]
 [0.         0.5        0.66938462 0.         0.400917   0.
  0.5        0.58569231 0.         0.36927767]
 [0.         0.5        0.68523077 0.         0.40657908 0.
  0.5        0.68923077 0.         0.40796335]
 [0.         0.5        0.518      0.         0.34122807 0.
  0.5        0.53784615 0.         0.34964238]
 [0.         0.5        0.60953846 0.         0.37864402 0.
  0.5        0.59369231 0.         0.3724828 ]
 [0.         0.5        0.57769231 0.         0.36607255 0.
  0.5        0.56569231 0.         0.36126485]
 [0.         0.5        0.65738462 0.         0.3965616  0.
  0.5        0.52984615 0.         0.34626856]
 [0.         0.5        0.66938462 0.         0.400917   0.
  0.5        0.61753846 0.         0.3816928 ]
 [0.         0.5        0.58569231 0.         0.36927767 0.
  0.5        0.59369231 0.         0.3724828 ]
 [0.         0.5        0.84061538 0.         0.4567029  0.
  0.5        0.58969231 0.         0.37088024]
 [0.         0.5        0.64538462 0.         0.3922062  0.
  0.5        0.64138462 0.         0.3907544 ]
 [0.         0.5        0.76892308 0.         0.43463988 0.
  0.5        0.506      0.         0.33589379]
 [0.         0.5        0.506      0.         0.33589379 0.
  0.5        0.64938462 0.         0.393658  ]
 [0.         0.5        0.58169231 0.         0.36767511 0.
  0.5        0.72907692 0.         0.42160911]
 [0.         0.5        0.57769231 0.         0.36607255 0.
  0.5        0.514      0.         0.33944998]
 [0.         0.5        0.54184615 0.         0.35132928 0.
  0.5        0.55384615 0.         0.35639001]
 [0.         0.5        0.68123077 0.         0.40519481 0.
  0.5        0.506      0.         0.33589379]
 [0.         0.5        0.63753846 0.         0.38931475 0.
  0.5        0.61353846 0.         0.38016841]
 [0.         0.5        0.61753846 0.         0.3816928  0.
  0.5        0.55784615 0.         0.35807692]
 [0.         0.5        0.60953846 0.         0.37864402 0.
  0.5        0.65338462 0.         0.3951098 ]]
DUMMY mean:
[0.         0.5        0.61876254 0.         0.38080065 0.
 0.5        0.58220736 0.         0.36698475]
---------------------------
Current folder: C:\Users\Javier\Dropbox\c_sldl_3_1_4
-------------------------------------
----- RESULTS ------
-------------------------------------
Window size (sec):  4.992
step (sec):  4.992
overlap:  True
perc. of overlap:  0.0
Number of windows / instances:  251
---------------------------
ALG Means: 
-rows: alg : KNN = 0; DT = 1; RF = 2; SVM = 3; GBM = 4; BDDAE = 5; DUMMY = 5
columns:
'val_cohen','val_uar', 'val_acc', 'val_gm',  'val_f1',  'aro_cohen','aro_uar', 'aro_acc', 'aro_gm',  'aro_f1'
-------------------------------------------------------------
  v_c   v_u   v_a   v_g   v_f1  a_c   a_u   a_a   a_g   a_f1
[[0.209 0.6   0.663 0.531 0.596 0.211 0.603 0.637 0.566 0.598]
 [0.182 0.594 0.628 0.561 0.59  0.235 0.615 0.631 0.599 0.611]
 [0.215 0.607 0.652 0.554 0.603 0.241 0.62  0.645 0.597 0.617]
 [0.05  0.523 0.644 0.131 0.437 0.074 0.536 0.622 0.172 0.447]
 [0.161 0.574 0.676 0.364 0.538 0.222 0.605 0.67  0.474 0.58 ]
 [0.    0.    0.    0.    0.    0.    0.    0.    0.    0.   ]
 [0.    0.5   0.619 0.    0.381 0.    0.5   0.582 0.    0.367]]
Elapsed time: 5.050814998149872 minutes
Elapsed time: 0.08418024996916453 hours
