2024-03-13 19:14:37.680853: I tensorflow/core/util/port.cc:113] oneDNN custom operations are on. You may see slightly different numerical results due to floating-point round-off errors from different computation orders. To turn them off, set the environment variable `TF_ENABLE_ONEDNN_OPTS=0`.
2024-03-13 19:14:38.433733: I tensorflow/core/util/port.cc:113] oneDNN custom operations are on. You may see slightly different numerical results due to floating-point round-off errors from different computation orders. To turn them off, set the environment variable `TF_ENABLE_ONEDNN_OPTS=0`.
2024-03-13 19:14:39.952443: I tensorflow/core/platform/cpu_feature_guard.cc:210] This TensorFlow binary is optimized to use available CPU instructions in performance-critical operations.
To enable the following instructions: AVX2 FMA, in other operations, rebuild TensorFlow with the appropriate compiler flags.
    
    
-------------------------------
participant:  1
-------------------------------
    
    
participant:  1
corriendo en PC gamer:
Window size (sec):  1.0
step (sec):  1.0
overlap:  True
perc. of overlap:  0.0
overlap duration (sec):  0.0
Nearest multiple of 16 to 1000 is: 992
Nearest multiple of 16 to 1000 is: 992
['gsr_chunks', 'ppg_chunks', 'val_chunks', 'aro_chunks', 'time_chunks', 'tag_chunks', 'video']
C:\Users\Javier\Dropbox\c_sldl_1_2_8\functions.py:880: FutureWarning: ChainedAssignmentError: behaviour will change in pandas 3.0!

[1m8/8[0m [32m━━━━━━━━━━━━━━━━━━━━[0m[37m[0m [1m0s[0m 2ms/step  
predicted [0.68449587 0.6867096  0.58586884 0.5650891  0.62773275 0.8467455
 0.6529728  0.7425965  0.55767226 0.15981434 0.79571235 0.6380981
 0.79413277 0.07503143 0.85508704 0.64069694 0.6428625  0.7715361
 0.1138759  0.5887817  0.86283946 0.70962954 0.6127725  0.7994312
 0.18941255 0.48421785 0.73008806 0.70270574 0.70428324 0.7648049
 0.8295861  0.53964436 0.7201425  0.8068086  0.15539953 0.70877415
 0.7578588  0.6125629  0.06160371 0.853985   0.18135598 0.816329
 0.68517077 0.8153614  0.65287364 0.6786858  0.25010177 0.845614
 0.8124099  0.83683157 0.73862857 0.6147256  0.72327054 0.06917806
 0.8230729  0.6820074  0.71893144 0.8389505  0.6055113  0.67324054
 0.6936961  0.7536735  0.70235914 0.69863963 0.6625745  0.74524856
 0.76592577 0.6439376  0.75301725 0.29531085 0.7322793  0.58469284
 0.6152364  0.62474    0.88904214 0.63519776 0.8091288  0.8543365
 0.55468106 0.8809152  0.03873209 0.6397749  0.7607275  0.7181101
 0.7255727  0.6468354  0.682338   0.72044873 0.5993457  0.71886337
 0.8804112  0.7765335  0.8063528  0.76481557 0.8384223  0.5390995
 0.71690786 0.716066   0.7324928  0.5835422  0.8658645  0.07646193
 0.84338325 0.6266882  0.6082026  0.70536387 0.8074618  0.6364391
 0.750674   0.10985684 0.78966177 0.8819506  0.04675003 0.83754605
 0.59133136 0.75036776 0.6541685  0.87389916 0.80957705 0.70357287
 0.7633276  0.7176398  0.16313006 0.8261205  0.5505353  0.27151316
 0.59797645 0.7676448  0.8269237  0.665048   0.84416956 0.6520948
 0.04226356 0.03555268 0.7059419  0.7262378  0.7233741  0.2413094
 0.791228   0.79042876 0.6711602  0.13134713 0.58412945 0.5573265
 0.75765604 0.7064652  0.86150473 0.8641748  0.10436285 0.7807029
 0.26999184 0.71670187 0.7183016  0.22291707 0.70983744 0.8343216
 0.7599155  0.56884617 0.7618772  0.7928803  0.74019766 0.7181276
 0.7097333  0.717947   0.7411642  0.62253743 0.67124486 0.65583193
 0.84527755 0.7977809  0.7381393  0.6540965  0.782203   0.6901911
 0.8282148  0.8604305  0.2605436  0.06546916 0.68039906 0.18807852
 0.6633244  0.87241435 0.72424257 0.6761508  0.842761   0.5129967
 0.84938407 0.7168746  0.20688279 0.6242244  0.08458836 0.54828894
 0.498249   0.8780464  0.776176   0.63604033 0.65105736 0.562024
 0.67477727 0.09242807 0.5581583  0.06325985 0.78086185 0.8766334
 0.81050235 0.73676604 0.25083524 0.83544075 0.7739342  0.7620946
 0.8120192  0.81812173 0.11077543 0.8344528  0.6618223  0.67685556
 0.62417805 0.8617114  0.733524   0.75619817 0.6331321  0.32329133
 0.7326662  0.7332381  0.6807831  0.02661599 0.87872344 0.8529238
 0.04815571 0.8148103  0.68164384 0.67957926 0.8310789  0.6381397
 0.68803644 0.7663835  0.74331343 0.8371796  0.88950384 0.59467053
 0.54283965 0.8104415  0.85964274 0.6990881  0.09775883 0.8450883
 0.81806505 0.7874464  0.64795244 0.19080526 0.7306674  0.30668995
 0.59911156 0.14019781 0.6523745  0.6281354 ]
predicted [1 1 1 1 1 1 1 1 1 0 1 1 1 0 1 1 1 1 0 1 1 1 1 1 0 0 1 1 1 1 1 1 1 1 0 1 1
 1 0 1 0 1 1 1 1 1 0 1 1 1 1 1 1 0 1 1 1 1 1 1 1 1 1 1 1 1 1 1 1 0 1 1 1 1
 1 1 1 1 1 1 0 1 1 1 1 1 1 1 1 1 1 1 1 1 1 1 1 1 1 1 1 0 1 1 1 1 1 1 1 0 1
 1 0 1 1 1 1 1 1 1 1 1 0 1 1 0 1 1 1 1 1 1 0 0 1 1 1 0 1 1 1 0 1 1 1 1 1 1
 0 1 0 1 1 0 1 1 1 1 1 1 1 1 1 1 1 1 1 1 1 1 1 1 1 1 1 1 0 0 1 0 1 1 1 1 1
 1 1 1 0 1 0 1 0 1 1 1 1 1 1 0 1 0 1 1 1 1 0 1 1 1 1 1 0 1 1 1 1 1 1 1 1 0
 1 1 1 0 1 1 0 1 1 1 1 1 1 1 1 1 1 1 1 1 1 1 0 1 1 1 1 0 1 0 1 0 1 1]
expected [False False  True False  True  True  True  True  True False False False
  True False  True  True  True False False  True  True  True  True False
 False  True False False  True False  True  True False  True False False
 False False False  True False False  True  True False  True False  True
  True  True  True False  True False  True  True False  True  True  True
  True False False False  True  True  True  True  True False False  True
  True  True  True  True  True  True False  True False False  True  True
 False False  True False  True  True  True False  True False  True  True
  True  True  True  True  True False  True False  True  True  True False
  True False False  True False  True  True False False  True  True  True
 False  True False  True False False  True  True  True  True  True  True
 False False  True  True  True False False  True  True False False  True
 False  True  True  True False False False False False  True  True  True
 False  True False False False  True  True  True False  True  True  True
  True False False False False  True  True  True False False  True  True
  True  True False False  True False  True False  True False False  True
  True  True  True False  True  True False False  True False False  True
  True  True False  True  True  True  True  True False  True  True False
 False  True  True False  True False  True  True  True False  True  True
 False  True  True  True  True  True False False  True  True  True False
  True  True False  True False  True  True  True  True  True  True False
  True False  True  True]
accuracy: 0.71875
confusion matrix: 
[[ 35  66]
 [  6 149]]
              precision    recall  f1-score   support

       False       0.85      0.35      0.49       101
        True       0.69      0.96      0.81       155

    accuracy                           0.72       256
   macro avg       0.77      0.65      0.65       256
weighted avg       0.76      0.72      0.68       256

macro avg f1-score: 0.6491815759421393
macro avg (UAR): 0.6539124880229958
Sensitivity:  0.3465346534653465
Specificity:  0.9612903225806452
g-mean:  0.5771658416911686
-------- Model Performance ----------: 
accuracy:  [0.72265625 0.7265625  0.6953125  0.73828125 0.7421875  0.7421875
 0.71484375 0.734375   0.7265625  0.71875   ]
gmean:  [0.572666   0.57455911 0.56542565 0.5802014  0.62468133 0.60133993
 0.57522578 0.58486173 0.58102653 0.57716584]
f1_score:  [0.64943005 0.65279392 0.62934363 0.66299244 0.68636769 0.67557604
 0.64583926 0.6627141  0.65591398 0.64918158]
UAR:  [0.65541361 0.65863941 0.63455765 0.66831683 0.68361546 0.6767167
 0.65068668 0.66681571 0.6603641  0.65391249]
Cohen Kappa score:  [0.34871721 0.35664537 0.29675284 0.38061534 0.40494471 0.39575138
 0.33551415 0.37502693 0.35913025 0.3433559 ]
arousal and valece = ok
------------- Evaluating model --------------
-------------------------------------
-------------------------------------
participant:  30
-------------------------------------
----- RESULTS ------
-------------------------------------
Window size (sec):  0.992
step (sec):  0.992
overlap:  True
perc. of overlap:  0.0
overlap duration (sec):  0.0
Number of windows / instances:  1276
-rows: alg : KNN = 0; DT = 1; RF = 2; SVM = 3; GBM = 4; BDDAE = 5; DUMMY = 5
columns:
'val_cohen','val_uar', 'val_acc', 'val_gm',  'val_f1',  'aro_cohen','aro_uar', 'aro_acc', 'aro_gm',  'aro_f1'
-------------------------------------------------------------
  v_c   v_u   v_a   v_g   v_f1  a_c   a_u   a_a   a_g   a_f1
[[ 0.47   0.736  0.746  0.734  0.735  0.379  0.687  0.722  0.676  0.689]
 [ 0.383  0.676  0.689  0.688  0.674  0.292  0.657  0.683  0.641  0.654]
 [ 0.409  0.727  0.742  0.709  0.727  0.42   0.713  0.746  0.679  0.715]
 [ 0.421  0.702  0.734  0.686  0.708  0.366  0.669  0.734  0.63   0.677]
 [ 0.292  0.629  0.703  0.522  0.612  0.272  0.615  0.721  0.499  0.606]
 [ 0.36   0.661  0.726  0.584  0.657 -0.001  0.5    0.648  0.     0.393]
 [ 0.     0.5    0.607  0.     0.378  0.     0.5    0.65   0.     0.394]]
participant performance loaded
    
    
-------------------------------
LAST participant's saved data: 
30
-------------------------------
    
    
---------------------------
KNN performance:
[[0.3944392  0.69531971 0.70222072 0.68902798 0.69565148 0.43373492
  0.70284895 0.79932333 0.67178085 0.71515526]
 [0.53825493 0.76966269 0.77039247 0.76864774 0.76877534 0.52918755
  0.75973826 0.77989665 0.75328316 0.76395154]
 [0.4473821  0.71983339 0.73353223 0.7116469  0.72212511 0.37657574
  0.68885083 0.68807825 0.68772789 0.68768639]
 [0.30141845 0.64982218 0.65514887 0.64474127 0.64949265 0.10705691
  0.54863573 0.66775344 0.46438704 0.54664173]
 [0.48112866 0.73203818 0.76098671 0.71506746 0.73718671 0.50714175
  0.75292903 0.75475517 0.75044537 0.75285033]
 [0.43998011 0.71997674 0.72028174 0.71865325 0.71949625 0.53804287
  0.76874138 0.77044783 0.76789725 0.76884913]
 [0.25711568 0.62535524 0.65206078 0.60738437 0.62591383 0.31828313
  0.65913938 0.65914124 0.65684737 0.65810827]
 [0.7900352  0.88143883 0.90989788 0.87637692 0.89458837 0.52957938
  0.7658637  0.77198573 0.76454282 0.76457459]
 [0.26057299 0.61965947 0.70618848 0.57159588 0.62531198 0.18093038
  0.58028087 0.68961614 0.50207272 0.5809956 ]
 [0.37796731 0.68872532 0.68967151 0.68560017 0.68777933 0.30657144
  0.65333474 0.65519808 0.65202906 0.65292426]
 [0.16163002 0.57874975 0.60813853 0.55764563 0.57834929 0.38589024
  0.68725109 0.71323819 0.6710633  0.69006   ]
 [0.5030147  0.74654401 0.76798105 0.73821686 0.750476   0.41994015
  0.70952814 0.72412648 0.70582844 0.70980688]
 [0.2566735  0.62729502 0.63956078 0.61994465 0.62732281 0.17373627
  0.58625956 0.59558932 0.58052253 0.58587739]
 [0.32754984 0.65719548 0.70454601 0.63473757 0.66150626 0.45009498
  0.7235927  0.72804503 0.71756647 0.72320622]
 [0.19781885 0.59361801 0.66453617 0.5507516  0.59513885 0.24840285
  0.62389712 0.64504183 0.61593588 0.62363345]
 [0.16918854 0.58216563 0.61129429 0.55806312 0.58077141 0.40804329
  0.69375043 0.7468627  0.67162297 0.70184131]
 [0.47745606 0.73578837 0.74918184 0.72974287 0.73771962 0.29417137
  0.64393213 0.66530512 0.63323886 0.64588259]
 [0.22868645 0.59204956 0.84010827 0.45965949 0.60783035 0.23316946
  0.61615202 0.63324926 0.60746378 0.61575177]
 [0.47683433 0.7336855  0.77973671 0.72229542 0.73786825 0.46499684
  0.7314111  0.73595595 0.72789835 0.73159971]
 [0.27039619 0.62724469 0.68648499 0.59584582 0.63203111 0.2292882
  0.60902187 0.66074065 0.57366554 0.60995655]
 [0.07101985 0.52920852 0.73356914 0.37131173 0.52347468 0.01871247
  0.5093626  0.50944267 0.50838377 0.50890855]
 [0.23760079 0.6191064  0.61825787 0.61717678 0.61761112 0.17475513
  0.58348716 0.63630044 0.55232144 0.58479603]
 [0.13545342 0.5667731  0.58781373 0.55195811 0.56604666 0.17064634
  0.57567749 0.70843996 0.49559547 0.57909639]
 [0.13701671 0.56856863 0.56899606 0.56746249 0.56790868 0.32339231
  0.66036681 0.66929749 0.65308072 0.6600482 ]
 [0.35274765 0.67477492 0.6857345  0.6694042  0.67567983 0.5327298
  0.76623722 0.76650468 0.7645488  0.76578992]
 [0.20491647 0.60196585 0.60660679 0.59809341 0.60169188 0.47052026
  0.73440217 0.73981914 0.73207881 0.73485209]
 [0.46908993 0.71904131 0.78596211 0.69067976 0.73121383 0.33591902
  0.66772824 0.66850394 0.66375817 0.6663473 ]
 [0.13999074 0.56654023 0.62234252 0.52604576 0.5660085  0.38179383
  0.68617984 0.71000861 0.67381364 0.68912818]
 [0.2164683  0.60454797 0.64342397 0.58220946 0.60608985 0.23215238
  0.61527003 0.62296383 0.60658122 0.6139029 ]
 [0.46998335 0.73631735 0.74606299 0.73422946 0.73478955 0.37921956
  0.68674432 0.72178273 0.67575713 0.68909055]]
KNN mean:
[0.32639434 0.65876707 0.69835732 0.63547387 0.66086165 0.3384893
 0.66635383 0.69458046 0.65005796 0.6673771 ]
---------------------------
---------------------------
DT performance:
[[ 0.29850557  0.64906339  0.65116265  0.65373279  0.64859255  0.37506968
   0.68070959  0.75317421  0.68218844  0.67799734]
 [ 0.45197269  0.72608292  0.72885089  0.71847556  0.72619042  0.4741818
   0.74035912  0.75235605  0.73606199  0.74017286]
 [ 0.38911822  0.7043102   0.70687746  0.68777409  0.70277716  0.32125161
   0.66969955  0.67003568  0.66621836  0.66900334]
 [ 0.22819956  0.61115674  0.61207554  0.61519484  0.61025618  0.1810964
   0.5965996   0.66694759  0.55847027  0.59594474]
 [ 0.42928887  0.71897985  0.73188361  0.71091134  0.71893536  0.48513883
   0.74295605  0.74299951  0.73421292  0.74225383]
 [ 0.32115255  0.66291717  0.66302904  0.65412374  0.6620986   0.51288022
   0.75714397  0.75863066  0.76324583  0.75638314]
 [ 0.21485618  0.6148974   0.62850025  0.61493839  0.61396128  0.22581142
   0.62147817  0.62160433  0.61961083  0.62069351]
 [ 0.74297777  0.87286659  0.88558686  0.87167513  0.87195124  0.54316811
   0.77805128  0.78217889  0.77702744  0.77607737]
 [ 0.20790078  0.5956786   0.64969242  0.56544228  0.59498527  0.14004937
   0.56919158  0.63249262  0.54355208  0.56859991]
 [ 0.26515891  0.64505059  0.64502953  0.64976798  0.64447242  0.2970915
   0.66097252  0.66221703  0.64520192  0.66003127]
 [ 0.15099583  0.56785643  0.5838029   0.57331377  0.56699331  0.34959984
   0.67921521  0.68817667  0.67170936  0.67754541]
 [ 0.42168117  0.72427494  0.73355069  0.70929819  0.72196739  0.36224208
   0.6820666   0.69673351  0.6726404   0.6813059 ]
 [ 0.25220115  0.62157542  0.62934301  0.62878985  0.61968684  0.14261813
   0.5799617   0.58700787  0.58111762  0.57945163]
 [ 0.16568609  0.58443596  0.61441314  0.56667547  0.58206223  0.37910672
   0.68716725  0.68813976  0.68427269  0.68658213]
 [ 0.21679998  0.61764673  0.65832923  0.58914074  0.61639629  0.22513377
   0.62592767  0.64809916  0.61149069  0.62552399]
 [ 0.16028432  0.58436866  0.59876353  0.58687521  0.58393676  0.38476412
   0.69240418  0.72025714  0.68301972  0.69122919]
 [ 0.46358784  0.73318256  0.7413878   0.73146665  0.73340319  0.33137471
   0.67320171  0.6826095   0.66903924  0.67203905]
 [ 0.27995599  0.64607818  0.81587721  0.60843951  0.64712455  0.32659041
   0.66124415  0.67477854  0.6551987   0.66149238]
 [ 0.43397973  0.71444006  0.75864296  0.70019659  0.71562274  0.40476968
   0.70014936  0.70067052  0.69879566  0.69853753]
 [ 0.21580479  0.62024527  0.65198081  0.59806811  0.6189598   0.23617994
   0.62119861  0.64576156  0.60850065  0.62018118]
 [-0.02888202  0.49320048  0.61532357  0.44448673  0.48997837  0.04231259
   0.51643143  0.5163878   0.50268796  0.51603349]
 [ 0.16161538  0.58658761  0.58694021  0.57003256  0.58561312  0.1485644
   0.57571392  0.60817544  0.56324928  0.57385565]
 [ 0.10188046  0.5606432   0.57439715  0.54906289  0.56007619  0.12121476
   0.57394584  0.65513656  0.53430637  0.57085266]
 [ 0.13234799  0.55856863  0.55959646  0.54956497  0.55747056  0.28489265
   0.63538688  0.63868725  0.6421487   0.63360194]
 [ 0.24469995  0.63041638  0.63718012  0.61574783  0.63003976  0.41079812
   0.70691774  0.70693282  0.70077041  0.70674052]
 [ 0.18268333  0.60738406  0.60891978  0.59685512  0.60664876  0.43326245
   0.71039894  0.71314592  0.708409    0.70973484]
 [ 0.38882838  0.69311763  0.73511319  0.68840926  0.69301434  0.29152723
   0.65218909  0.65201156  0.64715851  0.65166624]
 [ 0.08258387  0.53452419  0.56828248  0.53036864  0.53350685  0.25932498
   0.64752959  0.66068529  0.63235555  0.6474822 ]
 [ 0.18778193  0.59699523  0.62698696  0.57808018  0.59734442  0.15722609
   0.5814712   0.58231422  0.56227944  0.57941497]
 [ 0.38310966  0.67557112  0.68889026  0.68832201  0.6740364   0.29206039
   0.65720325  0.68259104  0.64071636  0.65447986]]
DT mean:
[0.27155856 0.63840387 0.66301366 0.62817435 0.63760341 0.3046434
 0.65589619 0.67303129 0.64652188 0.65483027]
---------------------------
---------------------------
RF performance:
[[ 0.39725256  0.69447395  0.69905266  0.68568321  0.69416715  0.43092003
   0.7003902   0.79464198  0.66716535  0.71153207]
 [ 0.53260874  0.77690471  0.77904158  0.7856997   0.77707315  0.54518897
   0.76130569  0.77352362  0.77264591  0.76174962]
 [ 0.46888197  0.72512004  0.73512549  0.7228745   0.72630201  0.35821124
   0.6907322   0.69051427  0.69684711  0.69023176]
 [ 0.30512857  0.66725712  0.67082308  0.67749835  0.66694879  0.18783386
   0.57663988  0.6826341   0.50248359  0.57899751]
 [ 0.55267696  0.7623954   0.7781373   0.74477378  0.76508688  0.52539957
   0.7578902   0.75944882  0.75918477  0.7581966 ]
 [ 0.37534817  0.68368846  0.68417815  0.68268025  0.68226587  0.56043609
   0.77329728  0.77512918  0.77288564  0.77324613]
 [ 0.24703246  0.62661943  0.64567544  0.62094395  0.62645643  0.324559
   0.65353423  0.65364788  0.66305158  0.65226462]
 [ 0.78137585  0.89641098  0.91224163  0.89187386  0.90019006  0.60750833
   0.8185081   0.82364665  0.82340793  0.81764673]
 [ 0.31912434  0.67051001  0.72647638  0.6177603   0.67304357  0.23682827
   0.56761134  0.65361713  0.5298589   0.56958472]
 [ 0.3794166   0.69427365  0.69443898  0.69127025  0.69405533  0.40746595
   0.67716199  0.68103469  0.67624435  0.67709045]
 [ 0.10117679  0.58299072  0.60576403  0.57992141  0.58214742  0.38655965
   0.71260455  0.73283095  0.68889302  0.71606362]
 [ 0.51141738  0.74220156  0.75786171  0.72387162  0.74287133  0.37882459
   0.69521012  0.71706447  0.67837522  0.69744131]
 [ 0.28928789  0.6370589   0.64891117  0.64543789  0.63746511  0.21540839
   0.61576237  0.62375738  0.63920339  0.61541854]
 [ 0.27794293  0.61812975  0.67084769  0.55069569  0.6195164   0.40402515
   0.71503116  0.71705832  0.70787498  0.71485419]
 [ 0.22955625  0.59962739  0.66066683  0.54429269  0.60080158  0.27525483
   0.60631438  0.63718627  0.60783842  0.606656  ]
 [ 0.25192839  0.61570072  0.63715551  0.60200649  0.61579923  0.43764228
   0.71204904  0.7523253   0.69695209  0.717228  ]
 [ 0.56654794  0.7672565   0.77351132  0.77345968  0.76692568  0.36779282
   0.68432543  0.7005967   0.69447425  0.68586612]
 [ 0.31746915  0.61343686  0.82054626  0.58676154  0.62481239  0.39709637
   0.70832234  0.72571358  0.69445229  0.71075211]
 [ 0.50554162  0.7417581   0.78914247  0.73042997  0.74664349  0.49183908
   0.73400508  0.7398622   0.74493999  0.73457643]
 [ 0.32324978  0.64995871  0.69271038  0.6047568   0.65146512  0.23600348
   0.62483419  0.65993479  0.60935065  0.62610842]
 [ 0.01647092  0.50267115  0.70377092  0.33499119  0.49333715 -0.0050263
   0.52511504  0.52511073  0.52159825  0.52449325]
 [ 0.21258753  0.59341501  0.59405143  0.6127793   0.59292995  0.17475049
   0.57882252  0.62465551  0.57829396  0.5788808 ]
 [ 0.15098744  0.57480116  0.59399606  0.56824874  0.57426261  0.16018727
   0.56996466  0.69042815  0.53431571  0.57012488]
 [ 0.14094267  0.5833421   0.58473794  0.57859049  0.58230782  0.33856118
   0.6748738   0.68176058  0.67806229  0.67415732]
 [ 0.32614275  0.66020531  0.67242249  0.64351208  0.66069446  0.51573507
   0.75078239  0.75082431  0.75256888  0.75038187]
 [ 0.24647471  0.61464729  0.61833784  0.62134956  0.61413726  0.50613893
   0.74175381  0.7484252   0.73754425  0.74265358]
 [ 0.52025136  0.74022288  0.78678642  0.73847593  0.74596065  0.37920553
   0.66142066  0.66136196  0.68683808  0.66068824]
 [ 0.1205019   0.57045451  0.61913755  0.52303053  0.57068779  0.37138297
   0.68475285  0.7029466   0.68081568  0.68597729]
 [ 0.24923934  0.62604339  0.65986097  0.62077669  0.6275274   0.24053911
   0.61826989  0.62607653  0.62699748  0.61789043]
 [ 0.40906914  0.72673448  0.74215059  0.70920303  0.72747492  0.42029176
   0.71265563  0.74602608  0.67850835  0.71463573]]
RF mean:
[0.33752107 0.66527701 0.69858534 0.64712165 0.6661119  0.36255213
 0.67679803 0.70172613 0.67005575 0.67784628]
---------------------------
---------------------------
SVM performance:
[[0.34022709 0.66510982 0.68187746 0.63137936 0.65834539 0.28034984
  0.60637897 0.79311024 0.46713685 0.61508826]
 [0.40418641 0.69843004 0.70932579 0.6845166  0.6980094  0.33387347
  0.65346278 0.70928273 0.59875691 0.65313156]
 [0.47751884 0.72570497 0.75780635 0.6854336  0.72675049 0.34107346
  0.67311728 0.66616019 0.64863492 0.65811734]
 [0.24854783 0.61994629 0.63949926 0.56469257 0.6030175  0.
  0.5        0.70924582 0.         0.41494558]
 [0.47934432 0.72254396 0.76958661 0.68171837 0.72920435 0.47423118
  0.73590888 0.73903789 0.73128114 0.7356903 ]
 [0.39562474 0.69714737 0.69909572 0.6913122  0.69565675 0.53954444
  0.76857536 0.77201649 0.76612081 0.76920226]
 [0.14397179 0.56343177 0.63638656 0.41287837 0.52133676 0.34965546
  0.67485119 0.67479085 0.6722918  0.67366025]
 [0.75708702 0.87300306 0.89340551 0.87021708 0.87837966 0.44623035
  0.72448516 0.73117003 0.72265537 0.72273859]
 [0.03881942 0.51436431 0.69279651 0.16147233 0.43698942 0.10103433
  0.53857796 0.70770177 0.301308   0.4947374 ]
 [0.30114017 0.65040044 0.65126107 0.64695831 0.64912981 0.3148901
  0.65436354 0.66610482 0.63444097 0.65096279]
 [0.03896192 0.51673579 0.60425689 0.2382601  0.43312883 0.34951106
  0.65975458 0.71403174 0.59024263 0.65375204]
 [0.41072742 0.69252745 0.73666339 0.66056978 0.69852488 0.3322097
  0.65901199 0.6951095  0.63611215 0.66243937]
 [0.28157021 0.63502777 0.66376107 0.60063316 0.63147096 0.05759534
  0.52579597 0.58465797 0.28357665 0.43764176]
 [0.1187435  0.54841688 0.67164124 0.34449668 0.5011155  0.43992227
  0.71625407 0.72579355 0.69758201 0.71374451]
 [0.05610843 0.52165755 0.67790354 0.21784406 0.44948918 0.11534794
  0.54873865 0.64813607 0.33644579 0.48957181]
 [0.         0.5        0.59325787 0.         0.37235397 0.29130732
  0.62190112 0.73355684 0.50554871 0.61533074]
 [0.51509871 0.75256315 0.76878076 0.74555081 0.75647654 0.23486868
  0.605206   0.66926058 0.496439   0.58163754]
 [0.         0.5        0.84483268 0.         0.45794416 0.15494714
  0.57011122 0.63168676 0.46492283 0.5456308 ]
 [0.         0.5        0.68887795 0.         0.40788935 0.32496932
  0.66453638 0.66149729 0.66334518 0.6609589 ]
 [0.25308245 0.60948613 0.70686516 0.5181085  0.60617774 0.23363558
  0.60152909 0.6904466  0.49523413 0.58855838]
 [0.         0.5        0.77351132 0.         0.43614599 0.03372734
  0.51686088 0.51639395 0.50652923 0.51150092]
 [0.29040657 0.64539015 0.64497416 0.64426823 0.64453254 0.
  0.5        0.64342397 0.         0.39151239]
 [0.         0.5        0.58778297 0.         0.37018973 0.
  0.5        0.73041339 0.         0.42210139]
 [0.10445638 0.55136469 0.55962106 0.52224373 0.54083589 0.29153586
  0.63955156 0.66536048 0.59538587 0.63105004]
 [0.23885166 0.61001291 0.65666831 0.50965363 0.5833639  0.50956181
  0.75487313 0.75473671 0.75358217 0.75430224]
 [0.12385773 0.55847557 0.58933932 0.38950439 0.49008024 0.38573684
  0.68818481 0.70460753 0.6716115  0.68847031]
 [0.45332103 0.69860217 0.79306102 0.64279212 0.71634964 0.36993081
  0.68406774 0.6865219  0.65934917 0.67462595]
 [0.         0.5        0.63714936 0.         0.38918003 0.41717246
  0.69871694 0.73354454 0.67324768 0.70303424]
 [0.00867146 0.5035125  0.6238312  0.05749534 0.39180224 0.30100087
  0.646795   0.66221703 0.62432017 0.6436503 ]
 [0.42075533 0.7023756  0.73439961 0.68563906 0.70780519 0.36589748
  0.66869721 0.73433194 0.62958365 0.67663315]]
SVM mean:
[0.23003601 0.60920768 0.68960732 0.42692128 0.57272253 0.27965868
 0.63334358 0.69181164 0.52752284 0.6144807 ]
---------------------------
---------------------------
GBM performance:
[[0.31751347 0.6521917  0.6724594  0.60292371 0.63984567 0.25024649
  0.59378638 0.79076033 0.43269999 0.59586408]
 [0.48328572 0.73689172 0.74848671 0.72284962 0.73762964 0.32467956
  0.64596123 0.71157726 0.56836431 0.63985349]
 [0.48240777 0.72942515 0.7585999  0.69546684 0.73139343 0.42213107
  0.71153123 0.71086983 0.70833895 0.71026532]
 [0.31843093 0.65540265 0.66924213 0.62642117 0.64923213 0.00277915
  0.50100658 0.70846457 0.03257167 0.41964941]
 [0.53834198 0.75471551 0.79147392 0.73011656 0.76365578 0.50257605
  0.74841093 0.75471826 0.73153527 0.74554642]
 [0.43202831 0.71594678 0.71626476 0.71330298 0.71498341 0.51869361
  0.75869782 0.76573573 0.75037869 0.75934765]
 [0.11164859 0.54894618 0.6253937  0.37038124 0.49634648 0.3741365
  0.68689236 0.68734006 0.67667581 0.6824231 ]
 [0.74653384 0.85040958 0.89186762 0.84117775 0.8700881  0.54479953
  0.76025843 0.78840428 0.74494268 0.7683192 ]
 [0.08894162 0.53393452 0.70218996 0.26560842 0.47857802 0.04672442
  0.5174155  0.69985236 0.18192058 0.44786663]
 [0.31684566 0.65902241 0.65986097 0.65474239 0.6578534  0.35345279
  0.6719631  0.68727854 0.63966701 0.66533451]
 [0.08299604 0.53521418 0.61909449 0.3071411  0.464034   0.44552169
  0.70841875 0.75004306 0.67095026 0.71314606]
 [0.51831135 0.74618983 0.78292938 0.72241312 0.75448995 0.22839099
  0.60534699 0.67391117 0.45674017 0.57211523]
 [0.28693932 0.63314935 0.67709769 0.55390897 0.61644953 0.05319757
  0.52368393 0.58621432 0.24135883 0.42060286]
 [0.08591153 0.5344494  0.66694144 0.25510564 0.46571543 0.44813297
  0.71978113 0.73040108 0.69519743 0.71611666]
 [0.01850729 0.50715719 0.66852239 0.08980037 0.41935787 0.11733993
  0.5506455  0.65045522 0.33453655 0.49045819]
 [0.02016306 0.50857149 0.59875123 0.15181614 0.39684226 0.30403576
  0.62803635 0.73666954 0.51959688 0.62454535]
 [0.60332312 0.80144722 0.81032849 0.79899882 0.80313813 0.26707783
  0.62138874 0.67941683 0.53353531 0.6056645 ]
 [0.         0.5        0.84483268 0.         0.45794416 0.3723683
  0.67275554 0.72017717 0.62194513 0.6721505 ]
 [0.05591065 0.52288753 0.696672   0.1438188  0.45581648 0.39444341
  0.69109643 0.71091289 0.65117938 0.682851  ]
 [0.20064112 0.58200247 0.70609006 0.40589746 0.55148712 0.14125358
  0.55877183 0.67004798 0.35394696 0.5087873 ]
 [0.         0.5        0.77351132 0.         0.43614599 0.06826592
  0.53814332 0.53759843 0.52432615 0.53212531]
 [0.2687537  0.63597929 0.63322466 0.62710362 0.63064662 0.00198786
  0.50137886 0.64264272 0.05919413 0.39931843]
 [0.09952117 0.54349032 0.61053765 0.38001396 0.49396837 0.00409872
  0.50142857 0.73119464 0.01690309 0.42507044]
 [0.10545122 0.55282889 0.56823327 0.45594476 0.51213471 0.3746954
  0.68469148 0.69900344 0.66836803 0.68366419]
 [0.24271318 0.6105623  0.66295522 0.47932991 0.57136591 0.52968318
  0.76472203 0.76495448 0.76375208 0.7642869 ]
 [0.25097055 0.62264891 0.63714936 0.58913982 0.61342541 0.47399513
  0.73206071 0.7445497  0.72204476 0.7335431 ]
 [0.37477729 0.65725628 0.77274237 0.56898425 0.66809136 0.40046546
  0.69998338 0.70060901 0.6966796  0.69897384]
 [0.03347788 0.51450324 0.64498031 0.16468506 0.42563979 0.35503757
  0.66299267 0.71632013 0.60053792 0.65951261]
 [0.07811515 0.53358704 0.64106791 0.28997235 0.46517851 0.297927
  0.64448836 0.66297982 0.6113333  0.63813789]
 [0.29179517 0.62877419 0.7029466  0.52241319 0.61231506 0.2721032
  0.61506233 0.72099532 0.49932855 0.60556514]]
GBM mean:
[0.24847522 0.61691951 0.69848159 0.45764927 0.58512642 0.29634135
 0.64069335 0.70446994 0.52361832 0.61937018]
---------------------------
---------------------------
BDDAE performance:
[[ 5.74963738e-02  5.27069516e-01  5.55468750e-01  3.69759384e-01
   4.64223941e-01  9.74531678e-03  5.03692185e-01  7.41796875e-01
   3.39809497e-02  4.35237768e-01]
 [ 4.52690920e-01  7.31098198e-01  7.23046875e-01  7.22295500e-01
   7.21697643e-01  5.34628330e-01  7.60692308e-01  7.83593750e-01
   7.52844879e-01  7.66394643e-01]
 [ 1.31028000e-01  5.61453868e-01  6.01562500e-01  4.48252049e-01
   5.24428456e-01  2.36731883e-01  6.17311572e-01  6.22656250e-01
   5.92526328e-01  6.07967071e-01]
 [ 7.59795843e-02  5.36667895e-01  5.58203125e-01  4.54788703e-01
   5.06082291e-01  1.54385723e-01  5.64961390e-01  7.18359375e-01
   3.81006340e-01  5.47989597e-01]
 [ 5.04452447e-01  7.41723962e-01  7.70312500e-01  7.24746177e-01
   7.48535001e-01  4.12181855e-01  7.05788862e-01  7.07031250e-01
   7.02523332e-01  7.04863849e-01]
 [ 5.68199732e-01  7.83798473e-01  7.84375000e-01  7.79260679e-01
   7.82665584e-01  4.55395877e-02  5.22051156e-01  5.43750000e-01
   3.94050410e-01  4.72607680e-01]
 [ 6.21032096e-02  5.29883603e-01  5.81640625e-01  4.23721074e-01
   5.00285747e-01  8.59375000e-02  5.42968750e-01  5.42968750e-01
   4.88422130e-01  5.19223726e-01]
 [ 5.50245515e-01  7.54117647e-01  8.21093750e-01  7.13893737e-01
   7.66907529e-01  2.71183027e-02  5.12373482e-01  5.94921875e-01
   1.72424396e-01  4.23826688e-01]
 [ 5.55176978e-01  7.40352734e-01  8.33593750e-01  6.94991778e-01
   7.69709321e-01  5.53343615e-01  7.37896017e-01  8.36718750e-01
   6.90130060e-01  7.68440467e-01]
 [ 1.82566657e-01  5.91215267e-01  5.91796875e-01  5.89002509e-01
   5.90370323e-01  3.06190129e-01  6.52407271e-01  6.57031250e-01
   6.47692906e-01  6.51849524e-01]
 [ 1.45471386e-01  5.64547243e-01  6.35937500e-01  4.22519240e-01
   5.26522820e-01  3.26577961e-01  6.55364372e-01  6.90625000e-01
   6.25236511e-01  6.56424784e-01]
 [ 1.14396838e-01  5.50421591e-01  6.28515625e-01  3.80311188e-01
   5.08892841e-01  3.64764911e-01  6.90833333e-01  6.85546875e-01
   6.87261036e-01  6.78881244e-01]
 [ 2.24705331e-01  6.09773451e-01  6.34375000e-01  5.60810829e-01
   5.97738320e-01  3.23317788e-01  6.62323703e-01  6.67968750e-01
   6.52799764e-01  6.58200203e-01]
 [ 1.71542690e-01  5.75008325e-01  6.70703125e-01  4.62400374e-01
   5.58787632e-01  3.30632041e-01  6.64583333e-01  6.68359375e-01
   6.58619363e-01  6.63369824e-01]
 [ 0.00000000e+00  5.00000000e-01  6.67968750e-01  0.00000000e+00
   4.00468384e-01  2.25762086e-01  6.14079049e-01  6.54687500e-01
   5.26026369e-01  5.88673680e-01]
 [ 1.99198358e-01  5.89473684e-01  6.53125000e-01  4.79478380e-01
   5.63948100e-01  2.31732965e-01  5.93912338e-01  7.19140625e-01
   4.37080116e-01  5.71821574e-01]
 [ 6.38015397e-01  8.25943396e-01  8.21484375e-01  8.16398118e-01
   8.15525462e-01  2.63713439e-01  6.18142713e-01  6.80859375e-01
   5.16100428e-01  5.97963405e-01]
 [ 1.40396546e-01  5.64722222e-01  8.34375000e-01  3.28793397e-01
   5.51432473e-01  1.64154190e-02  5.07110324e-01  5.95703125e-01
   1.25715196e-01  4.01184275e-01]
 [ 2.32978604e-01  5.98465909e-01  7.23046875e-01  4.89538849e-01
   5.96607830e-01  2.30279602e-01  6.13251232e-01  6.34375000e-01
   5.26613179e-01  5.81885086e-01]
 [ 2.42985121e-01  6.03162215e-01  7.10937500e-01  4.81801055e-01
   5.90330713e-01  7.11968662e-03  5.02167061e-01  6.17187500e-01
   1.27806755e-01  4.11640766e-01]
 [ 7.73416678e-02  5.34743992e-01  7.73437500e-01  1.60302152e-01
   4.92369002e-01  2.59890877e-01  6.29912104e-01  6.30078125e-01
   6.27595852e-01  6.28899190e-01]
 [ 1.22481727e-01  5.61974585e-01  5.61718750e-01  4.84508333e-01
   5.26046413e-01 -1.55263607e-03  4.99393939e-01  6.43750000e-01
   0.00000000e+00  3.91633739e-01]
 [ 8.68415722e-02  5.40817610e-01  5.85937500e-01  4.52945750e-01
   5.16634695e-01  4.06909201e-01  6.80613036e-01  7.97265625e-01
   6.25085038e-01  6.96807291e-01]
 [ 2.43857134e-01  6.20424517e-01  6.26953125e-01  6.00229583e-01
   6.14119682e-01  3.25674367e-01  6.59544107e-01  6.73828125e-01
   6.44533703e-01  6.58925989e-01]
 [ 5.49596417e-02  5.27160648e-01  5.72656250e-01  3.33160679e-01
   4.65644635e-01  1.11788086e-01  5.55936031e-01  5.55468750e-01
   5.51138804e-01  5.53321585e-01]
 [ 3.26128186e-01  6.58265782e-01  6.75000000e-01  6.21168517e-01
   6.49747161e-01  3.38215237e-01  6.69125565e-01  6.74218750e-01
   6.63922743e-01  6.67548210e-01]
 [ 4.88300309e-01  7.26443790e-01  7.93359375e-01  7.01650555e-01
   7.41513346e-01  5.46139133e-01  7.71758242e-01  7.74218750e-01
   7.55183924e-01  7.67392092e-01]
 [ 1.05845667e-01  5.48660862e-01  6.56640625e-01  2.29195258e-01
   4.82860945e-01  3.59622697e-01  6.76315122e-01  6.98046875e-01
   6.66076380e-01  6.78581602e-01]
 [ 2.45488715e-01  6.08279842e-01  6.85937500e-01  5.14162078e-01
   5.96774296e-01  4.00424912e-01  6.94852217e-01  7.10937500e-01
   6.72617923e-01  6.93389972e-01]
 [ 3.59645406e-01  6.60903865e-01  7.26171875e-01  5.83715329e-01
   6.57015267e-01 -7.78681433e-04  4.99698795e-01  6.48046875e-01
   0.00000000e+00  3.93220835e-01]]
BDDAE mean:
[0.24535066 0.61555249 0.68197917 0.50079338 0.59426286 0.24774838
 0.61930199 0.67230469 0.49816716 0.59460555]
---------------------------
---------------------------
DUMMY performance:
[[0.         0.5        0.54076033 0.         0.35096861 0.
  0.5        0.7437377  0.         0.4265177 ]
 [0.         0.5        0.54154158 0.         0.35129677 0.
  0.5        0.60893209 0.         0.37846854]
 [0.         0.5        0.5681779  0.         0.36231566 0.
  0.5        0.51959277 0.         0.34192634]
 [0.         0.5        0.53839813 0.         0.34997175 0.
  0.5        0.70924582 0.         0.41494558]
 [0.         0.5        0.60188238 0.         0.3757329  0.
  0.5        0.52037402 0.         0.3422647 ]
 [0.         0.5        0.51253691 0.         0.33885665 0.
  0.5        0.53448573 0.         0.34831345]
 [0.         0.5        0.59562008 0.         0.37328311 0.
  0.5        0.5015748  0.         0.33403141]
 [0.         0.5        0.66457923 0.         0.39924615 0.
  0.5        0.59247047 0.         0.37204426]
 [0.         0.5        0.684172   0.         0.40623439 0.
  0.5        0.69122785 0.         0.40871154]
 [0.         0.5        0.51253691 0.         0.33885665 0.
  0.5        0.53761073 0.         0.34963946]
 [0.         0.5        0.59796383 0.         0.37420133 0.
  0.5        0.59404528 0.         0.37266368]
 [0.         0.5        0.60736344 0.         0.37786176 0.
  0.5        0.60814469 0.         0.37816486]
 [0.         0.5        0.57289001 0.         0.3642257  0.
  0.5        0.56739665 0.         0.36199725]
 [0.         0.5        0.64498647 0.         0.39209013 0.
  0.5        0.53056102 0.         0.34664331]
 [0.         0.5        0.66615404 0.         0.39981398 0.
  0.5        0.61598179 0.         0.38118063]
 [0.         0.5        0.59325787 0.         0.37235397 0.
  0.5        0.65595472 0.         0.3961177 ]
 [0.         0.5        0.58463337 0.         0.36893856 0.
  0.5        0.59325787 0.         0.37235397]
 [0.         0.5        0.84483268 0.         0.45794416 0.
  0.5        0.59483268 0.         0.3729734 ]
 [0.         0.5        0.68887795 0.         0.40788935 0.
  0.5        0.54781004 0.         0.35392428]
 [0.         0.5        0.65282357 0.         0.39497264 0.
  0.5        0.631656   0.         0.38712526]
 [0.         0.5        0.77351132 0.         0.43614599 0.
  0.5        0.5031373  0.         0.33472226]
 [0.         0.5        0.51488681 0.         0.3398831  0.
  0.5        0.64342397 0.         0.39151239]
 [0.         0.5        0.58778297 0.         0.37018973 0.
  0.5        0.73041339 0.         0.42210139]
 [0.         0.5        0.52508612 0.         0.34429818 0.
  0.5        0.55643455 0.         0.3575047 ]
 [0.         0.5        0.57053396 0.         0.36327226 0.
  0.5        0.5046998  0.         0.33541311]
 [0.         0.5        0.53918553 0.         0.35030404 0.
  0.5        0.5587783  0.         0.35846952]
 [0.         0.5        0.67867864 0.         0.40429305 0.
  0.5        0.5070497  0.         0.33645027]
 [0.         0.5        0.63714936 0.         0.38918003 0.
  0.5        0.59718258 0.         0.37389525]
 [0.         0.5        0.62147515 0.         0.38327543 0.
  0.5        0.54702264 0.         0.35359537]
 [0.         0.5        0.60736344 0.         0.37786176 0.
  0.5        0.64969242 0.         0.39382484]]
DUMMY mean:
[0.         0.5        0.60898807 0.         0.37719193 0.
 0.5        0.58989091 0.         0.36991655]
---------------------------
Current folder: C:\Users\Javier\Dropbox\c_sldl_1_2_8
-------------------------------------
----- RESULTS from .csv files ------
-------------------------------------
---------------------------
ALG Means: 
-rows: alg : KNN = 0; DT = 1; RF = 2; SVM = 3; GBM = 4; BDDAE = 5; DUMMY = 5
columns:
'val_cohen','val_uar', 'val_acc', 'val_gm',  'val_f1',  'aro_cohen','aro_uar', 'aro_acc', 'aro_gm',  'aro_f1'
-------------------------------------------------------------
  v_c   v_u   v_a   v_g   v_f1  a_c   a_u   a_a   a_g   a_f1
[[0.326 0.659 0.698 0.635 0.661 0.338 0.666 0.695 0.65  0.667]
 [0.272 0.638 0.663 0.628 0.638 0.305 0.656 0.673 0.647 0.655]
 [0.338 0.665 0.699 0.647 0.666 0.363 0.677 0.702 0.67  0.678]
 [0.23  0.609 0.69  0.427 0.573 0.28  0.633 0.692 0.528 0.614]
 [0.248 0.617 0.698 0.458 0.585 0.296 0.641 0.704 0.524 0.619]
 [0.245 0.616 0.682 0.501 0.594 0.248 0.619 0.672 0.498 0.595]
 [0.    0.5   0.609 0.    0.377 0.    0.5   0.59  0.    0.37 ]]
-------------------------------------------------------------
Standard Deviation of each metric:
[[0.157 0.078 0.077 0.099 0.08  0.137 0.069 0.062 0.084 0.07 ]
 [0.149 0.074 0.075 0.079 0.075 0.124 0.061 0.057 0.067 0.061]
 [0.163 0.08  0.076 0.1   0.082 0.137 0.07  0.061 0.078 0.07 ]
 [0.2   0.097 0.077 0.279 0.137 0.153 0.077 0.054 0.214 0.103]
 [0.199 0.097 0.076 0.241 0.129 0.168 0.084 0.053 0.219 0.112]
 [0.181 0.088 0.088 0.182 0.109 0.167 0.081 0.07  0.232 0.115]
 [0.    0.    0.075 0.    0.028 0.    0.    0.068 0.    0.026]]
-------------------------------------------------------------
std_dev/mean [percentage]:
[[48. 12. 11. 16. 12. 40. 10.  9. 13. 10.]
 [55. 12. 11. 13. 12. 41.  9.  8. 10.  9.]
 [48. 12. 11. 15. 12. 38. 10.  9. 12. 10.]
 [87. 16. 11. 65. 24. 55. 12.  8. 41. 17.]
 [80. 16. 11. 53. 22. 57. 13.  8. 42. 18.]
 [74. 14. 13. 36. 18. 67. 13. 10. 47. 19.]
 [ 0.  0. 12.  0.  7.  0.  0. 12.  0.  7.]]
-------------------------------------
Current folder: C:\Users\Javier\Dropbox\c_sldl_1_2_8
-------------------------------------
----- RESULTS ------
-------------------------------------
Window size (sec):  0.992
step (sec):  0.992
overlap:  True
perc. of overlap:  0.0
overlap duration (sec):  0.0
Number of windows / instances:  1276
Elapsed time: 557.4177055597305 minutes
Elapsed time: 9.290295092662175 hours
