2024-05-23 10:03:49.872339: W tensorflow/stream_executor/platform/default/dso_loader.cc:64] Could not load dynamic library 'cudart64_110.dll'; dlerror: cudart64_110.dll not found
2024-05-23 10:03:49.874381: I tensorflow/stream_executor/cuda/cudart_stub.cc:29] Ignore above cudart dlerror if you do not have a GPU set up on your machine.
2024-05-23 10:03:54.077382: W tensorflow/stream_executor/platform/default/dso_loader.cc:64] Could not load dynamic library 'nvcuda.dll'; dlerror: nvcuda.dll not found
2024-05-23 10:03:54.078890: W tensorflow/stream_executor/cuda/cuda_driver.cc:269] failed call to cuInit: UNKNOWN ERROR (303)
2024-05-23 10:03:54.087132: I tensorflow/stream_executor/cuda/cuda_diagnostics.cc:169] retrieving CUDA diagnostic information for host: MFB
2024-05-23 10:03:54.087809: I tensorflow/stream_executor/cuda/cuda_diagnostics.cc:176] hostname: MFB
2024-05-23 10:03:54.088627: I tensorflow/core/platform/cpu_feature_guard.cc:151] This TensorFlow binary is optimized with oneAPI Deep Neural Network Library (oneDNN) to use the following CPU instructions in performance-critical operations:  AVX AVX2
To enable them in other operations, rebuild TensorFlow with the appropriate compiler flags.
---------------------------
KNN performance:
[[ 0.53659504  0.75480769  0.89142857  0.67748152  0.76506695         nan
          nan         nan  0.59636241         nan]
 [ 0.48648415  0.72083333  0.88380952  0.60360662  0.7377048          nan
          nan         nan  0.4                nan]
 [ 0.83107769  0.89615385  0.95904762  0.88244722  0.91466667  0.04519601
   0.51346154  0.89047619  0.07071068  0.50389678]
 [ 0.40174494  0.67878788  0.84285714  0.5372953   0.68516311         nan
          nan         nan  0.4                nan]
 [ 0.84160281  0.94166667  0.94619048  0.93993733  0.9204089   0.14111882
   0.55961538  0.81666667  0.22844571  0.55579609]
 [        nan         nan         nan  0.6                nan  0.16341463
   0.575       0.93857143  0.17071068  0.56730524]
 [        nan         nan         nan  0.4                nan         nan
          nan         nan  0.7                nan]
 [ 0.91546718  0.96698718  0.97952381  0.96253028  0.95730757  0.71706821
   0.8655303   0.89809524  0.85628337  0.8558946 ]
 [        nan         nan         nan  0.9                nan  0.1227382
   0.5956044   0.88428571  0.25527931  0.5517608 ]
 [ 0.39642571  0.72445055  0.91238095  0.5273062   0.69241953         nan
          nan         nan  0.4                nan]
 [ 0.23414634  0.58901099  0.9052381   0.28284271  0.60753512         nan
          nan         nan  0.8                nan]
 [        nan         nan         nan         nan         nan         nan
          nan         nan         nan         nan]
 [ 0.71855859  0.86346154  0.94619048  0.80036271  0.85472487  0.44951762
   0.72774725  0.91095238  0.57178713  0.71665193]
 [        nan         nan         nan         nan         nan         nan
          nan         nan         nan         nan]
 [        nan         nan         nan         nan         nan         nan
          nan         nan         nan         nan]
 [ 0.63901412  0.82307692  0.91809524  0.76650717  0.81796154         nan
          nan         nan  0.3                nan]
 [ 0.43229486  0.69615385  0.91809524  0.48006866  0.70260928         nan
          nan         nan  0.4                nan]
 [        nan         nan         nan  0.2                nan         nan
          nan         nan  0.3                nan]
 [ 0.          0.5         0.9052381   0.          0.47498632  0.58188549
   0.76730769  0.89238095  0.73764121  0.7896722 ]
 [ 0.44817978  0.70512821  0.89095238  0.54800528  0.71914367  0.52959227
   0.76730769  0.9252381   0.60428582  0.75278877]
 [-0.02536148  0.48489011  0.89714286  0.          0.47253845         nan
          nan         nan  0.5886589          nan]
 [ 0.77189997  0.85448718  0.95285714  0.83242899  0.88493162  0.39562015
   0.73516484  0.93857143  0.4885162   0.69009141]]
KNN mean:
[0.50854198 0.74665973 0.91660317 0.57583263 0.74714456 0.34957238
 0.67852657 0.8994709  0.46677271 0.66487309]
---------------------------
---------------------------
DT performance:
[[ 0.68505578  0.80064103  0.9047619   0.81748204  0.79038844         nan
          nan         nan  0.79636241         nan]
 [ 0.37022814  0.69615385  0.84190476  0.49690515  0.69025587         nan
          nan         nan  0.4                nan]
 [ 0.78941103  0.88397436  0.93904762  0.8579189   0.88451656  0.13190555
   0.51538462  0.80904762  0.35250525  0.49615201]
 [ 0.31914092  0.65757576  0.79047619  0.59886329  0.65844857         nan
          nan         nan  0.4                nan]
 [ 0.80869125  0.9125      0.93904762  0.88299857  0.90015434  0.46602896
   0.76442308  0.8647619   0.65247943  0.73927506]
 [        nan         nan         nan  0.5                nan  0.06142559
   0.62747253  0.9052381   0.2924393   0.6074796 ]
 [        nan         nan         nan  0.19258201         nan         nan
          nan         nan  0.5                nan]
 [ 0.75777487  0.92532051  0.96619048  0.84532899  0.92846141  0.70457468
   0.89393939  0.90428571  0.86401919  0.87274672]
 [        nan         nan         nan  0.8                nan  0.29090613
   0.67445055  0.9052381   0.29636241  0.6574875 ]
 [ 0.32503268  0.84175824  0.91857143  0.64886766  0.76867615         nan
          nan         nan  0.29258201         nan]
 [ 0.15593251  0.55274725  0.87238095  0.36314998  0.54826007         nan
          nan         nan  0.6                nan]
 [        nan         nan         nan         nan         nan         nan
          nan         nan         nan         nan]
 [ 0.59310072  0.80192308  0.91190476  0.69988676  0.79294872  0.70578275
   0.88489011  0.95285714  0.88459309  0.85005364]
 [        nan         nan         nan         nan         nan         nan
          nan         nan         nan         nan]
 [        nan         nan         nan         nan         nan         nan
          nan         nan         nan         nan]
 [ 0.37463147  0.73076923  0.9052381   0.54523122  0.73834025  0.10278746
          nan         nan  0.29636241         nan]
 [ 0.44319229  0.70160256  0.89190476  0.58364222  0.71752124         nan
          nan         nan  0.4                nan]
 [-0.03379791         nan         nan  0.                 nan         nan
          nan         nan  0.19258201         nan]
 [ 0.05240478  0.56675824  0.86428571  0.16051863  0.54599105  0.64893686
   0.85064103  0.9047619   0.77337333  0.83211926]
 [ 0.34824878  0.70673077  0.84380952  0.51870794  0.66548727  0.61764213
   0.81923077  0.9052381   0.78886292  0.78941738]
 [ 0.10941683  0.5739011   0.89095238  0.19215378  0.52336478  0.10201724
          nan         nan  0.28894442         nan]
 [ 0.74601528  0.87628205  0.93904762  0.85779521  0.87046866  0.220052
   0.64532967  0.89666667  0.36429903  0.63007602]]
DT mean:
[0.42777996 0.74857587 0.89463492 0.55589644 0.73488556 0.36836903
 0.7417513  0.8942328  0.49661933 0.71942302]
---------------------------
---------------------------
RF performance:
[[0.80984321 0.85448718 0.9247619  0.85706554 0.83915818        nan
         nan        nan 0.6               nan]
 [0.51373403 0.74615385 0.89190476 0.53637201 0.76990741        nan
         nan        nan 0.5               nan]
 [0.80726817 0.90929487 0.94571429 0.87835695 0.90520911 0.33220489
  0.59258242 0.91190476 0.1        0.57643003]
 [0.40842711 0.65719697 0.80952381 0.57481173 0.67043088        nan
         nan        nan 0.4               nan]
 [0.83565043 0.87916667 0.92571429 0.85810774 0.87230602 0.28435641
  0.66698718 0.85047619 0.39898934 0.64926062]
 [       nan        nan        nan 0.6               nan 0.26315789
  0.63159341 0.91190476 0.29607689 0.58457626]
 [       nan        nan        nan 0.49636241        nan        nan
         nan        nan 0.6               nan]
 [0.81453175 0.92147436 0.95952381 0.98772933 0.91646141 0.70066918
  0.93674242 0.93857143 0.92500209 0.91275174]
 [       nan        nan        nan 0.9               nan 0.44195994
  0.76071429 0.93333333 0.49636241 0.74006007]
 [0.6767393  0.79972527 0.91952381 0.49607689 0.74429182        nan
         nan        nan 0.5               nan]
 [0.18655986 0.67115385 0.92619048 0.23183193 0.67167382        nan
         nan        nan 0.7               nan]
 [       nan        nan        nan        nan        nan        nan
         nan        nan        nan        nan]
 [0.65625861 0.85576923 0.93190476 0.86829933 0.83379487 0.76617764
  0.83873626 0.95333333 0.75877419 0.82016284]
 [       nan        nan        nan        nan        nan        nan
         nan        nan        nan        nan]
 [       nan        nan        nan        nan        nan        nan
         nan        nan        nan        nan]
 [0.54232603 0.73076923 0.91142857 0.57222244 0.74005983        nan
         nan        nan 0.39636241        nan]
 [0.44348277 0.72307692 0.89190476 0.64097393 0.71407123        nan
         nan        nan 0.4               nan]
 [       nan        nan        nan 0.2               nan        nan
         nan        nan 0.2               nan]
 [0.30338086 0.66758242 0.91904762 0.26314998 0.66150794 0.64125507
  0.83814103 0.91904762 0.82504973 0.84516484]
 [0.31339207 0.66762821 0.86285714 0.38823358 0.65514994 0.59847249
  0.88461538 0.94619048 0.76829933 0.8677619 ]
 [0.0902439  0.58928571 0.91952381 0.19258201 0.57855318        nan
         nan        nan 0.1               nan]
 [0.78555997 0.87564103 0.95238095 0.81086974 0.87478917 0.25572233
  0.60604396 0.91047619 0.47071068 0.600712  ]]
RF mean:
[0.54582654 0.76989372 0.91279365 0.59752871 0.76315765 0.47599732
 0.75068404 0.9194709  0.49661195 0.7329867 ]
---------------------------
---------------------------
SVM performance:
[[ 0.          0.5         0.83714286  0.          0.45552503         nan
          nan         nan  0.5                nan]
 [ 0.          0.5         0.83714286  0.          0.45552503         nan
          nan         nan  0.4                nan]
 [ 0.          0.5         0.83714286  0.          0.45552503  0.
   0.5         0.9052381   0.          0.47498632]
 [ 0.          0.5         0.79571429  0.          0.44311111         nan
          nan         nan  0.4                nan]
 [-0.01111111  0.49583333  0.81047619  0.          0.4474359   0.
   0.5         0.84380952  0.          0.45750916]
 [        nan         nan         nan  0.7                nan  0.
   0.5         0.9252381   0.          0.48052819]
 [        nan         nan         nan  0.4                nan         nan
          nan         nan  0.7                nan]
 [ 0.          0.5         0.85714286  0.          0.46147741  0.
   0.5         0.78238095  0.          0.43883761]
 [        nan         nan         nan         nan         nan  0.
   0.5         0.91857143  0.          0.4786809 ]
 [ 0.          0.5         0.91857143  0.          0.4786809          nan
          nan         nan  0.4                nan]
 [ 0.          0.5         0.89857143  0.          0.47313903         nan
          nan         nan  0.8                nan]
 [        nan         nan         nan         nan         nan         nan
          nan         nan         nan         nan]
 [ 0.          0.5         0.86380952  0.          0.46346154  0.
   0.5         0.9052381   0.          0.47498632]
 [        nan         nan         nan         nan         nan         nan
          nan         nan         nan         nan]
 [        nan         nan         nan         nan         nan         nan
          nan         nan         nan         nan]
 [ 0.          0.5         0.87809524  0.          0.46745014         nan
          nan         nan  0.3                nan]
 [ 0.          0.5         0.87095238  0.          0.46545584         nan
          nan         nan  0.4                nan]
 [        nan         nan         nan  0.3                nan         nan
          nan         nan  0.2                nan]
 [ 0.          0.5         0.9052381   0.          0.47498632  0.
   0.5         0.83714286  0.          0.45552503]
 [ 0.          0.5         0.85714286  0.          0.46147741  0.
   0.5         0.87809524  0.          0.46745014]
 [ 0.          0.5         0.9252381   0.          0.48052819         nan
          nan         nan  0.1                nan]
 [ 0.          0.5         0.85714286  0.          0.46147741  0.
   0.5         0.9252381   0.          0.48052819]]
SVM mean:
[-7.40740741e-04  4.99722222e-01  8.63301587e-01  7.77777778e-02
  4.63017086e-01  0.00000000e+00  5.00000000e-01  8.80105820e-01
  2.21052632e-01  4.67670205e-01]
---------------------------
---------------------------
GBM performance:
[[ 0.31944444  0.62083333  0.87142857  0.3409054   0.61417888         nan
          nan         nan  0.69636241         nan]
 [ 0.32823726  0.64166667  0.8852381   0.36783039  0.64152503         nan
          nan         nan  0.59636241         nan]
 [ 0.79449233  0.87115385  0.95238095  0.8531579   0.89614815 -0.00769231
   0.49615385  0.89809524  0.          0.47299201]
 [ 0.15034921  0.55833333  0.80952381  0.22848216  0.54078205         nan
          nan         nan  0.4                nan]
 [ 0.62356873  0.79583333  0.9052381   0.69604422  0.8037195   0.17127371
   0.56666667  0.86380952  0.19915638  0.55432438]
 [        nan         nan         nan  0.6                nan  0.19285714
   0.54258242  0.91904762  0.2         0.52854862]
 [        nan         nan         nan  0.39258201         nan         nan
          nan         nan  0.6                nan]
 [ 0.3024346   0.64583333  0.89142857  0.33439001  0.62695348  0.59645344
   0.74166667  0.88428571  0.64659976  0.7692748 ]
 [        nan         nan         nan         nan         nan -0.02028241
   0.48516484  0.89095238  0.          0.47070133]
 [ 0.08310105  0.54258242  0.91238095  0.1         0.52670133         nan
          nan         nan  0.6                nan]
 [ 0.          0.5         0.89857143  0.          0.47313903         nan
          nan         nan  0.7                nan]
 [        nan         nan         nan         nan         nan         nan
          nan         nan         nan         nan]
 [ 0.55104976  0.76346154  0.91809524  0.64408217  0.76705983  0.70578275
   0.76373626  0.93952381  0.55922687  0.73009141]
 [        nan         nan         nan         nan         nan         nan
          nan         nan         nan         nan]
 [        nan         nan         nan         nan         nan         nan
          nan         nan         nan         nan]
 [-0.0272045   0.49230769  0.86428571  0.          0.46347171         nan
          nan         nan  0.3                nan]
 [ 0.35912412  0.64615385  0.9047619   0.42149001  0.66557224         nan
          nan         nan  0.4                nan]
 [        nan         nan         nan  0.3                nan         nan
          nan         nan  0.2                nan]
 [ 0.05627178  0.52142857  0.9052381   0.07071068  0.50819194  0.45164095
   0.70833333  0.89142857  0.53182583  0.71082161]
 [ 0.18651762  0.57532051  0.85619048  0.2668567   0.57650081  0.63229486
   0.79615385  0.93952381  0.68006866  0.80830729]
 [ 0.19285714  0.59642857  0.93285714  0.2         0.5823846          nan
          nan         nan  0.1                nan]
 [ 0.65267304  0.80897436  0.93238095  0.73388058  0.82088441 -0.00769231
   0.49615385  0.91809524  0.          0.47853389]]
GBM mean:
[0.3048611  0.63868742 0.896      0.36391179 0.6338142  0.3016262
 0.62184575 0.90497354 0.38997907 0.61373282]
---------------------------
---------------------------
BDDAE performance:
[[0. 0. 0. 0. 0. 0. 0. 0. 0. 0.]
 [0. 0. 0. 0. 0. 0. 0. 0. 0. 0.]
 [0. 0. 0. 0. 0. 0. 0. 0. 0. 0.]
 [0. 0. 0. 0. 0. 0. 0. 0. 0. 0.]
 [0. 0. 0. 0. 0. 0. 0. 0. 0. 0.]
 [0. 0. 0. 0. 0. 0. 0. 0. 0. 0.]
 [0. 0. 0. 0. 0. 0. 0. 0. 0. 0.]
 [0. 0. 0. 0. 0. 0. 0. 0. 0. 0.]
 [0. 0. 0. 0. 0. 0. 0. 0. 0. 0.]
 [0. 0. 0. 0. 0. 0. 0. 0. 0. 0.]
 [0. 0. 0. 0. 0. 0. 0. 0. 0. 0.]
 [0. 0. 0. 0. 0. 0. 0. 0. 0. 0.]
 [0. 0. 0. 0. 0. 0. 0. 0. 0. 0.]
 [0. 0. 0. 0. 0. 0. 0. 0. 0. 0.]
 [0. 0. 0. 0. 0. 0. 0. 0. 0. 0.]
 [0. 0. 0. 0. 0. 0. 0. 0. 0. 0.]
 [0. 0. 0. 0. 0. 0. 0. 0. 0. 0.]
 [0. 0. 0. 0. 0. 0. 0. 0. 0. 0.]
 [0. 0. 0. 0. 0. 0. 0. 0. 0. 0.]
 [0. 0. 0. 0. 0. 0. 0. 0. 0. 0.]
 [0. 0. 0. 0. 0. 0. 0. 0. 0. 0.]
 [0. 0. 0. 0. 0. 0. 0. 0. 0. 0.]]
BDDAE mean:
[0. 0. 0. 0. 0. 0. 0. 0. 0. 0.]
---------------------------
---------------------------
DUMMY performance:
[[0.         0.5        0.83714286 0.         0.45552503        nan
         nan        nan 0.5               nan]
 [0.         0.5        0.83714286 0.         0.45552503        nan
         nan        nan 0.4               nan]
 [0.         0.5        0.83714286 0.         0.45552503 0.
  0.5        0.9052381  0.         0.47498632]
 [0.         0.5        0.79571429 0.         0.44311111        nan
         nan        nan 0.4               nan]
 [0.         0.5        0.81714286 0.         0.44957265 0.
  0.5        0.84380952 0.         0.45750916]
 [       nan        nan        nan 0.7               nan 0.
  0.5        0.9252381  0.         0.48052819]
 [       nan        nan        nan 0.4               nan        nan
         nan        nan 0.7               nan]
 [0.         0.5        0.85714286 0.         0.46147741 0.
  0.5        0.78238095 0.         0.43883761]
 [       nan        nan        nan 0.9               nan 0.
  0.5        0.91857143 0.         0.4786809 ]
 [0.         0.5        0.91857143 0.         0.4786809         nan
         nan        nan 0.4               nan]
 [0.         0.5        0.89857143 0.         0.47313903        nan
         nan        nan 0.8               nan]
 [       nan        nan        nan        nan        nan        nan
         nan        nan        nan        nan]
 [0.         0.5        0.86380952 0.         0.46346154 0.
  0.5        0.9052381  0.         0.47498632]
 [       nan        nan        nan        nan        nan        nan
         nan        nan        nan        nan]
 [       nan        nan        nan        nan        nan        nan
         nan        nan        nan        nan]
 [0.         0.5        0.87809524 0.         0.46745014        nan
         nan        nan 0.3               nan]
 [0.         0.5        0.87095238 0.         0.46545584        nan
         nan        nan 0.4               nan]
 [       nan        nan        nan 0.3               nan        nan
         nan        nan 0.2               nan]
 [0.         0.5        0.9052381  0.         0.47498632 0.
  0.5        0.83714286 0.         0.45552503]
 [0.         0.5        0.85714286 0.         0.46147741 0.
  0.5        0.87809524 0.         0.46745014]
 [0.         0.5        0.9252381  0.         0.48052819        nan
         nan        nan 0.1               nan]
 [0.         0.5        0.85714286 0.         0.46147741 0.
  0.5        0.9252381  0.         0.48052819]]
DUMMY mean:
[0.         0.5        0.86374603 0.12105263 0.46315954 0.
 0.5        0.88010582 0.22105263 0.4676702 ]
---------------------------
Current folder: C:\Users\mbamo\Dropbox\c_sldl_1_3_9
-------------------------------------
----- RESULTS from .csv files ------
-------------------------------------
---------------------------
ALG Means: 
-rows: alg : KNN = 0; DT = 1; RF = 2; SVM = 3; GBM = 4; BDDAE = 5; DUMMY = 5
columns:
'val_cohen','val_uar', 'val_acc', 'val_gm',  'val_f1',  'aro_cohen','aro_uar', 'aro_acc', 'aro_gm',  'aro_f1'
-------------------------------------------------------------
  v_c   v_u   v_a   v_g   v_f1  a_c   a_u   a_a   a_g   a_f1
[[ 0.647  0.818  0.94   0.709  0.818  0.409  0.705  0.896  0.508  0.695]
 [ 0.585  0.81   0.915  0.689  0.798  0.499  0.768  0.891  0.669  0.744]
 [ 0.645  0.825  0.928  0.722  0.817  0.511  0.766  0.919  0.607  0.753]
 [-0.002  0.499  0.855  0.     0.461  0.     0.5    0.868  0.     0.464]
 [ 0.452  0.712  0.909  0.514  0.714  0.363  0.653  0.905  0.374  0.646]
 [ 0.     0.     0.     0.     0.     0.     0.     0.     0.     0.   ]
 [ 0.     0.5    0.856  0.     0.461  0.     0.5    0.868  0.     0.464]]
-------------------------------------------------------------
Standard Deviation of each metric:
[[0.298 0.152 0.029 0.316 0.157 0.222 0.115 0.036 0.256 0.116]
 [0.264 0.122 0.041 0.247 0.132 0.219 0.13  0.041 0.208 0.127]
 [0.22  0.102 0.03  0.258 0.103 0.198 0.13  0.032 0.272 0.129]
 [0.004 0.001 0.026 0.    0.008 0.    0.    0.046 0.    0.013]
 [0.252 0.122 0.028 0.268 0.133 0.284 0.12  0.026 0.277 0.13 ]
 [0.    0.    0.    0.    0.    0.    0.    0.    0.    0.   ]
 [0.    0.    0.025 0.    0.007 0.    0.    0.046 0.    0.013]]
-------------------------------------------------------------
std_dev/mean [percentage]:
[[  46.   19.    3.   45.   19.   54.   16.    4.   50.   17.]
 [  45.   15.    4.   36.   17.   44.   17.    5.   31.   17.]
 [  34.   12.    3.   36.   13.   39.   17.    3.   45.   17.]
 [-252.    0.    3.    0.    2.    0.    0.    5.    0.    3.]
 [  56.   17.    3.   52.   19.   78.   18.    3.   74.   20.]
 [   0.    0.    0.    0.    0.    0.    0.    0.    0.    0.]
 [   0.    0.    3.    0.    2.    0.    0.    5.    0.    3.]]
