2024-04-11 02:23:52.748309: I tensorflow/core/util/port.cc:113] oneDNN custom operations are on. You may see slightly different numerical results due to floating-point round-off errors from different computation orders. To turn them off, set the environment variable `TF_ENABLE_ONEDNN_OPTS=0`.
2024-04-11 02:23:56.195367: I tensorflow/core/util/port.cc:113] oneDNN custom operations are on. You may see slightly different numerical results due to floating-point round-off errors from different computation orders. To turn them off, set the environment variable `TF_ENABLE_ONEDNN_OPTS=0`.
2024-04-11 02:24:04.844201: I tensorflow/core/platform/cpu_feature_guard.cc:210] This TensorFlow binary is optimized to use available CPU instructions in performance-critical operations.
To enable the following instructions: AVX2 FMA, in other operations, rebuild TensorFlow with the appropriate compiler flags.
    
    
-------------------------------
participant:  1
-------------------------------
    
    
participant:  1
corriendo en PC gamer:
Window size (sec):  11.0
step (sec):  5.5
overlap:  True
perc. of overlap:  50.0
overlap duration (sec):  5.5
Nearest multiple of 16 to 11000 is: 11008
Nearest multiple of 16 to 5500 is: 5504
['gsr_chunks', 'ppg_chunks', 'val_chunks', 'aro_chunks', 'time_chunks', 'tag_chunks', 'video']
C:\Users\Javier\Dropbox\c_sldl_1_3_6\functions.py:880: FutureWarning: ChainedAssignmentError: behaviour will change in pandas 3.0!
You are setting values through chained assignment. Currently this works in certain cases, but when using Copy-on-Write (which will become the default behaviour in pandas 3.0) this will never work to update the original DataFrame or Series, because the intermediate object on which we are setting values will behave as a copy.
A typical example is when you are setting values in a column of a DataFrame, like:

[1m137/157[0m [32m━━━━━━━━━━━━━━━━━[0m[37m━━━[0m [1m0s[0m 8ms/step - binary_accuracy: 0.8367 - loss: 0.4072
[1m144/157[0m [32m━━━━━━━━━━━━━━━━━━[0m[37m━━[0m [1m0s[0m 8ms/step - binary_accuracy: 0.8378 - loss: 0.4054
[1m151/157[0m [32m━━━━━━━━━━━━━━━━━━━[0m[37m━[0m [1m0s[0m 8ms/step - binary_accuracy: 0.8388 - loss: 0.4037
[1m157/157[0m [32m━━━━━━━━━━━━━━━━━━━━[0m[37m[0m [1m1s[0m 9ms/step - binary_accuracy: 0.8399 - loss: 0.4021 - val_binary_accuracy: 0.8889 - val_loss: 0.4095

[1m1/2[0m [32m━━━━━━━━━━[0m[37m━━━━━━━━━━[0m [1m0s[0m 109ms/step
[1m2/2[0m [32m━━━━━━━━━━━━━━━━━━━━[0m[37m[0m [1m0s[0m 94ms/step 
[1m2/2[0m [32m━━━━━━━━━━━━━━━━━━━━[0m[37m[0m [1m0s[0m 94ms/step
predicted [0.20543869 0.92251116 0.8366833  0.8955443  0.23266971 0.86568964
 0.70984036 0.88741624 0.39760432 0.83740777 0.9227823  0.48147058
 0.8789792  0.9235812  0.8743594  0.7966208  0.94148254 0.8852977
 0.183934   0.15030308 0.8980403  0.97492105 0.8966761  0.9123168
 0.151359   0.8382009  0.1303733  0.96148276 0.79967374 0.57080567
 0.900928   0.47934192 0.9216474  0.933794   0.92214036 0.9473276
 0.8758276  0.89851856 0.5410216  0.9468567  0.8989417  0.9449567
 0.89118665 0.35216427]
predicted [0 1 1 1 0 1 1 1 0 1 1 0 1 1 1 1 1 1 0 0 1 1 1 1 0 1 0 1 1 1 1 0 1 1 1 1 1
 1 1 1 1 1 1 0]
expected [ True  True  True  True False  True  True  True  True  True  True False
 False  True  True  True  True  True False False  True  True  True  True
 False  True False  True False  True  True  True  True  True  True  True
  True  True  True  True  True False  True  True]
accuracy: 0.8409090909090909
confusion matrix: 
[[ 6  3]
 [ 4 31]]
              precision    recall  f1-score   support

       False       0.60      0.67      0.63         9
        True       0.91      0.89      0.90        35

    accuracy                           0.84        44
   macro avg       0.76      0.78      0.77        44
weighted avg       0.85      0.84      0.84        44

macro avg f1-score: 0.7650648360030511
macro avg (UAR): 0.7761904761904761
Sensitivity:  0.6666666666666666
Specificity:  0.8857142857142857
g-mean:  0.768424485864545
-------- Model Performance ----------: 
accuracy:  [0.86363636 0.84090909 0.86363636 0.75       0.88636364 0.86363636
 0.79545455 0.88636364 0.86363636 0.84090909]
gmean:  [0.65707384 0.76842449 0.78072006 0.53452248 0.73463089 0.65707384
 0.74322335 0.79282497 0.57735027 0.76842449]
f1_score:  [0.74517375 0.76506484 0.79047619 0.5990058  0.79908676 0.74517375
 0.71855011 0.81772991 0.71052632 0.76506484]
UAR:  [0.70793651 0.77619048 0.79047619 0.5952381  0.76349206 0.70793651
 0.74761905 0.8047619  0.66666667 0.77619048]
Cohen Kappa score:  [0.49809886 0.5304878  0.58095238 0.1986755  0.60144928 0.49809886
 0.44067797 0.63576159 0.44303797 0.5304878 ]
arousal and valece = ok
------------- Evaluating model --------------
-------------------------------------
-------------------------------------
participant:  30
-------------------------------------
----- RESULTS ------
-------------------------------------
Window size (sec):  11.008
step (sec):  5.504
overlap:  True
perc. of overlap:  50.0
overlap duration (sec):  5.504
Number of windows / instances:  219
-rows: alg : KNN = 0; DT = 1; RF = 2; SVM = 3; GBM = 4; BDDAE = 5; DUMMY = 5
columns:
'val_cohen','val_uar', 'val_acc', 'val_gm',  'val_f1',  'aro_cohen','aro_uar', 'aro_acc', 'aro_gm',  'aro_f1'
-------------------------------------------------------------
  v_c   v_u   v_a   v_g   v_f1  a_c   a_u   a_a   a_g   a_f1
[[ 0.719  0.874  0.9    0.87   0.859  0.149  0.565  0.941  0.171  0.568]
 [ 0.574  0.804  0.868  0.775  0.798  0.173  0.613  0.941  0.363  0.584]
 [ 0.554  0.809  0.872  0.769  0.808 -0.01   0.498  0.945  0.171  0.486]
 [ 0.     0.5    0.795  0.     0.443  0.     0.5    0.95   0.     0.487]
 [ 0.016  0.507  0.79   0.049  0.458 -0.005  0.498  0.945  0.     0.486]
 [ 0.496  0.734  0.845  0.701  0.746  0.     0.5    0.955  0.     0.488]
 [ 0.     0.5    0.795  0.     0.443  0.     0.5    0.95   0.     0.487]]
last participant performance loaded in numpy array
    
    
-------------------------------
LAST participant's saved data: 
30
-------------------------------
    
    
Saving performance metrics in csv files...
Performance metrics already saved in csv files
---------------------------
KNN performance:
[[ 0.67516727  0.83618873  0.88571429  0.82408599  0.83651245  0.63047576
   0.8402381   0.95909091  0.73147622  0.8106198 ]
 [ 0.60393567  0.77441176  0.87705628  0.74125832  0.79945044  0.43862645
   0.71617647  0.80822511  0.68854601  0.71733775]
 [ 0.78899054  0.89929739  0.93138528  0.89114441  0.89386877  0.38016467
   0.67002924  0.87164502  0.5310029   0.68191071]
 [ 0.39026182  0.67708333  0.79437229  0.60240928  0.68344814 -0.03290323
   0.485       0.86774892  0.          0.46444541]
 [ 0.85314672  0.92279412  0.95        0.91899541  0.92638568  0.56144003
   0.78845238  0.80324675  0.78489566  0.78006103]
 [ 0.36506607  0.66323529  0.78917749  0.5909526   0.67314054  0.3841673
   0.68374183  0.84047619  0.5682642   0.68013614]
 [ 0.33539939  0.66047619  0.92683983  0.40972204  0.66387631  0.0516129
   0.52        0.90887446  0.07071068  0.50929152]
 [ 0.88032157  0.93823529  0.95909091  0.93483304  0.94001698  0.73501972
   0.8827381   0.88593074  0.8786464   0.86633266]
 [ 0.1564479   0.5746732   0.81255411  0.29333346  0.55551472  0.28956553
   0.64660714  0.68030303  0.61963651  0.63946527]
 [ 0.38240569  0.67324561  0.89047619  0.52904225  0.68379373  0.37476683
   0.676875    0.77186147  0.62049513  0.68102281]
 [ 0.17413936  0.60035714  0.90865801  0.26557901  0.58360355  0.46649217
   0.72599265  0.7995671   0.70448458  0.73255124]
 [ 0.65751687  0.8130848   0.91818182  0.78240056  0.82734786  0.68533819
   0.84166667  0.91320346  0.8180389   0.83997904]
 [ 0.45164481  0.68611111  0.86774892  0.6142433   0.71886926  0.48061554
   0.72        0.94090909  0.5492309   0.73253038]
 [ 0.24894533  0.61586257  0.83528139  0.42753742  0.61533136 -0.00645161
   0.4952381   0.92251082  0.          0.47972882]
 [ 0.70303948  0.81944444  0.92727273  0.78247757  0.84879965  0.33054766
   0.65838235  0.79935065  0.55255102  0.65710402]
 [ 0.49979687  0.72978758  0.86341991  0.6709622   0.74492267  0.20790483
   0.59523284  0.74891775  0.47779085  0.59428059]
 [ 0.58490524  0.79129085  0.88181818  0.75448383  0.78922632  0.
   0.5         0.92251082  0.          0.47978824]
 [ 0.60450058  0.76367647  0.88549784  0.722409    0.79855389 -0.02266513
   0.49011905  0.91774892  0.          0.47838891]
 [ 0.19664298  0.58235294  0.71753247  0.49375126  0.58481785  0.31628547
   0.65325092  0.67987013  0.62696555  0.65106642]
 [ 0.34023997  0.65178105  0.85411255  0.41538303  0.64348454  0.62648017
   0.80529412  0.86298701  0.78793291  0.81095822]
 [ 0.3238824   0.64512255  0.79004329  0.57336528  0.65564943  0.62092568
   0.81184524  0.83982684  0.80266572  0.80914162]
 [ 0.26468466  0.63032738  0.71255411  0.55879886  0.62708978  0.34634103
   0.67046784  0.8538961   0.52590744  0.66437747]
 [ 0.63787642  0.80897059  0.89025974  0.77366442  0.8146782   0.45815876
   0.75220588  0.79415584  0.73835986  0.7252559 ]
 [ 0.24089559  0.60809524  0.92662338  0.27071068  0.61379923  0.09292081
   0.53421053  0.87207792  0.17008192  0.53148027]
 [ 0.71925386  0.87447712  0.8995671   0.87002371  0.85860448  0.14854071
   0.56547619  0.94090909  0.17071068  0.56787943]]
KNN mean:
[0.48316428 0.72961531 0.86780952 0.62846268 0.73523143 0.34257481
 0.66916962 0.84823377 0.49673576 0.66340535]
---------------------------
---------------------------
DT performance:
[[ 0.73957223  0.86767157  0.8995671   0.84886844  0.86213638  0.53561554
   0.81535714  0.95454545  0.70477999  0.78612949]
 [ 0.76202863  0.87514706  0.90887446  0.87296628  0.87249215  0.77613979
   0.86647059  0.91320346  0.87994749  0.86606331]
 [ 0.74537285  0.89031046  0.91774892  0.87995725  0.88142415  0.31340051
   0.69883041  0.82683983  0.5667075   0.66849985]
 [ 0.2675452   0.66020833  0.71688312  0.65432384  0.64835394  0.02185434
   0.51754386  0.79458874  0.25709113  0.51786246]
 [ 0.77197058  0.87985294  0.92705628  0.86509439  0.89006894  0.5079005
   0.75678571  0.78571429  0.74042124  0.75617857]
 [ 0.28196404  0.68680147  0.7487013   0.63304083  0.6813119   0.38289063
   0.69598039  0.82142857  0.677501    0.70309794]
 [ 0.38233487  0.74047619  0.94978355  0.50731205  0.73664209  0.51299607
   0.805       0.93160173  0.73495194  0.78267328]
 [ 0.75098298  0.87647059  0.91818182  0.86212634  0.88106103  0.71356655
   0.85184524  0.87662338  0.80914439  0.84871469]
 [ 0.2109648   0.60784314  0.77121212  0.40157654  0.59397508  0.41896599
   0.68244048  0.72619048  0.68230539  0.68684687]
 [ 0.38045485  0.73859649  0.86796537  0.57997844  0.71274531  0.30295561
   0.65854167  0.72987013  0.64314728  0.65585636]
 [ 0.29826488  0.66285714  0.93593074  0.43538272  0.62469978  0.37098224
   0.65761029  0.74458874  0.64640771  0.65903159]
 [ 0.61331269  0.81571637  0.904329    0.78775056  0.81336711  0.49361028
   0.73472222  0.8495671   0.7256128   0.7314912 ]
 [ 0.45746976  0.70089869  0.81298701  0.67180798  0.69101835  0.38634049
   0.755       0.92229437  0.68010151  0.73870073]
 [ 0.50931556  0.77295322  0.87662338  0.71935994  0.75249842 -0.00735709
   0.52404762  0.84978355  0.06708204  0.53311187]
 [ 0.41660839  0.70972222  0.83095238  0.58224321  0.69694641  0.37050517
   0.71691176  0.79480519  0.65828415  0.70658847]
 [ 0.57896064  0.79084967  0.87662338  0.72941781  0.78876571  0.36383444
   0.68025735  0.78506494  0.64096574  0.68205649]
 [ 0.51226229  0.75151961  0.84502165  0.75175135  0.74851289  0.08568869
   0.5202381   0.87640693  0.19486833  0.52475806]
 [ 0.42125014  0.69411765  0.8034632   0.67167467  0.69279899  0.31656829
   0.65761905  0.92705628  0.33526066  0.64194962]
 [ 0.235945    0.59284314  0.68528139  0.55797175  0.59102222  0.17813988
   0.62293956  0.64372294  0.55249329  0.61525296]
 [ 0.38295705  0.70303922  0.79025974  0.66123314  0.69146387  0.77362499
   0.88333333  0.91753247  0.87247353  0.89089091]
 [ 0.46536976  0.72997549  0.79891775  0.70238014  0.72027363  0.65521677
   0.83080357  0.85844156  0.81097733  0.83120513]
 [ 0.36999607  0.70577381  0.75367965  0.69911192  0.70784481  0.20059402
   0.64159357  0.80324675  0.47035307  0.61517019]
 [ 0.58855539  0.84676471  0.89047619  0.78320939  0.83952545  0.64938854
   0.81794118  0.86709957  0.8035811   0.80890048]
 [ 0.12539     0.59345238  0.89935065  0.26220101  0.56790739  0.1442964
   0.63855263  0.81753247  0.45050059  0.59658939]
 [ 0.5742059   0.80419935  0.86753247  0.77501986  0.79756935  0.17270171
   0.61297619  0.94069264  0.36316902  0.5844849 ]]
DT mean:
[0.47372218 0.74792244 0.8478961  0.67583039 0.73937701 0.38561681
 0.70573368 0.83833766 0.59872513 0.69728419]
---------------------------
---------------------------
RF performance:
[[ 0.82995557  0.87256127  0.91774892  0.82492108  0.87976143  0.57768269
   0.8677381   0.96363636  0.82906622  0.8469061 ]
 [ 0.55112964  0.85985294  0.91774892  0.76087151  0.8741985   0.83442439
   0.87941176  0.92229437  0.87582807  0.88208572]
 [ 0.78644605  0.88839869  0.94047619  0.87263999  0.90173499  0.27598486
   0.6869883   0.87683983  0.34484404  0.70605454]
 [ 0.40998124  0.73520833  0.8030303   0.63579824  0.72916962  0.06623131
   0.59657895  0.86753247  0.20298474  0.58664113]
 [ 0.82559019  0.91573529  0.94978355  0.91235374  0.92484185  0.61115237
   0.77994048  0.80800866  0.78356826  0.77793688]
 [ 0.33193417  0.71911765  0.7987013   0.61500249  0.71921365  0.36838778
   0.70857843  0.84935065  0.64078235  0.71318393]
 [ 0.23012795  0.58797619  0.92251082  0.19258201  0.59610782  0.1866129
   0.6425      0.92705628  0.30959998  0.66387921]
 [ 0.7964441   0.90573529  0.9452381   0.88321858  0.91698773  0.71066261
   0.88074405  0.90865801  0.85739632  0.88328882]
 [ 0.20631401  0.61650327  0.81731602  0.3689895   0.61644952  0.46108647
   0.7225      0.74458874  0.68529003  0.71767949]
 [ 0.23448406  0.70758772  0.87229437  0.53784829  0.69043261  0.32640275
   0.62166667  0.72164502  0.65998732  0.62870691]
 [ 0.26881276  0.6677381   0.94978355  0.47071068  0.6434758   0.33655
   0.6420098   0.74415584  0.60406371  0.63886909]
 [ 0.68752031  0.76447368  0.8995671   0.73392584  0.78689367  0.61440309
   0.69305556  0.86753247  0.69856122  0.6942731 ]
 [ 0.48504414  0.70261438  0.86320346  0.73342523  0.71449033  0.29967742
   0.6425      0.92272727  0.34813432  0.63777294]
 [ 0.53026157  0.66893275  0.84480519  0.64372714  0.67486154  0.05891443
   0.52        0.92705628  0.2103416   0.51410029]
 [ 0.60747169  0.77361111  0.89069264  0.78577407  0.78443028  0.51562957
   0.71161765  0.80887446  0.71191478  0.71962332]
 [ 0.55505214  0.79612745  0.88181818  0.73672687  0.80014134  0.58077358
   0.75741422  0.83095238  0.79713752  0.75160723]
 [ 0.48721444  0.75707516  0.8538961   0.66091458  0.73089911 -0.03766513
   0.4852381   0.8952381   0.20492253  0.47198561]
 [ 0.48951553  0.72058824  0.84437229  0.71480193  0.73502733 -0.01145161
   0.54511905  0.93138528  0.06708204  0.53210687]
 [ 0.10909816  0.58693627  0.7021645   0.50175137  0.58447062  0.24015904
   0.64813797  0.66645022  0.56042321  0.64238821]
 [ 0.41693436  0.69228758  0.8491342   0.66027104  0.71409295  0.7250168
   0.89453431  0.93636364  0.86419114  0.89883555]
 [ 0.45981857  0.71327206  0.82186147  0.66940368  0.72192285  0.6625118
   0.83651786  0.86320346  0.77041262  0.83642766]
 [ 0.26745108  0.63422619  0.71753247  0.59644296  0.63629264  0.24509653
   0.60738304  0.84891775  0.43456391  0.62108217]
 [ 0.72442707  0.81191176  0.89480519  0.87045135  0.82426924  0.51831406
   0.83294118  0.87186147  0.79816285  0.8232356 ]
 [ 0.15975422  0.58785714  0.93614719  0.23784049  0.58308984  0.08170731
   0.59311404  0.86774892  0.25703699  0.59410648]
 [ 0.55420395  0.80931373  0.87207792  0.76891278  0.80801593 -0.00952381
   0.49761905  0.9452381   0.17071068  0.48587905]]
RF mean:
[0.48019948 0.73982569 0.8682684  0.65557222 0.74365085 0.36954965
 0.69175394 0.86069264 0.54748026 0.69074624]
---------------------------
---------------------------
SVM performance:
[[ 0.0557377   0.52        0.77619048  0.08944272  0.46969399  0.
   0.5         0.92705628  0.          0.4810064 ]
 [ 0.          0.5         0.78095238  0.          0.43845479  0.
   0.5         0.77640693  0.          0.43704453]
 [ 0.71506601  0.82205882  0.92251082  0.79006774  0.85430948  0.
   0.5         0.84935065  0.          0.45920263]
 [ 0.          0.5         0.72597403  0.          0.42061404  0.
   0.5         0.89502165  0.          0.47223868]
 [ 0.81305316  0.88867647  0.94090909  0.87784921  0.90582185  0.49783513
   0.74666667  0.78008658  0.73358412  0.74632067]
 [ 0.          0.5         0.74437229  0.          0.42664405  0.
   0.5         0.7991342   0.          0.44409582]
 [ 0.          0.5         0.93160173  0.          0.48222456  0.
   0.5         0.91341991  0.          0.47735192]
 [ 0.61370038  0.76455882  0.89069264  0.71544035  0.80042072  0.22181726
   0.58616071  0.75800866  0.38995619  0.56934685]
 [ 0.          0.5         0.81731602  0.          0.44973684  0.
   0.5         0.6530303   0.          0.39495495]
 [ 0.          0.5         0.87229437  0.          0.46585075  0.
   0.5         0.72597403  0.          0.42061404]
 [ 0.          0.5         0.94069264  0.          0.48466089  0.
   0.5         0.73528139  0.          0.42367509]
 [ 0.          0.5         0.84480519  0.          0.45786116  0.
   0.5         0.82207792  0.          0.45115385]
 [ 0.          0.5         0.81731602  0.          0.44973684  0.
   0.5         0.91341991  0.          0.47735192]
 [ 0.          0.5         0.84025974  0.          0.4565197   0.
   0.5         0.93160173  0.          0.48222456]
 [-0.0137931   0.49444444  0.81298701  0.          0.44825911  0.
   0.5         0.77640693  0.          0.43704453]
 [ 0.          0.5         0.80367965  0.          0.44550607  0.
   0.5         0.76255411  0.          0.43258197]
 [ 0.          0.5         0.80822511  0.          0.44691633  0.
   0.5         0.92251082  0.          0.47978824]
 [ 0.          0.5         0.77640693  0.          0.43704453  0.
   0.5         0.93614719  0.          0.48344272]
 [ 0.          0.5         0.73982684  0.          0.42515957  0.
   0.5         0.60735931  0.          0.3777591 ]
 [ 0.          0.5         0.80367965  0.          0.44550607  0.
   0.5         0.74891775  0.          0.42812853]
 [ 0.          0.5         0.76709957  0.          0.43406646  0.01851852
   0.50714286  0.70324675  0.03779645  0.42485183]
 [ 0.          0.5         0.70324675  0.          0.41279042  0.
   0.5         0.84025974  0.          0.4565197 ]
 [ 0.22015064  0.5825      0.81298701  0.31065519  0.5735502   0.
   0.5         0.77640693  0.          0.43704453]
 [ 0.          0.5         0.9452381   0.          0.48587905  0.
   0.5         0.88593074  0.          0.46968351]
 [ 0.          0.5         0.79458874  0.          0.44268556  0.
   0.5         0.94978355  0.          0.48709721]]
SVM mean:
[0.09615659 0.54288954 0.82455411 0.11133821 0.50239652 0.02952684
 0.51359881 0.81557576 0.04645347 0.46602095]
---------------------------
---------------------------
GBM performance:
[[ 0.73226658  0.84696078  0.91320346  0.82877733  0.8646065   0.53561554
   0.82011905  0.96363636  0.60718999  0.81362949]
 [ 0.35030278  0.64617647  0.83160173  0.42687965  0.64604232  0.80675808
   0.87411765  0.93614719  0.85722844  0.89498635]
 [ 0.78262589  0.86589869  0.93138528  0.85600592  0.88536598 -0.01553544
   0.49444444  0.84004329  0.          0.45637537]
 [ 0.21830958  0.58854167  0.77142857  0.37209832  0.57407545 -0.00645161
   0.495       0.88593074  0.          0.46961963]
 [ 0.69606046  0.83573529  0.91320346  0.77309809  0.84044987  0.22803262
   0.60017857  0.70757576  0.49948911  0.59498461]
 [ 0.00869565  0.50375     0.73961039  0.041833    0.43707728  0.10395083
   0.53955882  0.81277056  0.15663164  0.51011651]
 [ 0.          0.5         0.93160173  0.          0.48222456 -0.01290323
   0.495       0.904329    0.          0.47479675]
 [ 0.74558635  0.84411765  0.92272727  0.82189976  0.87051383  0.49062057
   0.71651786  0.82207792  0.65583796  0.7336719 ]
 [-0.00784314  0.49722222  0.81277056  0.          0.44832659  0.36355203
   0.65988095  0.74415584  0.56063086  0.65621152]
 [ 0.          0.5         0.87229437  0.          0.46585075  0.08953134
   0.53541667  0.73982684  0.15629488  0.48763914]
 [ 0.095       0.5475      0.94047619  0.1         0.53454319  0.01941815
   0.506875    0.73528139  0.04472136  0.43992413]
 [ 0.49329505  0.70431287  0.8952381   0.62476171  0.73886103  0.11034483
   0.54444444  0.83116883  0.16789321  0.51966262]
 [ 0.23058918  0.58888889  0.83593074  0.33942911  0.59538332  0.
   0.5         0.91341991  0.          0.47735192]
 [ 0.07859953  0.53055556  0.84480519  0.11384339  0.50247034 -0.0147619
   0.49261905  0.91796537  0.          0.47838735]
 [ 0.26137307  0.60416667  0.84935065  0.35590448  0.6103317   0.02938586
   0.51117647  0.77186147  0.08810745  0.46582855]
 [ 0.14990434  0.55928105  0.82186147  0.22319402  0.53984576  0.03349109
   0.51471814  0.75800866  0.0979101   0.46464852]
 [ 0.40365356  0.66194444  0.86298701  0.51841461  0.68029322  0.
   0.5         0.92251082  0.          0.47978824]
 [ 0.40801801  0.66411765  0.84458874  0.54906539  0.68000944  0.
   0.5         0.93614719  0.          0.48344272]
 [ 0.          0.5         0.73982684  0.          0.42515957  0.2316473
   0.60392247  0.66623377  0.52492704  0.59553244]
 [ 0.20131753  0.59178105  0.83116883  0.37887182  0.59057128  0.78441991
   0.86895833  0.92705628  0.85587744  0.89098021]
 [ 0.07737684  0.52786765  0.76688312  0.17599708  0.49489177  0.57553262
   0.77833333  0.85411255  0.69945403  0.79573094]
 [ 0.058492    0.52354167  0.70779221  0.13616706  0.46154637  0.
   0.5         0.84025974  0.          0.4565197 ]
 [ 0.58127357  0.77073529  0.88571429  0.72073116  0.79470155  0.15220829
   0.56823529  0.79458874  0.23496409  0.53372787]
 [ 0.          0.5         0.9452381   0.          0.48587905 -0.01409673
   0.49473684  0.87662338  0.          0.46699589]
 [ 0.01589051  0.50678105  0.78982684  0.04859127  0.45759547 -0.0047619
   0.49761905  0.9452381   0.          0.48587905]]
GBM mean:
[0.26323149 0.61639506 0.84806061 0.33622253 0.60426465 0.17943993
 0.5844749  0.84187879 0.2482863  0.56505726]
---------------------------
---------------------------
BDDAE performance:
[[ 0.10785713  0.54058824  0.75909091  0.33863966  0.53103216  0.36248869
   0.64634146  0.94545455  0.4449933   0.67571327]
 [ 0.79321721  0.92735294  0.92045455  0.92654876  0.89596637  0.40737214
   0.69911765  0.80227273  0.66224556  0.70158759]
 [ 0.42561579  0.67190476  0.85227273  0.59001916  0.70411713  0.23696364
   0.59227799  0.85        0.41741596  0.60506564]
 [ 0.25220156  0.60677083  0.75        0.48469284  0.60835518  0.01535272
   0.50846154  0.87045455  0.08533282  0.48616316]
 [ 0.71355224  0.85764706  0.9         0.8453095   0.85501053  0.29144382
   0.63785714  0.71136364  0.599192    0.64269311]
 [ 0.14345874  0.56363636  0.70909091  0.47033099  0.56491579  0.01658768
   0.50555556  0.79772727  0.03333333  0.45360597]
 [-0.00705882  0.49756098  0.92727273  0.          0.48112045 -0.01509434
   0.495       0.9         0.          0.47366609]
 [ 0.39137427  0.665       0.82045455  0.58878299  0.68608015  0.08272524
   0.53498759  0.69090909  0.32443878  0.50905252]
 [ 0.64240492  0.77083333  0.91136364  0.73526749  0.81866824 -0.00386282
   0.50091954  0.58181818  0.33983206  0.46775221]
 [-0.00961244  0.49780702  0.84772727  0.03861642  0.46767012  0.05002875
   0.51979167  0.71818182  0.21053666  0.47996917]
 [-0.01774935  0.49146341  0.91590909  0.          0.47793307 -0.04683694
   0.48229167  0.69772727  0.02748105  0.41679267]
 [ 0.21578359  0.58204633  0.85227273  0.37124541  0.58988714  0.07969244
   0.52777778  0.81590909  0.20864172  0.50810619]
 [ 0.56573585  0.74722222  0.88863636  0.70638879  0.77984645 -0.00377358
   0.49875     0.90681818  0.          0.47555938]
 [-0.02149136  0.49266409  0.80909091  0.07352146  0.4668887   0.
   0.5         0.93181818  0.          0.48235294]
 [ 0.37211357  0.64305556  0.86136364  0.52560911  0.67446621 -0.01517807
   0.49470588  0.75909091  0.03115427  0.43962792]
 [ 0.50487648  0.70269841  0.875       0.62990258  0.74411941  0.22946525
   0.59970588  0.77954545  0.45873051  0.60176634]
 [ 0.1771029   0.57638889  0.81590909  0.34596409  0.57028427  0.
   0.5         0.93181818  0.          0.48235294]
 [ 0.20754198  0.58176471  0.79545455  0.389743    0.57762921 -0.00731707
   0.49634146  0.925       0.          0.48045911]
 [-0.06290447  0.47121212  0.64318182  0.30225045  0.46259442  0.42997176
   0.7164488   0.72954545  0.70722951  0.71244864]
 [-0.06133432  0.47492063  0.72272727  0.11454793  0.44665061  0.25994503
   0.63181818  0.73409091  0.55142965  0.61982565]
 [ 0.12205929  0.54647059  0.76818182  0.29952975  0.53312279  0.03616644
   0.51426799  0.69318182  0.20305476  0.46596057]
 [ 0.27648347  0.63436725  0.71136364  0.59125717  0.63228447  0.23429514
   0.58822394  0.84318182  0.44106473  0.6069547 ]
 [ 0.72379619  0.85705882  0.90454545  0.84995561  0.8614989   0.46861868
   0.71676471  0.82954545  0.67454588  0.7295437 ]
 [-0.01875     0.49285714  0.94090909  0.          0.4847606  -0.00694444
   0.4974359   0.88181818  0.          0.46857058]
 [ 0.4957728   0.73365079  0.84545455  0.70142687  0.74558522  0.
   0.5         0.95454545  0.          0.48837209]]
BDDAE mean:
[0.27728189 0.6250777  0.82990909 0.436782   0.6264195  0.12408441
 0.55619369 0.81127273 0.2568261  0.53895849]
---------------------------
---------------------------
DUMMY performance:
[[0.         0.5        0.76709957 0.         0.43406646 0.
  0.5        0.92705628 0.         0.4810064 ]
 [0.         0.5        0.78095238 0.         0.43845479 0.
  0.5        0.77640693 0.         0.43704453]
 [0.         0.5        0.78549784 0.         0.43986505 0.
  0.5        0.84935065 0.         0.45920263]
 [0.         0.5        0.72597403 0.         0.42061404 0.
  0.5        0.89502165 0.         0.47223868]
 [0.         0.5        0.78095238 0.         0.43845479 0.
  0.5        0.67575758 0.         0.40321321]
 [0.         0.5        0.74437229 0.         0.42664405 0.
  0.5        0.7991342  0.         0.44409582]
 [0.         0.5        0.93160173 0.         0.48222456 0.
  0.5        0.91341991 0.         0.47735192]
 [0.         0.5        0.77640693 0.         0.43704453 0.
  0.5        0.71233766 0.         0.41591987]
 [0.         0.5        0.81731602 0.         0.44973684 0.
  0.5        0.6530303  0.         0.39495495]
 [0.         0.5        0.87229437 0.         0.46585075 0.
  0.5        0.72597403 0.         0.42061404]
 [0.         0.5        0.94069264 0.         0.48466089 0.
  0.5        0.73528139 0.         0.42367509]
 [0.         0.5        0.84480519 0.         0.45786116 0.
  0.5        0.82207792 0.         0.45115385]
 [0.         0.5        0.81731602 0.         0.44973684 0.
  0.5        0.91341991 0.         0.47735192]
 [0.         0.5        0.84025974 0.         0.4565197  0.
  0.5        0.93160173 0.         0.48222456]
 [0.         0.5        0.82207792 0.         0.45115385 0.
  0.5        0.77640693 0.         0.43704453]
 [0.         0.5        0.80367965 0.         0.44550607 0.
  0.5        0.76255411 0.         0.43258197]
 [0.         0.5        0.80822511 0.         0.44691633 0.
  0.5        0.92251082 0.         0.47978824]
 [0.         0.5        0.77640693 0.         0.43704453 0.
  0.5        0.93614719 0.         0.48344272]
 [0.         0.5        0.73982684 0.         0.42515957 0.
  0.5        0.60735931 0.         0.3777591 ]
 [0.         0.5        0.80367965 0.         0.44550607 0.
  0.5        0.74891775 0.         0.42812853]
 [0.         0.5        0.76709957 0.         0.43406646 0.
  0.5        0.6987013  0.         0.4112257 ]
 [0.         0.5        0.70324675 0.         0.41279042 0.
  0.5        0.84025974 0.         0.4565197 ]
 [0.         0.5        0.77640693 0.         0.43704453 0.
  0.5        0.77640693 0.         0.43704453]
 [0.         0.5        0.9452381  0.         0.48587905 0.
  0.5        0.88593074 0.         0.46968351]
 [0.         0.5        0.79458874 0.         0.44268556 0.
  0.5        0.94978355 0.         0.48709721]]
DUMMY mean:
[0.         0.5        0.80664069 0.         0.44581948 0.
 0.5        0.80939394 0.         0.44561453]
---------------------------
Current folder: C:\Users\Javier\Dropbox\c_sldl_1_3_6
-------------------------------------
----- RESULTS from .csv files ------
-------------------------------------
---------------------------
ALG Means: 
-rows: alg : KNN = 0; DT = 1; RF = 2; SVM = 3; GBM = 4; BDDAE = 5; DUMMY = 5
columns:
'val_cohen','val_uar', 'val_acc', 'val_gm',  'val_f1',  'aro_cohen','aro_uar', 'aro_acc', 'aro_gm',  'aro_f1'
-------------------------------------------------------------
  v_c   v_u   v_a   v_g   v_f1  a_c   a_u   a_a   a_g   a_f1
[[0.483 0.73  0.868 0.628 0.735 0.343 0.669 0.848 0.497 0.663]
 [0.474 0.748 0.848 0.676 0.739 0.386 0.706 0.838 0.599 0.697]
 [0.48  0.74  0.868 0.656 0.744 0.37  0.692 0.861 0.547 0.691]
 [0.096 0.543 0.825 0.111 0.502 0.03  0.514 0.816 0.046 0.466]
 [0.263 0.616 0.848 0.336 0.604 0.179 0.584 0.842 0.248 0.565]
 [0.277 0.625 0.83  0.437 0.626 0.124 0.556 0.811 0.257 0.539]
 [0.    0.5   0.807 0.    0.446 0.    0.5   0.809 0.    0.446]]
-------------------------------------------------------------
Standard Deviation of each metric:
[[0.216 0.11  0.065 0.2   0.112 0.232 0.119 0.075 0.293 0.121]
 [0.184 0.09  0.072 0.154 0.095 0.219 0.104 0.077 0.211 0.105]
 [0.213 0.098 0.065 0.185 0.102 0.254 0.121 0.075 0.258 0.123]
 [0.234 0.107 0.069 0.261 0.134 0.105 0.05  0.093 0.16  0.068]
 [0.264 0.123 0.067 0.295 0.148 0.254 0.123 0.083 0.297 0.142]
 [0.266 0.128 0.079 0.28  0.139 0.162 0.075 0.098 0.249 0.093]
 [0.    0.    0.061 0.    0.018 0.    0.    0.098 0.    0.031]]
-------------------------------------------------------------
std_dev/mean [percentage]:
[[ 45.  15.   7.  32.  15.  68.  18.   9.  59.  18.]
 [ 39.  12.   8.  23.  13.  57.  15.   9.  35.  15.]
 [ 44.  13.   7.  28.  14.  69.  17.   9.  47.  18.]
 [243.  20.   8. 234.  27. 356.  10.  11. 344.  15.]
 [100.  20.   8.  88.  24. 142.  21.  10. 120.  25.]
 [ 96.  20.  10.  64.  22. 131.  13.  12.  97.  17.]
 [  0.   0.   8.   0.   4.   0.   0.  12.   0.   7.]]
-------------------------------------
Current folder: C:\Users\Javier\Dropbox\c_sldl_1_3_6
-------------------------------------
----- RESULTS ------
-------------------------------------
Window size (sec):  11.008
step (sec):  5.504
overlap:  True
perc. of overlap:  50.0
overlap duration (sec):  5.504
Number of windows / instances:  219
Elapsed time: 747.7840818921725 minutes
Elapsed time: 12.463068031536208 hours
