2024-05-24 09:43:44.598267: W tensorflow/stream_executor/platform/default/dso_loader.cc:64] Could not load dynamic library 'cudart64_110.dll'; dlerror: cudart64_110.dll not found
2024-05-24 09:43:44.604659: I tensorflow/stream_executor/cuda/cudart_stub.cc:29] Ignore above cudart dlerror if you do not have a GPU set up on your machine.
2024-05-24 09:44:00.055514: W tensorflow/stream_executor/platform/default/dso_loader.cc:64] Could not load dynamic library 'nvcuda.dll'; dlerror: nvcuda.dll not found
2024-05-24 09:44:00.059476: W tensorflow/stream_executor/cuda/cuda_driver.cc:269] failed call to cuInit: UNKNOWN ERROR (303)
2024-05-24 09:44:00.067292: I tensorflow/stream_executor/cuda/cuda_diagnostics.cc:169] retrieving CUDA diagnostic information for host: MFB
2024-05-24 09:44:00.068991: I tensorflow/stream_executor/cuda/cuda_diagnostics.cc:176] hostname: MFB
2024-05-24 09:44:00.079106: I tensorflow/core/platform/cpu_feature_guard.cc:151] This TensorFlow binary is optimized with oneAPI Deep Neural Network Library (oneDNN) to use the following CPU instructions in performance-critical operations:  AVX AVX2
To enable them in other operations, rebuild TensorFlow with the appropriate compiler flags.
---------------------------
KNN performance:
[[ 0.64961054  0.82857143  0.87        0.81409194  0.82284179         nan
          nan         nan  0.88819171         nan]
 [ 0.602191    0.77708333  0.89        0.6918542   0.79017974  0.41035071
   0.7110119   0.79        0.65260618  0.70345076]
 [ 0.72402926  0.85833333  0.91        0.84006945  0.85945028  0.4383547
   0.72708333  0.89        0.53113537  0.71023607]
 [ 0.4285092   0.69613095  0.81        0.56301932  0.69185224 -0.01111111
   0.49444444  0.89        0.          0.47076023]
 [ 0.83713655  0.94375     0.94        0.93793752  0.91658263  0.58298482
   0.80297619  0.8         0.7986343   0.78563104]
 [ 0.30172306  0.6547619   0.76        0.49563486  0.63146008  0.22306772
   0.63125     0.8         0.34439609  0.58637021]
 [        nan         nan         nan  0.2                nan         nan
          nan         nan  0.1                nan]
 [ 0.77299771  0.89702381  0.93        0.8429642   0.8801221   0.76202424
   0.89047619  0.9         0.87723904  0.87780678]
 [ 0.15951826  0.57569444  0.81        0.22661238  0.54388422  0.28323969
   0.63511905  0.67        0.61032487  0.63317113]
 [-0.02222222  0.48888889  0.86        0.          0.4619883   0.40214518
   0.6889881   0.78        0.63741801  0.69025776]
 [        nan         nan         nan  0.4942809          nan  0.40178614
   0.69315476  0.8         0.57606132  0.68900327]
 [ 0.17254274  0.60138889  0.85        0.26042469  0.56575722  0.76476813
   0.89375     0.92        0.88314222  0.8807493 ]
 [ 0.00556118  0.50763889  0.77        0.12738103  0.47776961         nan
          nan         nan  0.47593056         nan]
 [-0.04188034  0.47708333  0.81        0.          0.44668043         nan
          nan         nan  0.5                nan]
 [ 0.61004274  0.80138889  0.9         0.7387005   0.80351307  0.05369915
   0.52440476  0.73        0.23910171  0.51144141]
 [ 0.4957996   0.7375      0.88        0.57181725  0.72992647  0.21915984
   0.59880952  0.73        0.44837245  0.59642839]
 [        nan         nan         nan         nan         nan         nan
          nan         nan         nan         nan]
 [ 0.39649024  0.71388889  0.84        0.55053553  0.67828431         nan
          nan         nan  0.3                nan]
 [ 0.36329186  0.66041667  0.84        0.43601084  0.65318627         nan
          nan         nan  0.3                nan]
 [ 0.21165158  0.59285714  0.76        0.37620332  0.58517157  0.38212099
   0.6922619   0.71        0.67192021  0.68435814]
 [ 0.13653846  0.5625      0.82        0.20299824  0.53192724  0.37979551
   0.67857143  0.79        0.59566166  0.68111695]
 [ 0.15654322  0.56458333  0.76        0.3184683   0.55996732  0.62827721
   0.83095238  0.83        0.81307218  0.80535256]
 [ 0.20344698  0.6077381   0.66        0.53809094  0.58918498  0.26859537
   0.64652778  0.81        0.42166193  0.62115196]
 [ 0.68365626  0.83154762  0.89        0.81369304  0.8407493   0.54373202
   0.79821429  0.8         0.78802923  0.7641459 ]
 [        nan         nan         nan  0.5                nan -0.01111111
   0.49444444  0.88        0.          0.46783626]
 [ 0.57868754  0.79494048  0.87        0.72944579  0.78177638         nan
          nan         nan  0.4                nan]]
KNN mean:
[0.38299388 0.68971411 0.83772727 0.49080937 0.67464798 0.37343773
 0.69069114 0.80666667 0.51411596 0.6755149 ]
---------------------------
---------------------------
DT performance:
[[ 0.86345234  0.96458333  0.96        0.93848378  0.94952381         nan
          nan         nan  0.78819171         nan]
 [ 0.47395159  0.76875     0.85        0.69915094  0.74522059  0.56726039
   0.76517857  0.83        0.62539267  0.74025208]
 [ 0.66402926  0.83958333  0.88        0.84841571  0.8239986   0.27215812
   0.625       0.74        0.44215435  0.55646592]
 [ 0.25256991  0.6764881   0.74        0.60260836  0.6664819   0.01825038
   0.55        0.83        0.1         0.52578904]
 [ 0.65009442  0.83660714  0.88        0.80920378  0.82572479  0.51065492
   0.78511905  0.79        0.76286043  0.7691847 ]
 [ 0.38867885  0.64702381  0.75        0.5684625   0.64455398  0.47496911
   0.66875     0.77        0.64905362  0.63950962]
 [        nan         nan         nan  0.2942809          nan         nan
          nan         nan  0.2942809          nan]
 [ 0.7303912   0.8764881   0.9         0.8154379   0.84583639  0.54330789
   0.76428571  0.79        0.76859937  0.75143315]
 [ 0.28916217  0.63333333  0.75        0.50405676  0.60227807  0.59648269
   0.77797619  0.79        0.72225913  0.76499542]
 [ 0.14935897  0.59791667  0.82        0.36944525  0.54792312  0.12146715
   0.59077381  0.69        0.43128406  0.58172134]
 [        nan         nan         nan  0.2942809          nan  0.3015143
   0.54166667  0.67        0.49717646  0.51339591]
 [ 0.34466837  0.72291667  0.85        0.58357919  0.6950645   0.64840949
   0.85138889  0.91        0.83063615  0.84573529]
 [ 0.03441704  0.60833333  0.77        0.33094787  0.56387605         nan
          nan         nan  0.38164966         nan]
 [ 0.12654071  0.58402778  0.78        0.30318329  0.53689146         nan
          nan         nan  0.3                nan]
 [ 0.50033256  0.78402778  0.87        0.68473139  0.73676385  0.39826631
   0.70238095  0.77        0.63679874  0.68233786]
 [ 0.4437753   0.74375     0.83        0.60231352  0.72990196  0.38355204
   0.75654762  0.83        0.66289373  0.7505446 ]
 [        nan         nan         nan         nan         nan         nan
          nan         nan         nan         nan]
 [ 0.60698381  0.80694444  0.87        0.7527007   0.77550187 -0.02014652
          nan         nan  0.08164966         nan]
 [ 0.27502024  0.61785714  0.74        0.46476755  0.59477941         nan
          nan         nan  0.6                nan]
 [-0.03055712  0.52559524  0.66        0.31444266  0.50757452  0.09576091
   0.50059524  0.52        0.51110953  0.48525502]
 [ 0.23735869  0.62638889  0.73        0.44751821  0.58132479  0.80065129
   0.88363095  0.91        0.88137068  0.87841413]
 [ 0.07760638  0.56994048  0.68        0.31421116  0.52906513  0.61143357
   0.77619048  0.82        0.78146082  0.77175824]
 [ 0.18779095  0.6047619   0.64        0.55214858  0.58248168  0.09157516
   0.56319444  0.78        0.28094787  0.53929831]
 [ 0.59702278  0.79940476  0.85        0.73468056  0.78408263  0.51310251
   0.78303571  0.83        0.73109651  0.77563535]
 [        nan         nan         nan  0.5942809          nan -0.03235653
   0.46666667  0.75        0.08164966  0.4423425 ]
 [ 0.60889768  0.80744048  0.86        0.74002931  0.77186041         nan
          nan         nan  0.2                nan]]
DT mean:
[0.38507028 0.7110074  0.80272727 0.56653447 0.68366861 0.36296385
 0.68624339 0.77888889 0.52170063 0.66744825]
---------------------------
---------------------------
RF performance:
[[ 0.78652926  0.89583333  0.94        0.88623925  0.90117647         nan
          nan         nan  0.78819171         nan]
 [ 0.45685223  0.73541667  0.84        0.72576876  0.7263712   0.62775721
   0.75952381  0.85        0.78022046  0.73919073]
 [ 0.68556772  0.86458333  0.92        0.89416768  0.87278361  0.28669109
   0.73819444  0.86        0.39612695  0.71323529]
 [ 0.34190998  0.62261905  0.71        0.41968628  0.59994963  0.04615385
   0.48333333  0.87        0.1942809   0.46491228]
 [ 0.68234047  0.88333333  0.92        0.84887569  0.86444444  0.50744189
   0.8125      0.84        0.8015807   0.80696429]
 [ 0.23387352  0.60119048  0.71        0.35103228  0.59162815  0.31945344
   0.65625     0.78        0.52236868  0.65640056]
 [        nan         nan         nan  0.3                nan         nan
          nan         nan  0.37675352         nan]
 [ 0.64845559  0.8827381   0.91        0.7794207   0.87213963  0.61481709
   0.85714286  0.88        0.69475433  0.84937729]
 [ 0.2715812   0.49513889  0.78        0.30217528  0.46983574  0.50052321
   0.66071429  0.7         0.62667602  0.66092408]
 [ 0.04017094  0.52222222  0.84        0.18247261  0.48882009  0.25274422
   0.66934524  0.78        0.45107599  0.66580047]
 [        nan         nan         nan  0.2942809          nan  0.20680974
   0.60029762  0.76        0.50206781  0.58202148]
 [ 0.28049271  0.69513889  0.87        0.59538748  0.67864207  0.61983806
   0.75069444  0.88        0.57066505  0.73754816]
 [ 0.22985268  0.69444444  0.85        0.46992558  0.6798906          nan
          nan         nan  0.3942809          nan]
 [ 0.03669028  0.55694444  0.8         0.26042469  0.52429481         nan
          nan         nan  0.2                nan]
 [ 0.68137652  0.77083333  0.88        0.65207445  0.75464052  0.26776498
   0.69732143  0.81        0.59361447  0.70140388]
 [ 0.52863452  0.7375      0.85        0.59275634  0.72429739  0.43285948
   0.72142857  0.81        0.63552809  0.72383053]
 [        nan         nan         nan         nan         nan         nan
          nan         nan         nan         nan]
 [ 0.50268219  0.68125     0.82        0.76308329  0.68140523         nan
          nan         nan  0.3                nan]
 [ 0.4228171   0.74077381  0.8         0.4556739   0.69681723         nan
          nan         nan  0.4                nan]
 [ 0.04444682  0.57886905  0.71        0.31444531  0.57280462  0.19310864
   0.56130952  0.59        0.57803291  0.54928488]
 [ 0.13846154  0.58333333  0.76        0.39538748  0.57758987  0.79400005
   0.91071429  0.94        0.83359555  0.91892696]
 [ 0.07555668  0.6125      0.79        0.26527584  0.60744281  0.55824416
   0.79047619  0.84        0.728764    0.79431777]
 [ 0.13202123  0.57380952  0.66        0.52892223  0.56542582  0.08572955
   0.57222222  0.79        0.19732306  0.52839783]
 [ 0.57210859  0.82410714  0.89        0.78513705  0.82820028  0.53260957
   0.75892857  0.82        0.68251205  0.74484244]
 [        nan         nan         nan  0.5                nan -0.04871795
   0.47222222  0.84        0.          0.45579635]
 [ 0.49675193  0.77291667  0.88        0.81842033  0.77801237         nan
          nan         nan  0.4                nan]]
RF mean:
[0.37678062 0.69661346 0.82409091 0.53524134 0.68439148 0.37765713
 0.69292328 0.81333333 0.50593653 0.68295418]
---------------------------
---------------------------
SVM performance:
[[0.         0.5        0.77       0.         0.43464052        nan
         nan        nan 0.3               nan]
 [0.         0.5        0.78       0.         0.4379085  0.
  0.5        0.77       0.         0.43464052]
 [0.         0.5        0.79       0.         0.44117647 0.
  0.5        0.85       0.         0.45906433]
 [0.         0.5        0.73       0.         0.42156863 0.
  0.5        0.9        0.         0.47368421]
 [0.24615385 0.6        0.82       0.28284271 0.58169935 0.04117647
  0.51666667 0.69       0.05773503 0.43198529]
 [0.         0.5        0.74       0.         0.4248366  0.
  0.5        0.8        0.         0.44444444]
 [       nan        nan        nan 0.3               nan        nan
         nan        nan 0.1               nan]
 [0.         0.5        0.77       0.         0.43464052 0.
  0.5        0.7        0.         0.41176471]
 [0.         0.5        0.82       0.         0.4502924  0.
  0.5        0.65       0.         0.39338235]
 [0.         0.5        0.88       0.         0.46783626 0.
  0.5        0.74       0.         0.4248366 ]
 [       nan        nan        nan 0.4               nan 0.
  0.5        0.75       0.         0.42810458]
 [0.         0.5        0.86       0.         0.4619883  0.
  0.5        0.82       0.         0.4502924 ]
 [0.         0.5        0.82       0.         0.4502924         nan
         nan        nan 0.2               nan]
 [0.         0.5        0.85       0.         0.45906433        nan
         nan        nan 0.5               nan]
 [0.         0.5        0.83       0.         0.45321637 0.
  0.5        0.78       0.         0.4379085 ]
 [0.         0.5        0.8        0.         0.44444444 0.
  0.5        0.75       0.         0.42810458]
 [       nan        nan        nan        nan        nan        nan
         nan        nan        nan        nan]
 [0.         0.5        0.81       0.         0.44736842        nan
         nan        nan 0.3               nan]
 [0.         0.5        0.78       0.         0.4379085         nan
         nan        nan 0.4               nan]
 [0.         0.5        0.75       0.         0.42810458 0.
  0.5        0.62       0.         0.38235294]
 [0.         0.5        0.81       0.         0.44736842 0.
  0.5        0.76       0.         0.43137255]
 [0.         0.5        0.78       0.         0.4379085  0.
  0.5        0.7        0.         0.41176471]
 [0.         0.5        0.69       0.         0.40808824 0.
  0.5        0.84       0.         0.45614035]
 [0.         0.5        0.77       0.         0.43464052 0.
  0.5        0.77       0.         0.43464052]
 [       nan        nan        nan 0.5               nan 0.
  0.5        0.89       0.         0.47076023]
 [0.         0.5        0.79       0.         0.44117647        nan
         nan        nan 0.4               nan]]
SVM mean:
[0.01118881 0.50454545 0.79272727 0.05931371 0.44755312 0.00228758
 0.50092593 0.76555556 0.0903094  0.43362466]
---------------------------
---------------------------
GBM performance:
[[ 0.77639914  0.92083333  0.95        0.94590177  0.90444444         nan
          nan         nan  0.7942809          nan]
 [ 0.39483806  0.675       0.82        0.50376517  0.66378268  0.51619847
   0.75952381  0.88        0.59173839  0.74861066]
 [ 0.64938351  0.83333333  0.9         0.8126718   0.84153361  0.03232323
   0.52638889  0.83        0.08660254  0.48496241]
 [ 0.32624434  0.64166667  0.8         0.40165079  0.62336601 -0.01111111
   0.49444444  0.89        0.          0.47076023]
 [ 0.52200497  0.76785714  0.86        0.65210034  0.74755486  0.59130359
   0.77142857  0.83        0.74193143  0.77233059]
 [ 0.13834246  0.55565476  0.74        0.25260863  0.53201797  0.05961538
   0.55625     0.8         0.13228757  0.52573529]
 [        nan         nan         nan  0.3                nan         nan
          nan         nan  0.1                nan]
 [ 0.78760362  0.87827381  0.93        0.82795323  0.87436041  0.53674147
   0.76904762  0.81        0.7469883   0.76523352]
 [ 0.16153846  0.575       0.84        0.17071068  0.53887169  0.60171368
   0.76785714  0.8         0.74989499  0.76463689]
 [ 0.08888889  0.48263889  0.85        0.16499158  0.45872033  0.28503513
   0.57232143  0.75        0.35922901  0.54269141]
 [        nan         nan         nan  0.3                nan  0.06742081
   0.52738095  0.75        0.12844571  0.48427288]
 [ 0.45042735  0.71944444  0.91        0.47071068  0.70846233  0.58733032
   0.76388889  0.9         0.6417451   0.76252365]
 [ 0.04326923  0.51875     0.79        0.13685446  0.49706527         nan
          nan         nan  0.2942809          nan]
 [-0.01538462  0.49375     0.84        0.          0.45579635         nan
          nan         nan  0.4                nan]
 [ 0.36065002  0.67569444  0.87        0.46725036  0.66857671  0.15497386
   0.57291667  0.76        0.30716154  0.54595938]
 [ 0.23076923  0.59375     0.83        0.28284271  0.58496732  0.32579186
   0.63541667  0.81        0.36986706  0.6190768 ]
 [        nan         nan         nan         nan         nan         nan
          nan         nan         nan         nan]
 [ 0.50576923  0.71319444  0.87        0.58468876  0.72038399         nan
          nan         nan  0.3                nan]
 [ 0.04492141  0.52619048  0.73        0.24347484  0.51330882         nan
          nan         nan  0.6                nan]
 [-0.00404858  0.51279762  0.74        0.1069045   0.46248366  0.14999095
   0.57440476  0.62        0.40080762  0.53899267]
 [ 0.09903846  0.54375     0.82        0.13685446  0.50762169  0.82239042
   0.89077381  0.92        0.88137068  0.88940315]
 [-0.05576923  0.475       0.74        0.          0.4244281   0.45875623
   0.71190476  0.81        0.58810294  0.71185413]
 [-0.07058824  0.47142857  0.65        0.          0.39338235 -0.01111111
   0.5         0.84        0.          0.45614035]
 [ 0.51611041  0.72827381  0.86        0.6674471   0.74676237  0.37935223
   0.66785714  0.84        0.44723394  0.66235294]
 [        nan         nan         nan  0.6                nan -0.02222222
   0.48888889  0.87        0.          0.46491228]
 [ 0.64291498  0.78333333  0.91        0.6766244   0.81346405         nan
          nan         nan  0.4                nan]]
GBM mean:
[0.29969651 0.64025523 0.82954545 0.38824025 0.62187977 0.30691629
 0.64170525 0.81722222 0.40247875 0.62280273]
---------------------------
---------------------------
BDDAE performance:
[[0. 0. 0. 0. 0. 0. 0. 0. 0. 0.]
 [0. 0. 0. 0. 0. 0. 0. 0. 0. 0.]
 [0. 0. 0. 0. 0. 0. 0. 0. 0. 0.]
 [0. 0. 0. 0. 0. 0. 0. 0. 0. 0.]
 [0. 0. 0. 0. 0. 0. 0. 0. 0. 0.]
 [0. 0. 0. 0. 0. 0. 0. 0. 0. 0.]
 [0. 0. 0. 0. 0. 0. 0. 0. 0. 0.]
 [0. 0. 0. 0. 0. 0. 0. 0. 0. 0.]
 [0. 0. 0. 0. 0. 0. 0. 0. 0. 0.]
 [0. 0. 0. 0. 0. 0. 0. 0. 0. 0.]
 [0. 0. 0. 0. 0. 0. 0. 0. 0. 0.]
 [0. 0. 0. 0. 0. 0. 0. 0. 0. 0.]
 [0. 0. 0. 0. 0. 0. 0. 0. 0. 0.]
 [0. 0. 0. 0. 0. 0. 0. 0. 0. 0.]
 [0. 0. 0. 0. 0. 0. 0. 0. 0. 0.]
 [0. 0. 0. 0. 0. 0. 0. 0. 0. 0.]
 [0. 0. 0. 0. 0. 0. 0. 0. 0. 0.]
 [0. 0. 0. 0. 0. 0. 0. 0. 0. 0.]
 [0. 0. 0. 0. 0. 0. 0. 0. 0. 0.]
 [0. 0. 0. 0. 0. 0. 0. 0. 0. 0.]
 [0. 0. 0. 0. 0. 0. 0. 0. 0. 0.]
 [0. 0. 0. 0. 0. 0. 0. 0. 0. 0.]
 [0. 0. 0. 0. 0. 0. 0. 0. 0. 0.]
 [0. 0. 0. 0. 0. 0. 0. 0. 0. 0.]
 [0. 0. 0. 0. 0. 0. 0. 0. 0. 0.]
 [0. 0. 0. 0. 0. 0. 0. 0. 0. 0.]]
BDDAE mean:
[0. 0. 0. 0. 0. 0. 0. 0. 0. 0.]
---------------------------
---------------------------
DUMMY performance:
[[0.         0.5        0.77       0.         0.43464052        nan
         nan        nan 0.3               nan]
 [0.         0.5        0.78       0.         0.4379085  0.
  0.5        0.77       0.         0.43464052]
 [0.         0.5        0.79       0.         0.44117647 0.
  0.5        0.85       0.         0.45906433]
 [0.         0.5        0.73       0.         0.42156863 0.
  0.5        0.9        0.         0.47368421]
 [0.         0.5        0.78       0.         0.4379085  0.
  0.5        0.68       0.         0.40441176]
 [0.         0.5        0.74       0.         0.4248366  0.
  0.5        0.8        0.         0.44444444]
 [       nan        nan        nan 0.3               nan        nan
         nan        nan 0.1               nan]
 [0.         0.5        0.77       0.         0.43464052 0.
  0.5        0.7        0.         0.41176471]
 [0.         0.5        0.82       0.         0.4502924  0.
  0.5        0.65       0.         0.39338235]
 [0.         0.5        0.88       0.         0.46783626 0.
  0.5        0.74       0.         0.4248366 ]
 [       nan        nan        nan 0.4               nan 0.
  0.5        0.75       0.         0.42810458]
 [0.         0.5        0.86       0.         0.4619883  0.
  0.5        0.82       0.         0.4502924 ]
 [0.         0.5        0.82       0.         0.4502924         nan
         nan        nan 0.2               nan]
 [0.         0.5        0.85       0.         0.45906433        nan
         nan        nan 0.5               nan]
 [0.         0.5        0.83       0.         0.45321637 0.
  0.5        0.78       0.         0.4379085 ]
 [0.         0.5        0.8        0.         0.44444444 0.
  0.5        0.75       0.         0.42810458]
 [       nan        nan        nan        nan        nan        nan
         nan        nan        nan        nan]
 [0.         0.5        0.81       0.         0.44736842        nan
         nan        nan 0.3               nan]
 [0.         0.5        0.78       0.         0.4379085         nan
         nan        nan 0.4               nan]
 [0.         0.5        0.75       0.         0.42810458 0.
  0.5        0.62       0.         0.38235294]
 [0.         0.5        0.81       0.         0.44736842 0.
  0.5        0.76       0.         0.43137255]
 [0.         0.5        0.78       0.         0.4379085  0.
  0.5        0.7        0.         0.41176471]
 [0.         0.5        0.69       0.         0.40808824 0.
  0.5        0.84       0.         0.45614035]
 [0.         0.5        0.77       0.         0.43464052 0.
  0.5        0.77       0.         0.43464052]
 [       nan        nan        nan 0.5               nan 0.
  0.5        0.89       0.         0.47076023]
 [0.         0.5        0.79       0.         0.44117647        nan
         nan        nan 0.4               nan]]
DUMMY mean:
[0.         0.5        0.79090909 0.048      0.44101718 0.
 0.5        0.765      0.088      0.43209279]
---------------------------
Current folder: C:\Users\mbamo\Dropbox\c_sldl_1_3_11
-------------------------------------
----- RESULTS from .csv files ------
-------------------------------------
---------------------------
ALG Means: 
-rows: alg : KNN = 0; DT = 1; RF = 2; SVM = 3; GBM = 4; BDDAE = 5; DUMMY = 5
columns:
'val_cohen','val_uar', 'val_acc', 'val_gm',  'val_f1',  'aro_cohen','aro_uar', 'aro_acc', 'aro_gm',  'aro_f1'
-------------------------------------------------------------
  v_c   v_u   v_a   v_g   v_f1  a_c   a_u   a_a   a_g   a_f1
[[0.405 0.699 0.839 0.526 0.686 0.396 0.703 0.802 0.582 0.688]
 [0.372 0.703 0.792 0.591 0.678 0.415 0.709 0.788 0.614 0.691]
 [0.363 0.686 0.815 0.54  0.675 0.415 0.713 0.815 0.58  0.703]
 [0.015 0.506 0.789 0.018 0.448 0.003 0.501 0.759 0.004 0.432]
 [0.287 0.633 0.822 0.37  0.611 0.342 0.658 0.818 0.44  0.641]
 [0.    0.    0.    0.    0.    0.    0.    0.    0.    0.   ]
 [0.    0.5   0.786 0.    0.439 0.    0.5   0.758 0.    0.43 ]]
-------------------------------------------------------------
Standard Deviation of each metric:
[[0.263 0.134 0.074 0.266 0.141 0.217 0.114 0.069 0.237 0.114]
 [0.216 0.104 0.082 0.165 0.108 0.225 0.11  0.087 0.205 0.117]
 [0.236 0.126 0.082 0.22  0.131 0.207 0.108 0.079 0.186 0.114]
 [0.06  0.024 0.047 0.068 0.037 0.01  0.004 0.073 0.014 0.023]
 [0.248 0.124 0.072 0.264 0.143 0.251 0.117 0.069 0.274 0.13 ]
 [0.    0.    0.    0.    0.    0.    0.    0.    0.    0.   ]
 [0.    0.    0.046 0.    0.015 0.    0.    0.073 0.    0.024]]
-------------------------------------------------------------
std_dev/mean [percentage]:
[[ 65.  19.   9.  51.  21.  55.  16.   9.  41.  17.]
 [ 58.  15.  10.  28.  16.  54.  16.  11.  33.  17.]
 [ 65.  18.  10.  41.  19.  50.  15.  10.  32.  16.]
 [390.   5.   6. 385.   8. 389.   1.  10. 388.   5.]
 [ 86.  20.   9.  71.  23.  73.  18.   8.  62.  20.]
 [  0.   0.   0.   0.   0.   0.   0.   0.   0.   0.]
 [  0.   0.   6.   0.   3.   0.   0.  10.   0.   6.]]
