2024-03-13 16:18:31.842057: I tensorflow/core/util/port.cc:113] oneDNN custom operations are on. You may see slightly different numerical results due to floating-point round-off errors from different computation orders. To turn them off, set the environment variable `TF_ENABLE_ONEDNN_OPTS=0`.
2024-03-13 16:18:32.575244: I tensorflow/core/util/port.cc:113] oneDNN custom operations are on. You may see slightly different numerical results due to floating-point round-off errors from different computation orders. To turn them off, set the environment variable `TF_ENABLE_ONEDNN_OPTS=0`.
2024-03-13 16:18:34.021785: I tensorflow/core/platform/cpu_feature_guard.cc:210] This TensorFlow binary is optimized to use available CPU instructions in performance-critical operations.
To enable the following instructions: AVX2 FMA, in other operations, rebuild TensorFlow with the appropriate compiler flags.
---------------------------
KNN performance:
[[0.45579308 0.72582516 0.73074866 0.72132289 0.72674721 0.46166172
  0.72952778 0.79946524 0.70114392 0.72844239]
 [0.44860198 0.72625    0.72352941 0.72174888 0.7217925  0.43686719
  0.71333333 0.73885918 0.69455718 0.71405408]
 [0.50290823 0.74516291 0.76301248 0.73201389 0.74833008 0.4298497
  0.71525735 0.71506239 0.71250277 0.71382675]
 [0.29577773 0.64767565 0.6486631  0.6427269  0.64550796 0.18211479
  0.5873128  0.68208556 0.52526032 0.58607007]
 [0.42263703 0.70414401 0.73315508 0.6818996  0.70626593 0.40874284
  0.70357435 0.70588235 0.69408769 0.70103762]
 [0.36820014 0.68419118 0.68386809 0.67575612 0.68033132 0.59468881
  0.79697304 0.79839572 0.79505011 0.79683456]
 [0.26337792 0.62782678 0.65481283 0.60427209 0.62641732 0.28978138
  0.64503676 0.64554367 0.63397956 0.6401656 ]
 [0.81580523 0.89772727 0.92174688 0.89103773 0.90704557 0.59318746
  0.79791209 0.80222816 0.79453827 0.7953242 ]
 [0.32883356 0.65162055 0.73315508 0.59850928 0.65722667 0.15678774
  0.5716996  0.67602496 0.48384068 0.56519286]
 [0.4275815  0.71366422 0.71515152 0.70737001 0.71177992 0.32341511
  0.66022059 0.66657754 0.65262998 0.65949685]
 [0.16899067 0.58590659 0.60071301 0.57682329 0.58317484 0.37900473
  0.68506651 0.71229947 0.6612374  0.68410642]
 [0.61639227 0.80405678 0.82254902 0.79025822 0.80512421 0.58682681
  0.79230769 0.80204991 0.78883905 0.79255697]
 [0.41620024 0.70281955 0.72361854 0.68352307 0.70303081 0.28662101
  0.64258772 0.65445633 0.62996436 0.6399613 ]
 [0.32567604 0.65373377 0.71149733 0.61713327 0.65614135 0.41317334
  0.70459559 0.71176471 0.69193956 0.70237767]
 [0.13832207 0.56519763 0.63975045 0.51245008 0.56290268 0.24450434
  0.62693223 0.6368984  0.61860342 0.61850629]
 [0.25434012 0.62487276 0.64875223 0.60634501 0.62445117 0.45873927
  0.71969697 0.76907308 0.7001415  0.72740632]
 [0.60748087 0.80304078 0.81069519 0.79965385 0.80296469 0.43882007
  0.7140775  0.74188948 0.68387506 0.7108168 ]
 [0.19944387 0.58315681 0.83181818 0.37783797 0.58904291 0.32590233
  0.66395604 0.67905526 0.64989105 0.65960239]
 [0.44711964 0.71126482 0.77745098 0.68367837 0.72114052 0.43921279
  0.71987469 0.72433155 0.71155361 0.71683447]
 [0.45847993 0.72072511 0.76532977 0.69993764 0.72582234 0.2686593
  0.62895022 0.68172906 0.5883978  0.62774946]
 [0.13186533 0.5560989  0.7385918  0.41264817 0.55860551 0.11493957
  0.55753676 0.55855615 0.54796897 0.55332626]
 [0.28158796 0.64123775 0.63983957 0.63343347 0.63663666 0.32956108
  0.66006494 0.69688057 0.64218969 0.66167313]
 [0.1021978  0.55081116 0.57370766 0.52745937 0.5471286  0.26284384
  0.62208333 0.73244207 0.56375641 0.62570422]
 [0.17748789 0.58964052 0.58885918 0.58394477 0.58594695 0.35308401
  0.6745614  0.68190731 0.66872019 0.67520049]
 [0.40023745 0.7008396  0.70819964 0.69178006 0.69760696 0.65818709
  0.82959559 0.82896613 0.82552154 0.82779875]
 [0.37350601 0.68552266 0.692959   0.67600269 0.68410483 0.43484403
  0.71690058 0.72085561 0.711903   0.71581968]
 [0.49057492 0.73086957 0.79581105 0.70165105 0.74122062 0.51925917
  0.75955882 0.75980392 0.75433067 0.75768422]
 [0.30510914 0.6499667  0.68502674 0.62978294 0.64951838 0.54008961
  0.76582418 0.78386809 0.75906463 0.76916014]
 [0.28100955 0.63620879 0.6754902  0.60376541 0.63379055 0.17344756
  0.58726243 0.59180036 0.57779694 0.58359628]
 [0.64179842 0.83119048 0.8228164  0.82798056 0.81918873 0.45942286
  0.73409091 0.75374332 0.72201435 0.72720558]]
KNN mean:
[0.37157789 0.68170828 0.71871064 0.65375822 0.68196626 0.38547465
 0.69087906 0.71508318 0.67284332 0.68925106]
---------------------------
---------------------------
DT performance:
[[0.49981916 0.73733252 0.73877005 0.73719567 0.7351957  0.47570021
  0.73102778 0.80472371 0.70010075 0.73425307]
 [0.43276583 0.72979167 0.73253119 0.72480611 0.72899417 0.53980978
  0.7828022  0.79242424 0.76233959 0.78041901]
 [0.41504437 0.70365915 0.70900178 0.70056951 0.70160338 0.48338467
  0.73016748 0.72967914 0.70906201 0.72776717]
 [0.26007694 0.6455719  0.64634581 0.62368941 0.64327532 0.16608954
  0.5878744  0.65828877 0.53823015 0.58815317]
 [0.41580319 0.6909572  0.70320856 0.69159831 0.68874116 0.48307626
  0.71734069 0.71782531 0.73095177 0.71689467]
 [0.32284924 0.66470588 0.66345811 0.63545097 0.66004115 0.4266011
  0.71506536 0.71452763 0.69574429 0.71308632]
 [0.24012774 0.63977299 0.64946524 0.61509009 0.63465251 0.31059665
  0.64632353 0.64590018 0.63604319 0.64354099]
 [0.84709299 0.91600791 0.92174688 0.92103836 0.9127441  0.51183068
  0.74967033 0.75713012 0.74615712 0.74493091]
 [0.40765351 0.69660079 0.74545455 0.67846693 0.69572945 0.18385686
  0.58007905 0.63645276 0.5563272  0.57880049]
 [0.38253901 0.68837827 0.68814617 0.69374103 0.68690289 0.37863424
  0.68923203 0.68778966 0.68160351 0.68660854]
 [0.12997218 0.57134615 0.58885918 0.56048058 0.56614216 0.35765139
  0.67101793 0.68493761 0.65356981 0.66962077]
 [0.52251554 0.75453297 0.76586453 0.74225958 0.75470965 0.43397684
  0.69179487 0.70597148 0.69043233 0.69109342]
 [0.2862842  0.68718045 0.69661319 0.63923914 0.68456886 0.23920614
  0.63216792 0.64001783 0.63922911 0.63067876]
 [0.20278126 0.61060606 0.63921569 0.60320071 0.60548026 0.33794362
  0.66044935 0.66345811 0.65116493 0.6587254 ]
 [0.22007006 0.63225296 0.65793226 0.61279424 0.62181485 0.27927803
  0.6456044  0.67308378 0.60427971 0.64563261]
 [0.20219133 0.61406593 0.61256684 0.60633156 0.60673328 0.43287332
  0.71704545 0.74474153 0.73316585 0.71595757]
 [0.66037652 0.8012406  0.80775401 0.80295823 0.80056541 0.59518206
  0.78343551 0.78663102 0.8115429  0.77973111]
 [0.23473019 0.63905583 0.79545455 0.58982379 0.62246036 0.47741157
  0.71989011 0.72967914 0.71333293 0.71599231]
 [0.53766209 0.74936759 0.77736185 0.76672231 0.74522004 0.51723379
  0.76917293 0.76898396 0.74142717 0.76630169]
 [0.29219383 0.62137446 0.657041   0.64283842 0.62157815 0.33556252
  0.62148268 0.65793226 0.64194504 0.61787944]
 [0.01229454 0.48401923 0.63181818 0.46489438 0.4818686  0.00632793
  0.52095588 0.52040998 0.49145392 0.51558305]
 [0.25593761 0.63312908 0.63404635 0.61537334 0.62972435 0.23688826
  0.64334416 0.67843137 0.58873728 0.64041583]
 [0.21893801 0.60827791 0.62771836 0.59380838 0.60650786 0.17132331
  0.60097222 0.68734403 0.55157416 0.59877013]
 [0.29015797 0.62702614 0.6271836  0.63818838 0.62375793 0.42079966
  0.70812865 0.71114082 0.69899863 0.7068529 ]
 [0.48594026 0.74660401 0.75089127 0.72412116 0.74371902 0.55066694
  0.76709559 0.76604278 0.76758927 0.76490416]
 [0.26818515 0.66439693 0.66942959 0.6517705  0.6637913  0.35331552
  0.68219298 0.68787879 0.66999989 0.67975999]
 [0.48934013 0.7708498  0.79839572 0.74749085 0.76587181 0.4358347
  0.71470588 0.71497326 0.74636923 0.71359304]
 [0.27102562 0.62427989 0.66051693 0.60637955 0.62485398 0.42611165
  0.70805861 0.71720143 0.70220604 0.70546308]
 [0.31092966 0.64177656 0.66657754 0.61425355 0.64172911 0.20423003
  0.58199196 0.58235294 0.59350987 0.5778101 ]
 [0.50079499 0.74413919 0.74768271 0.74189303 0.7380456  0.46256224
  0.73046537 0.76550802 0.73552076 0.73393591]]
DT mean:
[0.35386977 0.67794333 0.70036839 0.6662156  0.67456741 0.37446532
 0.68331851 0.70104872 0.67275361 0.68143852]
---------------------------
---------------------------
RF performance:
[[0.52067694 0.79149918 0.79581105 0.76324921 0.79146958 0.39868433
  0.70827778 0.7959893  0.67689636 0.71583583]
 [0.51431833 0.76895833 0.77210339 0.76303431 0.7667298  0.50720406
  0.76974359 0.77540107 0.75602414 0.76458819]
 [0.4986665  0.71216792 0.72664884 0.7014335  0.71257979 0.38540428
  0.73956291 0.74180036 0.67982148 0.73914426]
 [0.40800694 0.68683007 0.68823529 0.70175751 0.6859777  0.22034463
  0.60134662 0.68475936 0.56661823 0.60259018]
 [0.49659151 0.73985252 0.75677362 0.74821318 0.73639477 0.51735055
  0.75531046 0.75650624 0.70472057 0.75489193]
 [0.4589066  0.69963235 0.69910873 0.73733042 0.69492068 0.52795625
  0.77266748 0.77486631 0.77765531 0.77304985]
 [0.2847699  0.6964199  0.71185383 0.65006599 0.69527595 0.35845261
  0.67352941 0.67308378 0.68759783 0.67247354]
 [0.85003572 0.91600791 0.92780749 0.91943583 0.91780007 0.63620539
  0.80906593 0.81737968 0.81922084 0.80874404]
 [0.28324937 0.69780632 0.73636364 0.61918968 0.69366806 0.30727366
  0.60911067 0.68778966 0.58842835 0.61100716]
 [0.42989552 0.70204248 0.70285205 0.69041928 0.69867978 0.43743069
  0.68760621 0.69064171 0.7027348  0.6860513 ]
 [0.14125505 0.58484432 0.60989305 0.5400267  0.58401905 0.39205799
  0.71934644 0.73297683 0.73619797 0.71614716]
 [0.58434125 0.7822619  0.7926025  0.82314872 0.78123859 0.51192355
  0.75173993 0.76925134 0.758701   0.75352562]
 [0.44049188 0.68595865 0.69679144 0.67480671 0.68319746 0.31127975
  0.67261278 0.68181818 0.6165801  0.67137449]
 [0.22087196 0.60422078 0.6543672  0.56538971 0.60353657 0.3526865
  0.7211683  0.72388592 0.70552534 0.7178444 ]
 [0.3022595  0.63324111 0.69661319 0.60328631 0.63395083 0.21609029
  0.59631868 0.63957219 0.59161963 0.5939387 ]
 [0.27733413 0.66552053 0.6815508  0.6705892  0.66578494 0.49745345
  0.74772727 0.78680927 0.7336624  0.75295432]
 [0.66485191 0.84522267 0.84982175 0.82604767 0.84381827 0.61600442
  0.7859413  0.79554367 0.78820253 0.78591184]
 [0.26486091 0.61714696 0.8197861  0.47863019 0.61230683 0.42181495
  0.73964286 0.75427807 0.68757254 0.73781773]
 [0.45870642 0.77341897 0.80757576 0.77628262 0.77466138 0.60698805
  0.79645363 0.80204991 0.81914164 0.79688223]
 [0.29665501 0.68479437 0.73270945 0.65302627 0.68877886 0.30286922
  0.6400974  0.67272727 0.61710391 0.63720453]
 [0.08496552 0.54016484 0.73270945 0.3653135  0.53444306 0.04645539
  0.54742647 0.54652406 0.53802473 0.54328954]
 [0.29116218 0.63645833 0.63698752 0.63422973 0.63495339 0.31478549
  0.60497835 0.65445633 0.66769615 0.59964623]
 [0.24393314 0.62489879 0.63654189 0.64410938 0.6234784  0.34352451
  0.61019444 0.72076649 0.59613932 0.60860816]
 [0.27214625 0.62115196 0.62076649 0.63699924 0.61538446 0.41297226
  0.70201754 0.70552585 0.69634604 0.69938941]
 [0.4955431  0.72907268 0.74117647 0.72800842 0.72932126 0.6173458
  0.80588235 0.80543672 0.80861699 0.80346716]
 [0.2965997  0.61759868 0.6245098  0.63517211 0.61469704 0.45736911
  0.71067251 0.71497326 0.72293863 0.71103558]
 [0.48956332 0.74646245 0.78636364 0.75291001 0.75084289 0.50781768
  0.78069853 0.78065954 0.75401251 0.77912824]
 [0.23449897 0.62458791 0.66390374 0.61391482 0.62446996 0.49175745
  0.74358059 0.7627451  0.76349096 0.74657567]
 [0.30264654 0.64915751 0.6815508  0.62435187 0.65008881 0.23436029
  0.64642909 0.64901961 0.6659993  0.64443069]
 [0.55758794 0.75879121 0.77495544 0.77403604 0.7607356  0.56487995
  0.74285714 0.77477718 0.7690454  0.74549687]]
RF mean:
[0.3888464  0.69453972 0.72529115 0.67714694 0.69344013 0.41722475
 0.70640022 0.72906714 0.69987783 0.70576816]
---------------------------
---------------------------
SVM performance:
[[ 0.32100554  0.65649918  0.67272727  0.61226263  0.64383235  0.04488575
   0.51666667  0.74777184  0.08047379  0.45529353]
 [ 0.36741667  0.68104167  0.69055258  0.6667762   0.67917094  0.21312531
   0.59994505  0.65793226  0.50766262  0.58155166]
 [ 0.49104119  0.7297619   0.7684492   0.67338601  0.72743586  0.35904687
   0.68004493  0.67896613  0.67517634  0.67711545]
 [ 0.32098768  0.6570915   0.66960784  0.61146298  0.64217107  0.
   0.5         0.7057041   0.          0.4137056 ]
 [ 0.50648811  0.73903412  0.78039216  0.69494194  0.74047831  0.46821577
   0.73300654  0.735918    0.7236962   0.73071364]
 [ 0.33003125  0.66433824  0.66675579  0.65030843  0.65914702  0.54528465
   0.77160539  0.77442068  0.76680345  0.77110238]
 [ 0.04901198  0.5210989   0.60668449  0.15726564  0.41953681  0.3152051
   0.65790441  0.65775401  0.65003672  0.65393263]
 [ 0.76375599  0.87509881  0.89750446  0.86872521  0.88088342  0.4103663
   0.69881868  0.72664884  0.6830873   0.70278647]
 [ 0.          0.5         0.68172906  0.          0.40533835  0.
   0.5         0.68778966  0.          0.4074812 ]
 [ 0.35651489  0.67816585  0.67860963  0.67323094  0.676313    0.2756874
   0.6343219   0.6486631   0.60209703  0.62620514]
 [ 0.01212693  0.50510989  0.60365419  0.1071289   0.40072668  0.35565358
   0.66445055  0.71559715  0.59955833  0.65893614]
 [ 0.48850657  0.73237179  0.77139037  0.69622527  0.73467463  0.29907981
   0.63867216  0.69090909  0.58411194  0.63569577]
 [ 0.28956603  0.6362782   0.6758467   0.57502533  0.62541921  0.
   0.5         0.57361854  0.          0.36450438]
 [ 0.          0.5         0.65472371  0.          0.39563492  0.41226359
   0.70385212  0.71167558  0.69004054  0.70132456]
 [ 0.          0.5         0.67566845  0.          0.40319549  0.
   0.5         0.62771836  0.          0.38561464]
 [ 0.          0.5         0.5916221   0.          0.37166989  0.15618845
   0.56325758  0.70258467  0.29930438  0.51704967]
 [ 0.50638655  0.74638086  0.7714795   0.72335013  0.74693448  0.16920646
   0.57357143  0.65490196  0.38245437  0.51757465]
 [ 0.          0.5         0.84393939  0.          0.4576658   0.02598474
   0.51082418  0.60383244  0.13649421  0.41422092]
 [ 0.          0.5         0.68778966  0.          0.4074812   0.03475662
   0.51588972  0.56782531  0.18158382  0.41442678]
 [ 0.05058082  0.52007576  0.66675579  0.15928348  0.44316474  0.12157349
   0.5504329   0.66675579  0.33256575  0.50262081]
 [ 0.          0.5         0.77183601  0.          0.43558153  0.09475269
   0.54742647  0.54402852  0.4208095   0.49313505]
 [ 0.29875007  0.64946895  0.64910873  0.64175823  0.64563985  0.
   0.5         0.6426025   0.          0.39119048]
 [ 0.          0.5         0.5855615   0.          0.36927512  0.
   0.5         0.73270945  0.          0.42285367]
 [-0.00887642  0.49526961  0.52245989  0.08255713  0.36158276  0.3877161
   0.68739766  0.70864528  0.64784904  0.6806971 ]
 [ 0.19579457  0.58921053  0.64278075  0.43717467  0.54190142  0.5046564
   0.75349265  0.75106952  0.74050128  0.74631767]
 [ 0.08392101  0.53917398  0.57655971  0.29297084  0.44599246  0.42062326
   0.7075731   0.71773619  0.69416854  0.70611699]
 [ 0.51120176  0.73326087  0.81060606  0.69597741  0.74987779  0.50202624
   0.75091912  0.75106952  0.74245748  0.74774327]
 [ 0.          0.5         0.63663102  0.          0.38897547  0.41087496
   0.69137363  0.735918    0.6556243   0.69717577]
 [ 0.          0.5         0.62165775  0.          0.38330856  0.24334419
   0.61746711  0.63966132  0.5592011   0.59954843]
 [ 0.56666569  0.78465201  0.79278075  0.77794808  0.78161479  0.37972648
   0.67343074  0.74144385  0.63173034  0.68240913]]
SVM mean:
[0.2166959  0.60444609 0.68886215 0.35992531 0.55215413 0.23834147
 0.61474482 0.68339572 0.43291628 0.57663479]
---------------------------
---------------------------
GBM performance:
[[0.49429569 0.74580474 0.75686275 0.72060436 0.74371608 0.24816488
  0.59236111 0.78716578 0.35808195 0.57572507]
 [0.45610682 0.72868056 0.74180036 0.70360405 0.72630907 0.43863082
  0.70206044 0.74483066 0.66660824 0.7066185 ]
 [0.4547252  0.71421053 0.75044563 0.66540485 0.71010012 0.41095963
  0.70339052 0.7087344  0.68319444 0.69784189]
 [0.31192446 0.65752451 0.66399287 0.63713199 0.65288225 0.02150433
  0.50865942 0.70579323 0.07536113 0.43730362]
 [0.53198965 0.75325333 0.78948307 0.72360965 0.75523439 0.46656378
  0.7376634  0.74171123 0.71852705 0.73512912]
 [0.46562148 0.73345588 0.73235294 0.7262072  0.73120294 0.59916745
  0.80089052 0.80454545 0.79597642 0.80129941]
 [0.31268443 0.65037016 0.69402852 0.59579936 0.64350335 0.41246352
  0.70680147 0.70579323 0.70342001 0.70476389]
 [0.86433146 0.91363636 0.93983957 0.91325779 0.92753948 0.54083037
  0.76596154 0.78377897 0.76146796 0.76888007]
 [0.23271432 0.59328063 0.73894831 0.40212462 0.5710765  0.04776434
  0.51867589 0.69090909 0.16736763 0.45608426]
 [0.34840956 0.67393791 0.67611408 0.66672839 0.67162136 0.42551895
  0.70786765 0.72103387 0.68066919 0.70327673]
 [0.09812853 0.54413919 0.61559715 0.38922058 0.50843345 0.46779983
  0.72893436 0.76024955 0.69825819 0.73092042]
 [0.56514473 0.7668315  0.79848485 0.74802038 0.77516336 0.46359209
  0.72863553 0.76033868 0.70238979 0.73245791]
 [0.30125134 0.63919173 0.67860963 0.58425112 0.62595436 0.28391464
  0.63100877 0.66434938 0.58880051 0.62384854]
 [0.13921297 0.56287879 0.69064171 0.32557106 0.51695211 0.46692396
  0.72823529 0.7416221  0.69840567 0.72284461]
 [0.08677284 0.53428854 0.68796791 0.22976287 0.48185936 0.18257089
  0.57751832 0.67878788 0.38703774 0.53674215]
 [0.18568749 0.57671486 0.64607843 0.41785815 0.52924913 0.41180353
  0.68371212 0.76889483 0.61973073 0.69167409]
 [0.73171688 0.85849624 0.87361854 0.84804187 0.86489409 0.34912529
  0.67947802 0.72424242 0.61842092 0.6757473 ]
 [0.0164818  0.50642857 0.84090909 0.0439155  0.47091095 0.44437357
  0.71230769 0.74795009 0.68210198 0.71459928]
 [0.19824556 0.58972332 0.72085561 0.34875203 0.55626136 0.53975712
  0.76213868 0.77513369 0.75511176 0.76360439]
 [0.34283583 0.65470779 0.7416221  0.59138151 0.6601567  0.31975433
  0.64020563 0.72388592 0.55890077 0.63530523]
 [0.         0.5        0.77183601 0.         0.43558153 0.08249014
  0.53511029 0.53467023 0.53093437 0.53131909]
 [0.39026434 0.69854984 0.69723708 0.68882584 0.69333438 0.23221892
  0.6012987  0.69964349 0.47615361 0.58340893]
 [0.23934769 0.61271255 0.65784314 0.5517273  0.59843969 0.01302047
  0.50486111 0.72967914 0.06596483 0.44034171]
 [0.22537917 0.61645425 0.62352941 0.59547498 0.61170647 0.46041062
  0.72356725 0.73306595 0.72374756 0.72484223]
 [0.39460912 0.68789474 0.72023173 0.64077952 0.68275287 0.60475883
  0.80018382 0.79893048 0.79727331 0.79736366]
 [0.32735053 0.6582712  0.67860963 0.61694969 0.64572457 0.49864023
  0.74517544 0.75641711 0.73346495 0.74607602]
 [0.47974706 0.70650198 0.8016934  0.6602513  0.72376245 0.54473856
  0.77297794 0.77219251 0.77274822 0.77134217]
 [0.15715884 0.56645438 0.67602496 0.38269512 0.525816   0.41063608
  0.68795788 0.7328877  0.64792759 0.69123762]
 [0.16175076 0.57252747 0.65748663 0.3979681  0.53940989 0.23646736
  0.61702485 0.62780749 0.58956984 0.61371367]
 [0.48344411 0.74250916 0.76524064 0.71807655 0.74088653 0.42316946
  0.68950216 0.76541889 0.63908644 0.70155361]]
GBM mean:
[0.33324442 0.65864769 0.72759952 0.55113319 0.64401449 0.3682578
 0.67647219 0.72968212 0.59655676 0.66719551]
---------------------------
---------------------------
BDDAE performance:
[[-0.07918296  0.46155914  0.48059701  0.36906935  0.42710578 -0.04215899
   0.48367347  0.70746269  0.          0.41406712]
 [ 0.36824852  0.68584229  0.68358209  0.68261459  0.68237169  0.50979454
   0.75150094  0.77164179  0.7420948   0.75339192]
 [ 0.06265575  0.53039927  0.55671642  0.47657924  0.51480173  0.18490674
   0.59075893  0.6         0.54640136  0.57380531]
 [ 0.01366209  0.506875    0.51641791  0.43264547  0.47524931  0.11492303
   0.54946809  0.71044776  0.27190933  0.50680919]
 [ 0.49524055  0.74282407  0.76119403  0.73434629  0.74611203  0.33007557
   0.66513393  0.66567164  0.66204389  0.66373742]
 [ 0.55201684  0.77571301  0.7761194   0.76411273  0.77146934  0.1053249
   0.55290179  0.55820896  0.49694552  0.5281519 ]
 [ 0.03419748  0.51726852  0.57164179  0.39655771  0.48250033  0.16365773
   0.58177362  0.58208955  0.57553495  0.57888443]
 [ 0.45867482  0.70383838  0.79253731  0.64553583  0.71724442  0.0044065
   0.50296296  0.55671642  0.38237173  0.47698579]
 [ 0.5014683   0.7134058   0.81791045  0.65485462  0.73967946  0.50876205
   0.71666667  0.82238806  0.65365712  0.74169505]
 [ 0.11527744  0.55754464  0.55970149  0.54718896  0.55323652  0.21096413
   0.60443548  0.61343284  0.58812235  0.600497  ]
 [ 0.04176853  0.51939815  0.58208955  0.35681238  0.47567057  0.22182706
   0.60342593  0.65223881  0.52411257  0.58721912]
 [ 0.13298603  0.56074074  0.61492537  0.47854112  0.54349661  0.39643096
   0.7043621   0.70447761  0.69939355  0.69490003]
 [-0.01804821  0.49175824  0.53731343  0.38039284  0.45902637  0.30206714
   0.64954628  0.66268657  0.63026386  0.64478054]
 [ 0.07472704  0.53166996  0.64925373  0.34260402  0.49720138  0.28445707
   0.6421147   0.64477612  0.63698556  0.64037677]
 [ 0.00968756  0.5040404   0.65522388  0.19543369  0.44254531  0.18170126
   0.59342857  0.63134328  0.51189508  0.5720135 ]
 [ 0.06010505  0.52819444  0.57462687  0.43478689  0.50190002  0.21816252
   0.58903162  0.71641791  0.41073304  0.55971535]
 [ 0.61405654  0.82180556  0.80447761  0.81470103  0.80298438  0.17597539
   0.57912037  0.64477612  0.45202592  0.54547273]
 [ 0.04157694  0.51657895  0.82985075  0.17929841  0.50113563 -0.00960607
   0.49574074  0.5761194   0.21236358  0.41987275]
 [ 0.14801752  0.56589027  0.66865672  0.49067435  0.56489272  0.26804177
   0.63148649  0.64626866  0.60913256  0.62746202]
 [ 0.18548071  0.57954545  0.69850746  0.40384372  0.54763282  0.0053283
   0.50116279  0.61492537  0.23868323  0.43986275]
 [-0.01596834  0.49423077  0.76716418  0.          0.43405401  0.27659018
   0.6381016   0.63880597  0.63287234  0.63604553]
 [ 0.11909952  0.55986607  0.55820896  0.55248188  0.55512387 -0.04238788
   0.48221899  0.60597015  0.13368735  0.4081937 ]
 [ 0.10090456  0.5492674   0.5761194   0.51980592  0.5449172   0.51808262
   0.73429705  0.82985075  0.70111582  0.75570853]
 [ 0.1765663   0.5875      0.59253731  0.5745946   0.58356947  0.32011147
   0.65774775  0.66865672  0.64885618  0.65816071]
 [ 0.04599114  0.52173321  0.55522388  0.44745514  0.49977888  0.06878366
   0.53440285  0.53432836  0.53052043  0.53241178]
 [ 0.27892981  0.63664875  0.64925373  0.61006696  0.6301014   0.21585591
   0.60558559  0.61940299  0.5857707   0.60194948]
 [ 0.50314976  0.73530021  0.8         0.71188899  0.74913149  0.56288889
   0.7807041   0.78208955  0.77446306  0.77939073]
 [-0.00918841  0.49593023  0.59402985  0.32077012  0.46149368  0.49347771
   0.73602251  0.77164179  0.71483347  0.74273197]
 [ 0.11746973  0.5527619   0.61791045  0.47525288  0.54013417  0.47138183
   0.73013514  0.74477612  0.71486106  0.73154935]
 [ 0.30338807  0.64347222  0.68208955  0.59808182  0.63853667  0.01098915
   0.50449605  0.64626866  0.13450444  0.42908892]]
BDDAE mean:
[0.18109862 0.58638677 0.65079602 0.48636638 0.56943658 0.2343605
 0.61308024 0.66412935 0.51387183 0.59483105]
---------------------------
---------------------------
DUMMY performance:
[[0.         0.5        0.53761141 0.         0.34961086 0.
  0.5        0.73877005 0.         0.42485004]
 [0.         0.5        0.54064171 0.         0.35090498 0.
  0.5        0.60953654 0.         0.3786964 ]
 [0.         0.5        0.57067736 0.         0.3633164  0.
  0.5        0.51648841 0.         0.3405641 ]
 [0.         0.5        0.5285205  0.         0.34572851 0.
  0.5        0.7057041  0.         0.4137056 ]
 [0.         0.5        0.59768271 0.         0.37406467 0.
  0.5        0.51942959 0.         0.34184615]
 [0.         0.5        0.51060606 0.         0.338      0.
  0.5        0.5285205  0.         0.34572851]
 [0.         0.5        0.5916221  0.         0.37166989 0.
  0.5        0.50757576 0.         0.33665306]
 [0.         0.5        0.66666667 0.         0.39998747 0.
  0.5        0.60071301 0.         0.37526205]
 [0.         0.5        0.68172906 0.         0.40533835 0.
  0.5        0.68778966 0.         0.4074812 ]
 [0.         0.5        0.51942959 0.         0.34184615 0.
  0.5        0.53761141 0.         0.34961086]
 [0.         0.5        0.60365419 0.         0.37640684 0.
  0.5        0.59768271 0.         0.37406467]
 [0.         0.5        0.60365419 0.         0.37640684 0.
  0.5        0.60659537 0.         0.37755162]
 [0.         0.5        0.57950089 0.         0.36688034 0.
  0.5        0.57361854 0.         0.36450438]
 [0.         0.5        0.65472371 0.         0.39563492 0.
  0.5        0.53458111 0.         0.34831674]
 [0.         0.5        0.67566845 0.         0.40319549 0.
  0.5        0.62771836 0.         0.38561464]
 [0.         0.5        0.5916221  0.         0.37166989 0.
  0.5        0.66078431 0.         0.39785714]
 [0.         0.5        0.5916221  0.         0.37166989 0.
  0.5        0.59768271 0.         0.37406467]
 [0.         0.5        0.84393939 0.         0.4576658  0.
  0.5        0.60071301 0.         0.37526205]
 [0.         0.5        0.68778966 0.         0.4074812  0.
  0.5        0.55855615 0.         0.35833903]
 [0.         0.5        0.65775401 0.         0.39674603 0.
  0.5        0.63957219 0.         0.39007937]
 [0.         0.5        0.77183601 0.         0.43558153 0.
  0.5        0.50151515 0.         0.33395918]
 [0.         0.5        0.51648841 0.         0.3405641  0.
  0.5        0.6426025  0.         0.39119048]
 [0.         0.5        0.5855615  0.         0.36927512 0.
  0.5        0.73270945 0.         0.42285367]
 [0.         0.5        0.5285205  0.         0.34572851 0.
  0.5        0.54946524 0.         0.35460599]
 [0.         0.5        0.57067736 0.         0.3633164  0.
  0.5        0.50757576 0.         0.33665306]
 [0.         0.5        0.54358289 0.         0.35213865 0.
  0.5        0.54946524 0.         0.35460599]
 [0.         0.5        0.68475936 0.         0.40640977 0.
  0.5        0.50454545 0.         0.33530612]
 [0.         0.5        0.63663102 0.         0.38897547 0.
  0.5        0.60659537 0.         0.37755162]
 [0.         0.5        0.62165775 0.         0.38330856 0.
  0.5        0.54652406 0.         0.35337232]
 [0.         0.5        0.60365419 0.         0.37640684 0.
  0.5        0.6516934  0.         0.39452381]]
DUMMY mean:
[0.         0.5        0.60994949 0.         0.37753098 0.
 0.5        0.59141117 0.         0.37048915]
---------------------------
Current folder: C:\Users\Javier\Dropbox\c_sldl_1_2_3
-------------------------------------
----- RESULTS from .csv files ------
-------------------------------------
---------------------------
ALG Means: 
-rows: alg : KNN = 0; DT = 1; RF = 2; SVM = 3; GBM = 4; BDDAE = 5; DUMMY = 5
columns:
'val_cohen','val_uar', 'val_acc', 'val_gm',  'val_f1',  'aro_cohen','aro_uar', 'aro_acc', 'aro_gm',  'aro_f1'
-------------------------------------------------------------
  v_c   v_u   v_a   v_g   v_f1  a_c   a_u   a_a   a_g   a_f1
[[0.372 0.682 0.719 0.654 0.682 0.385 0.691 0.715 0.673 0.689]
 [0.354 0.678 0.7   0.666 0.675 0.374 0.683 0.701 0.673 0.681]
 [0.389 0.695 0.725 0.677 0.693 0.417 0.706 0.729 0.7   0.706]
 [0.217 0.604 0.689 0.36  0.552 0.238 0.615 0.683 0.433 0.577]
 [0.333 0.659 0.728 0.551 0.644 0.368 0.676 0.73  0.597 0.667]
 [0.181 0.586 0.651 0.486 0.569 0.234 0.613 0.664 0.514 0.595]
 [0.    0.5   0.61  0.    0.378 0.    0.5   0.591 0.    0.37 ]]
-------------------------------------------------------------
Standard Deviation of each metric:
[[0.163 0.082 0.078 0.108 0.083 0.137 0.069 0.063 0.082 0.07 ]
 [0.165 0.079 0.072 0.085 0.08  0.136 0.065 0.061 0.075 0.065]
 [0.161 0.08  0.073 0.107 0.081 0.137 0.07  0.061 0.076 0.071]
 [0.227 0.11  0.085 0.319 0.157 0.183 0.091 0.058 0.28  0.131]
 [0.196 0.097 0.073 0.213 0.115 0.165 0.084 0.054 0.196 0.101]
 [0.196 0.095 0.1   0.179 0.11  0.179 0.086 0.077 0.201 0.109]
 [0.    0.    0.075 0.    0.028 0.    0.    0.068 0.    0.026]]
-------------------------------------------------------------
std_dev/mean [percentage]:
[[ 44.  12.  11.  17.  12.  36.  10.   9.  12.  10.]
 [ 47.  12.  10.  13.  12.  36.  10.   9.  11.  10.]
 [ 41.  12.  10.  16.  12.  33.  10.   8.  11.  10.]
 [105.  18.  12.  89.  28.  77.  15.   8.  65.  23.]
 [ 59.  15.  10.  39.  18.  45.  12.   7.  33.  15.]
 [108.  16.  15.  37.  19.  76.  14.  12.  39.  18.]
 [  0.   0.  12.   0.   7.   0.   0.  11.   0.   7.]]
